python/3.6_intel (INFO):
    Loading this module may cause the environment generated by other
    modules to become inconsistent; however it should work together
    with the Intel compilers, tools and libraries.
---- start sim: Sat Jan 11 14:36:59 CET 2020
MPI version: Intel(R) MPI Library 2018 Update 4 for Linux* OS

MPI2 version: (3, 1)
MPI3 version: 3
mpi4py version: 3.0.3
rank 0: starttime: 2020.01.11 14:37:04
dir: /dss/dsshome1/lxc01/di73wal/work/simulation/diss.larsim/Larsim-UQ.git/../larsim_runs/0125_sim
dir: /dss/dsshome1/lxc01/di73wal/work/simulation/diss.larsim/Larsim-UQ.git/../larsim_runs/0125_sim
['/dss/dsshome1/lxc01/di73wal/work/simulation/diss.larsim/Larsim-UQ.git/../larsim_runs/0125_sim/uqsim.saved']
parsing args...
rank: 0 is master!
rank: 0 is master!
UQsim: restore from file: True
rank: 0 exit
uqsim.args.disable_statistics: False
calculate statistics [LarsimStatistics]...
Stats: samplesData Frame with All the simulation results : Index_run                   int64
Stationskennung            object
Type                       object
TimeStamp          datetime64[ns]
Value                     float64
dtype: object
Stationskennung            object
Type                       object
TimeStamp          datetime64[ns]
Index_run                   int64
Value                     float64
dtype: object
 takes: 20.680246114730835
timesteps Info
<class 'numpy.ndarray'>
numbTimesteps is: 60
Stats: gPCE takes: 0.10912275314331055
Stats for ('MARI', Timestamp('2013-03-01 00:00:00')): E takes: 0.3598825931549072
Stats for ('MARI', Timestamp('2013-03-01 00:00:00')): Var takes: 59.59667205810547
Stats for ('MARI', Timestamp('2013-03-01 00:00:00')): StdDev takes: 59.617801904678345
Stats for ('MARI', Timestamp('2013-03-01 00:00:00')): Sobol_m takes: 61.006646156311035
Stats for ('MARI', Timestamp('2013-03-01 00:00:00')): Sobol_m2 takes: 70.81863951683044
Stats for ('MARI', Timestamp('2013-03-01 00:00:00')): Sobol_t takes: 103.83264374732971
Stats for ('MARI', Timestamp('2013-03-01 00:00:00')): P10 takes: 0.03302192687988281
Stats for ('MARI', Timestamp('2013-03-01 00:00:00')): P90 takes: 0.0319972038269043
Stats: gPCE takes: 0.10914731025695801
Stats for ('MARI', Timestamp('2013-03-02 00:00:00')): E takes: 0.31389880180358887
Stats for ('MARI', Timestamp('2013-03-02 00:00:00')): Var takes: 59.5938503742218
Stats for ('MARI', Timestamp('2013-03-02 00:00:00')): StdDev takes: 59.30014443397522
Stats for ('MARI', Timestamp('2013-03-02 00:00:00')): Sobol_m takes: 60.92469549179077
Stats for ('MARI', Timestamp('2013-03-02 00:00:00')): Sobol_m2 takes: 70.50080966949463
Stats for ('MARI', Timestamp('2013-03-02 00:00:00')): Sobol_t takes: 101.2214183807373
Stats for ('MARI', Timestamp('2013-03-02 00:00:00')): P10 takes: 0.03152751922607422
Stats for ('MARI', Timestamp('2013-03-02 00:00:00')): P90 takes: 0.031169891357421875
Stats: gPCE takes: 0.10785293579101562
Stats for ('MARI', Timestamp('2013-03-03 00:00:00')): E takes: 0.3043797016143799
Stats for ('MARI', Timestamp('2013-03-03 00:00:00')): Var takes: 57.72258758544922
Stats for ('MARI', Timestamp('2013-03-03 00:00:00')): StdDev takes: 57.83863925933838
Stats for ('MARI', Timestamp('2013-03-03 00:00:00')): Sobol_m takes: 59.214614152908325
Stats for ('MARI', Timestamp('2013-03-03 00:00:00')): Sobol_m2 takes: 68.66875696182251
Stats for ('MARI', Timestamp('2013-03-03 00:00:00')): Sobol_t takes: 100.56819105148315
Stats for ('MARI', Timestamp('2013-03-03 00:00:00')): P10 takes: 0.03217172622680664
Stats for ('MARI', Timestamp('2013-03-03 00:00:00')): P90 takes: 0.031355857849121094
Stats: gPCE takes: 0.10834527015686035
Stats for ('MARI', Timestamp('2013-03-04 00:00:00')): E takes: 0.304279088973999
Stats for ('MARI', Timestamp('2013-03-04 00:00:00')): Var takes: 57.83454394340515
Stats for ('MARI', Timestamp('2013-03-04 00:00:00')): StdDev takes: 57.69523549079895
Stats for ('MARI', Timestamp('2013-03-04 00:00:00')): Sobol_m takes: 59.08670234680176
Stats for ('MARI', Timestamp('2013-03-04 00:00:00')): Sobol_m2 takes: 68.81623077392578
Stats for ('MARI', Timestamp('2013-03-04 00:00:00')): Sobol_t takes: 100.61969041824341
Stats for ('MARI', Timestamp('2013-03-04 00:00:00')): P10 takes: 0.03160405158996582
Stats for ('MARI', Timestamp('2013-03-04 00:00:00')): P90 takes: 0.031333208084106445
Stats: gPCE takes: 0.10652017593383789
Stats for ('MARI', Timestamp('2013-03-05 00:00:00')): E takes: 0.3049798011779785
Stats for ('MARI', Timestamp('2013-03-05 00:00:00')): Var takes: 57.71933174133301
Stats for ('MARI', Timestamp('2013-03-05 00:00:00')): StdDev takes: 57.813366651535034
Stats for ('MARI', Timestamp('2013-03-05 00:00:00')): Sobol_m takes: 59.25002574920654
Stats for ('MARI', Timestamp('2013-03-05 00:00:00')): Sobol_m2 takes: 68.73247265815735
Stats for ('MARI', Timestamp('2013-03-05 00:00:00')): Sobol_t takes: 100.74690699577332
Stats for ('MARI', Timestamp('2013-03-05 00:00:00')): P10 takes: 0.03141522407531738
Stats for ('MARI', Timestamp('2013-03-05 00:00:00')): P90 takes: 0.031168222427368164
Stats: gPCE takes: 0.10635519027709961
Stats for ('MARI', Timestamp('2013-03-06 00:00:00')): E takes: 0.3040452003479004
Stats for ('MARI', Timestamp('2013-03-06 00:00:00')): Var takes: 57.75537467002869
Stats for ('MARI', Timestamp('2013-03-06 00:00:00')): StdDev takes: 57.79890966415405
Stats for ('MARI', Timestamp('2013-03-06 00:00:00')): Sobol_m takes: 59.224913597106934
Stats for ('MARI', Timestamp('2013-03-06 00:00:00')): Sobol_m2 takes: 68.72122263908386
Stats for ('MARI', Timestamp('2013-03-06 00:00:00')): Sobol_t takes: 100.60289692878723
Stats for ('MARI', Timestamp('2013-03-06 00:00:00')): P10 takes: 0.031294822692871094
Stats for ('MARI', Timestamp('2013-03-06 00:00:00')): P90 takes: 0.03128480911254883
Stats: gPCE takes: 0.10576248168945312
Stats for ('MARI', Timestamp('2013-03-07 00:00:00')): E takes: 0.30472683906555176
Stats for ('MARI', Timestamp('2013-03-07 00:00:00')): Var takes: 57.734487533569336
Stats for ('MARI', Timestamp('2013-03-07 00:00:00')): StdDev takes: 57.739500284194946
Stats for ('MARI', Timestamp('2013-03-07 00:00:00')): Sobol_m takes: 59.048006534576416
Stats for ('MARI', Timestamp('2013-03-07 00:00:00')): Sobol_m2 takes: 68.57125544548035
Stats for ('MARI', Timestamp('2013-03-07 00:00:00')): Sobol_t takes: 100.39371466636658
Stats for ('MARI', Timestamp('2013-03-07 00:00:00')): P10 takes: 0.03123784065246582
Stats for ('MARI', Timestamp('2013-03-07 00:00:00')): P90 takes: 0.031092166900634766
Stats: gPCE takes: 0.10511159896850586
Stats for ('MARI', Timestamp('2013-03-08 00:00:00')): E takes: 0.302506685256958
Stats for ('MARI', Timestamp('2013-03-08 00:00:00')): Var takes: 57.54165053367615
Stats for ('MARI', Timestamp('2013-03-08 00:00:00')): StdDev takes: 57.72918367385864
Stats for ('MARI', Timestamp('2013-03-08 00:00:00')): Sobol_m takes: 59.16638493537903
Stats for ('MARI', Timestamp('2013-03-08 00:00:00')): Sobol_m2 takes: 68.75907397270203
Stats for ('MARI', Timestamp('2013-03-08 00:00:00')): Sobol_t takes: 100.44652509689331
Stats for ('MARI', Timestamp('2013-03-08 00:00:00')): P10 takes: 0.031543731689453125
Stats for ('MARI', Timestamp('2013-03-08 00:00:00')): P90 takes: 0.031403541564941406
Stats: gPCE takes: 0.10697674751281738
Stats for ('MARI', Timestamp('2013-03-09 00:00:00')): E takes: 0.30431294441223145
Stats for ('MARI', Timestamp('2013-03-09 00:00:00')): Var takes: 57.70675730705261
Stats for ('MARI', Timestamp('2013-03-09 00:00:00')): StdDev takes: 57.655484676361084
Stats for ('MARI', Timestamp('2013-03-09 00:00:00')): Sobol_m takes: 59.13234281539917
Stats for ('MARI', Timestamp('2013-03-09 00:00:00')): Sobol_m2 takes: 68.78322148323059
Stats for ('MARI', Timestamp('2013-03-09 00:00:00')): Sobol_t takes: 100.66354537010193
Stats for ('MARI', Timestamp('2013-03-09 00:00:00')): P10 takes: 0.03134632110595703
Stats for ('MARI', Timestamp('2013-03-09 00:00:00')): P90 takes: 0.0315401554107666
Stats: gPCE takes: 0.10731005668640137
Stats for ('MARI', Timestamp('2013-03-10 00:00:00')): E takes: 0.3031785488128662
Stats for ('MARI', Timestamp('2013-03-10 00:00:00')): Var takes: 57.71505165100098
Stats for ('MARI', Timestamp('2013-03-10 00:00:00')): StdDev takes: 57.621705055236816
Stats for ('MARI', Timestamp('2013-03-10 00:00:00')): Sobol_m takes: 59.01396155357361
Stats for ('MARI', Timestamp('2013-03-10 00:00:00')): Sobol_m2 takes: 68.55205821990967
Stats for ('MARI', Timestamp('2013-03-10 00:00:00')): Sobol_t takes: 100.5194993019104
Stats for ('MARI', Timestamp('2013-03-10 00:00:00')): P10 takes: 0.031568288803100586
Stats for ('MARI', Timestamp('2013-03-10 00:00:00')): P90 takes: 0.03138113021850586
Stats: gPCE takes: 0.10382914543151855
Stats for ('MARI', Timestamp('2013-03-11 00:00:00')): E takes: 0.3046131134033203
Stats for ('MARI', Timestamp('2013-03-11 00:00:00')): Var takes: 57.75700235366821
Stats for ('MARI', Timestamp('2013-03-11 00:00:00')): StdDev takes: 57.56077527999878
Stats for ('MARI', Timestamp('2013-03-11 00:00:00')): Sobol_m takes: 59.059911251068115
Stats for ('MARI', Timestamp('2013-03-11 00:00:00')): Sobol_m2 takes: 68.5887200832367
Stats for ('MARI', Timestamp('2013-03-11 00:00:00')): Sobol_t takes: 100.34317588806152
Stats for ('MARI', Timestamp('2013-03-11 00:00:00')): P10 takes: 0.03134799003601074
Stats for ('MARI', Timestamp('2013-03-11 00:00:00')): P90 takes: 0.031140565872192383
Stats: gPCE takes: 0.10419940948486328
Stats for ('MARI', Timestamp('2013-03-12 00:00:00')): E takes: 0.3041346073150635
Stats for ('MARI', Timestamp('2013-03-12 00:00:00')): Var takes: 57.561771869659424
Stats for ('MARI', Timestamp('2013-03-12 00:00:00')): StdDev takes: 57.63870120048523
Stats for ('MARI', Timestamp('2013-03-12 00:00:00')): Sobol_m takes: 58.94315838813782
Stats for ('MARI', Timestamp('2013-03-12 00:00:00')): Sobol_m2 takes: 68.53623580932617
Stats for ('MARI', Timestamp('2013-03-12 00:00:00')): Sobol_t takes: 100.43008756637573
Stats for ('MARI', Timestamp('2013-03-12 00:00:00')): P10 takes: 0.03163743019104004
Stats for ('MARI', Timestamp('2013-03-12 00:00:00')): P90 takes: 0.031182050704956055
Stats: gPCE takes: 0.1045525074005127
Stats for ('MARI', Timestamp('2013-03-13 00:00:00')): E takes: 0.3040189743041992
Stats for ('MARI', Timestamp('2013-03-13 00:00:00')): Var takes: 57.675875186920166
Stats for ('MARI', Timestamp('2013-03-13 00:00:00')): StdDev takes: 57.67524600028992
Stats for ('MARI', Timestamp('2013-03-13 00:00:00')): Sobol_m takes: 59.077059507369995
Stats for ('MARI', Timestamp('2013-03-13 00:00:00')): Sobol_m2 takes: 68.73880124092102
Stats for ('MARI', Timestamp('2013-03-13 00:00:00')): Sobol_t takes: 100.51531887054443
Stats for ('MARI', Timestamp('2013-03-13 00:00:00')): P10 takes: 0.03134012222290039
Stats for ('MARI', Timestamp('2013-03-13 00:00:00')): P90 takes: 0.031143903732299805
Stats: gPCE takes: 0.10429644584655762
Stats for ('MARI', Timestamp('2013-03-14 00:00:00')): E takes: 0.3035554885864258
Stats for ('MARI', Timestamp('2013-03-14 00:00:00')): Var takes: 57.69098234176636
Stats for ('MARI', Timestamp('2013-03-14 00:00:00')): StdDev takes: 57.634408712387085
Stats for ('MARI', Timestamp('2013-03-14 00:00:00')): Sobol_m takes: 59.04268741607666
Stats for ('MARI', Timestamp('2013-03-14 00:00:00')): Sobol_m2 takes: 68.70456171035767
Stats for ('MARI', Timestamp('2013-03-14 00:00:00')): Sobol_t takes: 100.52773237228394
Stats for ('MARI', Timestamp('2013-03-14 00:00:00')): P10 takes: 0.03122401237487793
Stats for ('MARI', Timestamp('2013-03-14 00:00:00')): P90 takes: 0.031205177307128906
Stats: gPCE takes: 0.10443854331970215
Stats for ('MARI', Timestamp('2013-03-15 00:00:00')): E takes: 0.30361413955688477
Stats for ('MARI', Timestamp('2013-03-15 00:00:00')): Var takes: 57.62331223487854
Stats for ('MARI', Timestamp('2013-03-15 00:00:00')): StdDev takes: 57.621906042099
Stats for ('MARI', Timestamp('2013-03-15 00:00:00')): Sobol_m takes: 59.04866075515747
Stats for ('MARI', Timestamp('2013-03-15 00:00:00')): Sobol_m2 takes: 68.55744862556458
Stats for ('MARI', Timestamp('2013-03-15 00:00:00')): Sobol_t takes: 100.44123458862305
Stats for ('MARI', Timestamp('2013-03-15 00:00:00')): P10 takes: 0.031528472900390625
Stats for ('MARI', Timestamp('2013-03-15 00:00:00')): P90 takes: 0.031098127365112305
Stats: gPCE takes: 0.10375165939331055
Stats for ('MARI', Timestamp('2013-03-16 00:00:00')): E takes: 0.30525708198547363
Stats for ('MARI', Timestamp('2013-03-16 00:00:00')): Var takes: 57.553502559661865
Stats for ('MARI', Timestamp('2013-03-16 00:00:00')): StdDev takes: 57.60956025123596
Stats for ('MARI', Timestamp('2013-03-16 00:00:00')): Sobol_m takes: 58.98611569404602
Stats for ('MARI', Timestamp('2013-03-16 00:00:00')): Sobol_m2 takes: 68.60165548324585
Stats for ('MARI', Timestamp('2013-03-16 00:00:00')): Sobol_t takes: 100.54114007949829
Stats for ('MARI', Timestamp('2013-03-16 00:00:00')): P10 takes: 0.03167462348937988
Stats for ('MARI', Timestamp('2013-03-16 00:00:00')): P90 takes: 0.031316280364990234
Stats: gPCE takes: 0.10452079772949219
Stats for ('MARI', Timestamp('2013-03-17 00:00:00')): E takes: 0.3059706687927246
Stats for ('MARI', Timestamp('2013-03-17 00:00:00')): Var takes: 57.66193675994873
Stats for ('MARI', Timestamp('2013-03-17 00:00:00')): StdDev takes: 57.6518132686615
Stats for ('MARI', Timestamp('2013-03-17 00:00:00')): Sobol_m takes: 59.10464596748352
Stats for ('MARI', Timestamp('2013-03-17 00:00:00')): Sobol_m2 takes: 68.70769238471985
Stats for ('MARI', Timestamp('2013-03-17 00:00:00')): Sobol_t takes: 100.53357076644897
Stats for ('MARI', Timestamp('2013-03-17 00:00:00')): P10 takes: 0.031607627868652344
Stats for ('MARI', Timestamp('2013-03-17 00:00:00')): P90 takes: 0.03107142448425293
Stats: gPCE takes: 0.10516810417175293
Stats for ('MARI', Timestamp('2013-03-18 00:00:00')): E takes: 0.3059659004211426
Stats for ('MARI', Timestamp('2013-03-18 00:00:00')): Var takes: 57.70357370376587
Stats for ('MARI', Timestamp('2013-03-18 00:00:00')): StdDev takes: 57.73329758644104
Stats for ('MARI', Timestamp('2013-03-18 00:00:00')): Sobol_m takes: 59.076048851013184
Stats for ('MARI', Timestamp('2013-03-18 00:00:00')): Sobol_m2 takes: 68.66725969314575
Stats for ('MARI', Timestamp('2013-03-18 00:00:00')): Sobol_t takes: 100.54709005355835
Stats for ('MARI', Timestamp('2013-03-18 00:00:00')): P10 takes: 0.03146028518676758
Stats for ('MARI', Timestamp('2013-03-18 00:00:00')): P90 takes: 0.031324148178100586
Stats: gPCE takes: 0.10420942306518555
Stats for ('MARI', Timestamp('2013-03-19 00:00:00')): E takes: 0.30426883697509766
Stats for ('MARI', Timestamp('2013-03-19 00:00:00')): Var takes: 57.64144849777222
Stats for ('MARI', Timestamp('2013-03-19 00:00:00')): StdDev takes: 57.64067578315735
Stats for ('MARI', Timestamp('2013-03-19 00:00:00')): Sobol_m takes: 59.07153058052063
Stats for ('MARI', Timestamp('2013-03-19 00:00:00')): Sobol_m2 takes: 68.66787004470825
Stats for ('MARI', Timestamp('2013-03-19 00:00:00')): Sobol_t takes: 101.51227831840515
Stats for ('MARI', Timestamp('2013-03-19 00:00:00')): P10 takes: 0.031957387924194336
Stats for ('MARI', Timestamp('2013-03-19 00:00:00')): P90 takes: 0.03156137466430664
Stats: gPCE takes: 0.10524249076843262
Stats for ('MARI', Timestamp('2013-03-20 00:00:00')): E takes: 0.3070037364959717
Stats for ('MARI', Timestamp('2013-03-20 00:00:00')): Var takes: 58.27191686630249
Stats for ('MARI', Timestamp('2013-03-20 00:00:00')): StdDev takes: 57.962766885757446
Stats for ('MARI', Timestamp('2013-03-20 00:00:00')): Sobol_m takes: 59.12363576889038
Stats for ('MARI', Timestamp('2013-03-20 00:00:00')): Sobol_m2 takes: 68.62753939628601
Stats for ('MARI', Timestamp('2013-03-20 00:00:00')): Sobol_t takes: 100.45747470855713
Stats for ('MARI', Timestamp('2013-03-20 00:00:00')): P10 takes: 0.03136777877807617
Stats for ('MARI', Timestamp('2013-03-20 00:00:00')): P90 takes: 0.031100034713745117
Stats: gPCE takes: 0.10614728927612305
Stats for ('MARI', Timestamp('2013-03-21 00:00:00')): E takes: 0.30475592613220215
Stats for ('MARI', Timestamp('2013-03-21 00:00:00')): Var takes: 57.651082038879395
Stats for ('MARI', Timestamp('2013-03-21 00:00:00')): StdDev takes: 57.56855487823486
Stats for ('MARI', Timestamp('2013-03-21 00:00:00')): Sobol_m takes: 59.02471470832825
Stats for ('MARI', Timestamp('2013-03-21 00:00:00')): Sobol_m2 takes: 68.58254909515381
Stats for ('MARI', Timestamp('2013-03-21 00:00:00')): Sobol_t takes: 100.37419080734253
Stats for ('MARI', Timestamp('2013-03-21 00:00:00')): P10 takes: 0.03170895576477051
Stats for ('MARI', Timestamp('2013-03-21 00:00:00')): P90 takes: 0.0313868522644043
Stats: gPCE takes: 0.10425758361816406
Stats for ('MARI', Timestamp('2013-03-22 00:00:00')): E takes: 0.30391716957092285
Stats for ('MARI', Timestamp('2013-03-22 00:00:00')): Var takes: 57.6584370136261
Stats for ('MARI', Timestamp('2013-03-22 00:00:00')): StdDev takes: 57.671302318573
Stats for ('MARI', Timestamp('2013-03-22 00:00:00')): Sobol_m takes: 59.1084508895874
Stats for ('MARI', Timestamp('2013-03-22 00:00:00')): Sobol_m2 takes: 68.70377039909363
Stats for ('MARI', Timestamp('2013-03-22 00:00:00')): Sobol_t takes: 100.69951701164246
Stats for ('MARI', Timestamp('2013-03-22 00:00:00')): P10 takes: 0.03178071975708008
Stats for ('MARI', Timestamp('2013-03-22 00:00:00')): P90 takes: 0.031089067459106445
Stats: gPCE takes: 0.10436797142028809
Stats for ('MARI', Timestamp('2013-03-23 00:00:00')): E takes: 0.30641770362854004
Stats for ('MARI', Timestamp('2013-03-23 00:00:00')): Var takes: 57.69576930999756
Stats for ('MARI', Timestamp('2013-03-23 00:00:00')): StdDev takes: 57.71991729736328
Stats for ('MARI', Timestamp('2013-03-23 00:00:00')): Sobol_m takes: 58.99725031852722
Stats for ('MARI', Timestamp('2013-03-23 00:00:00')): Sobol_m2 takes: 68.586829662323
Stats for ('MARI', Timestamp('2013-03-23 00:00:00')): Sobol_t takes: 100.66013550758362
Stats for ('MARI', Timestamp('2013-03-23 00:00:00')): P10 takes: 0.03143572807312012
Stats for ('MARI', Timestamp('2013-03-23 00:00:00')): P90 takes: 0.03122878074645996
Stats: gPCE takes: 0.10441064834594727
Stats for ('MARI', Timestamp('2013-03-24 00:00:00')): E takes: 0.30232739448547363
Stats for ('MARI', Timestamp('2013-03-24 00:00:00')): Var takes: 57.55536365509033
Stats for ('MARI', Timestamp('2013-03-24 00:00:00')): StdDev takes: 57.69581127166748
Stats for ('MARI', Timestamp('2013-03-24 00:00:00')): Sobol_m takes: 58.984233379364014
Stats for ('MARI', Timestamp('2013-03-24 00:00:00')): Sobol_m2 takes: 68.62195467948914
Stats for ('MARI', Timestamp('2013-03-24 00:00:00')): Sobol_t takes: 100.45452380180359
Stats for ('MARI', Timestamp('2013-03-24 00:00:00')): P10 takes: 0.031395912170410156
Stats for ('MARI', Timestamp('2013-03-24 00:00:00')): P90 takes: 0.03131818771362305
Stats: gPCE takes: 0.10439062118530273
Stats for ('MARI', Timestamp('2013-03-25 00:00:00')): E takes: 0.3026461601257324
Stats for ('MARI', Timestamp('2013-03-25 00:00:00')): Var takes: 57.59987711906433
Stats for ('MARI', Timestamp('2013-03-25 00:00:00')): StdDev takes: 57.619277238845825
Stats for ('MARI', Timestamp('2013-03-25 00:00:00')): Sobol_m takes: 59.06433033943176
Stats for ('MARI', Timestamp('2013-03-25 00:00:00')): Sobol_m2 takes: 68.70091533660889
Stats for ('MARI', Timestamp('2013-03-25 00:00:00')): Sobol_t takes: 100.41617798805237
Stats for ('MARI', Timestamp('2013-03-25 00:00:00')): P10 takes: 0.03136277198791504
Stats for ('MARI', Timestamp('2013-03-25 00:00:00')): P90 takes: 0.03187918663024902
Stats: gPCE takes: 0.10483074188232422
Stats for ('MARI', Timestamp('2013-03-26 00:00:00')): E takes: 0.3042914867401123
Stats for ('MARI', Timestamp('2013-03-26 00:00:00')): Var takes: 57.56538367271423
Stats for ('MARI', Timestamp('2013-03-26 00:00:00')): StdDev takes: 57.678351402282715
Stats for ('MARI', Timestamp('2013-03-26 00:00:00')): Sobol_m takes: 59.11859726905823
Stats for ('MARI', Timestamp('2013-03-26 00:00:00')): Sobol_m2 takes: 68.65724182128906
Stats for ('MARI', Timestamp('2013-03-26 00:00:00')): Sobol_t takes: 100.52582216262817
Stats for ('MARI', Timestamp('2013-03-26 00:00:00')): P10 takes: 0.03167724609375
Stats for ('MARI', Timestamp('2013-03-26 00:00:00')): P90 takes: 0.031337738037109375
Stats: gPCE takes: 0.10428643226623535
Stats for ('MARI', Timestamp('2013-03-27 00:00:00')): E takes: 0.3040432929992676
Stats for ('MARI', Timestamp('2013-03-27 00:00:00')): Var takes: 57.66784381866455
Stats for ('MARI', Timestamp('2013-03-27 00:00:00')): StdDev takes: 57.74600958824158
Stats for ('MARI', Timestamp('2013-03-27 00:00:00')): Sobol_m takes: 59.153706550598145
Stats for ('MARI', Timestamp('2013-03-27 00:00:00')): Sobol_m2 takes: 68.662034034729
Stats for ('MARI', Timestamp('2013-03-27 00:00:00')): Sobol_t takes: 100.44191884994507
Stats for ('MARI', Timestamp('2013-03-27 00:00:00')): P10 takes: 0.031707763671875
Stats for ('MARI', Timestamp('2013-03-27 00:00:00')): P90 takes: 0.03107452392578125
Stats: gPCE takes: 0.10518217086791992
Stats for ('MARI', Timestamp('2013-03-28 00:00:00')): E takes: 0.3044447898864746
Stats for ('MARI', Timestamp('2013-03-28 00:00:00')): Var takes: 57.720133781433105
Stats for ('MARI', Timestamp('2013-03-28 00:00:00')): StdDev takes: 57.59202575683594
Stats for ('MARI', Timestamp('2013-03-28 00:00:00')): Sobol_m takes: 59.091020345687866
Stats for ('MARI', Timestamp('2013-03-28 00:00:00')): Sobol_m2 takes: 68.58868837356567
Stats for ('MARI', Timestamp('2013-03-28 00:00:00')): Sobol_t takes: 100.4687888622284
Stats for ('MARI', Timestamp('2013-03-28 00:00:00')): P10 takes: 0.03173494338989258
Stats for ('MARI', Timestamp('2013-03-28 00:00:00')): P90 takes: 0.03126645088195801
Stats: gPCE takes: 0.10433673858642578
Stats for ('MARI', Timestamp('2013-03-29 00:00:00')): E takes: 0.3046071529388428
Stats for ('MARI', Timestamp('2013-03-29 00:00:00')): Var takes: 57.70169758796692
Stats for ('MARI', Timestamp('2013-03-29 00:00:00')): StdDev takes: 57.567429304122925
Stats for ('MARI', Timestamp('2013-03-29 00:00:00')): Sobol_m takes: 59.08462691307068
Stats for ('MARI', Timestamp('2013-03-29 00:00:00')): Sobol_m2 takes: 68.55677103996277
Stats for ('MARI', Timestamp('2013-03-29 00:00:00')): Sobol_t takes: 100.58929920196533
Stats for ('MARI', Timestamp('2013-03-29 00:00:00')): P10 takes: 0.03136873245239258
Stats for ('MARI', Timestamp('2013-03-29 00:00:00')): P90 takes: 0.03115105628967285
Stats: gPCE takes: 0.10468244552612305
Stats for ('MARI', Timestamp('2013-03-30 00:00:00')): E takes: 0.3038618564605713
Stats for ('MARI', Timestamp('2013-03-30 00:00:00')): Var takes: 57.56874990463257
Stats for ('MARI', Timestamp('2013-03-30 00:00:00')): StdDev takes: 57.66148114204407
Stats for ('MARI', Timestamp('2013-03-30 00:00:00')): Sobol_m takes: 59.10060262680054
Stats for ('MARI', Timestamp('2013-03-30 00:00:00')): Sobol_m2 takes: 68.73486375808716
Stats for ('MARI', Timestamp('2013-03-30 00:00:00')): Sobol_t takes: 100.59285974502563
Stats for ('MARI', Timestamp('2013-03-30 00:00:00')): P10 takes: 0.03136014938354492
Stats for ('MARI', Timestamp('2013-03-30 00:00:00')): P90 takes: 0.031188488006591797
Stats: gPCE takes: 0.10495996475219727
Stats for ('MARI', Timestamp('2013-03-31 00:00:00')): E takes: 0.3023357391357422
Stats for ('MARI', Timestamp('2013-03-31 00:00:00')): Var takes: 57.551122188568115
Stats for ('MARI', Timestamp('2013-03-31 00:00:00')): StdDev takes: 57.46230220794678
Stats for ('MARI', Timestamp('2013-03-31 00:00:00')): Sobol_m takes: 58.9519464969635
Stats for ('MARI', Timestamp('2013-03-31 00:00:00')): Sobol_m2 takes: 68.58372044563293
Stats for ('MARI', Timestamp('2013-03-31 00:00:00')): Sobol_t takes: 100.3972692489624
Stats for ('MARI', Timestamp('2013-03-31 00:00:00')): P10 takes: 0.03193473815917969
Stats for ('MARI', Timestamp('2013-03-31 00:00:00')): P90 takes: 0.031078815460205078
Stats: gPCE takes: 0.10450387001037598
Stats for ('MARI', Timestamp('2013-04-01 00:00:00')): E takes: 0.30460500717163086
Stats for ('MARI', Timestamp('2013-04-01 00:00:00')): Var takes: 57.64702272415161
Stats for ('MARI', Timestamp('2013-04-01 00:00:00')): StdDev takes: 57.569506883621216
Stats for ('MARI', Timestamp('2013-04-01 00:00:00')): Sobol_m takes: 58.99985909461975
Stats for ('MARI', Timestamp('2013-04-01 00:00:00')): Sobol_m2 takes: 68.54398775100708
Stats for ('MARI', Timestamp('2013-04-01 00:00:00')): Sobol_t takes: 100.38183879852295
Stats for ('MARI', Timestamp('2013-04-01 00:00:00')): P10 takes: 0.03180742263793945
Stats for ('MARI', Timestamp('2013-04-01 00:00:00')): P90 takes: 0.03117990493774414
Stats: gPCE takes: 0.10523819923400879
Stats for ('MARI', Timestamp('2013-04-02 00:00:00')): E takes: 0.3038313388824463
Stats for ('MARI', Timestamp('2013-04-02 00:00:00')): Var takes: 57.64789628982544
Stats for ('MARI', Timestamp('2013-04-02 00:00:00')): StdDev takes: 57.64590883255005
Stats for ('MARI', Timestamp('2013-04-02 00:00:00')): Sobol_m takes: 59.07187533378601
Stats for ('MARI', Timestamp('2013-04-02 00:00:00')): Sobol_m2 takes: 68.60903835296631
Stats for ('MARI', Timestamp('2013-04-02 00:00:00')): Sobol_t takes: 100.58872652053833
Stats for ('MARI', Timestamp('2013-04-02 00:00:00')): P10 takes: 0.03174138069152832
Stats for ('MARI', Timestamp('2013-04-02 00:00:00')): P90 takes: 0.03128337860107422
Stats: gPCE takes: 0.10445904731750488
Stats for ('MARI', Timestamp('2013-04-03 00:00:00')): E takes: 0.3046414852142334
Stats for ('MARI', Timestamp('2013-04-03 00:00:00')): Var takes: 57.68192791938782
Stats for ('MARI', Timestamp('2013-04-03 00:00:00')): StdDev takes: 57.668941259384155
Stats for ('MARI', Timestamp('2013-04-03 00:00:00')): Sobol_m takes: 59.07898831367493
Stats for ('MARI', Timestamp('2013-04-03 00:00:00')): Sobol_m2 takes: 68.61239242553711
Stats for ('MARI', Timestamp('2013-04-03 00:00:00')): Sobol_t takes: 100.47435188293457
Stats for ('MARI', Timestamp('2013-04-03 00:00:00')): P10 takes: 0.031339406967163086
Stats for ('MARI', Timestamp('2013-04-03 00:00:00')): P90 takes: 0.0312652587890625
Stats: gPCE takes: 0.10434126853942871
Stats for ('MARI', Timestamp('2013-04-04 00:00:00')): E takes: 0.30498480796813965
Stats for ('MARI', Timestamp('2013-04-04 00:00:00')): Var takes: 57.67224860191345
Stats for ('MARI', Timestamp('2013-04-04 00:00:00')): StdDev takes: 57.669620513916016
Stats for ('MARI', Timestamp('2013-04-04 00:00:00')): Sobol_m takes: 59.118600845336914
Stats for ('MARI', Timestamp('2013-04-04 00:00:00')): Sobol_m2 takes: 68.61784315109253
Stats for ('MARI', Timestamp('2013-04-04 00:00:00')): Sobol_t takes: 100.73164916038513
Stats for ('MARI', Timestamp('2013-04-04 00:00:00')): P10 takes: 0.03143668174743652
Stats for ('MARI', Timestamp('2013-04-04 00:00:00')): P90 takes: 0.03129005432128906
Stats: gPCE takes: 0.10424542427062988
Stats for ('MARI', Timestamp('2013-04-05 00:00:00')): E takes: 0.3030679225921631
Stats for ('MARI', Timestamp('2013-04-05 00:00:00')): Var takes: 57.66670489311218
Stats for ('MARI', Timestamp('2013-04-05 00:00:00')): StdDev takes: 57.757346391677856
Stats for ('MARI', Timestamp('2013-04-05 00:00:00')): Sobol_m takes: 59.08143591880798
Stats for ('MARI', Timestamp('2013-04-05 00:00:00')): Sobol_m2 takes: 68.72927641868591
Stats for ('MARI', Timestamp('2013-04-05 00:00:00')): Sobol_t takes: 100.83849716186523
Stats for ('MARI', Timestamp('2013-04-05 00:00:00')): P10 takes: 0.031343698501586914
Stats for ('MARI', Timestamp('2013-04-05 00:00:00')): P90 takes: 0.03118109703063965
Stats: gPCE takes: 0.10392022132873535
Stats for ('MARI', Timestamp('2013-04-06 00:00:00')): E takes: 0.3030574321746826
Stats for ('MARI', Timestamp('2013-04-06 00:00:00')): Var takes: 57.62315607070923
Stats for ('MARI', Timestamp('2013-04-06 00:00:00')): StdDev takes: 57.69047451019287
Stats for ('MARI', Timestamp('2013-04-06 00:00:00')): Sobol_m takes: 58.9919273853302
Stats for ('MARI', Timestamp('2013-04-06 00:00:00')): Sobol_m2 takes: 68.63128089904785
Stats for ('MARI', Timestamp('2013-04-06 00:00:00')): Sobol_t takes: 100.48172760009766
Stats for ('MARI', Timestamp('2013-04-06 00:00:00')): P10 takes: 0.03128933906555176
Stats for ('MARI', Timestamp('2013-04-06 00:00:00')): P90 takes: 0.031235456466674805
Stats: gPCE takes: 0.10420632362365723
Stats for ('MARI', Timestamp('2013-04-07 00:00:00')): E takes: 0.3040285110473633
Stats for ('MARI', Timestamp('2013-04-07 00:00:00')): Var takes: 57.627376556396484
Stats for ('MARI', Timestamp('2013-04-07 00:00:00')): StdDev takes: 57.693525314331055
Stats for ('MARI', Timestamp('2013-04-07 00:00:00')): Sobol_m takes: 59.09327721595764
Stats for ('MARI', Timestamp('2013-04-07 00:00:00')): Sobol_m2 takes: 68.61886167526245
Stats for ('MARI', Timestamp('2013-04-07 00:00:00')): Sobol_t takes: 100.82709908485413
Stats for ('MARI', Timestamp('2013-04-07 00:00:00')): P10 takes: 0.031729698181152344
Stats for ('MARI', Timestamp('2013-04-07 00:00:00')): P90 takes: 0.03130960464477539
Stats: gPCE takes: 0.10545492172241211
Stats for ('MARI', Timestamp('2013-04-08 00:00:00')): E takes: 0.30747365951538086
Stats for ('MARI', Timestamp('2013-04-08 00:00:00')): Var takes: 58.17037224769592
Stats for ('MARI', Timestamp('2013-04-08 00:00:00')): StdDev takes: 58.30083775520325
Stats for ('MARI', Timestamp('2013-04-08 00:00:00')): Sobol_m takes: 59.41386151313782
Stats for ('MARI', Timestamp('2013-04-08 00:00:00')): Sobol_m2 takes: 68.68003463745117
Stats for ('MARI', Timestamp('2013-04-08 00:00:00')): Sobol_t takes: 100.62239456176758
Stats for ('MARI', Timestamp('2013-04-08 00:00:00')): P10 takes: 0.031281471252441406
Stats for ('MARI', Timestamp('2013-04-08 00:00:00')): P90 takes: 0.030951976776123047
Stats: gPCE takes: 0.10424280166625977
Stats for ('MARI', Timestamp('2013-04-09 00:00:00')): E takes: 0.3049898147583008
Stats for ('MARI', Timestamp('2013-04-09 00:00:00')): Var takes: 57.69846773147583
Stats for ('MARI', Timestamp('2013-04-09 00:00:00')): StdDev takes: 57.67162561416626
Stats for ('MARI', Timestamp('2013-04-09 00:00:00')): Sobol_m takes: 59.24700736999512
Stats for ('MARI', Timestamp('2013-04-09 00:00:00')): Sobol_m2 takes: 68.76482796669006
Stats for ('MARI', Timestamp('2013-04-09 00:00:00')): Sobol_t takes: 100.55644130706787
Stats for ('MARI', Timestamp('2013-04-09 00:00:00')): P10 takes: 0.031737565994262695
Stats for ('MARI', Timestamp('2013-04-09 00:00:00')): P90 takes: 0.03144407272338867
Stats: gPCE takes: 0.10458040237426758
Stats for ('MARI', Timestamp('2013-04-10 00:00:00')): E takes: 0.3042759895324707
Stats for ('MARI', Timestamp('2013-04-10 00:00:00')): Var takes: 57.80561184883118
Stats for ('MARI', Timestamp('2013-04-10 00:00:00')): StdDev takes: 57.82222366333008
Stats for ('MARI', Timestamp('2013-04-10 00:00:00')): Sobol_m takes: 59.13014101982117
Stats for ('MARI', Timestamp('2013-04-10 00:00:00')): Sobol_m2 takes: 68.60303330421448
Stats for ('MARI', Timestamp('2013-04-10 00:00:00')): Sobol_t takes: 100.58641052246094
Stats for ('MARI', Timestamp('2013-04-10 00:00:00')): P10 takes: 0.031963348388671875
Stats for ('MARI', Timestamp('2013-04-10 00:00:00')): P90 takes: 0.03147625923156738
Stats: gPCE takes: 0.1047661304473877
Stats for ('MARI', Timestamp('2013-04-11 00:00:00')): E takes: 0.3058488368988037
Stats for ('MARI', Timestamp('2013-04-11 00:00:00')): Var takes: 57.810646533966064
Stats for ('MARI', Timestamp('2013-04-11 00:00:00')): StdDev takes: 57.73616337776184
Stats for ('MARI', Timestamp('2013-04-11 00:00:00')): Sobol_m takes: 59.23590040206909
Stats for ('MARI', Timestamp('2013-04-11 00:00:00')): Sobol_m2 takes: 68.74242210388184
Stats for ('MARI', Timestamp('2013-04-11 00:00:00')): Sobol_t takes: 100.54792022705078
Stats for ('MARI', Timestamp('2013-04-11 00:00:00')): P10 takes: 0.03136324882507324
Stats for ('MARI', Timestamp('2013-04-11 00:00:00')): P90 takes: 0.03147435188293457
Stats: gPCE takes: 0.10447454452514648
Stats for ('MARI', Timestamp('2013-04-12 00:00:00')): E takes: 0.30307579040527344
Stats for ('MARI', Timestamp('2013-04-12 00:00:00')): Var takes: 57.69379639625549
Stats for ('MARI', Timestamp('2013-04-12 00:00:00')): StdDev takes: 57.585654735565186
Stats for ('MARI', Timestamp('2013-04-12 00:00:00')): Sobol_m takes: 59.063313007354736
Stats for ('MARI', Timestamp('2013-04-12 00:00:00')): Sobol_m2 takes: 68.64250946044922
Stats for ('MARI', Timestamp('2013-04-12 00:00:00')): Sobol_t takes: 100.52565479278564
Stats for ('MARI', Timestamp('2013-04-12 00:00:00')): P10 takes: 0.03159070014953613
Stats for ('MARI', Timestamp('2013-04-12 00:00:00')): P90 takes: 0.03113245964050293
Stats: gPCE takes: 0.1043543815612793
Stats for ('MARI', Timestamp('2013-04-13 00:00:00')): E takes: 0.30423641204833984
Stats for ('MARI', Timestamp('2013-04-13 00:00:00')): Var takes: 57.61883854866028
Stats for ('MARI', Timestamp('2013-04-13 00:00:00')): StdDev takes: 57.620723485946655
Stats for ('MARI', Timestamp('2013-04-13 00:00:00')): Sobol_m takes: 59.14817571640015
Stats for ('MARI', Timestamp('2013-04-13 00:00:00')): Sobol_m2 takes: 68.6814832687378
Stats for ('MARI', Timestamp('2013-04-13 00:00:00')): Sobol_t takes: 100.67663812637329
Stats for ('MARI', Timestamp('2013-04-13 00:00:00')): P10 takes: 0.03148794174194336
Stats for ('MARI', Timestamp('2013-04-13 00:00:00')): P90 takes: 0.031157970428466797
Stats: gPCE takes: 0.10474181175231934
Stats for ('MARI', Timestamp('2013-04-14 00:00:00')): E takes: 0.3044266700744629
Stats for ('MARI', Timestamp('2013-04-14 00:00:00')): Var takes: 57.75751996040344
Stats for ('MARI', Timestamp('2013-04-14 00:00:00')): StdDev takes: 57.66252160072327
Stats for ('MARI', Timestamp('2013-04-14 00:00:00')): Sobol_m takes: 59.11829376220703
Stats for ('MARI', Timestamp('2013-04-14 00:00:00')): Sobol_m2 takes: 68.7275161743164
Stats for ('MARI', Timestamp('2013-04-14 00:00:00')): Sobol_t takes: 100.4314353466034
Stats for ('MARI', Timestamp('2013-04-14 00:00:00')): P10 takes: 0.03124547004699707
Stats for ('MARI', Timestamp('2013-04-14 00:00:00')): P90 takes: 0.031156301498413086
Stats: gPCE takes: 0.10412764549255371
Stats for ('MARI', Timestamp('2013-04-15 00:00:00')): E takes: 0.30709147453308105
Stats for ('MARI', Timestamp('2013-04-15 00:00:00')): Var takes: 57.694859981536865
Stats for ('MARI', Timestamp('2013-04-15 00:00:00')): StdDev takes: 57.786964893341064
Stats for ('MARI', Timestamp('2013-04-15 00:00:00')): Sobol_m takes: 59.28064155578613
Stats for ('MARI', Timestamp('2013-04-15 00:00:00')): Sobol_m2 takes: 68.74735617637634
Stats for ('MARI', Timestamp('2013-04-15 00:00:00')): Sobol_t takes: 100.52729034423828
Stats for ('MARI', Timestamp('2013-04-15 00:00:00')): P10 takes: 0.03148341178894043
Stats for ('MARI', Timestamp('2013-04-15 00:00:00')): P90 takes: 0.031224966049194336
Stats: gPCE takes: 0.10459208488464355
Stats for ('MARI', Timestamp('2013-04-16 00:00:00')): E takes: 0.30400657653808594
Stats for ('MARI', Timestamp('2013-04-16 00:00:00')): Var takes: 57.68183374404907
Stats for ('MARI', Timestamp('2013-04-16 00:00:00')): StdDev takes: 57.61786890029907
Stats for ('MARI', Timestamp('2013-04-16 00:00:00')): Sobol_m takes: 59.0319766998291
Stats for ('MARI', Timestamp('2013-04-16 00:00:00')): Sobol_m2 takes: 68.62903594970703
Stats for ('MARI', Timestamp('2013-04-16 00:00:00')): Sobol_t takes: 100.5355863571167
Stats for ('MARI', Timestamp('2013-04-16 00:00:00')): P10 takes: 0.031716346740722656
Stats for ('MARI', Timestamp('2013-04-16 00:00:00')): P90 takes: 0.03112053871154785
Stats: gPCE takes: 0.1045081615447998
Stats for ('MARI', Timestamp('2013-04-17 00:00:00')): E takes: 0.3049309253692627
Stats for ('MARI', Timestamp('2013-04-17 00:00:00')): Var takes: 57.69011616706848
Stats for ('MARI', Timestamp('2013-04-17 00:00:00')): StdDev takes: 57.76943874359131
Stats for ('MARI', Timestamp('2013-04-17 00:00:00')): Sobol_m takes: 59.00749588012695
Stats for ('MARI', Timestamp('2013-04-17 00:00:00')): Sobol_m2 takes: 68.62682604789734
Stats for ('MARI', Timestamp('2013-04-17 00:00:00')): Sobol_t takes: 100.50230860710144
Stats for ('MARI', Timestamp('2013-04-17 00:00:00')): P10 takes: 0.03146624565124512
Stats for ('MARI', Timestamp('2013-04-17 00:00:00')): P90 takes: 0.03122544288635254
Stats: gPCE takes: 0.10508418083190918
Stats for ('MARI', Timestamp('2013-04-18 00:00:00')): E takes: 0.3037426471710205
Stats for ('MARI', Timestamp('2013-04-18 00:00:00')): Var takes: 57.677016735076904
Stats for ('MARI', Timestamp('2013-04-18 00:00:00')): StdDev takes: 57.581650257110596
Stats for ('MARI', Timestamp('2013-04-18 00:00:00')): Sobol_m takes: 59.02035355567932
Stats for ('MARI', Timestamp('2013-04-18 00:00:00')): Sobol_m2 takes: 68.62046670913696
Stats for ('MARI', Timestamp('2013-04-18 00:00:00')): Sobol_t takes: 100.54348564147949
Stats for ('MARI', Timestamp('2013-04-18 00:00:00')): P10 takes: 0.03170466423034668
Stats for ('MARI', Timestamp('2013-04-18 00:00:00')): P90 takes: 0.031204938888549805
Stats: gPCE takes: 0.10472726821899414
Stats for ('MARI', Timestamp('2013-04-19 00:00:00')): E takes: 0.3032670021057129
Stats for ('MARI', Timestamp('2013-04-19 00:00:00')): Var takes: 57.6949257850647
Stats for ('MARI', Timestamp('2013-04-19 00:00:00')): StdDev takes: 57.67952513694763
Stats for ('MARI', Timestamp('2013-04-19 00:00:00')): Sobol_m takes: 59.132007360458374
Stats for ('MARI', Timestamp('2013-04-19 00:00:00')): Sobol_m2 takes: 68.62307476997375
Stats for ('MARI', Timestamp('2013-04-19 00:00:00')): Sobol_t takes: 100.41993808746338
Stats for ('MARI', Timestamp('2013-04-19 00:00:00')): P10 takes: 0.032024383544921875
Stats for ('MARI', Timestamp('2013-04-19 00:00:00')): P90 takes: 0.031096458435058594
Stats: gPCE takes: 0.10426020622253418
Stats for ('MARI', Timestamp('2013-04-20 00:00:00')): E takes: 0.3030693531036377
Stats for ('MARI', Timestamp('2013-04-20 00:00:00')): Var takes: 57.54094314575195
Stats for ('MARI', Timestamp('2013-04-20 00:00:00')): StdDev takes: 57.58133602142334
Stats for ('MARI', Timestamp('2013-04-20 00:00:00')): Sobol_m takes: 59.04561972618103
Stats for ('MARI', Timestamp('2013-04-20 00:00:00')): Sobol_m2 takes: 68.66247057914734
Stats for ('MARI', Timestamp('2013-04-20 00:00:00')): Sobol_t takes: 100.4686336517334
Stats for ('MARI', Timestamp('2013-04-20 00:00:00')): P10 takes: 0.03130006790161133
Stats for ('MARI', Timestamp('2013-04-20 00:00:00')): P90 takes: 0.031090974807739258
Stats: gPCE takes: 0.1044168472290039
Stats for ('MARI', Timestamp('2013-04-21 00:00:00')): E takes: 0.30425333976745605
Stats for ('MARI', Timestamp('2013-04-21 00:00:00')): Var takes: 57.66968655586243
Stats for ('MARI', Timestamp('2013-04-21 00:00:00')): StdDev takes: 57.704116344451904
Stats for ('MARI', Timestamp('2013-04-21 00:00:00')): Sobol_m takes: 59.024566650390625
Stats for ('MARI', Timestamp('2013-04-21 00:00:00')): Sobol_m2 takes: 68.6532552242279
Stats for ('MARI', Timestamp('2013-04-21 00:00:00')): Sobol_t takes: 100.52689051628113
Stats for ('MARI', Timestamp('2013-04-21 00:00:00')): P10 takes: 0.031290292739868164
Stats for ('MARI', Timestamp('2013-04-21 00:00:00')): P90 takes: 0.031198978424072266
Stats: gPCE takes: 0.10485363006591797
Stats for ('MARI', Timestamp('2013-04-22 00:00:00')): E takes: 0.3041038513183594
Stats for ('MARI', Timestamp('2013-04-22 00:00:00')): Var takes: 57.60862708091736
Stats for ('MARI', Timestamp('2013-04-22 00:00:00')): StdDev takes: 57.72162079811096
Stats for ('MARI', Timestamp('2013-04-22 00:00:00')): Sobol_m takes: 59.090453147888184
Stats for ('MARI', Timestamp('2013-04-22 00:00:00')): Sobol_m2 takes: 68.60775065422058
Stats for ('MARI', Timestamp('2013-04-22 00:00:00')): Sobol_t takes: 100.42098760604858
Stats for ('MARI', Timestamp('2013-04-22 00:00:00')): P10 takes: 0.03130936622619629
Stats for ('MARI', Timestamp('2013-04-22 00:00:00')): P90 takes: 0.03112053871154785
Stats: gPCE takes: 0.10496115684509277
Stats for ('MARI', Timestamp('2013-04-23 00:00:00')): E takes: 0.3049583435058594
Stats for ('MARI', Timestamp('2013-04-23 00:00:00')): Var takes: 57.61931395530701
Stats for ('MARI', Timestamp('2013-04-23 00:00:00')): StdDev takes: 57.69655632972717
Stats for ('MARI', Timestamp('2013-04-23 00:00:00')): Sobol_m takes: 58.980310678482056
Stats for ('MARI', Timestamp('2013-04-23 00:00:00')): Sobol_m2 takes: 68.69450211524963
Stats for ('MARI', Timestamp('2013-04-23 00:00:00')): Sobol_t takes: 100.44868993759155
Stats for ('MARI', Timestamp('2013-04-23 00:00:00')): P10 takes: 0.031568288803100586
Stats for ('MARI', Timestamp('2013-04-23 00:00:00')): P90 takes: 0.03117966651916504
Stats: gPCE takes: 0.10446834564208984
Stats for ('MARI', Timestamp('2013-04-24 00:00:00')): E takes: 0.30258870124816895
Stats for ('MARI', Timestamp('2013-04-24 00:00:00')): Var takes: 57.604074239730835
Stats for ('MARI', Timestamp('2013-04-24 00:00:00')): StdDev takes: 57.64601802825928
Stats for ('MARI', Timestamp('2013-04-24 00:00:00')): Sobol_m takes: 59.12555289268494
Stats for ('MARI', Timestamp('2013-04-24 00:00:00')): Sobol_m2 takes: 68.73644518852234
Stats for ('MARI', Timestamp('2013-04-24 00:00:00')): Sobol_t takes: 100.52564740180969
Stats for ('MARI', Timestamp('2013-04-24 00:00:00')): P10 takes: 0.0316767692565918
Stats for ('MARI', Timestamp('2013-04-24 00:00:00')): P90 takes: 0.03129458427429199
Stats: gPCE takes: 0.10461544990539551
Stats for ('MARI', Timestamp('2013-04-25 00:00:00')): E takes: 0.30368757247924805
Stats for ('MARI', Timestamp('2013-04-25 00:00:00')): Var takes: 57.71084761619568
Stats for ('MARI', Timestamp('2013-04-25 00:00:00')): StdDev takes: 57.61117911338806
Stats for ('MARI', Timestamp('2013-04-25 00:00:00')): Sobol_m takes: 59.0458505153656
Stats for ('MARI', Timestamp('2013-04-25 00:00:00')): Sobol_m2 takes: 68.71406650543213
Stats for ('MARI', Timestamp('2013-04-25 00:00:00')): Sobol_t takes: 100.67873048782349
Stats for ('MARI', Timestamp('2013-04-25 00:00:00')): P10 takes: 0.031775712966918945
Stats for ('MARI', Timestamp('2013-04-25 00:00:00')): P90 takes: 0.031146526336669922
Stats: gPCE takes: 0.10429739952087402
Stats for ('MARI', Timestamp('2013-04-26 00:00:00')): E takes: 0.30507874488830566
Stats for ('MARI', Timestamp('2013-04-26 00:00:00')): Var takes: 57.64895749092102
Stats for ('MARI', Timestamp('2013-04-26 00:00:00')): StdDev takes: 57.6456663608551
Stats for ('MARI', Timestamp('2013-04-26 00:00:00')): Sobol_m takes: 59.04923439025879
Stats for ('MARI', Timestamp('2013-04-26 00:00:00')): Sobol_m2 takes: 68.6745822429657
Stats for ('MARI', Timestamp('2013-04-26 00:00:00')): Sobol_t takes: 100.4787609577179
Stats for ('MARI', Timestamp('2013-04-26 00:00:00')): P10 takes: 0.03147745132446289
Stats for ('MARI', Timestamp('2013-04-26 00:00:00')): P90 takes: 0.03129386901855469
Stats: gPCE takes: 0.10423493385314941
Stats for ('MARI', Timestamp('2013-04-27 00:00:00')): E takes: 0.30487918853759766
Stats for ('MARI', Timestamp('2013-04-27 00:00:00')): Var takes: 57.65079116821289
Stats for ('MARI', Timestamp('2013-04-27 00:00:00')): StdDev takes: 57.68767046928406
Stats for ('MARI', Timestamp('2013-04-27 00:00:00')): Sobol_m takes: 59.071009397506714
Stats for ('MARI', Timestamp('2013-04-27 00:00:00')): Sobol_m2 takes: 68.62477326393127
Stats for ('MARI', Timestamp('2013-04-27 00:00:00')): Sobol_t takes: 100.48251247406006
Stats for ('MARI', Timestamp('2013-04-27 00:00:00')): P10 takes: 0.03125476837158203
Stats for ('MARI', Timestamp('2013-04-27 00:00:00')): P90 takes: 0.031160354614257812
Stats: gPCE takes: 0.10437250137329102
Stats for ('MARI', Timestamp('2013-04-28 00:00:00')): E takes: 0.30637478828430176
Stats for ('MARI', Timestamp('2013-04-28 00:00:00')): Var takes: 57.67702841758728
Stats for ('MARI', Timestamp('2013-04-28 00:00:00')): StdDev takes: 57.6919629573822
Stats for ('MARI', Timestamp('2013-04-28 00:00:00')): Sobol_m takes: 59.04535627365112
Stats for ('MARI', Timestamp('2013-04-28 00:00:00')): Sobol_m2 takes: 68.6815574169159
Stats for ('MARI', Timestamp('2013-04-28 00:00:00')): Sobol_t takes: 100.52937269210815
Stats for ('MARI', Timestamp('2013-04-28 00:00:00')): P10 takes: 0.03129458427429199
Stats for ('MARI', Timestamp('2013-04-28 00:00:00')): P90 takes: 0.031157732009887695
Stats: gPCE takes: 0.10398221015930176
Stats for ('MARI', Timestamp('2013-04-29 00:00:00')): E takes: 0.3012821674346924
Stats for ('MARI', Timestamp('2013-04-29 00:00:00')): Var takes: 57.635037899017334
Stats for ('MARI', Timestamp('2013-04-29 00:00:00')): StdDev takes: 57.792885065078735
Stats for ('MARI', Timestamp('2013-04-29 00:00:00')): Sobol_m takes: 59.181559801101685
Stats for ('MARI', Timestamp('2013-04-29 00:00:00')): Sobol_m2 takes: 68.79676151275635
Stats for ('MARI', Timestamp('2013-04-29 00:00:00')): Sobol_t takes: 100.54935574531555
Stats for ('MARI', Timestamp('2013-04-29 00:00:00')): P10 takes: 0.0312647819519043
Stats for ('MARI', Timestamp('2013-04-29 00:00:00')): P90/lrz/sys/intel/studio2019_u4/intelpython3/lib/python3.6/site-packages/pandas/plotting/_converter.py:129: FutureWarning: Using an implicitly registered datetime converter for a matplotlib plotting method. The converter was registered by pandas on import. Future versions of pandas will require you to explicitly register matplotlib converters.

To register the converters:
	>>> from pandas.plotting import register_matplotlib_converters
	>>> register_matplotlib_converters()
  warnings.warn(msg, FutureWarning)
 takes: 0.031085729598999023
calculate statistics [RuntimeStatistics]...
[ 73.68830824  73.69989926  73.71149029 ... 189.56378017 189.5753712
 189.58696222]
print statistics...
None
QoI                 E    StdDev        Var          P5         P95
---------  ----------  --------  ---------  ----------  ----------
E_runtime  132.520542  5.565616  30.976081  124.793112  142.165521

Sensitivity Indices:
Index                    value
-----------------------  -----------------------------------------------
First order              [0.44329857 0.06404442 0.07775901 0.00901879]
First order_Interaction  0.40587921605581967
Second order             [[0.         0.14443124 0.02825972 0.03562252]
                          [0.14443124 0.         0.06206664 0.02478368]
                          [0.02825972 0.06206664 0.         0.03929923]
                          [0.03562252 0.02478368 0.03929923 0.        ]]
Total order              [0.71693329 0.3541311  0.26408151 0.14755565]

type            runtime                                                                 estimated                                                               org_estimated                                                           diff: T-E                                                               diff: T-OE
--------------  ----------------------------------------------------------------------  ----------------------------------------------------------------------  ----------------------------------------------------------------------  ----------------------------------------------------------------------  ----------------------------------------------------------------------
sum(T_i_S)      171699.77843737602                                                      171879.87317881756                                                      171879.87317881756                                                      -180.09474144154228                                                     -180.09474144154228
T_i_SWP_worker  [3083.27599883 3156.04918742 3095.0084269  3151.1751833  3083.21360683  [3167.08398177 3184.03861031 3168.98189305 3178.64683473 3141.6993197   [3167.08398177 3184.03861031 3168.98189305 3178.64683473 3141.6993197   [ -83.80798294  -27.98942288  -73.97346614  -27.47165144  -58.48571287  [ -83.80798294  -27.98942288  -73.97346614  -27.47165144  -58.48571287
                 3147.99783897 3139.80095673 3093.48368931 3041.99285197 3056.94754481   3167.48727173 3164.57802243 3183.61034533 3061.90816005 3087.85458383   3167.48727173 3164.57802243 3183.61034533 3061.90816005 3087.85458383    -19.48943276  -24.77706571  -90.12665602  -19.91530808  -30.90703902    -19.48943276  -24.77706571  -90.12665602  -19.91530808  -30.90703902
                 3021.87583494 3025.33928442 3064.95028424 3043.50897908 3106.13844061   3053.75346581 3069.08144663 3026.99350912 3049.93364871 3053.06307403   3053.75346581 3069.08144663 3026.99350912 3049.93364871 3053.06307403    -31.87763087  -43.74216221   37.95677512   -6.42466963   53.07536658    -31.87763087  -43.74216221   37.95677512   -6.42466963   53.07536658
                 3058.65248394 3008.03994274 3057.14344501 3032.74168873 3085.82133317   3082.22862542 3064.75665289 3086.85158403 3030.80580237 3040.77188583   3082.22862542 3064.75665289 3086.85158403 3030.80580237 3040.77188583    -23.57614148  -56.71671015  -29.70813902    1.93588636   45.04944734    -23.57614148  -56.71671015  -29.70813902    1.93588636   45.04944734
                 3149.77638125 3075.4218173  3092.29867125 3077.48381543 3046.4218564    3041.19566356 3065.04064134 3065.02864094 3086.7132004  3038.39335274   3041.19566356 3065.04064134 3065.02864094 3086.7132004  3038.39335274    108.58071769   10.38117597   27.27003031   -9.22938496    8.02850367    108.58071769   10.38117597   27.27003031   -9.22938496    8.02850367
                 3030.35481215 3058.42348242 3117.42556238 3057.88965893 3126.70592475   3051.34462075 3060.90174805 3076.00049751 3045.83015262 3082.66262458   3051.34462075 3060.90174805 3076.00049751 3045.83015262 3082.66262458    -20.9898086    -2.47826563   41.42506487   12.05950631   44.04330017    -20.9898086    -2.47826563   41.42506487   12.05950631   44.04330017
                 3002.83572865 3084.81283116 3043.32598495 3054.22055316 3054.62263441   3053.01603074 3057.59449532 3044.88664437 3062.3515146  3047.75890557   3053.01603074 3057.59449532 3044.88664437 3062.3515146  3047.75890557    -50.1803021    27.21833584   -1.56065941   -8.13096144    6.86372884    -50.1803021    27.21833584   -1.56065941   -8.13096144    6.86372884
                 3063.46604729 3093.63217688 3118.77253985 2984.35766888 3085.1243124    3082.2152783  3043.0093578  3053.35307736 3031.6785421  3042.38723545   3082.2152783  3043.0093578  3053.35307736 3031.6785421  3042.38723545    -18.74923101   50.62281908   65.41946249  -47.32087322   42.73707695    -18.74923101   50.62281908   65.41946249  -47.32087322   42.73707695
                 3064.24971175 3030.66891432 3042.41122961 3123.68020606 3031.56497169   3022.95108346 3058.95181248 3056.30671898 3067.2868519  3036.38590732   3022.95108346 3058.95181248 3056.30671898 3067.2868519  3036.38590732     41.2986283   -28.28289816  -13.89548937   56.39335416   -4.82093564     41.2986283   -28.28289816  -13.89548937   56.39335416   -4.82093564
                 3059.98266792 3057.11426401 3047.69332147 3087.24640799 3103.90248728   3049.9154378  3032.66273946 3058.15748559 3033.92083135 3066.01518546   3049.9154378  3032.66273946 3058.15748559 3033.92083135 3066.01518546     10.06723012   24.45152455  -10.46416413   53.32557663   37.88730182     10.06723012   24.45152455  -10.46416413   53.32557663   37.88730182
                 3066.64069581 3062.32969093 3041.56676769 3022.02544403 2982.19787431   3054.4692278  3062.89989565 3021.96752915 3035.05538188 3002.47305659   3054.4692278  3062.89989565 3021.96752915 3035.05538188 3002.47305659     12.17146801   -0.57020472   19.59923855  -13.02993785  -20.27518228     12.17146801   -0.57020472   19.59923855  -13.02993785  -20.27518228
                 2905.97432065]                                                          3024.96309209]                                                          3024.96309209]                                                          -118.98877144]                                                          -118.98877144]
T_SWP_worker    3156.0491874217987                                                      3184.0386103060973                                                      3184.0386103060973                                                      -27.98942288429862                                                      -27.98942288429862
T_Prop          3203.8495371341705                                                      3231.838960018469                                                       3231.838960018469                                                       -27.98942288429862                                                      -27.98942288429862
T_I             250.074866771698                                                        250.074866771698                                                        250.074866771698                                                        0.0                                                                     0.0
T_C             47.800349712371826                                                      47.800349712371826                                                      47.800349712371826                                                      0.0                                                                     0.0
T_S_overhead    0.0                                                                     0.0                                                                     0.0                                                                     0.0                                                                     0.0

Errors:
Error                          ET         OET
----------------------  ---------  ----------
aboslute error min       0.013609    0.013609
aboslute error max      50.098999   50.098999
aboslute error mean      6.469235    6.469235
aboslute error l2 norm   9.400673  338.424224
relative error min       0.000099    0.000099
relative error max       0.270664    0.270664
relative error mean      0.045822    0.045822
relative error l2 norm   0.063127    0.063127

type                        runtime
------------------------  ---------
t_estimate_runtime         0.000161
t_wp_creation              0.077961
t_estimate_restore_order   0.000161


generate stat plots...
plot: mean + percentiles
plot: simulation absolute error
plot: simulation relative error
plot: standard deviation
plot: sobol indices t (total order)
plot: sobol indices m (first order)
[0.24236731 0.15075016 0.26955123 ... 0.04359383 0.0406954  0.10048423]
[0.24236731 0.15075016 0.26955123 ... 0.04359383 0.0406954  0.10048423]
save statistics...
UQsim: save to file: /dss/dsshome1/lxc01/di73wal/work/simulation/diss.larsim/Larsim-UQ.git/../larsim_runs/0125_sim/uqsim.saved
rank: 0 exit
---- end sim: Sat Jan 11 20:37:42 CET 2020
