python/3.6_intel (INFO):
    Loading this module may cause the environment generated by other
    modules to become inconsistent; however it should work together
    with the Intel compilers, tools and libraries.
---- start sim: Sat Jan 11 14:36:48 CET 2020
MPI version: Intel(R) MPI Library 2018 Update 4 for Linux* OS

MPI2 version: (3, 1)
MPI3 version: 3
mpi4py version: 3.0.3
rank 0: starttime: 2020.01.11 14:36:54
dir: /dss/dsshome1/lxc01/di73wal/work/simulation/diss.larsim/Larsim-UQ.git/../larsim_runs/0121_sim
dir: /dss/dsshome1/lxc01/di73wal/work/simulation/diss.larsim/Larsim-UQ.git/../larsim_runs/0121_sim
['/dss/dsshome1/lxc01/di73wal/work/simulation/diss.larsim/Larsim-UQ.git/../larsim_runs/0121_sim/uqsim.saved']
parsing args...
rank: 0 is master!
rank: 0 is master!
UQsim: restore from file: True
rank: 0 exit
uqsim.args.disable_statistics: False
calculate statistics [LarsimStatistics]...
Stats: samplesData Frame with All the simulation results : Index_run                   int64
Stationskennung            object
Type                       object
TimeStamp          datetime64[ns]
Value                     float64
dtype: object
Stationskennung            object
Type                       object
TimeStamp          datetime64[ns]
Index_run                   int64
Value                     float64
dtype: object
 takes: 0.334047794342041
timesteps Info
<class 'numpy.ndarray'>
numbTimesteps is: 60
Stats: gPCE takes: 0.004192829132080078
Stats for ('MARI', Timestamp('2013-03-01 00:00:00')): E takes: 0.0053043365478515625
Stats for ('MARI', Timestamp('2013-03-01 00:00:00')): Var takes: 0.029458284378051758
Stats for ('MARI', Timestamp('2013-03-01 00:00:00')): StdDev takes: 0.028761625289916992
Stats for ('MARI', Timestamp('2013-03-01 00:00:00')): Sobol_m takes: 0.06433916091918945
Stats for ('MARI', Timestamp('2013-03-01 00:00:00')): Sobol_m2 takes: 0.15387797355651855
Stats for ('MARI', Timestamp('2013-03-01 00:00:00')): Sobol_t takes: 0.11307621002197266
Stats for ('MARI', Timestamp('2013-03-01 00:00:00')): P10 takes: 0.008473396301269531
Stats for ('MARI', Timestamp('2013-03-01 00:00:00')): P90 takes: 0.007462978363037109
Stats: gPCE takes: 0.0020525455474853516
Stats for ('MARI', Timestamp('2013-03-02 00:00:00')): E takes: 0.004373073577880859
Stats for ('MARI', Timestamp('2013-03-02 00:00:00')): Var takes: 0.02890610694885254
Stats for ('MARI', Timestamp('2013-03-02 00:00:00')): StdDev takes: 0.028939008712768555
Stats for ('MARI', Timestamp('2013-03-02 00:00:00')): Sobol_m takes: 0.06389522552490234
Stats for ('MARI', Timestamp('2013-03-02 00:00:00')): Sobol_m2 takes: 0.15295767784118652
Stats for ('MARI', Timestamp('2013-03-02 00:00:00')): Sobol_t takes: 0.11350011825561523
Stats for ('MARI', Timestamp('2013-03-02 00:00:00')): P10 takes: 0.007502317428588867
Stats for ('MARI', Timestamp('2013-03-02 00:00:00')): P90 takes: 0.007684946060180664
Stats: gPCE takes: 0.002200603485107422
Stats for ('MARI', Timestamp('2013-03-03 00:00:00')): E takes: 0.005853176116943359
Stats for ('MARI', Timestamp('2013-03-03 00:00:00')): Var takes: 0.04643988609313965
Stats for ('MARI', Timestamp('2013-03-03 00:00:00')): StdDev takes: 0.04683184623718262
Stats for ('MARI', Timestamp('2013-03-03 00:00:00')): Sobol_m takes: 0.09214401245117188
Stats for ('MARI', Timestamp('2013-03-03 00:00:00')): Sobol_m2 takes: 0.21528220176696777
Stats for ('MARI', Timestamp('2013-03-03 00:00:00')): Sobol_t takes: 0.17789793014526367
Stats for ('MARI', Timestamp('2013-03-03 00:00:00')): P10 takes: 0.008239507675170898
Stats for ('MARI', Timestamp('2013-03-03 00:00:00')): P90 takes: 0.008312225341796875
Stats: gPCE takes: 0.0023055076599121094
Stats for ('MARI', Timestamp('2013-03-04 00:00:00')): E takes: 0.0065038204193115234
Stats for ('MARI', Timestamp('2013-03-04 00:00:00')): Var takes: 0.04894590377807617
Stats for ('MARI', Timestamp('2013-03-04 00:00:00')): StdDev takes: 0.048475027084350586
Stats for ('MARI', Timestamp('2013-03-04 00:00:00')): Sobol_m takes: 0.10308480262756348
Stats for ('MARI', Timestamp('2013-03-04 00:00:00')): Sobol_m2 takes: 0.21982526779174805
Stats for ('MARI', Timestamp('2013-03-04 00:00:00')): Sobol_t takes: 0.1745920181274414
Stats for ('MARI', Timestamp('2013-03-04 00:00:00')): P10 takes: 0.008516073226928711
Stats for ('MARI', Timestamp('2013-03-04 00:00:00')): P90 takes: 0.007979869842529297
Stats: gPCE takes: 0.002292633056640625
Stats for ('MARI', Timestamp('2013-03-05 00:00:00')): E takes: 0.006731271743774414
Stats for ('MARI', Timestamp('2013-03-05 00:00:00')): Var takes: 0.04979062080383301
Stats for ('MARI', Timestamp('2013-03-05 00:00:00')): StdDev takes: 0.04919910430908203
Stats for ('MARI', Timestamp('2013-03-05 00:00:00')): Sobol_m takes: 0.09546732902526855
Stats for ('MARI', Timestamp('2013-03-05 00:00:00')): Sobol_m2 takes: 0.22464704513549805
Stats for ('MARI', Timestamp('2013-03-05 00:00:00')): Sobol_t takes: 0.18067312240600586
Stats for ('MARI', Timestamp('2013-03-05 00:00:00')): P10 takes: 0.008121013641357422
Stats for ('MARI', Timestamp('2013-03-05 00:00:00')): P90 takes: 0.008369922637939453
Stats: gPCE takes: 0.0021970272064208984
Stats for ('MARI', Timestamp('2013-03-06 00:00:00')): E takes: 0.006215572357177734
Stats for ('MARI', Timestamp('2013-03-06 00:00:00')): Var takes: 0.04765725135803223
Stats for ('MARI', Timestamp('2013-03-06 00:00:00')): StdDev takes: 0.04686856269836426
Stats for ('MARI', Timestamp('2013-03-06 00:00:00')): Sobol_m takes: 0.09417104721069336
Stats for ('MARI', Timestamp('2013-03-06 00:00:00')): Sobol_m2 takes: 0.218292236328125
Stats for ('MARI', Timestamp('2013-03-06 00:00:00')): Sobol_t takes: 0.18216753005981445
Stats for ('MARI', Timestamp('2013-03-06 00:00:00')): P10 takes: 0.00814056396484375
Stats for ('MARI', Timestamp('2013-03-06 00:00:00')): P90 takes: 0.008158206939697266
Stats: gPCE takes: 0.002180337905883789
Stats for ('MARI', Timestamp('2013-03-07 00:00:00')): E takes: 0.0061724185943603516
Stats for ('MARI', Timestamp('2013-03-07 00:00:00')): Var takes: 0.04884982109069824
Stats for ('MARI', Timestamp('2013-03-07 00:00:00')): StdDev takes: 0.04861593246459961
Stats for ('MARI', Timestamp('2013-03-07 00:00:00')): Sobol_m takes: 0.09256887435913086
Stats for ('MARI', Timestamp('2013-03-07 00:00:00')): Sobol_m2 takes: 0.22246599197387695
Stats for ('MARI', Timestamp('2013-03-07 00:00:00')): Sobol_t takes: 0.18801641464233398
Stats for ('MARI', Timestamp('2013-03-07 00:00:00')): P10 takes: 0.008324146270751953
Stats for ('MARI', Timestamp('2013-03-07 00:00:00')): P90 takes: 0.0077838897705078125
Stats: gPCE takes: 0.002248048782348633
Stats for ('MARI', Timestamp('2013-03-08 00:00:00')): E takes: 0.006135463714599609
Stats for ('MARI', Timestamp('2013-03-08 00:00:00')): Var takes: 0.04806017875671387
Stats for ('MARI', Timestamp('2013-03-08 00:00:00')): StdDev takes: 0.048726558685302734
Stats for ('MARI', Timestamp('2013-03-08 00:00:00')): Sobol_m takes: 0.09412693977355957
Stats for ('MARI', Timestamp('2013-03-08 00:00:00')): Sobol_m2 takes: 0.2212085723876953
Stats for ('MARI', Timestamp('2013-03-08 00:00:00')): Sobol_t takes: 0.1853010654449463
Stats for ('MARI', Timestamp('2013-03-08 00:00:00')): P10 takes: 0.008853435516357422
Stats for ('MARI', Timestamp('2013-03-08 00:00:00')): P90 takes: 0.008109569549560547
Stats: gPCE takes: 0.0025098323822021484
Stats for ('MARI', Timestamp('2013-03-09 00:00:00')): E takes: 0.0063893795013427734
Stats for ('MARI', Timestamp('2013-03-09 00:00:00')): Var takes: 0.049726009368896484
Stats for ('MARI', Timestamp('2013-03-09 00:00:00')): StdDev takes: 0.04975128173828125
Stats for ('MARI', Timestamp('2013-03-09 00:00:00')): Sobol_m takes: 0.09539103507995605
Stats for ('MARI', Timestamp('2013-03-09 00:00:00')): Sobol_m2 takes: 0.22412919998168945
Stats for ('MARI', Timestamp('2013-03-09 00:00:00')): Sobol_t takes: 0.18340492248535156
Stats for ('MARI', Timestamp('2013-03-09 00:00:00')): P10 takes: 0.0082550048828125
Stats for ('MARI', Timestamp('2013-03-09 00:00:00')): P90 takes: 0.007825136184692383
Stats: gPCE takes: 0.0022127628326416016
Stats for ('MARI', Timestamp('2013-03-10 00:00:00')): E takes: 0.005803108215332031
Stats for ('MARI', Timestamp('2013-03-10 00:00:00')): Var takes: 0.0482940673828125
Stats for ('MARI', Timestamp('2013-03-10 00:00:00')): StdDev takes: 0.04896974563598633
Stats for ('MARI', Timestamp('2013-03-10 00:00:00')): Sobol_m takes: 0.09625697135925293
Stats for ('MARI', Timestamp('2013-03-10 00:00:00')): Sobol_m2 takes: 0.24089980125427246
Stats for ('MARI', Timestamp('2013-03-10 00:00:00')): Sobol_t takes: 0.1820087432861328
Stats for ('MARI', Timestamp('2013-03-10 00:00:00')): P10 takes: 0.008651018142700195
Stats for ('MARI', Timestamp('2013-03-10 00:00:00')): P90 takes: 0.008241891860961914
Stats: gPCE takes: 0.002321958541870117
Stats for ('MARI', Timestamp('2013-03-11 00:00:00')): E takes: 0.005994081497192383
Stats for ('MARI', Timestamp('2013-03-11 00:00:00')): Var takes: 0.05040907859802246
Stats for ('MARI', Timestamp('2013-03-11 00:00:00')): StdDev takes: 0.04854297637939453
Stats for ('MARI', Timestamp('2013-03-11 00:00:00')): Sobol_m takes: 0.1062614917755127
Stats for ('MARI', Timestamp('2013-03-11 00:00:00')): Sobol_m2 takes: 0.2302556037902832
Stats for ('MARI', Timestamp('2013-03-11 00:00:00')): Sobol_t takes: 0.1779618263244629
Stats for ('MARI', Timestamp('2013-03-11 00:00:00')): P10 takes: 0.00820612907409668
Stats for ('MARI', Timestamp('2013-03-11 00:00:00')): P90 takes: 0.00844883918762207
Stats: gPCE takes: 0.0023345947265625
Stats for ('MARI', Timestamp('2013-03-12 00:00:00')): E takes: 0.006401538848876953
Stats for ('MARI', Timestamp('2013-03-12 00:00:00')): Var takes: 0.049189090728759766
Stats for ('MARI', Timestamp('2013-03-12 00:00:00')): StdDev takes: 0.04794025421142578
Stats for ('MARI', Timestamp('2013-03-12 00:00:00')): Sobol_m takes: 0.09508371353149414
Stats for ('MARI', Timestamp('2013-03-12 00:00:00')): Sobol_m2 takes: 0.22144556045532227
Stats for ('MARI', Timestamp('2013-03-12 00:00:00')): Sobol_t takes: 0.1802845001220703
Stats for ('MARI', Timestamp('2013-03-12 00:00:00')): P10 takes: 0.008222818374633789
Stats for ('MARI', Timestamp('2013-03-12 00:00:00')): P90 takes: 0.007784843444824219
Stats: gPCE takes: 0.0022742748260498047
Stats for ('MARI', Timestamp('2013-03-13 00:00:00')): E takes: 0.006068229675292969
Stats for ('MARI', Timestamp('2013-03-13 00:00:00')): Var takes: 0.0469210147857666
Stats for ('MARI', Timestamp('2013-03-13 00:00:00')): StdDev takes: 0.046068429946899414
Stats for ('MARI', Timestamp('2013-03-13 00:00:00')): Sobol_m takes: 0.09185624122619629
Stats for ('MARI', Timestamp('2013-03-13 00:00:00')): Sobol_m2 takes: 0.21792078018188477
Stats for ('MARI', Timestamp('2013-03-13 00:00:00')): Sobol_t takes: 0.17745494842529297
Stats for ('MARI', Timestamp('2013-03-13 00:00:00')): P10 takes: 0.00803375244140625
Stats for ('MARI', Timestamp('2013-03-13 00:00:00')): P90 takes: 0.008176326751708984
Stats: gPCE takes: 0.0022995471954345703
Stats for ('MARI', Timestamp('2013-03-14 00:00:00')): E takes: 0.00586390495300293
Stats for ('MARI', Timestamp('2013-03-14 00:00:00')): Var takes: 0.0498652458190918
Stats for ('MARI', Timestamp('2013-03-14 00:00:00')): StdDev takes: 0.047776222229003906
Stats for ('MARI', Timestamp('2013-03-14 00:00:00')): Sobol_m takes: 0.09746885299682617
Stats for ('MARI', Timestamp('2013-03-14 00:00:00')): Sobol_m2 takes: 0.2868056297302246
Stats for ('MARI', Timestamp('2013-03-14 00:00:00')): Sobol_t takes: 0.1755383014678955
Stats for ('MARI', Timestamp('2013-03-14 00:00:00')): P10 takes: 0.007853031158447266
Stats for ('MARI', Timestamp('2013-03-14 00:00:00')): P90 takes: 0.007676362991333008
Stats: gPCE takes: 0.002266407012939453
Stats for ('MARI', Timestamp('2013-03-15 00:00:00')): E takes: 0.005800962448120117
Stats for ('MARI', Timestamp('2013-03-15 00:00:00')): Var takes: 0.04680156707763672
Stats for ('MARI', Timestamp('2013-03-15 00:00:00')): StdDev takes: 0.045533180236816406
Stats for ('MARI', Timestamp('2013-03-15 00:00:00')): Sobol_m takes: 0.09467816352844238
Stats for ('MARI', Timestamp('2013-03-15 00:00:00')): Sobol_m2 takes: 0.22972488403320312
Stats for ('MARI', Timestamp('2013-03-15 00:00:00')): Sobol_t takes: 0.1731576919555664
Stats for ('MARI', Timestamp('2013-03-15 00:00:00')): P10 takes: 0.01676630973815918
Stats for ('MARI', Timestamp('2013-03-15 00:00:00')): P90 takes: 0.007833242416381836
Stats: gPCE takes: 0.002370119094848633
Stats for ('MARI', Timestamp('2013-03-16 00:00:00')): E takes: 0.006125450134277344
Stats for ('MARI', Timestamp('2013-03-16 00:00:00')): Var takes: 0.047246456146240234
Stats for ('MARI', Timestamp('2013-03-16 00:00:00')): StdDev takes: 0.04770326614379883
Stats for ('MARI', Timestamp('2013-03-16 00:00:00')): Sobol_m takes: 0.09444856643676758
Stats for ('MARI', Timestamp('2013-03-16 00:00:00')): Sobol_m2 takes: 0.21631121635437012
Stats for ('MARI', Timestamp('2013-03-16 00:00:00')): Sobol_t takes: 0.1760401725769043
Stats for ('MARI', Timestamp('2013-03-16 00:00:00')): P10 takes: 0.0075571537017822266
Stats for ('MARI', Timestamp('2013-03-16 00:00:00')): P90 takes: 0.007593631744384766
Stats: gPCE takes: 0.0022742748260498047
Stats for ('MARI', Timestamp('2013-03-17 00:00:00')): E takes: 0.005794048309326172
Stats for ('MARI', Timestamp('2013-03-17 00:00:00')): Var takes: 0.04703354835510254
Stats for ('MARI', Timestamp('2013-03-17 00:00:00')): StdDev takes: 0.045905113220214844
Stats for ('MARI', Timestamp('2013-03-17 00:00:00')): Sobol_m takes: 0.09157085418701172
Stats for ('MARI', Timestamp('2013-03-17 00:00:00')): Sobol_m2 takes: 0.21489620208740234
Stats for ('MARI', Timestamp('2013-03-17 00:00:00')): Sobol_t takes: 0.17327666282653809
Stats for ('MARI', Timestamp('2013-03-17 00:00:00')): P10 takes: 0.007524013519287109
Stats for ('MARI', Timestamp('2013-03-17 00:00:00')): P90 takes: 0.007581949234008789
Stats: gPCE takes: 0.0023636817932128906
Stats for ('MARI', Timestamp('2013-03-18 00:00:00')): E takes: 0.005836963653564453
Stats for ('MARI', Timestamp('2013-03-18 00:00:00')): Var takes: 0.04541921615600586
Stats for ('MARI', Timestamp('2013-03-18 00:00:00')): StdDev takes: 0.045683860778808594
Stats for ('MARI', Timestamp('2013-03-18 00:00:00')): Sobol_m takes: 0.09090209007263184
Stats for ('MARI', Timestamp('2013-03-18 00:00:00')): Sobol_m2 takes: 0.21758508682250977
Stats for ('MARI', Timestamp('2013-03-18 00:00:00')): Sobol_t takes: 0.17247295379638672
Stats for ('MARI', Timestamp('2013-03-18 00:00:00')): P10 takes: 0.007528781890869141
Stats for ('MARI', Timestamp('2013-03-18 00:00:00')): P90 takes: 0.0077593326568603516
Stats: gPCE takes: 0.0020775794982910156
Stats for ('MARI', Timestamp('2013-03-19 00:00:00')): E takes: 0.006145477294921875
Stats for ('MARI', Timestamp('2013-03-19 00:00:00')): Var takes: 0.045773983001708984
Stats for ('MARI', Timestamp('2013-03-19 00:00:00')): StdDev takes: 0.0459904670715332
Stats for ('MARI', Timestamp('2013-03-19 00:00:00')): Sobol_m takes: 0.09161114692687988
Stats for ('MARI', Timestamp('2013-03-19 00:00:00')): Sobol_m2 takes: 0.21899104118347168
Stats for ('MARI', Timestamp('2013-03-19 00:00:00')): Sobol_t takes: 0.17352747917175293
Stats for ('MARI', Timestamp('2013-03-19 00:00:00')): P10 takes: 0.007652997970581055
Stats for ('MARI', Timestamp('2013-03-19 00:00:00')): P90 takes: 0.007582426071166992
Stats: gPCE takes: 0.0022122859954833984
Stats for ('MARI', Timestamp('2013-03-20 00:00:00')): E takes: 0.005908489227294922
Stats for ('MARI', Timestamp('2013-03-20 00:00:00')): Var takes: 0.04662322998046875
Stats for ('MARI', Timestamp('2013-03-20 00:00:00')): StdDev takes: 0.04656648635864258
Stats for ('MARI', Timestamp('2013-03-20 00:00:00')): Sobol_m takes: 0.09294819831848145
Stats for ('MARI', Timestamp('2013-03-20 00:00:00')): Sobol_m2 takes: 0.21517205238342285
Stats for ('MARI', Timestamp('2013-03-20 00:00:00')): Sobol_t takes: 0.1723957061767578
Stats for ('MARI', Timestamp('2013-03-20 00:00:00')): P10 takes: 0.0075855255126953125
Stats for ('MARI', Timestamp('2013-03-20 00:00:00')): P90 takes: 0.007634401321411133
Stats: gPCE takes: 0.0020821094512939453
Stats for ('MARI', Timestamp('2013-03-21 00:00:00')): E takes: 0.00588679313659668
Stats for ('MARI', Timestamp('2013-03-21 00:00:00')): Var takes: 0.04568839073181152
Stats for ('MARI', Timestamp('2013-03-21 00:00:00')): StdDev takes: 0.046155452728271484
Stats for ('MARI', Timestamp('2013-03-21 00:00:00')): Sobol_m takes: 0.09450316429138184
Stats for ('MARI', Timestamp('2013-03-21 00:00:00')): Sobol_m2 takes: 0.2152702808380127
Stats for ('MARI', Timestamp('2013-03-21 00:00:00')): Sobol_t takes: 0.17251181602478027
Stats for ('MARI', Timestamp('2013-03-21 00:00:00')): P10 takes: 0.008090019226074219
Stats for ('MARI', Timestamp('2013-03-21 00:00:00')): P90 takes: 0.007747173309326172
Stats: gPCE takes: 0.0022933483123779297
Stats for ('MARI', Timestamp('2013-03-22 00:00:00')): E takes: 0.005791902542114258
Stats for ('MARI', Timestamp('2013-03-22 00:00:00')): Var takes: 0.04574871063232422
Stats for ('MARI', Timestamp('2013-03-22 00:00:00')): StdDev takes: 0.04593157768249512
Stats for ('MARI', Timestamp('2013-03-22 00:00:00')): Sobol_m takes: 0.09213685989379883
Stats for ('MARI', Timestamp('2013-03-22 00:00:00')): Sobol_m2 takes: 0.2150440216064453
Stats for ('MARI', Timestamp('2013-03-22 00:00:00')): Sobol_t takes: 0.1731431484222412
Stats for ('MARI', Timestamp('2013-03-22 00:00:00')): P10 takes: 0.007673501968383789
Stats for ('MARI', Timestamp('2013-03-22 00:00:00')): P90 takes: 0.0077245235443115234
Stats: gPCE takes: 0.0021741390228271484
Stats for ('MARI', Timestamp('2013-03-23 00:00:00')): E takes: 0.005847454071044922
Stats for ('MARI', Timestamp('2013-03-23 00:00:00')): Var takes: 0.045766592025756836
Stats for ('MARI', Timestamp('2013-03-23 00:00:00')): StdDev takes: 0.04604506492614746
Stats for ('MARI', Timestamp('2013-03-23 00:00:00')): Sobol_m takes: 0.09193611145019531
Stats for ('MARI', Timestamp('2013-03-23 00:00:00')): Sobol_m2 takes: 0.2177879810333252
Stats for ('MARI', Timestamp('2013-03-23 00:00:00')): Sobol_t takes: 0.17365717887878418
Stats for ('MARI', Timestamp('2013-03-23 00:00:00')): P10 takes: 0.007704257965087891
Stats for ('MARI', Timestamp('2013-03-23 00:00:00')): P90 takes: 0.007681131362915039
Stats: gPCE takes: 0.002215147018432617
Stats for ('MARI', Timestamp('2013-03-24 00:00:00')): E takes: 0.005929708480834961
Stats for ('MARI', Timestamp('2013-03-24 00:00:00')): Var takes: 0.04613947868347168
Stats for ('MARI', Timestamp('2013-03-24 00:00:00')): StdDev takes: 0.04603004455566406
Stats for ('MARI', Timestamp('2013-03-24 00:00:00')): Sobol_m takes: 0.09208440780639648
Stats for ('MARI', Timestamp('2013-03-24 00:00:00')): Sobol_m2 takes: 0.21644997596740723
Stats for ('MARI', Timestamp('2013-03-24 00:00:00')): Sobol_t takes: 0.17319035530090332
Stats for ('MARI', Timestamp('2013-03-24 00:00:00')): P10 takes: 0.007660865783691406
Stats for ('MARI', Timestamp('2013-03-24 00:00:00')): P90 takes: 0.007578372955322266
Stats: gPCE takes: 0.002070903778076172
Stats for ('MARI', Timestamp('2013-03-25 00:00:00')): E takes: 0.005962371826171875
Stats for ('MARI', Timestamp('2013-03-25 00:00:00')): Var takes: 0.04564714431762695
Stats for ('MARI', Timestamp('2013-03-25 00:00:00')): StdDev takes: 0.04624819755554199
Stats for ('MARI', Timestamp('2013-03-25 00:00:00')): Sobol_m takes: 0.09519290924072266
Stats for ('MARI', Timestamp('2013-03-25 00:00:00')): Sobol_m2 takes: 0.21491169929504395
Stats for ('MARI', Timestamp('2013-03-25 00:00:00')): Sobol_t takes: 0.1741182804107666
Stats for ('MARI', Timestamp('2013-03-25 00:00:00')): P10 takes: 0.007592439651489258
Stats for ('MARI', Timestamp('2013-03-25 00:00:00')): P90 takes: 0.007765769958496094
Stats: gPCE takes: 0.002187967300415039
Stats for ('MARI', Timestamp('2013-03-26 00:00:00')): E takes: 0.006166934967041016
Stats for ('MARI', Timestamp('2013-03-26 00:00:00')): Var takes: 0.046549081802368164
Stats for ('MARI', Timestamp('2013-03-26 00:00:00')): StdDev takes: 0.04598116874694824
Stats for ('MARI', Timestamp('2013-03-26 00:00:00')): Sobol_m takes: 0.09109616279602051
Stats for ('MARI', Timestamp('2013-03-26 00:00:00')): Sobol_m2 takes: 0.21463370323181152
Stats for ('MARI', Timestamp('2013-03-26 00:00:00')): Sobol_t takes: 0.17612910270690918
Stats for ('MARI', Timestamp('2013-03-26 00:00:00')): P10 takes: 0.007683992385864258
Stats for ('MARI', Timestamp('2013-03-26 00:00:00')): P90 takes: 0.007566213607788086
Stats: gPCE takes: 0.002182483673095703
Stats for ('MARI', Timestamp('2013-03-27 00:00:00')): E takes: 0.005887508392333984
Stats for ('MARI', Timestamp('2013-03-27 00:00:00')): Var takes: 0.04602408409118652
Stats for ('MARI', Timestamp('2013-03-27 00:00:00')): StdDev takes: 0.04621767997741699
Stats for ('MARI', Timestamp('2013-03-27 00:00:00')): Sobol_m takes: 0.0916891098022461
Stats for ('MARI', Timestamp('2013-03-27 00:00:00')): Sobol_m2 takes: 0.21581816673278809
Stats for ('MARI', Timestamp('2013-03-27 00:00:00')): Sobol_t takes: 0.1733248233795166
Stats for ('MARI', Timestamp('2013-03-27 00:00:00')): P10 takes: 0.0076673030853271484
Stats for ('MARI', Timestamp('2013-03-27 00:00:00')): P90 takes: 0.007735252380371094
Stats: gPCE takes: 0.002081155776977539
Stats for ('MARI', Timestamp('2013-03-28 00:00:00')): E takes: 0.005767345428466797
Stats for ('MARI', Timestamp('2013-03-28 00:00:00')): Var takes: 0.04580211639404297
Stats for ('MARI', Timestamp('2013-03-28 00:00:00')): StdDev takes: 0.04601407051086426
Stats for ('MARI', Timestamp('2013-03-28 00:00:00')): Sobol_m takes: 0.0915212631225586
Stats for ('MARI', Timestamp('2013-03-28 00:00:00')): Sobol_m2 takes: 0.2173476219177246
Stats for ('MARI', Timestamp('2013-03-28 00:00:00')): Sobol_t takes: 0.1737957000732422
Stats for ('MARI', Timestamp('2013-03-28 00:00:00')): P10 takes: 0.0076372623443603516
Stats for ('MARI', Timestamp('2013-03-28 00:00:00')): P90 takes: 0.0076999664306640625
Stats: gPCE takes: 0.002165555953979492
Stats for ('MARI', Timestamp('2013-03-29 00:00:00')): E takes: 0.006008148193359375
Stats for ('MARI', Timestamp('2013-03-29 00:00:00')): Var takes: 0.04611515998840332
Stats for ('MARI', Timestamp('2013-03-29 00:00:00')): StdDev takes: 0.04596996307373047
Stats for ('MARI', Timestamp('2013-03-29 00:00:00')): Sobol_m takes: 0.09194707870483398
Stats for ('MARI', Timestamp('2013-03-29 00:00:00')): Sobol_m2 takes: 0.25801539421081543
Stats for ('MARI', Timestamp('2013-03-29 00:00:00')): Sobol_t takes: 0.17057323455810547
Stats for ('MARI', Timestamp('2013-03-29 00:00:00')): P10 takes: 0.007718086242675781
Stats for ('MARI', Timestamp('2013-03-29 00:00:00')): P90 takes: 0.00757908821105957
Stats: gPCE takes: 0.002174854278564453
Stats for ('MARI', Timestamp('2013-03-30 00:00:00')): E takes: 0.005786895751953125
Stats for ('MARI', Timestamp('2013-03-30 00:00:00')): Var takes: 0.04527163505554199
Stats for ('MARI', Timestamp('2013-03-30 00:00:00')): StdDev takes: 0.04604482650756836
Stats for ('MARI', Timestamp('2013-03-30 00:00:00')): Sobol_m takes: 0.0910952091217041
Stats for ('MARI', Timestamp('2013-03-30 00:00:00')): Sobol_m2 takes: 0.21419119834899902
Stats for ('MARI', Timestamp('2013-03-30 00:00:00')): Sobol_t takes: 0.17394328117370605
Stats for ('MARI', Timestamp('2013-03-30 00:00:00')): P10 takes: 0.008080244064331055
Stats for ('MARI', Timestamp('2013-03-30 00:00:00')): P90 takes: 0.007729530334472656
Stats: gPCE takes: 0.0022864341735839844
Stats for ('MARI', Timestamp('2013-03-31 00:00:00')): E takes: 0.00577855110168457
Stats for ('MARI', Timestamp('2013-03-31 00:00:00')): Var takes: 0.045632123947143555
Stats for ('MARI', Timestamp('2013-03-31 00:00:00')): StdDev takes: 0.04592704772949219
Stats for ('MARI', Timestamp('2013-03-31 00:00:00')): Sobol_m takes: 0.09132552146911621
Stats for ('MARI', Timestamp('2013-03-31 00:00:00')): Sobol_m2 takes: 0.21430730819702148
Stats for ('MARI', Timestamp('2013-03-31 00:00:00')): Sobol_t takes: 0.17233562469482422
Stats for ('MARI', Timestamp('2013-03-31 00:00:00')): P10 takes: 0.007638692855834961
Stats for ('MARI', Timestamp('2013-03-31 00:00:00')): P90 takes: 0.0076177120208740234
Stats: gPCE takes: 0.0023126602172851562
Stats for ('MARI', Timestamp('2013-04-01 00:00:00')): E takes: 0.005751132965087891
Stats for ('MARI', Timestamp('2013-04-01 00:00:00')): Var takes: 0.04601168632507324
Stats for ('MARI', Timestamp('2013-04-01 00:00:00')): StdDev takes: 0.045723676681518555
Stats for ('MARI', Timestamp('2013-04-01 00:00:00')): Sobol_m takes: 0.09161615371704102
Stats for ('MARI', Timestamp('2013-04-01 00:00:00')): Sobol_m2 takes: 0.2143712043762207
Stats for ('MARI', Timestamp('2013-04-01 00:00:00')): Sobol_t takes: 0.17168855667114258
Stats for ('MARI', Timestamp('2013-04-01 00:00:00')): P10 takes: 0.007546663284301758
Stats for ('MARI', Timestamp('2013-04-01 00:00:00')): P90 takes: 0.007791042327880859
Stats: gPCE takes: 0.0022172927856445312
Stats for ('MARI', Timestamp('2013-04-02 00:00:00')): E takes: 0.00579524040222168
Stats for ('MARI', Timestamp('2013-04-02 00:00:00')): Var takes: 0.045601606369018555
Stats for ('MARI', Timestamp('2013-04-02 00:00:00')): StdDev takes: 0.04594302177429199
Stats for ('MARI', Timestamp('2013-04-02 00:00:00')): Sobol_m takes: 0.09171867370605469
Stats for ('MARI', Timestamp('2013-04-02 00:00:00')): Sobol_m2 takes: 0.21427202224731445
Stats for ('MARI', Timestamp('2013-04-02 00:00:00')): Sobol_t takes: 0.17228174209594727
Stats for ('MARI', Timestamp('2013-04-02 00:00:00')): P10 takes: 0.007632732391357422
Stats for ('MARI', Timestamp('2013-04-02 00:00:00')): P90 takes: 0.007719755172729492
Stats: gPCE takes: 0.0022249221801757812
Stats for ('MARI', Timestamp('2013-04-03 00:00:00')): E takes: 0.005782365798950195
Stats for ('MARI', Timestamp('2013-04-03 00:00:00')): Var takes: 0.04569816589355469
Stats for ('MARI', Timestamp('2013-04-03 00:00:00')): StdDev takes: 0.04604649543762207
Stats for ('MARI', Timestamp('2013-04-03 00:00:00')): Sobol_m takes: 0.09161972999572754
Stats for ('MARI', Timestamp('2013-04-03 00:00:00')): Sobol_m2 takes: 0.21534228324890137
Stats for ('MARI', Timestamp('2013-04-03 00:00:00')): Sobol_t takes: 0.17316222190856934
Stats for ('MARI', Timestamp('2013-04-03 00:00:00')): P10 takes: 0.00764918327331543
Stats for ('MARI', Timestamp('2013-04-03 00:00:00')): P90 takes: 0.00773310661315918
Stats: gPCE takes: 0.0022165775299072266
Stats for ('MARI', Timestamp('2013-04-04 00:00:00')): E takes: 0.006157636642456055
Stats for ('MARI', Timestamp('2013-04-04 00:00:00')): Var takes: 0.04818010330200195
Stats for ('MARI', Timestamp('2013-04-04 00:00:00')): StdDev takes: 0.04577231407165527
Stats for ('MARI', Timestamp('2013-04-04 00:00:00')): Sobol_m takes: 0.09171152114868164
Stats for ('MARI', Timestamp('2013-04-04 00:00:00')): Sobol_m2 takes: 0.21680927276611328
Stats for ('MARI', Timestamp('2013-04-04 00:00:00')): Sobol_t takes: 0.17184853553771973
Stats for ('MARI', Timestamp('2013-04-04 00:00:00')): P10 takes: 0.007645368576049805
Stats for ('MARI', Timestamp('2013-04-04 00:00:00')): P90 takes: 0.007639169692993164
Stats: gPCE takes: 0.002198934555053711
Stats for ('MARI', Timestamp('2013-04-05 00:00:00')): E takes: 0.005853414535522461
Stats for ('MARI', Timestamp('2013-04-05 00:00:00')): Var takes: 0.045659780502319336
Stats for ('MARI', Timestamp('2013-04-05 00:00:00')): StdDev takes: 0.046068429946899414
Stats for ('MARI', Timestamp('2013-04-05 00:00:00')): Sobol_m takes: 0.09127593040466309
Stats for ('MARI', Timestamp('2013-04-05 00:00:00')): Sobol_m2 takes: 0.2150554656982422
Stats for ('MARI', Timestamp('2013-04-05 00:00:00')): Sobol_t takes: 0.17246580123901367
Stats for ('MARI', Timestamp('2013-04-05 00:00:00')): P10 takes: 0.007538557052612305
Stats for ('MARI', Timestamp('2013-04-05 00:00:00')): P90 takes: 0.007563591003417969
Stats: gPCE takes: 0.0021567344665527344
Stats for ('MARI', Timestamp('2013-04-06 00:00:00')): E takes: 0.005917072296142578
Stats for ('MARI', Timestamp('2013-04-06 00:00:00')): Var takes: 0.04599261283874512
Stats for ('MARI', Timestamp('2013-04-06 00:00:00')): StdDev takes: 0.04633283615112305
Stats for ('MARI', Timestamp('2013-04-06 00:00:00')): Sobol_m takes: 0.09205079078674316
Stats for ('MARI', Timestamp('2013-04-06 00:00:00')): Sobol_m2 takes: 0.21499896049499512
Stats for ('MARI', Timestamp('2013-04-06 00:00:00')): Sobol_t takes: 0.17283296585083008
Stats for ('MARI', Timestamp('2013-04-06 00:00:00')): P10 takes: 0.007618427276611328
Stats for ('MARI', Timestamp('2013-04-06 00:00:00')): P90 takes: 0.00775456428527832
Stats: gPCE takes: 0.002160310745239258
Stats for ('MARI', Timestamp('2013-04-07 00:00:00')): E takes: 0.005766153335571289
Stats for ('MARI', Timestamp('2013-04-07 00:00:00')): Var takes: 0.04571866989135742
Stats for ('MARI', Timestamp('2013-04-07 00:00:00')): StdDev takes: 0.046478271484375
Stats for ('MARI', Timestamp('2013-04-07 00:00:00')): Sobol_m takes: 0.09338974952697754
Stats for ('MARI', Timestamp('2013-04-07 00:00:00')): Sobol_m2 takes: 0.21524953842163086
Stats for ('MARI', Timestamp('2013-04-07 00:00:00')): Sobol_t takes: 0.17328858375549316
Stats for ('MARI', Timestamp('2013-04-07 00:00:00')): P10 takes: 0.0076792240142822266
Stats for ('MARI', Timestamp('2013-04-07 00:00:00')): P90 takes: 0.007654428482055664
Stats: gPCE takes: 0.0021982192993164062
Stats for ('MARI', Timestamp('2013-04-08 00:00:00')): E takes: 0.005906581878662109
Stats for ('MARI', Timestamp('2013-04-08 00:00:00')): Var takes: 0.04597902297973633
Stats for ('MARI', Timestamp('2013-04-08 00:00:00')): StdDev takes: 0.046120643615722656
Stats for ('MARI', Timestamp('2013-04-08 00:00:00')): Sobol_m takes: 0.09164309501647949
Stats for ('MARI', Timestamp('2013-04-08 00:00:00')): Sobol_m2 takes: 0.2159438133239746
Stats for ('MARI', Timestamp('2013-04-08 00:00:00')): Sobol_t takes: 0.17284560203552246
Stats for ('MARI', Timestamp('2013-04-08 00:00:00')): P10 takes: 0.007658958435058594
Stats for ('MARI', Timestamp('2013-04-08 00:00:00')): P90 takes: 0.007790803909301758
Stats: gPCE takes: 0.0022411346435546875
Stats for ('MARI', Timestamp('2013-04-09 00:00:00')): E takes: 0.005800485610961914
Stats for ('MARI', Timestamp('2013-04-09 00:00:00')): Var takes: 0.0457150936126709
Stats for ('MARI', Timestamp('2013-04-09 00:00:00')): StdDev takes: 0.04580807685852051
Stats for ('MARI', Timestamp('2013-04-09 00:00:00')): Sobol_m takes: 0.09256124496459961
Stats for ('MARI', Timestamp('2013-04-09 00:00:00')): Sobol_m2 takes: 0.21730995178222656
Stats for ('MARI', Timestamp('2013-04-09 00:00:00')): Sobol_t takes: 0.17293596267700195
Stats for ('MARI', Timestamp('2013-04-09 00:00:00')): P10 takes: 0.00764155387878418
Stats for ('MARI', Timestamp('2013-04-09 00:00:00')): P90 takes: 0.007628202438354492
Stats: gPCE takes: 0.002142190933227539
Stats for ('MARI', Timestamp('2013-04-10 00:00:00')): E takes: 0.006310462951660156
Stats for ('MARI', Timestamp('2013-04-10 00:00:00')): Var takes: 0.04801201820373535
Stats for ('MARI', Timestamp('2013-04-10 00:00:00')): StdDev takes: 0.04632306098937988
Stats for ('MARI', Timestamp('2013-04-10 00:00:00')): Sobol_m takes: 0.09258103370666504
Stats for ('MARI', Timestamp('2013-04-10 00:00:00')): Sobol_m2 takes: 0.21606802940368652
Stats for ('MARI', Timestamp('2013-04-10 00:00:00')): Sobol_t takes: 0.17284274101257324
Stats for ('MARI', Timestamp('2013-04-10 00:00:00')): P10 takes: 0.007678031921386719
Stats for ('MARI', Timestamp('2013-04-10 00:00:00')): P90 takes: 0.0076558589935302734
Stats: gPCE takes: 0.002149343490600586
Stats for ('MARI', Timestamp('2013-04-11 00:00:00')): E takes: 0.005936145782470703
Stats for ('MARI', Timestamp('2013-04-11 00:00:00')): Var takes: 0.045694589614868164
Stats for ('MARI', Timestamp('2013-04-11 00:00:00')): StdDev takes: 0.0494840145111084
Stats for ('MARI', Timestamp('2013-04-11 00:00:00')): Sobol_m takes: 0.0921640396118164
Stats for ('MARI', Timestamp('2013-04-11 00:00:00')): Sobol_m2 takes: 0.21517086029052734
Stats for ('MARI', Timestamp('2013-04-11 00:00:00')): Sobol_t takes: 0.1784217357635498
Stats for ('MARI', Timestamp('2013-04-11 00:00:00')): P10 takes: 0.0075910091400146484
Stats for ('MARI', Timestamp('2013-04-11 00:00:00')): P90 takes: 0.007767200469970703
Stats: gPCE takes: 0.002229452133178711
Stats for ('MARI', Timestamp('2013-04-12 00:00:00')): E takes: 0.005803823471069336
Stats for ('MARI', Timestamp('2013-04-12 00:00:00')): Var takes: 0.046088218688964844
Stats for ('MARI', Timestamp('2013-04-12 00:00:00')): StdDev takes: 0.04645490646362305
Stats for ('MARI', Timestamp('2013-04-12 00:00:00')): Sobol_m takes: 0.09520792961120605
Stats for ('MARI', Timestamp('2013-04-12 00:00:00')): Sobol_m2 takes: 0.21726417541503906
Stats for ('MARI', Timestamp('2013-04-12 00:00:00')): Sobol_t takes: 0.17601561546325684
Stats for ('MARI', Timestamp('2013-04-12 00:00:00')): P10 takes: 0.008016586303710938
Stats for ('MARI', Timestamp('2013-04-12 00:00:00')): P90 takes: 0.007555723190307617
Stats: gPCE takes: 0.0022051334381103516
Stats for ('MARI', Timestamp('2013-04-13 00:00:00')): E takes: 0.005908966064453125
Stats for ('MARI', Timestamp('2013-04-13 00:00:00')): Var takes: 0.04577016830444336
Stats for ('MARI', Timestamp('2013-04-13 00:00:00')): StdDev takes: 0.04590439796447754
Stats for ('MARI', Timestamp('2013-04-13 00:00:00')): Sobol_m takes: 0.13346314430236816
Stats for ('MARI', Timestamp('2013-04-13 00:00:00')): Sobol_m2 takes: 0.2131054401397705
Stats for ('MARI', Timestamp('2013-04-13 00:00:00')): Sobol_t takes: 0.1715083122253418
Stats for ('MARI', Timestamp('2013-04-13 00:00:00')): P10 takes: 0.007858037948608398
Stats for ('MARI', Timestamp('2013-04-13 00:00:00')): P90 takes: 0.007628202438354492
Stats: gPCE takes: 0.002148151397705078
Stats for ('MARI', Timestamp('2013-04-14 00:00:00')): E takes: 0.005759716033935547
Stats for ('MARI', Timestamp('2013-04-14 00:00:00')): Var takes: 0.04591012001037598
Stats for ('MARI', Timestamp('2013-04-14 00:00:00')): StdDev takes: 0.045324087142944336
Stats for ('MARI', Timestamp('2013-04-14 00:00:00')): Sobol_m takes: 0.09055638313293457
Stats for ('MARI', Timestamp('2013-04-14 00:00:00')): Sobol_m2 takes: 0.21924400329589844
Stats for ('MARI', Timestamp('2013-04-14 00:00:00')): Sobol_t takes: 0.17405200004577637
Stats for ('MARI', Timestamp('2013-04-14 00:00:00')): P10 takes: 0.00763249397277832
Stats for ('MARI', Timestamp('2013-04-14 00:00:00')): P90 takes: 0.007447957992553711
Stats: gPCE takes: 0.0023527145385742188
Stats for ('MARI', Timestamp('2013-04-15 00:00:00')): E takes: 0.0060825347900390625
Stats for ('MARI', Timestamp('2013-04-15 00:00:00')): Var takes: 0.046393632888793945
Stats for ('MARI', Timestamp('2013-04-15 00:00:00')): StdDev takes: 0.045587778091430664
Stats for ('MARI', Timestamp('2013-04-15 00:00:00')): Sobol_m takes: 0.09143972396850586
Stats for ('MARI', Timestamp('2013-04-15 00:00:00')): Sobol_m2 takes: 0.21446990966796875
Stats for ('MARI', Timestamp('2013-04-15 00:00:00')): Sobol_t takes: 0.17161965370178223
Stats for ('MARI', Timestamp('2013-04-15 00:00:00')): P10 takes: 0.007689952850341797
Stats for ('MARI', Timestamp('2013-04-15 00:00:00')): P90 takes: 0.007693767547607422
Stats: gPCE takes: 0.002227306365966797
Stats for ('MARI', Timestamp('2013-04-16 00:00:00')): E takes: 0.00584101676940918
Stats for ('MARI', Timestamp('2013-04-16 00:00:00')): Var takes: 0.04572916030883789
Stats for ('MARI', Timestamp('2013-04-16 00:00:00')): StdDev takes: 0.04560208320617676
Stats for ('MARI', Timestamp('2013-04-16 00:00:00')): Sobol_m takes: 0.09138822555541992
Stats for ('MARI', Timestamp('2013-04-16 00:00:00')): Sobol_m2 takes: 0.214125394821167
Stats for ('MARI', Timestamp('2013-04-16 00:00:00')): Sobol_t takes: 0.1731715202331543
Stats for ('MARI', Timestamp('2013-04-16 00:00:00')): P10 takes: 0.00768589973449707
Stats for ('MARI', Timestamp('2013-04-16 00:00:00')): P90 takes: 0.0077991485595703125
Stats: gPCE takes: 0.0022153854370117188
Stats for ('MARI', Timestamp('2013-04-17 00:00:00')): E takes: 0.005838871002197266
Stats for ('MARI', Timestamp('2013-04-17 00:00:00')): Var takes: 0.04568123817443848
Stats for ('MARI', Timestamp('2013-04-17 00:00:00')): StdDev takes: 0.04588961601257324
Stats for ('MARI', Timestamp('2013-04-17 00:00:00')): Sobol_m takes: 0.09135317802429199
Stats for ('MARI', Timestamp('2013-04-17 00:00:00')): Sobol_m2 takes: 0.21497082710266113
Stats for ('MARI', Timestamp('2013-04-17 00:00:00')): Sobol_t takes: 0.17353606224060059
Stats for ('MARI', Timestamp('2013-04-17 00:00:00')): P10 takes: 0.007627725601196289
Stats for ('MARI', Timestamp('2013-04-17 00:00:00')): P90 takes: 0.007597208023071289
Stats: gPCE takes: 0.0021851062774658203
Stats for ('MARI', Timestamp('2013-04-18 00:00:00')): E takes: 0.00625157356262207
Stats for ('MARI', Timestamp('2013-04-18 00:00:00')): Var takes: 0.04564499855041504
Stats for ('MARI', Timestamp('2013-04-18 00:00:00')): StdDev takes: 0.045823097229003906
Stats for ('MARI', Timestamp('2013-04-18 00:00:00')): Sobol_m takes: 0.09156441688537598
Stats for ('MARI', Timestamp('2013-04-18 00:00:00')): Sobol_m2 takes: 0.21598291397094727
Stats for ('MARI', Timestamp('2013-04-18 00:00:00')): Sobol_t takes: 0.17213177680969238
Stats for ('MARI', Timestamp('2013-04-18 00:00:00')): P10 takes: 0.007691144943237305
Stats for ('MARI', Timestamp('2013-04-18 00:00:00')): P90 takes: 0.0076906681060791016
Stats: gPCE takes: 0.0021855831146240234
Stats for ('MARI', Timestamp('2013-04-19 00:00:00')): E takes: 0.005759716033935547
Stats for ('MARI', Timestamp('2013-04-19 00:00:00')): Var takes: 0.045639753341674805
Stats for ('MARI', Timestamp('2013-04-19 00:00:00')): StdDev takes: 0.04599618911743164
Stats for ('MARI', Timestamp('2013-04-19 00:00:00')): Sobol_m takes: 0.09135174751281738
Stats for ('MARI', Timestamp('2013-04-19 00:00:00')): Sobol_m2 takes: 0.21425747871398926
Stats for ('MARI', Timestamp('2013-04-19 00:00:00')): Sobol_t takes: 0.1713411808013916
Stats for ('MARI', Timestamp('2013-04-19 00:00:00')): P10 takes: 0.0075228214263916016
Stats for ('MARI', Timestamp('2013-04-19 00:00:00')): P90 takes: 0.0075969696044921875
Stats: gPCE takes: 0.0021867752075195312
Stats for ('MARI', Timestamp('2013-04-20 00:00:00')): E takes: 0.006223201751708984
Stats for ('MARI', Timestamp('2013-04-20 00:00:00')): Var takes: 0.04574871063232422
Stats for ('MARI', Timestamp('2013-04-20 00:00:00')): StdDev takes: 0.0457148551940918
Stats for ('MARI', Timestamp('2013-04-20 00:00:00')): Sobol_m takes: 0.09181761741638184
Stats for ('MARI', Timestamp('2013-04-20 00:00:00')): Sobol_m2 takes: 0.2142348289489746
Stats for ('MARI', Timestamp('2013-04-20 00:00:00')): Sobol_t takes: 0.17168760299682617
Stats for ('MARI', Timestamp('2013-04-20 00:00:00')): P10 takes: 0.007628202438354492
Stats for ('MARI', Timestamp('2013-04-20 00:00:00')): P90 takes: 0.007740974426269531
Stats: gPCE takes: 0.0022134780883789062
Stats for ('MARI', Timestamp('2013-04-21 00:00:00')): E takes: 0.006105184555053711
Stats for ('MARI', Timestamp('2013-04-21 00:00:00')): Var takes: 0.04645848274230957
Stats for ('MARI', Timestamp('2013-04-21 00:00:00')): StdDev takes: 0.04572343826293945
Stats for ('MARI', Timestamp('2013-04-21 00:00:00')): Sobol_m takes: 0.09161996841430664
Stats for ('MARI', Timestamp('2013-04-21 00:00:00')): Sobol_m2 takes: 0.2154860496520996
Stats for ('MARI', Timestamp('2013-04-21 00:00:00')): Sobol_t takes: 0.17211604118347168
Stats for ('MARI', Timestamp('2013-04-21 00:00:00')): P10 takes: 0.0076291561126708984
Stats for ('MARI', Timestamp('2013-04-21 00:00:00')): P90 takes: 0.007565021514892578
Stats: gPCE takes: 0.0021910667419433594
Stats for ('MARI', Timestamp('2013-04-22 00:00:00')): E takes: 0.0062274932861328125
Stats for ('MARI', Timestamp('2013-04-22 00:00:00')): Var takes: 0.047025203704833984
Stats for ('MARI', Timestamp('2013-04-22 00:00:00')): StdDev takes: 0.04588937759399414
Stats for ('MARI', Timestamp('2013-04-22 00:00:00')): Sobol_m takes: 0.09140396118164062
Stats for ('MARI', Timestamp('2013-04-22 00:00:00')): Sobol_m2 takes: 0.21469569206237793
Stats for ('MARI', Timestamp('2013-04-22 00:00:00')): Sobol_t takes: 0.17290592193603516
Stats for ('MARI', Timestamp('2013-04-22 00:00:00')): P10 takes: 0.007742643356323242
Stats for ('MARI', Timestamp('2013-04-22 00:00:00')): P90 takes: 0.007627964019775391
Stats: gPCE takes: 0.002292633056640625
Stats for ('MARI', Timestamp('2013-04-23 00:00:00')): E takes: 0.005948305130004883
Stats for ('MARI', Timestamp('2013-04-23 00:00:00')): Var takes: 0.04597067832946777
Stats for ('MARI', Timestamp('2013-04-23 00:00:00')): StdDev takes: 0.04595184326171875
Stats for ('MARI', Timestamp('2013-04-23 00:00:00')): Sobol_m takes: 0.09151649475097656
Stats for ('MARI', Timestamp('2013-04-23 00:00:00')): Sobol_m2 takes: 0.21501970291137695
Stats for ('MARI', Timestamp('2013-04-23 00:00:00')): Sobol_t takes: 0.17257237434387207
Stats for ('MARI', Timestamp('2013-04-23 00:00:00')): P10 takes: 0.007643461227416992
Stats for ('MARI', Timestamp('2013-04-23 00:00:00')): P90 takes: 0.007736682891845703
Stats: gPCE takes: 0.0022118091583251953
Stats for ('MARI', Timestamp('2013-04-24 00:00:00')): E takes: 0.006112575531005859
Stats for ('MARI', Timestamp('2013-04-24 00:00:00')): Var takes: 0.04681563377380371
Stats for ('MARI', Timestamp('2013-04-24 00:00:00')): StdDev takes: 0.045813560485839844
Stats for ('MARI', Timestamp('2013-04-24 00:00:00')): Sobol_m takes: 0.09300065040588379
Stats for ('MARI', Timestamp('2013-04-24 00:00:00')): Sobol_m2 takes: 0.2166004180908203
Stats for ('MARI', Timestamp('2013-04-24 00:00:00')): Sobol_t takes: 0.17226696014404297
Stats for ('MARI', Timestamp('2013-04-24 00:00:00')): P10 takes: 0.007626056671142578
Stats for ('MARI', Timestamp('2013-04-24 00:00:00')): P90 takes: 0.007543802261352539
Stats: gPCE takes: 0.0022232532501220703
Stats for ('MARI', Timestamp('2013-04-25 00:00:00')): E takes: 0.006280183792114258
Stats for ('MARI', Timestamp('2013-04-25 00:00:00')): Var takes: 0.04677748680114746
Stats for ('MARI', Timestamp('2013-04-25 00:00:00')): StdDev takes: 0.04584383964538574
Stats for ('MARI', Timestamp('2013-04-25 00:00:00')): Sobol_m takes: 0.09154081344604492
Stats for ('MARI', Timestamp('2013-04-25 00:00:00')): Sobol_m2 takes: 0.21515727043151855
Stats for ('MARI', Timestamp('2013-04-25 00:00:00')): Sobol_t takes: 0.17289233207702637
Stats for ('MARI', Timestamp('2013-04-25 00:00:00')): P10 takes: 0.0076274871826171875
Stats for ('MARI', Timestamp('2013-04-25 00:00:00')): P90 takes: 0.007706880569458008
Stats: gPCE takes: 0.002167940139770508
Stats for ('MARI', Timestamp('2013-04-26 00:00:00')): E takes: 0.0058710575103759766
Stats for ('MARI', Timestamp('2013-04-26 00:00:00')): Var takes: 0.04567551612854004
Stats for ('MARI', Timestamp('2013-04-26 00:00:00')): StdDev takes: 0.04584050178527832
Stats for ('MARI', Timestamp('2013-04-26 00:00:00')): Sobol_m takes: 0.09184122085571289
Stats for ('MARI', Timestamp('2013-04-26 00:00:00')): Sobol_m2 takes: 0.21591544151306152
Stats for ('MARI', Timestamp('2013-04-26 00:00:00')): Sobol_t takes: 0.17284727096557617
Stats for ('MARI', Timestamp('2013-04-26 00:00:00')): P10 takes: 0.007591724395751953
Stats for ('MARI', Timestamp('2013-04-26 00:00:00')): P90 takes: 0.007653474807739258
Stats: gPCE takes: 0.0022554397583007812
Stats for ('MARI', Timestamp('2013-04-27 00:00:00')): E takes: 0.005861759185791016
Stats for ('MARI', Timestamp('2013-04-27 00:00:00')): Var takes: 0.04604387283325195
Stats for ('MARI', Timestamp('2013-04-27 00:00:00')): StdDev takes: 0.046677589416503906
Stats for ('MARI', Timestamp('2013-04-27 00:00:00')): Sobol_m takes: 0.09179139137268066
Stats for ('MARI', Timestamp('2013-04-27 00:00:00')): Sobol_m2 takes: 0.21547198295593262
Stats for ('MARI', Timestamp('2013-04-27 00:00:00')): Sobol_t takes: 0.1726665496826172
Stats for ('MARI', Timestamp('2013-04-27 00:00:00')): P10 takes: 0.007570743560791016
Stats for ('MARI', Timestamp('2013-04-27 00:00:00')): P90 takes: 0.007755756378173828
Stats: gPCE takes: 0.0022127628326416016
Stats for ('MARI', Timestamp('2013-04-28 00:00:00')): E takes: 0.005877256393432617
Stats for ('MARI', Timestamp('2013-04-28 00:00:00')): Var takes: 0.046061038970947266
Stats for ('MARI', Timestamp('2013-04-28 00:00:00')): StdDev takes: 0.07545828819274902
Stats for ('MARI', Timestamp('2013-04-28 00:00:00')): Sobol_m takes: 0.09337759017944336
Stats for ('MARI', Timestamp('2013-04-28 00:00:00')): Sobol_m2 takes: 0.21300625801086426
Stats for ('MARI', Timestamp('2013-04-28 00:00:00')): Sobol_t takes: 0.17051029205322266
Stats for ('MARI', Timestamp('2013-04-28 00:00:00')): P10 takes: 0.008249521255493164
Stats for ('MARI', Timestamp('2013-04-28 00:00:00')): P90 takes: 0.007605791091918945
Stats: gPCE takes: 0.002279520034790039
Stats for ('MARI', Timestamp('2013-04-29 00:00:00')): E takes: 0.005957841873168945
Stats for ('MARI', Timestamp('2013-04-29 00:00:00')): Var takes: 0.04552173614501953
Stats for ('MARI', Timestamp('2013-04-29 00:00:00')): StdDev takes: 0.04540729522705078
Stats for ('MARI', Timestamp('2013-04-29 00:00:00')): Sobol_m takes: 0.09067153930664062
Stats for ('MARI', Timestamp('2013-04-29 00:00:00')): Sobol_m2 takes: 0.21373200416564941
Stats for ('MARI', Timestamp('2013-04-29 00:00:00')): Sobol_t takes: 0.17128539085388184
Stats for ('MARI', Timestamp('2013-04-29 00:00:00')): P10 takes: 0.007758140563964844
Stats for ('MARI', Timestamp('2013-04-29 00:00:00')): P90/lrz/sys/intel/studio2019_u4/intelpython3/lib/python3.6/site-packages/pandas/plotting/_converter.py:129: FutureWarning: Using an implicitly registered datetime converter for a matplotlib plotting method. The converter was registered by pandas on import. Future versions of pandas will require you to explicitly register matplotlib converters.

To register the converters:
	>>> from pandas.plotting import register_matplotlib_converters
	>>> register_matplotlib_converters()
  warnings.warn(msg, FutureWarning)
 takes: 0.00757288932800293
calculate statistics [RuntimeStatistics]...
[79.66923356 79.67089308 79.6725526  ... 96.25946663 96.26112615
 96.26278567]
print statistics...
None
QoI                E    StdDev       Var         P5        P95
---------  ---------  --------  --------  ---------  ---------
E_runtime  88.935729  2.957429  8.746386  84.078572  93.821758

Sensitivity Indices:
Index                    value
-----------------------  -------------------------------------------------------------------
First order              [0.47172675 0.35010656 0.12282336 0.05534332]
First order_Interaction  0.0
Second order             [[ 0.00000000e+00  0.00000000e+00 -2.53870128e-17 -2.53870128e-17]
                          [ 0.00000000e+00  0.00000000e+00 -2.53870128e-17 -2.53870128e-17]
                          [-2.53870128e-17 -2.53870128e-17  0.00000000e+00  0.00000000e+00]
                          [-2.53870128e-17 -2.53870128e-17  0.00000000e+00  0.00000000e+00]]
Total order              [0.47172675 0.35010656 0.12282336 0.05534332]

type            runtime                                                                   estimated                                                                 org_estimated                                                             diff: T-E                                                                 diff: T-OE
--------------  ------------------------------------------------------------------------  ------------------------------------------------------------------------  ------------------------------------------------------------------------  ------------------------------------------------------------------------  ------------------------------------------------------------------------
sum(T_i_S)      1422.9716680049896                                                        1422.9716680049896                                                        1422.9716680049896                                                        0.0                                                                       0.0
T_i_SWP_worker  [94.26278567 92.8211267  91.05842662 90.67129278 88.92228389 94.26126623  [94.4490716  93.05759172 92.37614082 90.98466094 90.94926189 89.55778201  [94.4490716  93.05759172 92.37614082 90.98466094 90.94926189 89.55778201  [-0.18628593 -0.23646502 -1.3177142  -0.31336816 -2.026978    4.70348422  [-0.18628593 -0.23646502 -1.3177142  -0.31336816 -2.026978    4.70348422
                 89.4670155  86.27149391 89.47969198 87.98459125 89.18422842 90.02292943   88.87633111 87.48485123 90.38660727 88.99512739 88.31367649 86.92219661   88.87633111 87.48485123 90.38660727 88.99512739 88.31367649 86.92219661    0.5906844  -1.21335731 -0.90691529 -1.01053615  0.87055193  3.10073282    0.5906844  -1.21335731 -0.90691529 -1.01053615  0.87055193  3.10073282
                 89.82783079 82.21798062 84.84949064 81.66923356  0.          0.           86.88679756 85.49531768 84.81386678 83.4223869   0.          0.           86.88679756 85.49531768 84.81386678 83.4223869   0.          0.            2.94103323 -3.27733706  0.03562386 -1.75315334  0.          0.            2.94103323 -3.27733706  0.03562386 -1.75315334  0.          0.
                  0.          0.          0.          0.          0.          0.            0.          0.          0.          0.          0.          0.            0.          0.          0.          0.          0.          0.            0.          0.          0.          0.          0.          0.            0.          0.          0.          0.          0.          0.
                  0.          0.          0.          0.          0.          0.            0.          0.          0.          0.          0.          0.            0.          0.          0.          0.          0.          0.            0.          0.          0.          0.          0.          0.            0.          0.          0.          0.          0.          0.
                  0.          0.          0.          0.          0.          0.            0.          0.          0.          0.          0.          0.            0.          0.          0.          0.          0.          0.            0.          0.          0.          0.          0.          0.            0.          0.          0.          0.          0.          0.
                  0.          0.          0.          0.          0.          0.            0.          0.          0.          0.          0.          0.            0.          0.          0.          0.          0.          0.            0.          0.          0.          0.          0.          0.            0.          0.          0.          0.          0.          0.
                  0.          0.          0.          0.          0.          0.            0.          0.          0.          0.          0.          0.            0.          0.          0.          0.          0.          0.            0.          0.          0.          0.          0.          0.            0.          0.          0.          0.          0.          0.
                  0.          0.          0.          0.          0.          0.            0.          0.          0.          0.          0.          0.            0.          0.          0.          0.          0.          0.            0.          0.          0.          0.          0.          0.            0.          0.          0.          0.          0.          0.
                  0.          0.        ]                                                   0.          0.        ]                                                   0.          0.        ]                                                   0.          0.        ]                                                   0.          0.        ]
T_SWP_worker    94.26278567314148                                                         94.44907160103321                                                         94.44907160103321                                                         -0.18628592789173126                                                      -0.18628592789173126
T_Prop          95.19904065132141                                                         95.38532657921314                                                         95.38532657921314                                                         -0.18628592789173126                                                      -0.18628592789173126
T_I             94.26278567314148                                                         94.26278567314148                                                         94.26278567314148                                                         0.0                                                                       0.0
T_C             0.9362549781799316                                                        0.9362549781799316                                                        0.9362549781799316                                                        0.0                                                                       0.0
T_S_overhead    0.0                                                                       0.0                                                                       0.0                                                                       0.0                                                                       0.0

Errors:
Error                         ET       OET
----------------------  --------  --------
aboslute error min      0.035624  0.035624
aboslute error max      4.703484  4.703484
aboslute error mean     1.530264  1.530264
aboslute error l2 norm  2.010274  8.041098
relative error min      0.000420  0.000420
relative error max      0.049898  0.049898
relative error mean     0.017061  0.017061
relative error l2 norm  0.022280  0.022280

type                        runtime
------------------------  ---------
t_estimate_runtime         0.000018
t_wp_creation              0.001467
t_estimate_restore_order   0.000020


generate stat plots...
plot: mean + percentiles
plot: simulation absolute error
plot: simulation relative error
plot: standard deviation
plot: sobol indices t (total order)
plot: sobol indices m (first order)
[0.02101538 0.00041985 0.03833353 0.03274078 0.03444381 0.00976128
 0.01135496 0.01003374 0.01386934 0.00660226 0.04989838 0.02228691
 0.00344419 0.01426466 0.00254106 0.00197234]
[0.02101538 0.00041985 0.03833353 0.03274078 0.03444381 0.00976128
 0.01135496 0.01003374 0.01386934 0.00660226 0.04989838 0.02228691
 0.00344419 0.01426466 0.00254106 0.00197234]
save statistics...
UQsim: save to file: /dss/dsshome1/lxc01/di73wal/work/simulation/diss.larsim/Larsim-UQ.git/../larsim_runs/0121_sim/uqsim.saved
rank: 0 exit
---- end sim: Sat Jan 11 14:37:56 CET 2020
