python/3.6_intel (INFO):
    Loading this module may cause the environment generated by other
    modules to become inconsistent; however it should work together
    with the Intel compilers, tools and libraries.
---- start sim: Mon Dec 23 07:47:27 CET 2019
MPI version: Intel(R) MPI Library 2018 Update 4 for Linux* OS

MPI2 version: (3, 1)
MPI3 version: 3
mpi4py version: 3.0.3
rank 0: starttime: 2019.12.23 07:47:37
dir: /dss/dsshome1/lxc01/di73wal/work/simulation/diss.larsim/Larsim-UQ.git/../larsim_runs/0125_sim
dir: /dss/dsshome1/lxc01/di73wal/work/simulation/diss.larsim/Larsim-UQ.git/../larsim_runs/0125_sim
['/dss/dsshome1/lxc01/di73wal/work/simulation/diss.larsim/Larsim-UQ.git/../larsim_runs/0125_sim/uqsim.saved']
parsing args...
rank: 0 is master!
rank: 0 is master!
UQsim: restore from file: True
rank: 0 exit
uqsim.args.disable_statistics: True
calculate statistics [LarsimStatistics]...
Stats: samplesData Frame with All the simulation results : Index_run                   int64
Stationskennung            object
Type                       object
TimeStamp          datetime64[ns]
Value                     float64
dtype: object
Stationskennung            object
Type                       object
TimeStamp          datetime64[ns]
Index_run                   int64
Value                     float64
dtype: object
 takes: 19.85758137702942
timesteps Info
<class 'numpy.ndarray'>
numbTimesteps is: 60
Stats: gPCE takes: 0.10597705841064453
Stats for ('LOHB', Timestamp('2013-03-01 00:00:00')): E takes: 0.3630094528198242
Stats for ('LOHB', Timestamp('2013-03-01 00:00:00')): Var takes: 59.134267807006836
Stats for ('LOHB', Timestamp('2013-03-01 00:00:00')): StdDev takes: 59.14962124824524
Stats for ('LOHB', Timestamp('2013-03-01 00:00:00')): Sobol_m takes: 60.58240795135498
Stats for ('LOHB', Timestamp('2013-03-01 00:00:00')): Sobol_m2 takes: 70.42269921302795
Stats for ('LOHB', Timestamp('2013-03-01 00:00:00')): Sobol_t takes: 103.09726858139038
Stats for ('LOHB', Timestamp('2013-03-01 00:00:00')): P10 takes: 0.032036542892456055
Stats for ('LOHB', Timestamp('2013-03-01 00:00:00')): P90 takes: 0.03095221519470215
Stats: gPCE takes: 0.10667991638183594
Stats for ('LOHB', Timestamp('2013-03-02 00:00:00')): E takes: 0.3107798099517822
Stats for ('LOHB', Timestamp('2013-03-02 00:00:00')): Var takes: 59.233174324035645
Stats for ('LOHB', Timestamp('2013-03-02 00:00:00')): StdDev takes: 59.01335334777832
Stats for ('LOHB', Timestamp('2013-03-02 00:00:00')): Sobol_m takes: 60.597360372543335
Stats for ('LOHB', Timestamp('2013-03-02 00:00:00')): Sobol_m2 takes: 70.36897253990173
Stats for ('LOHB', Timestamp('2013-03-02 00:00:00')): Sobol_t takes: 103.1188576221466
Stats for ('LOHB', Timestamp('2013-03-02 00:00:00')): P10 takes: 0.03124380111694336
Stats for ('LOHB', Timestamp('2013-03-02 00:00:00')): P90 takes: 0.030735492706298828
Stats: gPCE takes: 0.10575103759765625
Stats for ('LOHB', Timestamp('2013-03-03 00:00:00')): E takes: 0.31082892417907715
Stats for ('LOHB', Timestamp('2013-03-03 00:00:00')): Var takes: 59.159467458724976
Stats for ('LOHB', Timestamp('2013-03-03 00:00:00')): StdDev takes: 59.23112940788269
Stats for ('LOHB', Timestamp('2013-03-03 00:00:00')): Sobol_m takes: 60.70343899726868
Stats for ('LOHB', Timestamp('2013-03-03 00:00:00')): Sobol_m2 takes: 70.39105868339539
Stats for ('LOHB', Timestamp('2013-03-03 00:00:00')): Sobol_t takes: 103.23628449440002
Stats for ('LOHB', Timestamp('2013-03-03 00:00:00')): P10 takes: 0.03131985664367676
Stats for ('LOHB', Timestamp('2013-03-03 00:00:00')): P90 takes: 0.031003236770629883
Stats: gPCE takes: 0.10589480400085449
Stats for ('LOHB', Timestamp('2013-03-04 00:00:00')): E takes: 0.3155500888824463
Stats for ('LOHB', Timestamp('2013-03-04 00:00:00')): Var takes: 59.23232316970825
Stats for ('LOHB', Timestamp('2013-03-04 00:00:00')): StdDev takes: 59.14556694030762
Stats for ('LOHB', Timestamp('2013-03-04 00:00:00')): Sobol_m takes: 60.6288537979126
Stats for ('LOHB', Timestamp('2013-03-04 00:00:00')): Sobol_m2 takes: 70.39562892913818
Stats for ('LOHB', Timestamp('2013-03-04 00:00:00')): Sobol_t takes: 102.85124897956848
Stats for ('LOHB', Timestamp('2013-03-04 00:00:00')): P10 takes: 0.031176090240478516
Stats for ('LOHB', Timestamp('2013-03-04 00:00:00')): P90 takes: 0.030869007110595703
Stats: gPCE takes: 0.10611343383789062
Stats for ('LOHB', Timestamp('2013-03-05 00:00:00')): E takes: 0.30893778800964355
Stats for ('LOHB', Timestamp('2013-03-05 00:00:00')): Var takes: 58.53566551208496
Stats for ('LOHB', Timestamp('2013-03-05 00:00:00')): StdDev takes: 58.44357180595398
Stats for ('LOHB', Timestamp('2013-03-05 00:00:00')): Sobol_m takes: 59.90045714378357
Stats for ('LOHB', Timestamp('2013-03-05 00:00:00')): Sobol_m2 takes: 69.56126356124878
Stats for ('LOHB', Timestamp('2013-03-05 00:00:00')): Sobol_t takes: 101.91949892044067
Stats for ('LOHB', Timestamp('2013-03-05 00:00:00')): P10 takes: 0.031116485595703125
Stats for ('LOHB', Timestamp('2013-03-05 00:00:00')): P90 takes: 0.030701875686645508
Stats: gPCE takes: 0.10693860054016113
Stats for ('LOHB', Timestamp('2013-03-06 00:00:00')): E takes: 0.31084656715393066
Stats for ('LOHB', Timestamp('2013-03-06 00:00:00')): Var takes: 58.528095722198486
Stats for ('LOHB', Timestamp('2013-03-06 00:00:00')): StdDev takes: 58.50751304626465
Stats for ('LOHB', Timestamp('2013-03-06 00:00:00')): Sobol_m takes: 59.908055543899536
Stats for ('LOHB', Timestamp('2013-03-06 00:00:00')): Sobol_m2 takes: 69.57113265991211
Stats for ('LOHB', Timestamp('2013-03-06 00:00:00')): Sobol_t takes: 101.9858067035675
Stats for ('LOHB', Timestamp('2013-03-06 00:00:00')): P10 takes: 0.03091740608215332
Stats for ('LOHB', Timestamp('2013-03-06 00:00:00')): P90 takes: 0.030947446823120117
Stats: gPCE takes: 0.10559725761413574
Stats for ('LOHB', Timestamp('2013-03-07 00:00:00')): E takes: 0.305772066116333
Stats for ('LOHB', Timestamp('2013-03-07 00:00:00')): Var takes: 58.45311164855957
Stats for ('LOHB', Timestamp('2013-03-07 00:00:00')): StdDev takes: 58.439672231674194
Stats for ('LOHB', Timestamp('2013-03-07 00:00:00')): Sobol_m takes: 59.89419865608215
Stats for ('LOHB', Timestamp('2013-03-07 00:00:00')): Sobol_m2 takes: 69.63456606864929
Stats for ('LOHB', Timestamp('2013-03-07 00:00:00')): Sobol_t takes: 101.92563581466675
Stats for ('LOHB', Timestamp('2013-03-07 00:00:00')): P10 takes: 0.031026124954223633
Stats for ('LOHB', Timestamp('2013-03-07 00:00:00')): P90 takes: 0.030843257904052734
Stats: gPCE takes: 0.1054229736328125
Stats for ('LOHB', Timestamp('2013-03-08 00:00:00')): E takes: 0.30676698684692383
Stats for ('LOHB', Timestamp('2013-03-08 00:00:00')): Var takes: 58.47995162010193
Stats for ('LOHB', Timestamp('2013-03-08 00:00:00')): StdDev takes: 58.385451316833496
Stats for ('LOHB', Timestamp('2013-03-08 00:00:00')): Sobol_m takes: 59.83287477493286
Stats for ('LOHB', Timestamp('2013-03-08 00:00:00')): Sobol_m2 takes: 69.62167978286743
Stats for ('LOHB', Timestamp('2013-03-08 00:00:00')): Sobol_t takes: 101.8888807296753
Stats for ('LOHB', Timestamp('2013-03-08 00:00:00')): P10 takes: 0.030968904495239258
Stats for ('LOHB', Timestamp('2013-03-08 00:00:00')): P90 takes: 0.030715227127075195
Stats: gPCE takes: 0.10520672798156738
Stats for ('LOHB', Timestamp('2013-03-09 00:00:00')): E takes: 0.30792927742004395
Stats for ('LOHB', Timestamp('2013-03-09 00:00:00')): Var takes: 58.440152168273926
Stats for ('LOHB', Timestamp('2013-03-09 00:00:00')): StdDev takes: 58.426225423812866
Stats for ('LOHB', Timestamp('2013-03-09 00:00:00')): Sobol_m takes: 59.859843492507935
Stats for ('LOHB', Timestamp('2013-03-09 00:00:00')): Sobol_m2 takes: 69.52803111076355
Stats for ('LOHB', Timestamp('2013-03-09 00:00:00')): Sobol_t takes: 101.81860017776489
Stats for ('LOHB', Timestamp('2013-03-09 00:00:00')): P10 takes: 0.0313262939453125
Stats for ('LOHB', Timestamp('2013-03-09 00:00:00')): P90 takes: 0.03063821792602539
Stats: gPCE takes: 0.1039433479309082
Stats for ('LOHB', Timestamp('2013-03-10 00:00:00')): E takes: 0.30794811248779297
Stats for ('LOHB', Timestamp('2013-03-10 00:00:00')): Var takes: 58.42666292190552
Stats for ('LOHB', Timestamp('2013-03-10 00:00:00')): StdDev takes: 58.46650671958923
Stats for ('LOHB', Timestamp('2013-03-10 00:00:00')): Sobol_m takes: 59.870731830596924
Stats for ('LOHB', Timestamp('2013-03-10 00:00:00')): Sobol_m2 takes: 69.50661063194275
Stats for ('LOHB', Timestamp('2013-03-10 00:00:00')): Sobol_t takes: 101.8671567440033
Stats for ('LOHB', Timestamp('2013-03-10 00:00:00')): P10 takes: 0.031057357788085938
Stats for ('LOHB', Timestamp('2013-03-10 00:00:00')): P90 takes: 0.03125452995300293
Stats: gPCE takes: 0.10443830490112305
Stats for ('LOHB', Timestamp('2013-03-11 00:00:00')): E takes: 0.3075437545776367
Stats for ('LOHB', Timestamp('2013-03-11 00:00:00')): Var takes: 58.440584897994995
Stats for ('LOHB', Timestamp('2013-03-11 00:00:00')): StdDev takes: 58.34518504142761
Stats for ('LOHB', Timestamp('2013-03-11 00:00:00')): Sobol_m takes: 59.72855186462402
Stats for ('LOHB', Timestamp('2013-03-11 00:00:00')): Sobol_m2 takes: 69.34926867485046
Stats for ('LOHB', Timestamp('2013-03-11 00:00:00')): Sobol_t takes: 101.76139283180237
Stats for ('LOHB', Timestamp('2013-03-11 00:00:00')): P10 takes: 0.031034469604492188
Stats for ('LOHB', Timestamp('2013-03-11 00:00:00')): P90 takes: 0.030742406845092773
Stats: gPCE takes: 0.10371041297912598
Stats for ('LOHB', Timestamp('2013-03-12 00:00:00')): E takes: 0.30805373191833496
Stats for ('LOHB', Timestamp('2013-03-12 00:00:00')): Var takes: 58.475430727005005
Stats for ('LOHB', Timestamp('2013-03-12 00:00:00')): StdDev takes: 58.439736127853394
Stats for ('LOHB', Timestamp('2013-03-12 00:00:00')): Sobol_m takes: 59.86837148666382
Stats for ('LOHB', Timestamp('2013-03-12 00:00:00')): Sobol_m2 takes: 69.46414518356323
Stats for ('LOHB', Timestamp('2013-03-12 00:00:00')): Sobol_t takes: 101.82144260406494
Stats for ('LOHB', Timestamp('2013-03-12 00:00:00')): P10 takes: 0.031149625778198242
Stats for ('LOHB', Timestamp('2013-03-12 00:00:00')): P90 takes: 0.031202316284179688
Stats: gPCE takes: 0.10348081588745117
Stats for ('LOHB', Timestamp('2013-03-13 00:00:00')): E takes: 0.36208677291870117
Stats for ('LOHB', Timestamp('2013-03-13 00:00:00')): Var takes: 58.384679555892944
Stats for ('LOHB', Timestamp('2013-03-13 00:00:00')): StdDev takes: 58.46986413002014
Stats for ('LOHB', Timestamp('2013-03-13 00:00:00')): Sobol_m takes: 59.87011194229126
Stats for ('LOHB', Timestamp('2013-03-13 00:00:00')): Sobol_m2 takes: 69.50232529640198
Stats for ('LOHB', Timestamp('2013-03-13 00:00:00')): Sobol_t takes: 101.76090574264526
Stats for ('LOHB', Timestamp('2013-03-13 00:00:00')): P10 takes: 0.031067848205566406
Stats for ('LOHB', Timestamp('2013-03-13 00:00:00')): P90 takes: 0.0307619571685791
Stats: gPCE takes: 0.10360884666442871
Stats for ('LOHB', Timestamp('2013-03-14 00:00:00')): E takes: 0.3063371181488037
Stats for ('LOHB', Timestamp('2013-03-14 00:00:00')): Var takes: 58.416269302368164
Stats for ('LOHB', Timestamp('2013-03-14 00:00:00')): StdDev takes: 58.40347909927368
Stats for ('LOHB', Timestamp('2013-03-14 00:00:00')): Sobol_m takes: 59.84341359138489
Stats for ('LOHB', Timestamp('2013-03-14 00:00:00')): Sobol_m2 takes: 69.57494020462036
Stats for ('LOHB', Timestamp('2013-03-14 00:00:00')): Sobol_t takes: 101.77502751350403
Stats for ('LOHB', Timestamp('2013-03-14 00:00:00')): P10 takes: 0.031188011169433594
Stats for ('LOHB', Timestamp('2013-03-14 00:00:00')): P90 takes: 0.030633926391601562
Stats: gPCE takes: 0.10381388664245605
Stats for ('LOHB', Timestamp('2013-03-15 00:00:00')): E takes: 0.3110783100128174
Stats for ('LOHB', Timestamp('2013-03-15 00:00:00')): Var takes: 58.46217370033264
Stats for ('LOHB', Timestamp('2013-03-15 00:00:00')): StdDev takes: 58.443382024765015
Stats for ('LOHB', Timestamp('2013-03-15 00:00:00')): Sobol_m takes: 59.88421058654785
Stats for ('LOHB', Timestamp('2013-03-15 00:00:00')): Sobol_m2 takes: 69.4492838382721
Stats for ('LOHB', Timestamp('2013-03-15 00:00:00')): Sobol_t takes: 101.7869987487793
Stats for ('LOHB', Timestamp('2013-03-15 00:00:00')): P10 takes: 0.030973196029663086
Stats for ('LOHB', Timestamp('2013-03-15 00:00:00')): P90 takes: 0.030803918838500977
Stats: gPCE takes: 0.10334372520446777
Stats for ('LOHB', Timestamp('2013-03-16 00:00:00')): E takes: 0.3068664073944092
Stats for ('LOHB', Timestamp('2013-03-16 00:00:00')): Var takes: 58.4490270614624
Stats for ('LOHB', Timestamp('2013-03-16 00:00:00')): StdDev takes: 58.42658710479736
Stats for ('LOHB', Timestamp('2013-03-16 00:00:00')): Sobol_m takes: 59.88720512390137
Stats for ('LOHB', Timestamp('2013-03-16 00:00:00')): Sobol_m2 takes: 69.42677307128906
Stats for ('LOHB', Timestamp('2013-03-16 00:00:00')): Sobol_t takes: 101.74142026901245
Stats for ('LOHB', Timestamp('2013-03-16 00:00:00')): P10 takes: 0.03113079071044922
Stats for ('LOHB', Timestamp('2013-03-16 00:00:00')): P90 takes: 0.030738115310668945
Stats: gPCE takes: 0.10345602035522461
Stats for ('LOHB', Timestamp('2013-03-17 00:00:00')): E takes: 0.30751681327819824
Stats for ('LOHB', Timestamp('2013-03-17 00:00:00')): Var takes: 58.41206383705139
Stats for ('LOHB', Timestamp('2013-03-17 00:00:00')): StdDev takes: 58.397677421569824
Stats for ('LOHB', Timestamp('2013-03-17 00:00:00')): Sobol_m takes: 59.83459448814392
Stats for ('LOHB', Timestamp('2013-03-17 00:00:00')): Sobol_m2 takes: 69.47049498558044
Stats for ('LOHB', Timestamp('2013-03-17 00:00:00')): Sobol_t takes: 101.65069532394409
Stats for ('LOHB', Timestamp('2013-03-17 00:00:00')): P10 takes: 0.03123188018798828
Stats for ('LOHB', Timestamp('2013-03-17 00:00:00')): P90 takes: 0.03089427947998047
Stats: gPCE takes: 0.10357332229614258
Stats for ('LOHB', Timestamp('2013-03-18 00:00:00')): E takes: 0.31113624572753906
Stats for ('LOHB', Timestamp('2013-03-18 00:00:00')): Var takes: 58.39129590988159
Stats for ('LOHB', Timestamp('2013-03-18 00:00:00')): StdDev takes: 58.376869916915894
Stats for ('LOHB', Timestamp('2013-03-18 00:00:00')): Sobol_m takes: 59.88166069984436
Stats for ('LOHB', Timestamp('2013-03-18 00:00:00')): Sobol_m2 takes: 69.47920751571655
Stats for ('LOHB', Timestamp('2013-03-18 00:00:00')): Sobol_t takes: 101.82755970954895
Stats for ('LOHB', Timestamp('2013-03-18 00:00:00')): P10 takes: 0.03122997283935547
Stats for ('LOHB', Timestamp('2013-03-18 00:00:00')): P90 takes: 0.03103780746459961
Stats: gPCE takes: 0.10352826118469238
Stats for ('LOHB', Timestamp('2013-03-19 00:00:00')): E takes: 0.30487489700317383
Stats for ('LOHB', Timestamp('2013-03-19 00:00:00')): Var takes: 58.343801498413086
Stats for ('LOHB', Timestamp('2013-03-19 00:00:00')): StdDev takes: 58.453206300735474
Stats for ('LOHB', Timestamp('2013-03-19 00:00:00')): Sobol_m takes: 59.87009239196777
Stats for ('LOHB', Timestamp('2013-03-19 00:00:00')): Sobol_m2 takes: 69.59115552902222
Stats for ('LOHB', Timestamp('2013-03-19 00:00:00')): Sobol_t takes: 101.77925372123718
Stats for ('LOHB', Timestamp('2013-03-19 00:00:00')): P10 takes: 0.031090259552001953
Stats for ('LOHB', Timestamp('2013-03-19 00:00:00')): P90 takes: 0.03078007698059082
Stats: gPCE takes: 0.10413551330566406
Stats for ('LOHB', Timestamp('2013-03-20 00:00:00')): E takes: 0.30614233016967773
Stats for ('LOHB', Timestamp('2013-03-20 00:00:00')): Var takes: 58.46638774871826
Stats for ('LOHB', Timestamp('2013-03-20 00:00:00')): StdDev takes: 58.44009327888489
Stats for ('LOHB', Timestamp('2013-03-20 00:00:00')): Sobol_m takes: 59.85861659049988
Stats for ('LOHB', Timestamp('2013-03-20 00:00:00')): Sobol_m2 takes: 69.55447483062744
Stats for ('LOHB', Timestamp('2013-03-20 00:00:00')): Sobol_t takes: 101.84014368057251
Stats for ('LOHB', Timestamp('2013-03-20 00:00:00')): P10 takes: 0.030953168869018555
Stats for ('LOHB', Timestamp('2013-03-20 00:00:00')): P90 takes: 0.031470537185668945
Stats: gPCE takes: 0.10399031639099121
Stats for ('LOHB', Timestamp('2013-03-21 00:00:00')): E takes: 0.30844879150390625
Stats for ('LOHB', Timestamp('2013-03-21 00:00:00')): Var takes: 58.41299891471863
Stats for ('LOHB', Timestamp('2013-03-21 00:00:00')): StdDev takes: 58.44578433036804
Stats for ('LOHB', Timestamp('2013-03-21 00:00:00')): Sobol_m takes: 59.88317394256592
Stats for ('LOHB', Timestamp('2013-03-21 00:00:00')): Sobol_m2 takes: 69.46253895759583
Stats for ('LOHB', Timestamp('2013-03-21 00:00:00')): Sobol_t takes: 101.81422019004822
Stats for ('LOHB', Timestamp('2013-03-21 00:00:00')): P10 takes: 0.03102421760559082
Stats for ('LOHB', Timestamp('2013-03-21 00:00:00')): P90 takes: 0.03081679344177246
Stats: gPCE takes: 0.10355997085571289
Stats for ('LOHB', Timestamp('2013-03-22 00:00:00')): E takes: 0.30693602561950684
Stats for ('LOHB', Timestamp('2013-03-22 00:00:00')): Var takes: 58.42715334892273
Stats for ('LOHB', Timestamp('2013-03-22 00:00:00')): StdDev takes: 58.44983267784119
Stats for ('LOHB', Timestamp('2013-03-22 00:00:00')): Sobol_m takes: 59.897302865982056
Stats for ('LOHB', Timestamp('2013-03-22 00:00:00')): Sobol_m2 takes: 69.45423603057861
Stats for ('LOHB', Timestamp('2013-03-22 00:00:00')): Sobol_t takes: 101.77219200134277
Stats for ('LOHB', Timestamp('2013-03-22 00:00:00')): P10 takes: 0.031117916107177734
Stats for ('LOHB', Timestamp('2013-03-22 00:00:00')): P90 takes: 0.030989408493041992
Stats: gPCE takes: 0.10350656509399414
Stats for ('LOHB', Timestamp('2013-03-23 00:00:00')): E takes: 0.3071737289428711
Stats for ('LOHB', Timestamp('2013-03-23 00:00:00')): Var takes: 58.46965217590332
Stats for ('LOHB', Timestamp('2013-03-23 00:00:00')): StdDev takes: 58.40257263183594
Stats for ('LOHB', Timestamp('2013-03-23 00:00:00')): Sobol_m takes: 59.86518144607544
Stats for ('LOHB', Timestamp('2013-03-23 00:00:00')): Sobol_m2 takes: 69.55753684043884
Stats for ('LOHB', Timestamp('2013-03-23 00:00:00')): Sobol_t takes: 101.78216361999512
Stats for ('LOHB', Timestamp('2013-03-23 00:00:00')): P10 takes: 0.031035900115966797
Stats for ('LOHB', Timestamp('2013-03-23 00:00:00')): P90 takes: 0.030953645706176758
Stats: gPCE takes: 0.10327577590942383
Stats for ('LOHB', Timestamp('2013-03-24 00:00:00')): E takes: 0.3106193542480469
Stats for ('LOHB', Timestamp('2013-03-24 00:00:00')): Var takes: 58.477471590042114
Stats for ('LOHB', Timestamp('2013-03-24 00:00:00')): StdDev takes: 58.41692018508911
Stats for ('LOHB', Timestamp('2013-03-24 00:00:00')): Sobol_m takes: 59.832053422927856
Stats for ('LOHB', Timestamp('2013-03-24 00:00:00')): Sobol_m2 takes: 69.53216910362244
Stats for ('LOHB', Timestamp('2013-03-24 00:00:00')): Sobol_t takes: 101.8030834197998
Stats for ('LOHB', Timestamp('2013-03-24 00:00:00')): P10 takes: 0.03131437301635742
Stats for ('LOHB', Timestamp('2013-03-24 00:00:00')): P90 takes: 0.0308687686920166
Stats: gPCE takes: 0.10338354110717773
Stats for ('LOHB', Timestamp('2013-03-25 00:00:00')): E takes: 0.3619356155395508
Stats for ('LOHB', Timestamp('2013-03-25 00:00:00')): Var takes: 58.30052089691162
Stats for ('LOHB', Timestamp('2013-03-25 00:00:00')): StdDev takes: 58.35731816291809
Stats for ('LOHB', Timestamp('2013-03-25 00:00:00')): Sobol_m takes: 59.787230491638184
Stats for ('LOHB', Timestamp('2013-03-25 00:00:00')): Sobol_m2 takes: 69.57256197929382
Stats for ('LOHB', Timestamp('2013-03-25 00:00:00')): Sobol_t takes: 101.67101693153381
Stats for ('LOHB', Timestamp('2013-03-25 00:00:00')): P10 takes: 0.03134417533874512
Stats for ('LOHB', Timestamp('2013-03-25 00:00:00')): P90 takes: 0.03067755699157715
Stats: gPCE takes: 0.10337138175964355
Stats for ('LOHB', Timestamp('2013-03-26 00:00:00')): E takes: 0.3059720993041992
Stats for ('LOHB', Timestamp('2013-03-26 00:00:00')): Var takes: 58.47867703437805
Stats for ('LOHB', Timestamp('2013-03-26 00:00:00')): StdDev takes: 58.481078147888184
Stats for ('LOHB', Timestamp('2013-03-26 00:00:00')): Sobol_m takes: 59.90053081512451
Stats for ('LOHB', Timestamp('2013-03-26 00:00:00')): Sobol_m2 takes: 69.56897187232971
Stats for ('LOHB', Timestamp('2013-03-26 00:00:00')): Sobol_t takes: 101.75597214698792
Stats for ('LOHB', Timestamp('2013-03-26 00:00:00')): P10 takes: 0.03111743927001953
Stats for ('LOHB', Timestamp('2013-03-26 00:00:00')): P90 takes: 0.030907630920410156
Stats: gPCE takes: 0.10383462905883789
Stats for ('LOHB', Timestamp('2013-03-27 00:00:00')): E takes: 0.3125040531158447
Stats for ('LOHB', Timestamp('2013-03-27 00:00:00')): Var takes: 58.405824422836304
Stats for ('LOHB', Timestamp('2013-03-27 00:00:00')): StdDev takes: 58.38468861579895
Stats for ('LOHB', Timestamp('2013-03-27 00:00:00')): Sobol_m takes: 59.73646521568298
Stats for ('LOHB', Timestamp('2013-03-27 00:00:00')): Sobol_m2 takes: 69.41847443580627
Stats for ('LOHB', Timestamp('2013-03-27 00:00:00')): Sobol_t takes: 101.72123885154724
Stats for ('LOHB', Timestamp('2013-03-27 00:00:00')): P10 takes: 0.0310208797454834
Stats for ('LOHB', Timestamp('2013-03-27 00:00:00')): P90 takes: 0.031118392944335938
Stats: gPCE takes: 0.10355877876281738
Stats for ('LOHB', Timestamp('2013-03-28 00:00:00')): E takes: 0.30725717544555664
Stats for ('LOHB', Timestamp('2013-03-28 00:00:00')): Var takes: 58.482521295547485
Stats for ('LOHB', Timestamp('2013-03-28 00:00:00')): StdDev takes: 58.42397713661194
Stats for ('LOHB', Timestamp('2013-03-28 00:00:00')): Sobol_m takes: 59.821343183517456
Stats for ('LOHB', Timestamp('2013-03-28 00:00:00')): Sobol_m2 takes: 69.46550607681274
Stats for ('LOHB', Timestamp('2013-03-28 00:00:00')): Sobol_t takes: 101.85967206954956
Stats for ('LOHB', Timestamp('2013-03-28 00:00:00')): P10 takes: 0.031010866165161133
Stats for ('LOHB', Timestamp('2013-03-28 00:00:00')): P90 takes: 0.03086709976196289
Stats: gPCE takes: 0.10382294654846191
Stats for ('LOHB', Timestamp('2013-03-29 00:00:00')): E takes: 0.30799174308776855
Stats for ('LOHB', Timestamp('2013-03-29 00:00:00')): Var takes: 58.40201187133789
Stats for ('LOHB', Timestamp('2013-03-29 00:00:00')): StdDev takes: 58.44182896614075
Stats for ('LOHB', Timestamp('2013-03-29 00:00:00')): Sobol_m takes: 59.85823035240173
Stats for ('LOHB', Timestamp('2013-03-29 00:00:00')): Sobol_m2 takes: 69.52740383148193
Stats for ('LOHB', Timestamp('2013-03-29 00:00:00')): Sobol_t takes: 101.75505232810974
Stats for ('LOHB', Timestamp('2013-03-29 00:00:00')): P10 takes: 0.0310821533203125
Stats for ('LOHB', Timestamp('2013-03-29 00:00:00')): P90 takes: 0.030883312225341797
Stats: gPCE takes: 0.10359406471252441
Stats for ('LOHB', Timestamp('2013-03-30 00:00:00')): E takes: 0.309403657913208
Stats for ('LOHB', Timestamp('2013-03-30 00:00:00')): Var takes: 58.39150023460388
Stats for ('LOHB', Timestamp('2013-03-30 00:00:00')): StdDev takes: 58.33290982246399
Stats for ('LOHB', Timestamp('2013-03-30 00:00:00')): Sobol_m takes: 59.77590751647949
Stats for ('LOHB', Timestamp('2013-03-30 00:00:00')): Sobol_m2 takes: 69.42911529541016
Stats for ('LOHB', Timestamp('2013-03-30 00:00:00')): Sobol_t takes: 101.85610938072205
Stats for ('LOHB', Timestamp('2013-03-30 00:00:00')): P10 takes: 0.03149247169494629
Stats for ('LOHB', Timestamp('2013-03-30 00:00:00')): P90 takes: 0.03098130226135254
Stats: gPCE takes: 0.10304450988769531
Stats for ('LOHB', Timestamp('2013-03-31 00:00:00')): E takes: 0.3081779479980469
Stats for ('LOHB', Timestamp('2013-03-31 00:00:00')): Var takes: 58.38655376434326
Stats for ('LOHB', Timestamp('2013-03-31 00:00:00')): StdDev takes: 58.43502616882324
Stats for ('LOHB', Timestamp('2013-03-31 00:00:00')): Sobol_m takes: 59.8955237865448
Stats for ('LOHB', Timestamp('2013-03-31 00:00:00')): Sobol_m2 takes: 69.5797860622406
Stats for ('LOHB', Timestamp('2013-03-31 00:00:00')): Sobol_t takes: 101.85410666465759
Stats for ('LOHB', Timestamp('2013-03-31 00:00:00')): P10 takes: 0.031028032302856445
Stats for ('LOHB', Timestamp('2013-03-31 00:00:00')): P90 takes: 0.030880212783813477
Stats: gPCE takes: 0.10347247123718262
Stats for ('LOHB', Timestamp('2013-04-01 00:00:00')): E takes: 0.30829882621765137
Stats for ('LOHB', Timestamp('2013-04-01 00:00:00')): Var takes: 58.42863488197327
Stats for ('LOHB', Timestamp('2013-04-01 00:00:00')): StdDev takes: 58.389708042144775
Stats for ('LOHB', Timestamp('2013-04-01 00:00:00')): Sobol_m takes: 59.87610936164856
Stats for ('LOHB', Timestamp('2013-04-01 00:00:00')): Sobol_m2 takes: 69.55672144889832
Stats for ('LOHB', Timestamp('2013-04-01 00:00:00')): Sobol_t takes: 101.72052502632141
Stats for ('LOHB', Timestamp('2013-04-01 00:00:00')): P10 takes: 0.031207799911499023
Stats for ('LOHB', Timestamp('2013-04-01 00:00:00')): P90 takes: 0.03096175193786621
Stats: gPCE takes: 0.10374617576599121
Stats for ('LOHB', Timestamp('2013-04-02 00:00:00')): E takes: 0.30945491790771484
Stats for ('LOHB', Timestamp('2013-04-02 00:00:00')): Var takes: 58.41778802871704
Stats for ('LOHB', Timestamp('2013-04-02 00:00:00')): StdDev takes: 58.4679639339447
Stats for ('LOHB', Timestamp('2013-04-02 00:00:00')): Sobol_m takes: 59.90962862968445
Stats for ('LOHB', Timestamp('2013-04-02 00:00:00')): Sobol_m2 takes: 69.49379277229309
Stats for ('LOHB', Timestamp('2013-04-02 00:00:00')): Sobol_t takes: 101.67327642440796
Stats for ('LOHB', Timestamp('2013-04-02 00:00:00')): P10 takes: 0.030923843383789062
Stats for ('LOHB', Timestamp('2013-04-02 00:00:00')): P90 takes: 0.030956268310546875
Stats: gPCE takes: 0.10333132743835449
Stats for ('LOHB', Timestamp('2013-04-03 00:00:00')): E takes: 0.30757904052734375
Stats for ('LOHB', Timestamp('2013-04-03 00:00:00')): Var takes: 58.43439483642578
Stats for ('LOHB', Timestamp('2013-04-03 00:00:00')): StdDev takes: 58.44242787361145
Stats for ('LOHB', Timestamp('2013-04-03 00:00:00')): Sobol_m takes: 59.837716817855835
Stats for ('LOHB', Timestamp('2013-04-03 00:00:00')): Sobol_m2 takes: 69.43893003463745
Stats for ('LOHB', Timestamp('2013-04-03 00:00:00')): Sobol_t takes: 101.77753686904907
Stats for ('LOHB', Timestamp('2013-04-03 00:00:00')): P10 takes: 0.030932903289794922
Stats for ('LOHB', Timestamp('2013-04-03 00:00:00')): P90 takes: 0.03080296516418457
Stats: gPCE takes: 0.10334396362304688
Stats for ('LOHB', Timestamp('2013-04-04 00:00:00')): E takes: 0.30787158012390137
Stats for ('LOHB', Timestamp('2013-04-04 00:00:00')): Var takes: 58.45404767990112
Stats for ('LOHB', Timestamp('2013-04-04 00:00:00')): StdDev takes: 58.4094672203064
Stats for ('LOHB', Timestamp('2013-04-04 00:00:00')): Sobol_m takes: 59.82295203208923
Stats for ('LOHB', Timestamp('2013-04-04 00:00:00')): Sobol_m2 takes: 69.5214912891388
Stats for ('LOHB', Timestamp('2013-04-04 00:00:00')): Sobol_t takes: 101.82968950271606
Stats for ('LOHB', Timestamp('2013-04-04 00:00:00')): P10 takes: 0.03103494644165039
Stats for ('LOHB', Timestamp('2013-04-04 00:00:00')): P90 takes: 0.030874967575073242
Stats: gPCE takes: 0.10378336906433105
Stats for ('LOHB', Timestamp('2013-04-05 00:00:00')): E takes: 0.3087301254272461
Stats for ('LOHB', Timestamp('2013-04-05 00:00:00')): Var takes: 58.427019119262695
Stats for ('LOHB', Timestamp('2013-04-05 00:00:00')): StdDev takes: 58.463220834732056
Stats for ('LOHB', Timestamp('2013-04-05 00:00:00')): Sobol_m takes: 59.8929009437561
Stats for ('LOHB', Timestamp('2013-04-05 00:00:00')): Sobol_m2 takes: 69.43379235267639
Stats for ('LOHB', Timestamp('2013-04-05 00:00:00')): Sobol_t takes: 101.8270857334137
Stats for ('LOHB', Timestamp('2013-04-05 00:00:00')): P10 takes: 0.031191110610961914
Stats for ('LOHB', Timestamp('2013-04-05 00:00:00')): P90 takes: 0.030932903289794922
Stats: gPCE takes: 0.10371184349060059
Stats for ('LOHB', Timestamp('2013-04-06 00:00:00')): E takes: 0.30600690841674805
Stats for ('LOHB', Timestamp('2013-04-06 00:00:00')): Var takes: 58.37575078010559
Stats for ('LOHB', Timestamp('2013-04-06 00:00:00')): StdDev takes: 58.43430805206299
Stats for ('LOHB', Timestamp('2013-04-06 00:00:00')): Sobol_m takes: 59.86548638343811
Stats for ('LOHB', Timestamp('2013-04-06 00:00:00')): Sobol_m2 takes: 69.54946756362915
Stats for ('LOHB', Timestamp('2013-04-06 00:00:00')): Sobol_t takes: 101.75399112701416
Stats for ('LOHB', Timestamp('2013-04-06 00:00:00')): P10 takes: 0.031077861785888672
Stats for ('LOHB', Timestamp('2013-04-06 00:00:00')): P90 takes: 0.031119108200073242
Stats: gPCE takes: 0.10451984405517578
Stats for ('LOHB', Timestamp('2013-04-07 00:00:00')): E takes: 0.3064994812011719
Stats for ('LOHB', Timestamp('2013-04-07 00:00:00')): Var takes: 58.45275664329529
Stats for ('LOHB', Timestamp('2013-04-07 00:00:00')): StdDev takes: 58.369810819625854
Stats for ('LOHB', Timestamp('2013-04-07 00:00:00')): Sobol_m takes: 59.868749141693115
Stats for ('LOHB', Timestamp('2013-04-07 00:00:00')): Sobol_m2 takes: 69.54572677612305
Stats for ('LOHB', Timestamp('2013-04-07 00:00:00')): Sobol_t takes: 101.81394267082214
Stats for ('LOHB', Timestamp('2013-04-07 00:00:00')): P10 takes: 0.031093835830688477
Stats for ('LOHB', Timestamp('2013-04-07 00:00:00')): P90 takes: 0.030948877334594727
Stats: gPCE takes: 0.10434198379516602
Stats for ('LOHB', Timestamp('2013-04-08 00:00:00')): E takes: 0.31034255027770996
Stats for ('LOHB', Timestamp('2013-04-08 00:00:00')): Var takes: 58.41112565994263
Stats for ('LOHB', Timestamp('2013-04-08 00:00:00')): StdDev takes: 58.399049282073975
Stats for ('LOHB', Timestamp('2013-04-08 00:00:00')): Sobol_m takes: 59.80100107192993
Stats for ('LOHB', Timestamp('2013-04-08 00:00:00')): Sobol_m2 takes: 69.43145537376404
Stats for ('LOHB', Timestamp('2013-04-08 00:00:00')): Sobol_t takes: 101.8303542137146
Stats for ('LOHB', Timestamp('2013-04-08 00:00:00')): P10 takes: 0.030929088592529297
Stats for ('LOHB', Timestamp('2013-04-08 00:00:00')): P90 takes: 0.030745267868041992
Stats: gPCE takes: 0.10314583778381348
Stats for ('LOHB', Timestamp('2013-04-09 00:00:00')): E takes: 0.3074936866760254
Stats for ('LOHB', Timestamp('2013-04-09 00:00:00')): Var takes: 58.448326110839844
Stats for ('LOHB', Timestamp('2013-04-09 00:00:00')): StdDev takes: 58.406546115875244
Stats for ('LOHB', Timestamp('2013-04-09 00:00:00')): Sobol_m takes: 59.83943724632263
Stats for ('LOHB', Timestamp('2013-04-09 00:00:00')): Sobol_m2 takes: 69.44375419616699
Stats for ('LOHB', Timestamp('2013-04-09 00:00:00')): Sobol_t takes: 101.78872346878052
Stats for ('LOHB', Timestamp('2013-04-09 00:00:00')): P10 takes: 0.03116774559020996
Stats for ('LOHB', Timestamp('2013-04-09 00:00:00')): P90 takes: 0.030871868133544922
Stats: gPCE takes: 0.10361909866333008
Stats for ('LOHB', Timestamp('2013-04-10 00:00:00')): E takes: 0.3085184097290039
Stats for ('LOHB', Timestamp('2013-04-10 00:00:00')): Var takes: 58.42551898956299
Stats for ('LOHB', Timestamp('2013-04-10 00:00:00')): StdDev takes: 58.40099883079529
Stats for ('LOHB', Timestamp('2013-04-10 00:00:00')): Sobol_m takes: 59.819387674331665
Stats for ('LOHB', Timestamp('2013-04-10 00:00:00')): Sobol_m2 takes: 69.45226502418518
Stats for ('LOHB', Timestamp('2013-04-10 00:00:00')): Sobol_t takes: 101.79274845123291
Stats for ('LOHB', Timestamp('2013-04-10 00:00:00')): P10 takes: 0.031209230422973633
Stats for ('LOHB', Timestamp('2013-04-10 00:00:00')): P90 takes: 0.030910730361938477
Stats: gPCE takes: 0.10343718528747559
Stats for ('LOHB', Timestamp('2013-04-11 00:00:00')): E takes: 0.3088390827178955
Stats for ('LOHB', Timestamp('2013-04-11 00:00:00')): Var takes: 58.474321126937866
Stats for ('LOHB', Timestamp('2013-04-11 00:00:00')): StdDev takes: 58.45001006126404
Stats for ('LOHB', Timestamp('2013-04-11 00:00:00')): Sobol_m takes: 59.868324518203735
Stats for ('LOHB', Timestamp('2013-04-11 00:00:00')): Sobol_m2 takes: 69.5604407787323
Stats for ('LOHB', Timestamp('2013-04-11 00:00:00')): Sobol_t takes: 101.83700275421143
Stats for ('LOHB', Timestamp('2013-04-11 00:00:00')): P10 takes: 0.031095504760742188
Stats for ('LOHB', Timestamp('2013-04-11 00:00:00')): P90 takes: 0.030829429626464844
Stats: gPCE takes: 0.10326361656188965
Stats for ('LOHB', Timestamp('2013-04-12 00:00:00')): E takes: 0.30519700050354004
Stats for ('LOHB', Timestamp('2013-04-12 00:00:00')): Var takes: 58.377623081207275
Stats for ('LOHB', Timestamp('2013-04-12 00:00:00')): StdDev takes: 58.45536136627197
Stats for ('LOHB', Timestamp('2013-04-12 00:00:00')): Sobol_m takes: 59.90218687057495
Stats for ('LOHB', Timestamp('2013-04-12 00:00:00')): Sobol_m2 takes: 69.56379008293152
Stats for ('LOHB', Timestamp('2013-04-12 00:00:00')): Sobol_t takes: 101.8246819972992
Stats for ('LOHB', Timestamp('2013-04-12 00:00:00')): P10 takes: 0.03098154067993164
Stats for ('LOHB', Timestamp('2013-04-12 00:00:00')): P90 takes: 0.03088521957397461
Stats: gPCE takes: 0.10333418846130371
Stats for ('LOHB', Timestamp('2013-04-13 00:00:00')): E takes: 0.3079793453216553
Stats for ('LOHB', Timestamp('2013-04-13 00:00:00')): Var takes: 58.45789551734924
Stats for ('LOHB', Timestamp('2013-04-13 00:00:00')): StdDev takes: 58.34403395652771
Stats for ('LOHB', Timestamp('2013-04-13 00:00:00')): Sobol_m takes: 59.89545679092407
Stats for ('LOHB', Timestamp('2013-04-13 00:00:00')): Sobol_m2 takes: 69.54649782180786
Stats for ('LOHB', Timestamp('2013-04-13 00:00:00')): Sobol_t takes: 101.79009127616882
Stats for ('LOHB', Timestamp('2013-04-13 00:00:00')): P10 takes: 0.0313715934753418
Stats for ('LOHB', Timestamp('2013-04-13 00:00:00')): P90 takes: 0.030819416046142578
Stats: gPCE takes: 0.10387516021728516
Stats for ('LOHB', Timestamp('2013-04-14 00:00:00')): E takes: 0.3093380928039551
Stats for ('LOHB', Timestamp('2013-04-14 00:00:00')): Var takes: 58.436758279800415
Stats for ('LOHB', Timestamp('2013-04-14 00:00:00')): StdDev takes: 58.42752742767334
Stats for ('LOHB', Timestamp('2013-04-14 00:00:00')): Sobol_m takes: 59.88708281517029
Stats for ('LOHB', Timestamp('2013-04-14 00:00:00')): Sobol_m2 takes: 69.33802366256714
Stats for ('LOHB', Timestamp('2013-04-14 00:00:00')): Sobol_t takes: 101.79997897148132
Stats for ('LOHB', Timestamp('2013-04-14 00:00:00')): P10 takes: 0.03107142448425293
Stats for ('LOHB', Timestamp('2013-04-14 00:00:00')): P90 takes: 0.03058791160583496
Stats: gPCE takes: 0.10352683067321777
Stats for ('LOHB', Timestamp('2013-04-15 00:00:00')): E takes: 0.30777812004089355
Stats for ('LOHB', Timestamp('2013-04-15 00:00:00')): Var takes: 58.471338987350464
Stats for ('LOHB', Timestamp('2013-04-15 00:00:00')): StdDev takes: 58.4166419506073
Stats for ('LOHB', Timestamp('2013-04-15 00:00:00')): Sobol_m takes: 59.82872414588928
Stats for ('LOHB', Timestamp('2013-04-15 00:00:00')): Sobol_m2 takes: 69.43721413612366
Stats for ('LOHB', Timestamp('2013-04-15 00:00:00')): Sobol_t takes: 101.83903646469116
Stats for ('LOHB', Timestamp('2013-04-15 00:00:00')): P10 takes: 0.031055212020874023
Stats for ('LOHB', Timestamp('2013-04-15 00:00:00')): P90 takes: 0.03079700469970703
Stats: gPCE takes: 0.10410904884338379
Stats for ('LOHB', Timestamp('2013-04-16 00:00:00')): E takes: 0.30770230293273926
Stats for ('LOHB', Timestamp('2013-04-16 00:00:00')): Var takes: 58.46717715263367
Stats for ('LOHB', Timestamp('2013-04-16 00:00:00')): StdDev takes: 58.450268507003784
Stats for ('LOHB', Timestamp('2013-04-16 00:00:00')): Sobol_m takes: 59.85818147659302
Stats for ('LOHB', Timestamp('2013-04-16 00:00:00')): Sobol_m2 takes: 69.44081497192383
Stats for ('LOHB', Timestamp('2013-04-16 00:00:00')): Sobol_t takes: 101.79513001441956
Stats for ('LOHB', Timestamp('2013-04-16 00:00:00')): P10 takes: 0.03120708465576172
Stats for ('LOHB', Timestamp('2013-04-16 00:00:00')): P90 takes: 0.030855417251586914
Stats: gPCE takes: 0.10385775566101074
Stats for ('LOHB', Timestamp('2013-04-17 00:00:00')): E takes: 0.30753540992736816
Stats for ('LOHB', Timestamp('2013-04-17 00:00:00')): Var takes: 58.43548321723938
Stats for ('LOHB', Timestamp('2013-04-17 00:00:00')): StdDev takes: 58.40597462654114
Stats for ('LOHB', Timestamp('2013-04-17 00:00:00')): Sobol_m takes: 59.736178159713745
Stats for ('LOHB', Timestamp('2013-04-17 00:00:00')): Sobol_m2 takes: 69.47838521003723
Stats for ('LOHB', Timestamp('2013-04-17 00:00:00')): Sobol_t takes: 101.84811663627625
Stats for ('LOHB', Timestamp('2013-04-17 00:00:00')): P10 takes: 0.031024932861328125
Stats for ('LOHB', Timestamp('2013-04-17 00:00:00')): P90 takes: 0.03089761734008789
Stats: gPCE takes: 0.10363197326660156
Stats for ('LOHB', Timestamp('2013-04-18 00:00:00')): E takes: 0.30756497383117676
Stats for ('LOHB', Timestamp('2013-04-18 00:00:00')): Var takes: 58.407806396484375
Stats for ('LOHB', Timestamp('2013-04-18 00:00:00')): StdDev takes: 58.39807939529419
Stats for ('LOHB', Timestamp('2013-04-18 00:00:00')): Sobol_m takes: 59.83046841621399
Stats for ('LOHB', Timestamp('2013-04-18 00:00:00')): Sobol_m2 takes: 69.50624346733093
Stats for ('LOHB', Timestamp('2013-04-18 00:00:00')): Sobol_t takes: 101.78398704528809
Stats for ('LOHB', Timestamp('2013-04-18 00:00:00')): P10 takes: 0.03105902671813965
Stats for ('LOHB', Timestamp('2013-04-18 00:00:00')): P90 takes: 0.030611515045166016
Stats: gPCE takes: 0.10305976867675781
Stats for ('LOHB', Timestamp('2013-04-19 00:00:00')): E takes: 0.3067610263824463
Stats for ('LOHB', Timestamp('2013-04-19 00:00:00')): Var takes: 58.41998052597046
Stats for ('LOHB', Timestamp('2013-04-19 00:00:00')): StdDev takes: 58.34131407737732
Stats for ('LOHB', Timestamp('2013-04-19 00:00:00')): Sobol_m takes: 59.81587243080139
Stats for ('LOHB', Timestamp('2013-04-19 00:00:00')): Sobol_m2 takes: 69.46801972389221
Stats for ('LOHB', Timestamp('2013-04-19 00:00:00')): Sobol_t takes: 101.78711581230164
Stats for ('LOHB', Timestamp('2013-04-19 00:00:00')): P10 takes: 0.03116297721862793
Stats for ('LOHB', Timestamp('2013-04-19 00:00:00')): P90 takes: 0.03070831298828125
Stats: gPCE takes: 0.10353636741638184
Stats for ('LOHB', Timestamp('2013-04-20 00:00:00')): E takes: 0.3091733455657959
Stats for ('LOHB', Timestamp('2013-04-20 00:00:00')): Var takes: 58.40833067893982
Stats for ('LOHB', Timestamp('2013-04-20 00:00:00')): StdDev takes: 58.45628023147583
Stats for ('LOHB', Timestamp('2013-04-20 00:00:00')): Sobol_m takes: 59.84312105178833
Stats for ('LOHB', Timestamp('2013-04-20 00:00:00')): Sobol_m2 takes: 69.43141388893127
Stats for ('LOHB', Timestamp('2013-04-20 00:00:00')): Sobol_t takes: 101.74445343017578
Stats for ('LOHB', Timestamp('2013-04-20 00:00:00')): P10 takes: 0.03101968765258789
Stats for ('LOHB', Timestamp('2013-04-20 00:00:00')): P90 takes: 0.031100749969482422
Stats: gPCE takes: 0.10330963134765625
Stats for ('LOHB', Timestamp('2013-04-21 00:00:00')): E takes: 0.30768465995788574
Stats for ('LOHB', Timestamp('2013-04-21 00:00:00')): Var takes: 58.4076726436615
Stats for ('LOHB', Timestamp('2013-04-21 00:00:00')): StdDev takes: 58.43391513824463
Stats for ('LOHB', Timestamp('2013-04-21 00:00:00')): Sobol_m takes: 59.848042488098145
Stats for ('LOHB', Timestamp('2013-04-21 00:00:00')): Sobol_m2 takes: 69.52276635169983
Stats for ('LOHB', Timestamp('2013-04-21 00:00:00')): Sobol_t takes: 101.7905445098877
Stats for ('LOHB', Timestamp('2013-04-21 00:00:00')): P10 takes: 0.03126835823059082
Stats for ('LOHB', Timestamp('2013-04-21 00:00:00')): P90 takes: 0.03096795082092285
Stats: gPCE takes: 0.10335135459899902
Stats for ('LOHB', Timestamp('2013-04-22 00:00:00')): E takes: 0.3085043430328369
Stats for ('LOHB', Timestamp('2013-04-22 00:00:00')): Var takes: 58.422844886779785
Stats for ('LOHB', Timestamp('2013-04-22 00:00:00')): StdDev takes: 58.440319776535034
Stats for ('LOHB', Timestamp('2013-04-22 00:00:00')): Sobol_m takes: 59.84200739860535
Stats for ('LOHB', Timestamp('2013-04-22 00:00:00')): Sobol_m2 takes: 69.50210905075073
Stats for ('LOHB', Timestamp('2013-04-22 00:00:00')): Sobol_t takes: 101.77142548561096
Stats for ('LOHB', Timestamp('2013-04-22 00:00:00')): P10 takes: 0.030872344970703125
Stats for ('LOHB', Timestamp('2013-04-22 00:00:00')): P90 takes: 0.030662059783935547
Stats: gPCE takes: 0.10350561141967773
Stats for ('LOHB', Timestamp('2013-04-23 00:00:00')): E takes: 0.3077695369720459
Stats for ('LOHB', Timestamp('2013-04-23 00:00:00')): Var takes: 58.458744287490845
Stats for ('LOHB', Timestamp('2013-04-23 00:00:00')): StdDev takes: 58.4376916885376
Stats for ('LOHB', Timestamp('2013-04-23 00:00:00')): Sobol_m takes: 59.91519904136658
Stats for ('LOHB', Timestamp('2013-04-23 00:00:00')): Sobol_m2 takes: 69.47388792037964
Stats for ('LOHB', Timestamp('2013-04-23 00:00:00')): Sobol_t takes: 101.75920367240906
Stats for ('LOHB', Timestamp('2013-04-23 00:00:00')): P10 takes: 0.031145572662353516
Stats for ('LOHB', Timestamp('2013-04-23 00:00:00')): P90 takes: 0.030821561813354492
Stats: gPCE takes: 0.10379528999328613
Stats for ('LOHB', Timestamp('2013-04-24 00:00:00')): E takes: 0.30802083015441895
Stats for ('LOHB', Timestamp('2013-04-24 00:00:00')): Var takes: 58.292412757873535
Stats for ('LOHB', Timestamp('2013-04-24 00:00:00')): StdDev takes: 58.410117626190186
Stats for ('LOHB', Timestamp('2013-04-24 00:00:00')): Sobol_m takes: 59.827712297439575
Stats for ('LOHB', Timestamp('2013-04-24 00:00:00')): Sobol_m2 takes: 69.5434308052063
Stats for ('LOHB', Timestamp('2013-04-24 00:00:00')): Sobol_t takes: 101.76783776283264
Stats for ('LOHB', Timestamp('2013-04-24 00:00:00')): P10 takes: 0.03110504150390625
Stats for ('LOHB', Timestamp('2013-04-24 00:00:00')): P90 takes: 0.031038284301757812
Stats: gPCE takes: 0.10353255271911621
Stats for ('LOHB', Timestamp('2013-04-25 00:00:00')): E takes: 0.30608558654785156
Stats for ('LOHB', Timestamp('2013-04-25 00:00:00')): Var takes: 58.3909809589386
Stats for ('LOHB', Timestamp('2013-04-25 00:00:00')): StdDev takes: 58.471797943115234
Stats for ('LOHB', Timestamp('2013-04-25 00:00:00')): Sobol_m takes: 59.87544822692871
Stats for ('LOHB', Timestamp('2013-04-25 00:00:00')): Sobol_m2 takes: 69.52904200553894
Stats for ('LOHB', Timestamp('2013-04-25 00:00:00')): Sobol_t takes: 101.78085064888
Stats for ('LOHB', Timestamp('2013-04-25 00:00:00')): P10 takes: 0.03112316131591797
Stats for ('LOHB', Timestamp('2013-04-25 00:00:00')): P90 takes: 0.030917882919311523
Stats: gPCE takes: 0.10331940650939941
Stats for ('LOHB', Timestamp('2013-04-26 00:00:00')): E takes: 0.30756616592407227
Stats for ('LOHB', Timestamp('2013-04-26 00:00:00')): Var takes: 58.43878626823425
Stats for ('LOHB', Timestamp('2013-04-26 00:00:00')): StdDev takes: 58.38562035560608
Stats for ('LOHB', Timestamp('2013-04-26 00:00:00')): Sobol_m takes: 59.73231506347656
Stats for ('LOHB', Timestamp('2013-04-26 00:00:00')): Sobol_m2 takes: 69.50173354148865
Stats for ('LOHB', Timestamp('2013-04-26 00:00:00')): Sobol_t takes: 101.80918836593628
Stats for ('LOHB', Timestamp('2013-04-26 00:00:00')): P10 takes: 0.031041622161865234
Stats for ('LOHB', Timestamp('2013-04-26 00:00:00')): P90 takes: 0.0307619571685791
Stats: gPCE takes: 0.10358858108520508
Stats for ('LOHB', Timestamp('2013-04-27 00:00:00')): E takes: 0.3071146011352539
Stats for ('LOHB', Timestamp('2013-04-27 00:00:00')): Var takes: 58.40983271598816
Stats for ('LOHB', Timestamp('2013-04-27 00:00:00')): StdDev takes: 58.38070058822632
Stats for ('LOHB', Timestamp('2013-04-27 00:00:00')): Sobol_m takes: 59.88178825378418
Stats for ('LOHB', Timestamp('2013-04-27 00:00:00')): Sobol_m2 takes: 69.49304866790771
Stats for ('LOHB', Timestamp('2013-04-27 00:00:00')): Sobol_t takes: 101.7625937461853
Stats for ('LOHB', Timestamp('2013-04-27 00:00:00')): P10 takes: 0.03108692169189453
Stats for ('LOHB', Timestamp('2013-04-27 00:00:00')): P90 takes: 0.030903100967407227
Stats: gPCE takes: 0.10324501991271973
Stats for ('LOHB', Timestamp('2013-04-28 00:00:00')): E takes: 0.30774831771850586
Stats for ('LOHB', Timestamp('2013-04-28 00:00:00')): Var takes: 58.40934157371521
Stats for ('LOHB', Timestamp('2013-04-28 00:00:00')): StdDev takes: 58.32431674003601
Stats for ('LOHB', Timestamp('2013-04-28 00:00:00')): Sobol_m takes: 59.79868030548096
Stats for ('LOHB', Timestamp('2013-04-28 00:00:00')): Sobol_m2 takes: 69.45257663726807
Stats for ('LOHB', Timestamp('2013-04-28 00:00:00')): Sobol_t takes: 101.81864094734192
Stats for ('LOHB', Timestamp('2013-04-28 00:00:00')): P10 takes: 0.0310513973236084
Stats for ('LOHB', Timestamp('2013-04-28 00:00:00')): P90 takes: 0.03072834014892578
Stats: gPCE takes: 0.10338759422302246
Stats for ('LOHB', Timestamp('2013-04-29 00:00:00')): E takes: 0.3097343444824219
Stats for ('LOHB', Timestamp('2013-04-29 00:00:00')): Var takes: 58.41003370285034
Stats for ('LOHB', Timestamp('2013-04-29 00:00:00')): StdDev takes: 58.46333622932434
Stats for ('LOHB', Timestamp('2013-04-29 00:00:00')): Sobol_m takes: 59.833287954330444
Stats for ('LOHB', Timestamp('2013-04-29 00:00:00')): Sobol_m2 takes: 69.51662015914917
Stats for ('LOHB', Timestamp('2013-04-29 00:00:00')): Sobol_t takes: 101.76970362663269
Stats for ('LOHB', Timestamp('2013-04-29 00:00:00')): P10 takes: 0.031114578247070312
Stats for ('LOHB', Timestamp('2013-04-29 00:00:00')): P90/lrz/sys/intel/studio2019_u4/intelpython3/lib/python3.6/site-packages/pandas/plotting/_converter.py:129: FutureWarning: Using an implicitly registered datetime converter for a matplotlib plotting method. The converter was registered by pandas on import. Future versions of pandas will require you to explicitly register matplotlib converters.

To register the converters:
	>>> from pandas.plotting import register_matplotlib_converters
	>>> register_matplotlib_converters()
  warnings.warn(msg, FutureWarning)
 takes: 0.030855655670166016
calculate statistics [RuntimeStatistics]...
[ 73.68830824  73.69989926  73.71149029 ... 189.56378017 189.5753712
 189.58696222]
print statistics...
None
QoI                 E    StdDev        Var          P5         P95
---------  ----------  --------  ---------  ----------  ----------
E_runtime  132.520542  5.565616  30.976081  124.790607  142.078846

Sensitivity Indices:
Index                    value
-----------------------  -----------------------------------------------
First order              [0.44329857 0.06404442 0.07775901 0.00901879]
First order_Interaction  0.40587921605581967
Second order             [[0.         0.14443124 0.02825972 0.03562252]
                          [0.14443124 0.         0.06206664 0.02478368]
                          [0.02825972 0.06206664 0.         0.03929923]
                          [0.03562252 0.02478368 0.03929923 0.        ]]
Total order              [0.71693329 0.3541311  0.26408151 0.14755565]

type            runtime                                                                 estimated                                                               org_estimated                                                           diff: T-E                                                               diff: T-OE
--------------  ----------------------------------------------------------------------  ----------------------------------------------------------------------  ----------------------------------------------------------------------  ----------------------------------------------------------------------  ----------------------------------------------------------------------
sum(T_i_S)      171699.77843737602                                                      171879.87317881756                                                      171879.87317881756                                                      -180.09474144154228                                                     -180.09474144154228
T_i_SWP_worker  [3083.27599883 3156.04918742 3095.0084269  3151.1751833  3083.21360683  [3167.08398177 3184.03861031 3168.98189305 3178.64683473 3141.6993197   [3167.08398177 3184.03861031 3168.98189305 3178.64683473 3141.6993197   [ -83.80798294  -27.98942288  -73.97346614  -27.47165144  -58.48571287  [ -83.80798294  -27.98942288  -73.97346614  -27.47165144  -58.48571287
                 3147.99783897 3139.80095673 3093.48368931 3041.99285197 3056.94754481   3167.48727173 3164.57802243 3183.61034533 3061.90816005 3087.85458383   3167.48727173 3164.57802243 3183.61034533 3061.90816005 3087.85458383    -19.48943276  -24.77706571  -90.12665602  -19.91530808  -30.90703902    -19.48943276  -24.77706571  -90.12665602  -19.91530808  -30.90703902
                 3021.87583494 3025.33928442 3064.95028424 3043.50897908 3106.13844061   3053.75346581 3069.08144663 3026.99350912 3049.93364871 3053.06307403   3053.75346581 3069.08144663 3026.99350912 3049.93364871 3053.06307403    -31.87763087  -43.74216221   37.95677512   -6.42466963   53.07536658    -31.87763087  -43.74216221   37.95677512   -6.42466963   53.07536658
                 3058.65248394 3008.03994274 3057.14344501 3032.74168873 3085.82133317   3082.22862542 3064.75665289 3086.85158403 3030.80580237 3040.77188583   3082.22862542 3064.75665289 3086.85158403 3030.80580237 3040.77188583    -23.57614148  -56.71671015  -29.70813902    1.93588636   45.04944734    -23.57614148  -56.71671015  -29.70813902    1.93588636   45.04944734
                 3149.77638125 3075.4218173  3092.29867125 3077.48381543 3046.4218564    3041.19566356 3065.04064134 3065.02864094 3086.7132004  3038.39335274   3041.19566356 3065.04064134 3065.02864094 3086.7132004  3038.39335274    108.58071769   10.38117597   27.27003031   -9.22938496    8.02850367    108.58071769   10.38117597   27.27003031   -9.22938496    8.02850367
                 3030.35481215 3058.42348242 3117.42556238 3057.88965893 3126.70592475   3051.34462075 3060.90174805 3076.00049751 3045.83015262 3082.66262458   3051.34462075 3060.90174805 3076.00049751 3045.83015262 3082.66262458    -20.9898086    -2.47826563   41.42506487   12.05950631   44.04330017    -20.9898086    -2.47826563   41.42506487   12.05950631   44.04330017
                 3002.83572865 3084.81283116 3043.32598495 3054.22055316 3054.62263441   3053.01603074 3057.59449532 3044.88664437 3062.3515146  3047.75890557   3053.01603074 3057.59449532 3044.88664437 3062.3515146  3047.75890557    -50.1803021    27.21833584   -1.56065941   -8.13096144    6.86372884    -50.1803021    27.21833584   -1.56065941   -8.13096144    6.86372884
                 3063.46604729 3093.63217688 3118.77253985 2984.35766888 3085.1243124    3082.2152783  3043.0093578  3053.35307736 3031.6785421  3042.38723545   3082.2152783  3043.0093578  3053.35307736 3031.6785421  3042.38723545    -18.74923101   50.62281908   65.41946249  -47.32087322   42.73707695    -18.74923101   50.62281908   65.41946249  -47.32087322   42.73707695
                 3064.24971175 3030.66891432 3042.41122961 3123.68020606 3031.56497169   3022.95108346 3058.95181248 3056.30671898 3067.2868519  3036.38590732   3022.95108346 3058.95181248 3056.30671898 3067.2868519  3036.38590732     41.2986283   -28.28289816  -13.89548937   56.39335416   -4.82093564     41.2986283   -28.28289816  -13.89548937   56.39335416   -4.82093564
                 3059.98266792 3057.11426401 3047.69332147 3087.24640799 3103.90248728   3049.9154378  3032.66273946 3058.15748559 3033.92083135 3066.01518546   3049.9154378  3032.66273946 3058.15748559 3033.92083135 3066.01518546     10.06723012   24.45152455  -10.46416413   53.32557663   37.88730182     10.06723012   24.45152455  -10.46416413   53.32557663   37.88730182
                 3066.64069581 3062.32969093 3041.56676769 3022.02544403 2982.19787431   3054.4692278  3062.89989565 3021.96752915 3035.05538188 3002.47305659   3054.4692278  3062.89989565 3021.96752915 3035.05538188 3002.47305659     12.17146801   -0.57020472   19.59923855  -13.02993785  -20.27518228     12.17146801   -0.57020472   19.59923855  -13.02993785  -20.27518228
                 2905.97432065]                                                          3024.96309209]                                                          3024.96309209]                                                          -118.98877144]                                                          -118.98877144]
T_SWP_worker    3156.0491874217987                                                      3184.0386103060973                                                      3184.0386103060973                                                      -27.98942288429862                                                      -27.98942288429862
T_Prop          3203.8495371341705                                                      3231.838960018469                                                       3231.838960018469                                                       -27.98942288429862                                                      -27.98942288429862
T_I             250.074866771698                                                        250.074866771698                                                        250.074866771698                                                        0.0                                                                     0.0
T_C             47.800349712371826                                                      47.800349712371826                                                      47.800349712371826                                                      0.0                                                                     0.0
T_S_overhead    0.0                                                                     0.0                                                                     0.0                                                                     0.0                                                                     0.0

Errors:
Error                          ET         OET
----------------------  ---------  ----------
aboslute error min       0.013609    0.013609
aboslute error max      50.098999   50.098999
aboslute error mean      6.469235    6.469235
aboslute error l2 norm   9.400673  338.424224
relative error min       0.000099    0.000099
relative error max       0.270664    0.270664
relative error mean      0.045822    0.045822
relative error l2 norm   0.063127    0.063127

type                        runtime
------------------------  ---------
t_estimate_runtime         0.000161
t_wp_creation              0.077961
t_estimate_restore_order   0.000161


generate stat plots...
[0.24236731 0.15075016 0.26955123 ... 0.04359383 0.0406954  0.10048423]
[0.24236731 0.15075016 0.26955123 ... 0.04359383 0.0406954  0.10048423]
save statistics...
UQsim: save to file: /dss/dsshome1/lxc01/di73wal/work/simulation/diss.larsim/Larsim-UQ.git/../larsim_runs/0125_sim/uqsim.saved
---- end sim: Mon Dec 23 13:52:35 CET 2019
