python/3.6_intel (INFO):
    Loading this module may cause the environment generated by other
    modules to become inconsistent; however it should work together
    with the Intel compilers, tools and libraries.
---- start sim: Sat Jan 11 14:05:22 CET 2020
MPI version: Intel(R) MPI Library 2018 Update 4 for Linux* OS

MPI2 version: (3, 1)
MPI3 version: 3
mpi4py version: 3.0.3
rank 0: starttime: 2020.01.11 14:05:31
dir: /dss/dsshome1/lxc01/di73wal/work/simulation/diss.larsim/Larsim-UQ.git/../larsim_runs/0125_sim
dir: /dss/dsshome1/lxc01/di73wal/work/simulation/diss.larsim/Larsim-UQ.git/../larsim_runs/0125_sim
['/dss/dsshome1/lxc01/di73wal/work/simulation/diss.larsim/Larsim-UQ.git/../larsim_runs/0125_sim/uqsim.saved']
parsing args...
rank: 0 is master!
rank: 0 is master!
UQsim: restore from file: True
rank: 0 exit
uqsim.args.disable_statistics: False
calculate statistics [LarsimStatistics]...
Stats: samplesData Frame with All the simulation results : Index_run                   int64
Stationskennung            object
Type                       object
TimeStamp          datetime64[ns]
Value                     float64
dtype: object
 takes: 13.185277938842773
timesteps Info
<class 'numpy.ndarray'>
numbTimesteps is: 1440
Stats: gPCE takes: 0.11133241653442383
Stats for ('MARI', Timestamp('2013-03-01 00:00:00')): E takes: 0.3181755542755127
Stats for ('MARI', Timestamp('2013-03-01 00:00:00')): Var takes: 60.29914569854736
Stats for ('MARI', Timestamp('2013-03-01 00:00:00')): StdDev takes: 60.263933420181274
Stats for ('MARI', Timestamp('2013-03-01 00:00:00')): Sobol_m takes: 61.72578024864197
Stats for ('MARI', Timestamp('2013-03-01 00:00:00')): Sobol_m2 takes: 71.7245626449585
Stats for ('MARI', Timestamp('2013-03-01 00:00:00')): Sobol_t takes: 105.07772898674011
Stats for ('MARI', Timestamp('2013-03-01 00:00:00')): P10 takes: 0.03269648551940918
Stats for ('MARI', Timestamp('2013-03-01 00:00:00')): P90 takes: 0.031884193420410156
Stats: gPCE takes: 0.11059784889221191
Stats for ('MARI', Timestamp('2013-03-01 01:00:00')): E takes: 0.31792163848876953
Stats for ('MARI', Timestamp('2013-03-01 01:00:00')): Var takes: 60.51426959037781
Stats for ('MARI', Timestamp('2013-03-01 01:00:00')): StdDev takes: 60.45146989822388
Stats for ('MARI', Timestamp('2013-03-01 01:00:00')): Sobol_m takes: 61.756261587142944
Stats for ('MARI', Timestamp('2013-03-01 01:00:00')): Sobol_m2 takes: 71.93021988868713
Stats for ('MARI', Timestamp('2013-03-01 01:00:00')): Sobol_t takes: 105.25470733642578
Stats for ('MARI', Timestamp('2013-03-01 01:00:00')): P10 takes: 0.03210616111755371
Stats for ('MARI', Timestamp('2013-03-01 01:00:00')): P90 takes: 0.03185725212097168
Stats: gPCE takes: 0.11023473739624023
Stats for ('MARI', Timestamp('2013-03-01 02:00:00')): E takes: 0.3140537738800049
Stats for ('MARI', Timestamp('2013-03-01 02:00:00')): Var takes: 59.80396604537964
Stats for ('MARI', Timestamp('2013-03-01 02:00:00')): StdDev takes: 59.61184334754944
Stats for ('MARI', Timestamp('2013-03-01 02:00:00')): Sobol_m takes: 60.99389839172363
Stats for ('MARI', Timestamp('2013-03-01 02:00:00')): Sobol_m2 takes: 70.86533212661743
Stats for ('MARI', Timestamp('2013-03-01 02:00:00')): Sobol_tslurmstepd: error: *** JOB 366170 ON mpp2r04c04s03 CANCELLED AT 2020-01-11T14:23:05 ***
