python/3.6_intel (INFO):
    Loading this module may cause the environment generated by other
    modules to become inconsistent; however it should work together
    with the Intel compilers, tools and libraries.
---- start sim: Sat Jan 11 14:36:56 CET 2020
MPI version: Intel(R) MPI Library 2018 Update 4 for Linux* OS

MPI2 version: (3, 1)
MPI3 version: 3
mpi4py version: 3.0.3
rank 0: starttime: 2020.01.11 14:37:01
dir: /dss/dsshome1/lxc01/di73wal/work/simulation/diss.larsim/Larsim-UQ.git/../larsim_runs/0123_sim
dir: /dss/dsshome1/lxc01/di73wal/work/simulation/diss.larsim/Larsim-UQ.git/../larsim_runs/0123_sim
['/dss/dsshome1/lxc01/di73wal/work/simulation/diss.larsim/Larsim-UQ.git/../larsim_runs/0123_sim/uqsim.saved']
parsing args...
rank: 0 is master!
rank: 0 is master!
UQsim: restore from file: True
rank: 0 exit
uqsim.args.disable_statistics: False
calculate statistics [LarsimStatistics]...
Stats: samplesData Frame with All the simulation results : Index_run                   int64
Stationskennung            object
Type                       object
TimeStamp          datetime64[ns]
Value                     float64
dtype: object
Stationskennung            object
Type                       object
TimeStamp          datetime64[ns]
Index_run                   int64
Value                     float64
dtype: object
 takes: 4.1172871589660645
timesteps Info
<class 'numpy.ndarray'>
numbTimesteps is: 60
Stats: gPCE takes: 0.014459609985351562
Stats for ('MARI', Timestamp('2013-03-01 00:00:00')): E takes: 0.0681304931640625
Stats for ('MARI', Timestamp('2013-03-01 00:00:00')): Var takes: 3.4590976238250732
Stats for ('MARI', Timestamp('2013-03-01 00:00:00')): StdDev takes: 3.5143511295318604
Stats for ('MARI', Timestamp('2013-03-01 00:00:00')): Sobol_m takes: 3.8912837505340576
Stats for ('MARI', Timestamp('2013-03-01 00:00:00')): Sobol_m2 takes: 5.675501823425293
Stats for ('MARI', Timestamp('2013-03-01 00:00:00')): Sobol_t takes: 7.921950817108154
Stats for ('MARI', Timestamp('2013-03-01 00:00:00')): P10 takes: 0.014131307601928711
Stats for ('MARI', Timestamp('2013-03-01 00:00:00')): P90 takes: 0.012940406799316406
Stats: gPCE takes: 0.011659383773803711
Stats for ('MARI', Timestamp('2013-03-02 00:00:00')): E takes: 0.06830906867980957
Stats for ('MARI', Timestamp('2013-03-02 00:00:00')): Var takes: 3.4853343963623047
Stats for ('MARI', Timestamp('2013-03-02 00:00:00')): StdDev takes: 3.48362398147583
Stats for ('MARI', Timestamp('2013-03-02 00:00:00')): Sobol_m takes: 3.865954875946045
Stats for ('MARI', Timestamp('2013-03-02 00:00:00')): Sobol_m2 takes: 5.656162261962891
Stats for ('MARI', Timestamp('2013-03-02 00:00:00')): Sobol_t takes: 7.92310357093811
Stats for ('MARI', Timestamp('2013-03-02 00:00:00')): P10 takes: 0.013471603393554688
Stats for ('MARI', Timestamp('2013-03-02 00:00:00')): P90 takes: 0.012905120849609375
Stats: gPCE takes: 0.011778831481933594
Stats for ('MARI', Timestamp('2013-03-03 00:00:00')): E takes: 0.06792020797729492
Stats for ('MARI', Timestamp('2013-03-03 00:00:00')): Var takes: 3.492140531539917
Stats for ('MARI', Timestamp('2013-03-03 00:00:00')): StdDev takes: 3.48646879196167
Stats for ('MARI', Timestamp('2013-03-03 00:00:00')): Sobol_m takes: 3.8851349353790283
Stats for ('MARI', Timestamp('2013-03-03 00:00:00')): Sobol_m2 takes: 5.642966985702515
Stats for ('MARI', Timestamp('2013-03-03 00:00:00')): Sobol_t takes: 7.926332712173462
Stats for ('MARI', Timestamp('2013-03-03 00:00:00')): P10 takes: 0.013435840606689453
Stats for ('MARI', Timestamp('2013-03-03 00:00:00')): P90 takes: 0.012870073318481445
Stats: gPCE takes: 0.011608123779296875
Stats for ('MARI', Timestamp('2013-03-04 00:00:00')): E takes: 0.06757783889770508
Stats for ('MARI', Timestamp('2013-03-04 00:00:00')): Var takes: 3.4678685665130615
Stats for ('MARI', Timestamp('2013-03-04 00:00:00')): StdDev takes: 3.484830856323242
Stats for ('MARI', Timestamp('2013-03-04 00:00:00')): Sobol_m takes: 3.876537322998047
Stats for ('MARI', Timestamp('2013-03-04 00:00:00')): Sobol_m2 takes: 5.704149961471558
Stats for ('MARI', Timestamp('2013-03-04 00:00:00')): Sobol_t takes: 7.898730278015137
Stats for ('MARI', Timestamp('2013-03-04 00:00:00')): P10 takes: 0.013448476791381836
Stats for ('MARI', Timestamp('2013-03-04 00:00:00')): P90 takes: 0.012885332107543945
Stats: gPCE takes: 0.011706352233886719
Stats for ('MARI', Timestamp('2013-03-05 00:00:00')): E takes: 0.0689237117767334
Stats for ('MARI', Timestamp('2013-03-05 00:00:00')): Var takes: 3.5054421424865723
Stats for ('MARI', Timestamp('2013-03-05 00:00:00')): StdDev takes: 3.4784090518951416
Stats for ('MARI', Timestamp('2013-03-05 00:00:00')): Sobol_m takes: 3.853159189224243
Stats for ('MARI', Timestamp('2013-03-05 00:00:00')): Sobol_m2 takes: 5.700153827667236
Stats for ('MARI', Timestamp('2013-03-05 00:00:00')): Sobol_t takes: 7.888707637786865
Stats for ('MARI', Timestamp('2013-03-05 00:00:00')): P10 takes: 0.013994216918945312
Stats for ('MARI', Timestamp('2013-03-05 00:00:00')): P90 takes: 0.01314687728881836
Stats: gPCE takes: 0.01191401481628418
Stats for ('MARI', Timestamp('2013-03-06 00:00:00')): E takes: 0.06836223602294922
Stats for ('MARI', Timestamp('2013-03-06 00:00:00')): Var takes: 3.530686140060425
Stats for ('MARI', Timestamp('2013-03-06 00:00:00')): StdDev takes: 3.4598896503448486
Stats for ('MARI', Timestamp('2013-03-06 00:00:00')): Sobol_m takes: 3.8542287349700928
Stats for ('MARI', Timestamp('2013-03-06 00:00:00')): Sobol_m2 takes: 5.713756322860718
Stats for ('MARI', Timestamp('2013-03-06 00:00:00')): Sobol_t takes: 7.865663766860962
Stats for ('MARI', Timestamp('2013-03-06 00:00:00')): P10 takes: 0.013433218002319336
Stats for ('MARI', Timestamp('2013-03-06 00:00:00')): P90 takes: 0.012933969497680664
Stats: gPCE takes: 0.01178288459777832
Stats for ('MARI', Timestamp('2013-03-07 00:00:00')): E takes: 0.06806731224060059
Stats for ('MARI', Timestamp('2013-03-07 00:00:00')): Var takes: 3.4843411445617676
Stats for ('MARI', Timestamp('2013-03-07 00:00:00')): StdDev takes: 3.5004780292510986
Stats for ('MARI', Timestamp('2013-03-07 00:00:00')): Sobol_m takes: 3.8313982486724854
Stats for ('MARI', Timestamp('2013-03-07 00:00:00')): Sobol_m2 takes: 5.673931837081909
Stats for ('MARI', Timestamp('2013-03-07 00:00:00')): Sobol_t takes: 7.902287006378174
Stats for ('MARI', Timestamp('2013-03-07 00:00:00')): P10 takes: 0.013962030410766602
Stats for ('MARI', Timestamp('2013-03-07 00:00:00')): P90 takes: 0.013099193572998047
Stats: gPCE takes: 0.011948347091674805
Stats for ('MARI', Timestamp('2013-03-08 00:00:00')): E takes: 0.06823062896728516
Stats for ('MARI', Timestamp('2013-03-08 00:00:00')): Var takes: 3.485668420791626
Stats for ('MARI', Timestamp('2013-03-08 00:00:00')): StdDev takes: 3.4870238304138184
Stats for ('MARI', Timestamp('2013-03-08 00:00:00')): Sobol_m takes: 3.8842127323150635
Stats for ('MARI', Timestamp('2013-03-08 00:00:00')): Sobol_m2 takes: 5.673495054244995
Stats for ('MARI', Timestamp('2013-03-08 00:00:00')): Sobol_t takes: 7.909116744995117
Stats for ('MARI', Timestamp('2013-03-08 00:00:00')): P10 takes: 0.01344156265258789
Stats for ('MARI', Timestamp('2013-03-08 00:00:00')): P90 takes: 0.012908220291137695
Stats: gPCE takes: 0.011649608612060547
Stats for ('MARI', Timestamp('2013-03-09 00:00:00')): E takes: 0.06920623779296875
Stats for ('MARI', Timestamp('2013-03-09 00:00:00')): Var takes: 3.564704179763794
Stats for ('MARI', Timestamp('2013-03-09 00:00:00')): StdDev takes: 3.508333444595337
Stats for ('MARI', Timestamp('2013-03-09 00:00:00')): Sobol_m takes: 3.889289379119873
Stats for ('MARI', Timestamp('2013-03-09 00:00:00')): Sobol_m2 takes: 5.663254261016846
Stats for ('MARI', Timestamp('2013-03-09 00:00:00')): Sobol_t takes: 7.925933122634888
Stats for ('MARI', Timestamp('2013-03-09 00:00:00')): P10 takes: 0.013431310653686523
Stats for ('MARI', Timestamp('2013-03-09 00:00:00')): P90 takes: 0.012964010238647461
Stats: gPCE takes: 0.011858224868774414
Stats for ('MARI', Timestamp('2013-03-10 00:00:00')): E takes: 0.06800413131713867
Stats for ('MARI', Timestamp('2013-03-10 00:00:00')): Var takes: 3.4775383472442627
Stats for ('MARI', Timestamp('2013-03-10 00:00:00')): StdDev takes: 3.4904558658599854
Stats for ('MARI', Timestamp('2013-03-10 00:00:00')): Sobol_m takes: 3.869546890258789
Stats for ('MARI', Timestamp('2013-03-10 00:00:00')): Sobol_m2 takes: 5.692963600158691
Stats for ('MARI', Timestamp('2013-03-10 00:00:00')): Sobol_t takes: 7.895081996917725
Stats for ('MARI', Timestamp('2013-03-10 00:00:00')): P10 takes: 0.013270854949951172
Stats for ('MARI', Timestamp('2013-03-10 00:00:00')): P90 takes: 0.012877941131591797
Stats: gPCE takes: 0.011887311935424805
Stats for ('MARI', Timestamp('2013-03-11 00:00:00')): E takes: 0.0681612491607666
Stats for ('MARI', Timestamp('2013-03-11 00:00:00')): Var takes: 3.4994890689849854
Stats for ('MARI', Timestamp('2013-03-11 00:00:00')): StdDev takes: 3.4785776138305664
Stats for ('MARI', Timestamp('2013-03-11 00:00:00')): Sobol_m takes: 3.854282855987549
Stats for ('MARI', Timestamp('2013-03-11 00:00:00')): Sobol_m2 takes: 5.688477039337158
Stats for ('MARI', Timestamp('2013-03-11 00:00:00')): Sobol_t takes: 7.883258104324341
Stats for ('MARI', Timestamp('2013-03-11 00:00:00')): P10 takes: 0.013291597366333008
Stats for ('MARI', Timestamp('2013-03-11 00:00:00')): P90 takes: 0.012969732284545898
Stats: gPCE takes: 0.011759281158447266
Stats for ('MARI', Timestamp('2013-03-12 00:00:00')): E takes: 0.0680851936340332
Stats for ('MARI', Timestamp('2013-03-12 00:00:00')): Var takes: 3.5176260471343994
Stats for ('MARI', Timestamp('2013-03-12 00:00:00')): StdDev takes: 3.4589507579803467
Stats for ('MARI', Timestamp('2013-03-12 00:00:00')): Sobol_m takes: 3.8494715690612793
Stats for ('MARI', Timestamp('2013-03-12 00:00:00')): Sobol_m2 takes: 5.710970878601074
Stats for ('MARI', Timestamp('2013-03-12 00:00:00')): Sobol_t takes: 7.8808510303497314
Stats for ('MARI', Timestamp('2013-03-12 00:00:00')): P10 takes: 0.013584136962890625
Stats for ('MARI', Timestamp('2013-03-12 00:00:00')): P90 takes: 0.01292562484741211
Stats: gPCE takes: 0.011748075485229492
Stats for ('MARI', Timestamp('2013-03-13 00:00:00')): E takes: 0.06807565689086914
Stats for ('MARI', Timestamp('2013-03-13 00:00:00')): Var takes: 3.490978479385376
Stats for ('MARI', Timestamp('2013-03-13 00:00:00')): StdDev takes: 3.5119407176971436
Stats for ('MARI', Timestamp('2013-03-13 00:00:00')): Sobol_m takes: 3.84926700592041
Stats for ('MARI', Timestamp('2013-03-13 00:00:00')): Sobol_m2 takes: 5.679068088531494
Stats for ('MARI', Timestamp('2013-03-13 00:00:00')): Sobol_t takes: 7.884581804275513
Stats for ('MARI', Timestamp('2013-03-13 00:00:00')): P10 takes: 0.013413667678833008
Stats for ('MARI', Timestamp('2013-03-13 00:00:00')): P90 takes: 0.012768983840942383
Stats: gPCE takes: 0.01186227798461914
Stats for ('MARI', Timestamp('2013-03-14 00:00:00')): E takes: 0.06819796562194824
Stats for ('MARI', Timestamp('2013-03-14 00:00:00')): Var takes: 3.495159149169922
Stats for ('MARI', Timestamp('2013-03-14 00:00:00')): StdDev takes: 3.519064426422119
Stats for ('MARI', Timestamp('2013-03-14 00:00:00')): Sobol_m takes: 3.828900098800659
Stats for ('MARI', Timestamp('2013-03-14 00:00:00')): Sobol_m2 takes: 5.676283597946167
Stats for ('MARI', Timestamp('2013-03-14 00:00:00')): Sobol_t takes: 7.922015905380249
Stats for ('MARI', Timestamp('2013-03-14 00:00:00')): P10 takes: 0.013387918472290039
Stats for ('MARI', Timestamp('2013-03-14 00:00:00')): P90 takes: 0.013061761856079102
Stats: gPCE takes: 0.011892557144165039
Stats for ('MARI', Timestamp('2013-03-15 00:00:00')): E takes: 0.06788825988769531
Stats for ('MARI', Timestamp('2013-03-15 00:00:00')): Var takes: 3.484774351119995
Stats for ('MARI', Timestamp('2013-03-15 00:00:00')): StdDev takes: 3.48706316947937
Stats for ('MARI', Timestamp('2013-03-15 00:00:00')): Sobol_m takes: 3.89357328414917
Stats for ('MARI', Timestamp('2013-03-15 00:00:00')): Sobol_m2 takes: 5.656588792800903
Stats for ('MARI', Timestamp('2013-03-15 00:00:00')): Sobol_t takes: 7.925639390945435
Stats for ('MARI', Timestamp('2013-03-15 00:00:00')): P10 takes: 0.013342857360839844
Stats for ('MARI', Timestamp('2013-03-15 00:00:00')): P90 takes: 0.012989282608032227
Stats: gPCE takes: 0.011666297912597656
Stats for ('MARI', Timestamp('2013-03-16 00:00:00')): E takes: 0.06767559051513672
Stats for ('MARI', Timestamp('2013-03-16 00:00:00')): Var takes: 3.4831900596618652
Stats for ('MARI', Timestamp('2013-03-16 00:00:00')): StdDev takes: 3.4944207668304443
Stats for ('MARI', Timestamp('2013-03-16 00:00:00')): Sobol_m takes: 3.917506694793701
Stats for ('MARI', Timestamp('2013-03-16 00:00:00')): Sobol_m2 takes: 5.6754772663116455
Stats for ('MARI', Timestamp('2013-03-16 00:00:00')): Sobol_t takes: 7.945211410522461
Stats for ('MARI', Timestamp('2013-03-16 00:00:00')): P10 takes: 0.01332998275756836
Stats for ('MARI', Timestamp('2013-03-16 00:00:00')): P90 takes: 0.012883901596069336
Stats: gPCE takes: 0.011641263961791992
Stats for ('MARI', Timestamp('2013-03-17 00:00:00')): E takes: 0.06778407096862793
Stats for ('MARI', Timestamp('2013-03-17 00:00:00')): Var takes: 3.4749209880828857
Stats for ('MARI', Timestamp('2013-03-17 00:00:00')): StdDev takes: 3.486508846282959
Stats for ('MARI', Timestamp('2013-03-17 00:00:00')): Sobol_m takes: 3.8669521808624268
Stats for ('MARI', Timestamp('2013-03-17 00:00:00')): Sobol_m2 takes: 5.691164970397949
Stats for ('MARI', Timestamp('2013-03-17 00:00:00')): Sobol_t takes: 7.909006834030151
Stats for ('MARI', Timestamp('2013-03-17 00:00:00')): P10 takes: 0.013480186462402344
Stats for ('MARI', Timestamp('2013-03-17 00:00:00')): P90 takes: 0.01288151741027832
Stats: gPCE takes: 0.011891603469848633
Stats for ('MARI', Timestamp('2013-03-18 00:00:00')): E takes: 0.06861734390258789
Stats for ('MARI', Timestamp('2013-03-18 00:00:00')): Var takes: 3.506364107131958
Stats for ('MARI', Timestamp('2013-03-18 00:00:00')): StdDev takes: 3.484248399734497
Stats for ('MARI', Timestamp('2013-03-18 00:00:00')): Sobol_m takes: 3.8556129932403564
Stats for ('MARI', Timestamp('2013-03-18 00:00:00')): Sobol_m2 takes: 5.705865859985352
Stats for ('MARI', Timestamp('2013-03-18 00:00:00')): Sobol_t takes: 7.8995678424835205
Stats for ('MARI', Timestamp('2013-03-18 00:00:00')): P10 takes: 0.013395071029663086
Stats for ('MARI', Timestamp('2013-03-18 00:00:00')): P90 takes: 0.01276850700378418
Stats: gPCE takes: 0.011584758758544922
Stats for ('MARI', Timestamp('2013-03-19 00:00:00')): E takes: 0.06834292411804199
Stats for ('MARI', Timestamp('2013-03-19 00:00:00')): Var takes: 3.5247082710266113
Stats for ('MARI', Timestamp('2013-03-19 00:00:00')): StdDev takes: 3.464784860610962
Stats for ('MARI', Timestamp('2013-03-19 00:00:00')): Sobol_m takes: 3.8562371730804443
Stats for ('MARI', Timestamp('2013-03-19 00:00:00')): Sobol_m2 takes: 5.70585298538208
Stats for ('MARI', Timestamp('2013-03-19 00:00:00')): Sobol_t takes: 7.875534772872925
Stats for ('MARI', Timestamp('2013-03-19 00:00:00')): P10 takes: 0.013515949249267578
Stats for ('MARI', Timestamp('2013-03-19 00:00:00')): P90 takes: 0.012849807739257812
Stats: gPCE takes: 0.011738777160644531
Stats for ('MARI', Timestamp('2013-03-20 00:00:00')): E takes: 0.06836938858032227
Stats for ('MARI', Timestamp('2013-03-20 00:00:00')): Var takes: 3.5009114742279053
Stats for ('MARI', Timestamp('2013-03-20 00:00:00')): StdDev takes: 3.5342679023742676
Stats for ('MARI', Timestamp('2013-03-20 00:00:00')): Sobol_m takes: 3.852994203567505
Stats for ('MARI', Timestamp('2013-03-20 00:00:00')): Sobol_m2 takes: 5.688376188278198
Stats for ('MARI', Timestamp('2013-03-20 00:00:00')): Sobol_t takes: 7.916311979293823
Stats for ('MARI', Timestamp('2013-03-20 00:00:00')): P10 takes: 0.013431787490844727
Stats for ('MARI', Timestamp('2013-03-20 00:00:00')): P90 takes: 0.012989282608032227
Stats: gPCE takes: 0.011754512786865234
Stats for ('MARI', Timestamp('2013-03-21 00:00:00')): E takes: 0.06887388229370117
Stats for ('MARI', Timestamp('2013-03-21 00:00:00')): Var takes: 3.4848568439483643
Stats for ('MARI', Timestamp('2013-03-21 00:00:00')): StdDev takes: 3.488945960998535
Stats for ('MARI', Timestamp('2013-03-21 00:00:00')): Sobol_m takes: 3.879517078399658
Stats for ('MARI', Timestamp('2013-03-21 00:00:00')): Sobol_m2 takes: 5.681114196777344
Stats for ('MARI', Timestamp('2013-03-21 00:00:00')): Sobol_t takes: 7.919865608215332
Stats for ('MARI', Timestamp('2013-03-21 00:00:00')): P10 takes: 0.013495922088623047
Stats for ('MARI', Timestamp('2013-03-21 00:00:00')): P90 takes: 0.012932300567626953
Stats: gPCE takes: 0.011963844299316406
Stats for ('MARI', Timestamp('2013-03-22 00:00:00')): E takes: 0.06824111938476562
Stats for ('MARI', Timestamp('2013-03-22 00:00:00')): Var takes: 3.494065761566162
Stats for ('MARI', Timestamp('2013-03-22 00:00:00')): StdDev takes: 3.4976444244384766
Stats for ('MARI', Timestamp('2013-03-22 00:00:00')): Sobol_m takes: 3.883600950241089
Stats for ('MARI', Timestamp('2013-03-22 00:00:00')): Sobol_m2 takes: 5.668787956237793
Stats for ('MARI', Timestamp('2013-03-22 00:00:00')): Sobol_t takes: 7.944299697875977
Stats for ('MARI', Timestamp('2013-03-22 00:00:00')): P10 takes: 0.013349533081054688
Stats for ('MARI', Timestamp('2013-03-22 00:00:00')): P90 takes: 0.012920141220092773
Stats: gPCE takes: 0.011621236801147461
Stats for ('MARI', Timestamp('2013-03-23 00:00:00')): E takes: 0.06773042678833008
Stats for ('MARI', Timestamp('2013-03-23 00:00:00')): Var takes: 3.4868462085723877
Stats for ('MARI', Timestamp('2013-03-23 00:00:00')): StdDev takes: 3.496701955795288
Stats for ('MARI', Timestamp('2013-03-23 00:00:00')): Sobol_m takes: 3.8707363605499268
Stats for ('MARI', Timestamp('2013-03-23 00:00:00')): Sobol_m2 takes: 5.68121862411499
Stats for ('MARI', Timestamp('2013-03-23 00:00:00')): Sobol_t takes: 7.909441947937012
Stats for ('MARI', Timestamp('2013-03-23 00:00:00')): P10 takes: 0.013374805450439453
Stats for ('MARI', Timestamp('2013-03-23 00:00:00')): P90 takes: 0.012885570526123047
Stats: gPCE takes: 0.011721134185791016
Stats for ('MARI', Timestamp('2013-03-24 00:00:00')): E takes: 0.06854748725891113
Stats for ('MARI', Timestamp('2013-03-24 00:00:00')): Var takes: 3.5009708404541016
Stats for ('MARI', Timestamp('2013-03-24 00:00:00')): StdDev takes: 3.47965669631958
Stats for ('MARI', Timestamp('2013-03-24 00:00:00')): Sobol_m takes: 3.859395980834961
Stats for ('MARI', Timestamp('2013-03-24 00:00:00')): Sobol_m2 takes: 5.65096116065979
Stats for ('MARI', Timestamp('2013-03-24 00:00:00')): Sobol_t takes: 7.815257549285889
Stats for ('MARI', Timestamp('2013-03-24 00:00:00')): P10 takes: 0.013586282730102539
Stats for ('MARI', Timestamp('2013-03-24 00:00:00')): P90 takes: 0.012808561325073242
Stats: gPCE takes: 0.011828422546386719
Stats for ('MARI', Timestamp('2013-03-25 00:00:00')): E takes: 0.06758284568786621
Stats for ('MARI', Timestamp('2013-03-25 00:00:00')): Var takes: 3.480430841445923
Stats for ('MARI', Timestamp('2013-03-25 00:00:00')): StdDev takes: 3.4254188537597656
Stats for ('MARI', Timestamp('2013-03-25 00:00:00')): Sobol_m takes: 3.8132007122039795
Stats for ('MARI', Timestamp('2013-03-25 00:00:00')): Sobol_m2 takes: 5.650083065032959
Stats for ('MARI', Timestamp('2013-03-25 00:00:00')): Sobol_t takes: 7.7912046909332275
Stats for ('MARI', Timestamp('2013-03-25 00:00:00')): P10 takes: 0.013293743133544922
Stats for ('MARI', Timestamp('2013-03-25 00:00:00')): P90 takes: 0.012887716293334961
Stats: gPCE takes: 0.011913299560546875
Stats for ('MARI', Timestamp('2013-03-26 00:00:00')): E takes: 0.06742620468139648
Stats for ('MARI', Timestamp('2013-03-26 00:00:00')): Var takes: 3.4507029056549072
Stats for ('MARI', Timestamp('2013-03-26 00:00:00')): StdDev takes: 3.4618020057678223
Stats for ('MARI', Timestamp('2013-03-26 00:00:00')): Sobol_m takes: 3.8045642375946045
Stats for ('MARI', Timestamp('2013-03-26 00:00:00')): Sobol_m2 takes: 5.625988483428955
Stats for ('MARI', Timestamp('2013-03-26 00:00:00')): Sobol_t takes: 7.8201518058776855
Stats for ('MARI', Timestamp('2013-03-26 00:00:00')): P10 takes: 0.013462543487548828
Stats for ('MARI', Timestamp('2013-03-26 00:00:00')): P90 takes: 0.012898921966552734
Stats: gPCE takes: 0.011766195297241211
Stats for ('MARI', Timestamp('2013-03-27 00:00:00')): E takes: 0.06786561012268066
Stats for ('MARI', Timestamp('2013-03-27 00:00:00')): Var takes: 3.4453203678131104
Stats for ('MARI', Timestamp('2013-03-27 00:00:00')): StdDev takes: 3.4758317470550537
Stats for ('MARI', Timestamp('2013-03-27 00:00:00')): Sobol_m takes: 3.7937088012695312
Stats for ('MARI', Timestamp('2013-03-27 00:00:00')): Sobol_m2 takes: 5.642198324203491
Stats for ('MARI', Timestamp('2013-03-27 00:00:00')): Sobol_t takes: 7.852977275848389
Stats for ('MARI', Timestamp('2013-03-27 00:00:00')): P10 takes: 0.01327204704284668
Stats for ('MARI', Timestamp('2013-03-27 00:00:00')): P90 takes: 0.012683391571044922
Stats: gPCE takes: 0.011685371398925781
Stats for ('MARI', Timestamp('2013-03-28 00:00:00')): E takes: 0.06704258918762207
Stats for ('MARI', Timestamp('2013-03-28 00:00:00')): Var takes: 3.443312406539917
Stats for ('MARI', Timestamp('2013-03-28 00:00:00')): StdDev takes: 3.4454116821289062
Stats for ('MARI', Timestamp('2013-03-28 00:00:00')): Sobol_m takes: 3.839250087738037
Stats for ('MARI', Timestamp('2013-03-28 00:00:00')): Sobol_m2 takes: 5.583807945251465
Stats for ('MARI', Timestamp('2013-03-28 00:00:00')): Sobol_t takes: 7.853522300720215
Stats for ('MARI', Timestamp('2013-03-28 00:00:00')): P10 takes: 0.013267993927001953
Stats for ('MARI', Timestamp('2013-03-28 00:00:00')): P90 takes: 0.01277303695678711
Stats: gPCE takes: 0.011664628982543945
Stats for ('MARI', Timestamp('2013-03-29 00:00:00')): E takes: 0.06702017784118652
Stats for ('MARI', Timestamp('2013-03-29 00:00:00')): Var takes: 3.4362945556640625
Stats for ('MARI', Timestamp('2013-03-29 00:00:00')): StdDev takes: 3.4407880306243896
Stats for ('MARI', Timestamp('2013-03-29 00:00:00')): Sobol_m takes: 3.83817458152771
Stats for ('MARI', Timestamp('2013-03-29 00:00:00')): Sobol_m2 takes: 5.590193271636963
Stats for ('MARI', Timestamp('2013-03-29 00:00:00')): Sobol_t takes: 7.84674859046936
Stats for ('MARI', Timestamp('2013-03-29 00:00:00')): P10 takes: 0.013520956039428711
Stats for ('MARI', Timestamp('2013-03-29 00:00:00')): P90 takes: 0.012773990631103516
Stats: gPCE takes: 0.011743307113647461
Stats for ('MARI', Timestamp('2013-03-30 00:00:00')): E takes: 0.0667729377746582
Stats for ('MARI', Timestamp('2013-03-30 00:00:00')): Var takes: 3.4253182411193848
Stats for ('MARI', Timestamp('2013-03-30 00:00:00')): StdDev takes: 3.4458048343658447
Stats for ('MARI', Timestamp('2013-03-30 00:00:00')): Sobol_m takes: 3.813466787338257
Stats for ('MARI', Timestamp('2013-03-30 00:00:00')): Sobol_m2 takes: 5.618860960006714
Stats for ('MARI', Timestamp('2013-03-30 00:00:00')): Sobol_t takes: 7.808667421340942
Stats for ('MARI', Timestamp('2013-03-30 00:00:00')): P10 takes: 0.013564586639404297
Stats for ('MARI', Timestamp('2013-03-30 00:00:00')): P90 takes: 0.013014793395996094
Stats: gPCE takes: 0.011700868606567383
Stats for ('MARI', Timestamp('2013-03-31 00:00:00')): E takes: 0.06771159172058105
Stats for ('MARI', Timestamp('2013-03-31 00:00:00')): Var takes: 3.4680726528167725
Stats for ('MARI', Timestamp('2013-03-31 00:00:00')): StdDev takes: 3.4346814155578613
Stats for ('MARI', Timestamp('2013-03-31 00:00:00')): Sobol_m takes: 3.810330390930176
Stats for ('MARI', Timestamp('2013-03-31 00:00:00')): Sobol_m2 takes: 5.632033586502075
Stats for ('MARI', Timestamp('2013-03-31 00:00:00')): Sobol_t takes: 7.795947074890137
Stats for ('MARI', Timestamp('2013-03-31 00:00:00')): P10 takes: 0.013451337814331055
Stats for ('MARI', Timestamp('2013-03-31 00:00:00')): P90 takes: 0.01281428337097168
Stats: gPCE takes: 0.01177215576171875
Stats for ('MARI', Timestamp('2013-04-01 00:00:00')): E takes: 0.06761884689331055
Stats for ('MARI', Timestamp('2013-04-01 00:00:00')): Var takes: 3.4831695556640625
Stats for ('MARI', Timestamp('2013-04-01 00:00:00')): StdDev takes: 3.4217259883880615
Stats for ('MARI', Timestamp('2013-04-01 00:00:00')): Sobol_m takes: 3.8051812648773193
Stats for ('MARI', Timestamp('2013-04-01 00:00:00')): Sobol_m2 takes: 5.64190673828125
Stats for ('MARI', Timestamp('2013-04-01 00:00:00')): Sobol_t takes: 7.770622730255127
Stats for ('MARI', Timestamp('2013-04-01 00:00:00')): P10 takes: 0.01328134536743164
Stats for ('MARI', Timestamp('2013-04-01 00:00:00')): P90 takes: 0.012815475463867188
Stats: gPCE takes: 0.011498212814331055
Stats for ('MARI', Timestamp('2013-04-02 00:00:00')): E takes: 0.06730294227600098
Stats for ('MARI', Timestamp('2013-04-02 00:00:00')): Var takes: 3.4416756629943848
Stats for ('MARI', Timestamp('2013-04-02 00:00:00')): StdDev takes: 3.4599449634552
Stats for ('MARI', Timestamp('2013-04-02 00:00:00')): Sobol_m takes: 3.7973556518554688
Stats for ('MARI', Timestamp('2013-04-02 00:00:00')): Sobol_m2 takes: 5.605711221694946
Stats for ('MARI', Timestamp('2013-04-02 00:00:00')): Sobol_t takes: 7.8244969844818115
Stats for ('MARI', Timestamp('2013-04-02 00:00:00')): P10 takes: 0.013314247131347656
Stats for ('MARI', Timestamp('2013-04-02 00:00:00')): P90 takes: 0.012856721878051758
Stats: gPCE takes: 0.011632680892944336
Stats for ('MARI', Timestamp('2013-04-03 00:00:00')): E takes: 0.06732344627380371
Stats for ('MARI', Timestamp('2013-04-03 00:00:00')): Var takes: 3.4397988319396973
Stats for ('MARI', Timestamp('2013-04-03 00:00:00')): StdDev takes: 3.448080062866211
Stats for ('MARI', Timestamp('2013-04-03 00:00:00')): Sobol_m takes: 3.8127427101135254
Stats for ('MARI', Timestamp('2013-04-03 00:00:00')): Sobol_m2 takes: 5.600332498550415
Stats for ('MARI', Timestamp('2013-04-03 00:00:00')): Sobol_t takes: 7.813333034515381
Stats for ('MARI', Timestamp('2013-04-03 00:00:00')): P10 takes: 0.013298273086547852
Stats for ('MARI', Timestamp('2013-04-03 00:00:00')): P90 takes: 0.012804508209228516
Stats: gPCE takes: 0.011700630187988281
Stats for ('MARI', Timestamp('2013-04-04 00:00:00')): E takes: 0.06752514839172363
Stats for ('MARI', Timestamp('2013-04-04 00:00:00')): Var takes: 3.443286180496216
Stats for ('MARI', Timestamp('2013-04-04 00:00:00')): StdDev takes: 3.447239637374878
Stats for ('MARI', Timestamp('2013-04-04 00:00:00')): Sobol_m takes: 3.835883378982544
Stats for ('MARI', Timestamp('2013-04-04 00:00:00')): Sobol_m2 takes: 5.5918262004852295
Stats for ('MARI', Timestamp('2013-04-04 00:00:00')): Sobol_t takes: 7.822322845458984
Stats for ('MARI', Timestamp('2013-04-04 00:00:00')): P10 takes: 0.013622045516967773
Stats for ('MARI', Timestamp('2013-04-04 00:00:00')): P90 takes: 0.012835025787353516
Stats: gPCE takes: 0.011790037155151367
Stats for ('MARI', Timestamp('2013-04-05 00:00:00')): E takes: 0.0673675537109375
Stats for ('MARI', Timestamp('2013-04-05 00:00:00')): Var takes: 3.4299046993255615
Stats for ('MARI', Timestamp('2013-04-05 00:00:00')): StdDev takes: 3.4461758136749268
Stats for ('MARI', Timestamp('2013-04-05 00:00:00')): Sobol_m takes: 3.818516969680786
Stats for ('MARI', Timestamp('2013-04-05 00:00:00')): Sobol_m2 takes: 5.612520694732666
Stats for ('MARI', Timestamp('2013-04-05 00:00:00')): Sobol_t takes: 7.800316095352173
Stats for ('MARI', Timestamp('2013-04-05 00:00:00')): P10 takes: 0.013144731521606445
Stats for ('MARI', Timestamp('2013-04-05 00:00:00')): P90 takes: 0.01274871826171875
Stats: gPCE takes: 0.011742353439331055
Stats for ('MARI', Timestamp('2013-04-06 00:00:00')): E takes: 0.06728672981262207
Stats for ('MARI', Timestamp('2013-04-06 00:00:00')): Var takes: 3.452796459197998
Stats for ('MARI', Timestamp('2013-04-06 00:00:00')): StdDev takes: 3.4319543838500977
Stats for ('MARI', Timestamp('2013-04-06 00:00:00')): Sobol_m takes: 3.809190511703491
Stats for ('MARI', Timestamp('2013-04-06 00:00:00')): Sobol_m2 takes: 5.627110481262207
Stats for ('MARI', Timestamp('2013-04-06 00:00:00')): Sobol_t takes: 7.79329514503479
Stats for ('MARI', Timestamp('2013-04-06 00:00:00')): P10 takes: 0.013242006301879883
Stats for ('MARI', Timestamp('2013-04-06 00:00:00')): P90 takes: 0.012814760208129883
Stats: gPCE takes: 0.011501789093017578
Stats for ('MARI', Timestamp('2013-04-07 00:00:00')): E takes: 0.06748247146606445
Stats for ('MARI', Timestamp('2013-04-07 00:00:00')): Var takes: 3.467700719833374
Stats for ('MARI', Timestamp('2013-04-07 00:00:00')): StdDev takes: 3.425257682800293
Stats for ('MARI', Timestamp('2013-04-07 00:00:00')): Sobol_m takes: 3.8048152923583984
Stats for ('MARI', Timestamp('2013-04-07 00:00:00')): Sobol_m2 takes: 5.63785719871521
Stats for ('MARI', Timestamp('2013-04-07 00:00:00')): Sobol_t takes: 7.773981094360352
Stats for ('MARI', Timestamp('2013-04-07 00:00:00')): P10 takes: 0.013276100158691406
Stats for ('MARI', Timestamp('2013-04-07 00:00:00')): P90 takes: 0.012872934341430664
Stats: gPCE takes: 0.011875152587890625
Stats for ('MARI', Timestamp('2013-04-08 00:00:00')): E takes: 0.06767559051513672
Stats for ('MARI', Timestamp('2013-04-08 00:00:00')): Var takes: 3.4466707706451416
Stats for ('MARI', Timestamp('2013-04-08 00:00:00')): StdDev takes: 3.463862895965576
Stats for ('MARI', Timestamp('2013-04-08 00:00:00')): Sobol_m takes: 3.8021419048309326
Stats for ('MARI', Timestamp('2013-04-08 00:00:00')): Sobol_m2 takes: 5.618206024169922
Stats for ('MARI', Timestamp('2013-04-08 00:00:00')): Sobol_t takes: 7.838902473449707
Stats for ('MARI', Timestamp('2013-04-08 00:00:00')): P10 takes: 0.01328730583190918
Stats for ('MARI', Timestamp('2013-04-08 00:00:00')): P90 takes: 0.012833356857299805
Stats: gPCE takes: 0.011546611785888672
Stats for ('MARI', Timestamp('2013-04-09 00:00:00')): E takes: 0.06741595268249512
Stats for ('MARI', Timestamp('2013-04-09 00:00:00')): Var takes: 3.441840410232544
Stats for ('MARI', Timestamp('2013-04-09 00:00:00')): StdDev takes: 3.473989725112915
Stats for ('MARI', Timestamp('2013-04-09 00:00:00')): Sobol_m takes: 3.790367841720581
Stats for ('MARI', Timestamp('2013-04-09 00:00:00')): Sobol_m2 takes: 5.598206996917725
Stats for ('MARI', Timestamp('2013-04-09 00:00:00')): Sobol_t takes: 7.795425891876221
Stats for ('MARI', Timestamp('2013-04-09 00:00:00')): P10 takes: 0.013301372528076172
Stats for ('MARI', Timestamp('2013-04-09 00:00:00')): P90 takes: 0.012810707092285156
Stats: gPCE takes: 0.01155233383178711
Stats for ('MARI', Timestamp('2013-04-10 00:00:00')): E takes: 0.06755471229553223
Stats for ('MARI', Timestamp('2013-04-10 00:00:00')): Var takes: 3.4335432052612305
Stats for ('MARI', Timestamp('2013-04-10 00:00:00')): StdDev takes: 3.4556775093078613
Stats for ('MARI', Timestamp('2013-04-10 00:00:00')): Sobol_m takes: 3.8237271308898926
Stats for ('MARI', Timestamp('2013-04-10 00:00:00')): Sobol_m2 takes: 5.585834264755249
Stats for ('MARI', Timestamp('2013-04-10 00:00:00')): Sobol_t takes: 7.820800542831421
Stats for ('MARI', Timestamp('2013-04-10 00:00:00')): P10 takes: 0.013244152069091797
Stats for ('MARI', Timestamp('2013-04-10 00:00:00')): P90 takes: 0.012756824493408203
Stats: gPCE takes: 0.011613607406616211
Stats for ('MARI', Timestamp('2013-04-11 00:00:00')): E takes: 0.06688547134399414
Stats for ('MARI', Timestamp('2013-04-11 00:00:00')): Var takes: 3.425907850265503
Stats for ('MARI', Timestamp('2013-04-11 00:00:00')): StdDev takes: 3.4332687854766846
Stats for ('MARI', Timestamp('2013-04-11 00:00:00')): Sobol_m takes: 3.8355045318603516
Stats for ('MARI', Timestamp('2013-04-11 00:00:00')): Sobol_m2 takes: 5.574640989303589
Stats for ('MARI', Timestamp('2013-04-11 00:00:00')): Sobol_t takes: 7.828809022903442
Stats for ('MARI', Timestamp('2013-04-11 00:00:00')): P10 takes: 0.013175725936889648
Stats for ('MARI', Timestamp('2013-04-11 00:00:00')): P90 takes: 0.012856245040893555
Stats: gPCE takes: 0.011859416961669922
Stats for ('MARI', Timestamp('2013-04-12 00:00:00')): E takes: 0.06678938865661621
Stats for ('MARI', Timestamp('2013-04-12 00:00:00')): Var takes: 3.4196882247924805
Stats for ('MARI', Timestamp('2013-04-12 00:00:00')): StdDev takes: 3.43711256980896
Stats for ('MARI', Timestamp('2013-04-12 00:00:00')): Sobol_m takes: 3.815614700317383
Stats for ('MARI', Timestamp('2013-04-12 00:00:00')): Sobol_m2 takes: 5.6297807693481445
Stats for ('MARI', Timestamp('2013-04-12 00:00:00')): Sobol_t takes: 7.7897560596466064
Stats for ('MARI', Timestamp('2013-04-12 00:00:00')): P10 takes: 0.013248205184936523
Stats for ('MARI', Timestamp('2013-04-12 00:00:00')): P90 takes: 0.012931346893310547
Stats: gPCE takes: 0.01154017448425293
Stats for ('MARI', Timestamp('2013-04-13 00:00:00')): E takes: 0.06739306449890137
Stats for ('MARI', Timestamp('2013-04-13 00:00:00')): Var takes: 3.4553143978118896
Stats for ('MARI', Timestamp('2013-04-13 00:00:00')): StdDev takes: 3.4300286769866943
Stats for ('MARI', Timestamp('2013-04-13 00:00:00')): Sobol_m takes: 3.8053507804870605
Stats for ('MARI', Timestamp('2013-04-13 00:00:00')): Sobol_m2 takes: 5.627819776535034
Stats for ('MARI', Timestamp('2013-04-13 00:00:00')): Sobol_t takes: 7.783012628555298
Stats for ('MARI', Timestamp('2013-04-13 00:00:00')): P10 takes: 0.013241291046142578
Stats for ('MARI', Timestamp('2013-04-13 00:00:00')): P90 takes: 0.012890100479125977
Stats: gPCE takes: 0.011664390563964844
Stats for ('MARI', Timestamp('2013-04-14 00:00:00')): E takes: 0.06907033920288086
Stats for ('MARI', Timestamp('2013-04-14 00:00:00')): Var takes: 3.4742443561553955
Stats for ('MARI', Timestamp('2013-04-14 00:00:00')): StdDev takes: 3.4219417572021484
Stats for ('MARI', Timestamp('2013-04-14 00:00:00')): Sobol_m takes: 3.7976326942443848
Stats for ('MARI', Timestamp('2013-04-14 00:00:00')): Sobol_m2 takes: 5.639782190322876
Stats for ('MARI', Timestamp('2013-04-14 00:00:00')): Sobol_t takes: 7.76840615272522
Stats for ('MARI', Timestamp('2013-04-14 00:00:00')): P10 takes: 0.01337742805480957
Stats for ('MARI', Timestamp('2013-04-14 00:00:00')): P90 takes: 0.012773752212524414
Stats: gPCE takes: 0.011600732803344727
Stats for ('MARI', Timestamp('2013-04-15 00:00:00')): E takes: 0.06709074974060059
Stats for ('MARI', Timestamp('2013-04-15 00:00:00')): Var takes: 3.504025936126709
Stats for ('MARI', Timestamp('2013-04-15 00:00:00')): StdDev takes: 3.46231746673584
Stats for ('MARI', Timestamp('2013-04-15 00:00:00')): Sobol_m takes: 3.781473398208618
Stats for ('MARI', Timestamp('2013-04-15 00:00:00')): Sobol_m2 takes: 5.597842454910278
Stats for ('MARI', Timestamp('2013-04-15 00:00:00')): Sobol_t takes: 7.806275129318237
Stats for ('MARI', Timestamp('2013-04-15 00:00:00')): P10 takes: 0.013273000717163086
Stats for ('MARI', Timestamp('2013-04-15 00:00:00')): P90 takes: 0.012789011001586914
Stats: gPCE takes: 0.011823415756225586
Stats for ('MARI', Timestamp('2013-04-16 00:00:00')): E takes: 0.06710290908813477
Stats for ('MARI', Timestamp('2013-04-16 00:00:00')): Var takes: 3.444530725479126
Stats for ('MARI', Timestamp('2013-04-16 00:00:00')): StdDev takes: 3.448082208633423
Stats for ('MARI', Timestamp('2013-04-16 00:00:00')): Sobol_m takes: 3.815141201019287
Stats for ('MARI', Timestamp('2013-04-16 00:00:00')): Sobol_m2 takes: 5.590622425079346
Stats for ('MARI', Timestamp('2013-04-16 00:00:00')): Sobol_t takes: 7.811587333679199
Stats for ('MARI', Timestamp('2013-04-16 00:00:00')): P10 takes: 0.013268470764160156
Stats for ('MARI', Timestamp('2013-04-16 00:00:00')): P90 takes: 0.012831687927246094
Stats: gPCE takes: 0.0117034912109375
Stats for ('MARI', Timestamp('2013-04-17 00:00:00')): E takes: 0.0673227310180664
Stats for ('MARI', Timestamp('2013-04-17 00:00:00')): Var takes: 3.439239025115967
Stats for ('MARI', Timestamp('2013-04-17 00:00:00')): StdDev takes: 3.4406321048736572
Stats for ('MARI', Timestamp('2013-04-17 00:00:00')): Sobol_m takes: 3.827211618423462
Stats for ('MARI', Timestamp('2013-04-17 00:00:00')): Sobol_m2 takes: 5.5886757373809814
Stats for ('MARI', Timestamp('2013-04-17 00:00:00')): Sobol_t takes: 7.816558122634888
Stats for ('MARI', Timestamp('2013-04-17 00:00:00')): P10 takes: 0.013386011123657227
Stats for ('MARI', Timestamp('2013-04-17 00:00:00')): P90 takes: 0.012874603271484375
Stats: gPCE takes: 0.011654376983642578
Stats for ('MARI', Timestamp('2013-04-18 00:00:00')): E takes: 0.06731986999511719
Stats for ('MARI', Timestamp('2013-04-18 00:00:00')): Var takes: 3.4248006343841553
Stats for ('MARI', Timestamp('2013-04-18 00:00:00')): StdDev takes: 3.4345157146453857
Stats for ('MARI', Timestamp('2013-04-18 00:00:00')): Sobol_m takes: 3.8068630695343018
Stats for ('MARI', Timestamp('2013-04-18 00:00:00')): Sobol_m2 takes: 5.601988315582275
Stats for ('MARI', Timestamp('2013-04-18 00:00:00')): Sobol_t takes: 7.796675443649292
Stats for ('MARI', Timestamp('2013-04-18 00:00:00')): P10 takes: 0.013494729995727539
Stats for ('MARI', Timestamp('2013-04-18 00:00:00')): P90 takes: 0.012929201126098633
Stats: gPCE takes: 0.011782407760620117
Stats for ('MARI', Timestamp('2013-04-19 00:00:00')): E takes: 0.06740498542785645
Stats for ('MARI', Timestamp('2013-04-19 00:00:00')): Var takes: 3.455986261367798
Stats for ('MARI', Timestamp('2013-04-19 00:00:00')): StdDev takes: 3.427783489227295
Stats for ('MARI', Timestamp('2013-04-19 00:00:00')): Sobol_m takes: 3.8033268451690674
Stats for ('MARI', Timestamp('2013-04-19 00:00:00')): Sobol_m2 takes: 5.608947277069092
Stats for ('MARI', Timestamp('2013-04-19 00:00:00')): Sobol_t takes: 7.784391641616821
Stats for ('MARI', Timestamp('2013-04-19 00:00:00')): P10 takes: 0.013147830963134766
Stats for ('MARI', Timestamp('2013-04-19 00:00:00')): P90 takes: 0.012813806533813477
Stats: gPCE takes: 0.011632919311523438
Stats for ('MARI', Timestamp('2013-04-20 00:00:00')): E takes: 0.06743001937866211
Stats for ('MARI', Timestamp('2013-04-20 00:00:00')): Var takes: 3.4675207138061523
Stats for ('MARI', Timestamp('2013-04-20 00:00:00')): StdDev takes: 3.4122109413146973
Stats for ('MARI', Timestamp('2013-04-20 00:00:00')): Sobol_m takes: 3.79518461227417
Stats for ('MARI', Timestamp('2013-04-20 00:00:00')): Sobol_m2 takes: 5.629671335220337
Stats for ('MARI', Timestamp('2013-04-20 00:00:00')): Sobol_t takes: 7.763566255569458
Stats for ('MARI', Timestamp('2013-04-20 00:00:00')): P10 takes: 0.013583660125732422
Stats for ('MARI', Timestamp('2013-04-20 00:00:00')): P90 takes: 0.012815475463867188
Stats: gPCE takes: 0.011727571487426758
Stats for ('MARI', Timestamp('2013-04-21 00:00:00')): E takes: 0.06739234924316406
Stats for ('MARI', Timestamp('2013-04-21 00:00:00')): Var takes: 3.4510066509246826
Stats for ('MARI', Timestamp('2013-04-21 00:00:00')): StdDev takes: 3.4615426063537598
Stats for ('MARI', Timestamp('2013-04-21 00:00:00')): Sobol_m takes: 3.804500102996826
Stats for ('MARI', Timestamp('2013-04-21 00:00:00')): Sobol_m2 takes: 5.606082916259766
Stats for ('MARI', Timestamp('2013-04-21 00:00:00')): Sobol_t takes: 7.804375648498535
Stats for ('MARI', Timestamp('2013-04-21 00:00:00')): P10 takes: 0.01331639289855957
Stats for ('MARI', Timestamp('2013-04-21 00:00:00')): P90 takes: 0.012950420379638672
Stats: gPCE takes: 0.011719226837158203
Stats for ('MARI', Timestamp('2013-04-22 00:00:00')): E takes: 0.06713104248046875
Stats for ('MARI', Timestamp('2013-04-22 00:00:00')): Var takes: 3.4422481060028076
Stats for ('MARI', Timestamp('2013-04-22 00:00:00')): StdDev takes: 3.471132755279541
Stats for ('MARI', Timestamp('2013-04-22 00:00:00')): Sobol_m takes: 3.786015510559082
Stats for ('MARI', Timestamp('2013-04-22 00:00:00')): Sobol_m2 takes: 5.603879451751709
Stats for ('MARI', Timestamp('2013-04-22 00:00:00')): Sobol_t takes: 7.817248582839966
Stats for ('MARI', Timestamp('2013-04-22 00:00:00')): P10 takes: 0.013361692428588867
Stats for ('MARI', Timestamp('2013-04-22 00:00:00')): P90 takes: 0.01279902458190918
Stats: gPCE takes: 0.01161813735961914
Stats for ('MARI', Timestamp('2013-04-23 00:00:00')): E takes: 0.06703591346740723
Stats for ('MARI', Timestamp('2013-04-23 00:00:00')): Var takes: 3.4419407844543457
Stats for ('MARI', Timestamp('2013-04-23 00:00:00')): StdDev takes: 3.443856716156006
Stats for ('MARI', Timestamp('2013-04-23 00:00:00')): Sobol_m takes: 3.8218793869018555
Stats for ('MARI', Timestamp('2013-04-23 00:00:00')): Sobol_m2 takes: 5.586876392364502
Stats for ('MARI', Timestamp('2013-04-23 00:00:00')): Sobol_t takes: 7.804914236068726
Stats for ('MARI', Timestamp('2013-04-23 00:00:00')): P10 takes: 0.013154745101928711
Stats for ('MARI', Timestamp('2013-04-23 00:00:00')): P90 takes: 0.01273036003112793
Stats: gPCE takes: 0.01162862777709961
Stats for ('MARI', Timestamp('2013-04-24 00:00:00')): E takes: 0.06686234474182129
Stats for ('MARI', Timestamp('2013-04-24 00:00:00')): Var takes: 3.4282751083374023
Stats for ('MARI', Timestamp('2013-04-24 00:00:00')): StdDev takes: 3.442270040512085
Stats for ('MARI', Timestamp('2013-04-24 00:00:00')): Sobol_m takes: 3.827394485473633
Stats for ('MARI', Timestamp('2013-04-24 00:00:00')): Sobol_m2 takes: 5.5780134201049805
Stats for ('MARI', Timestamp('2013-04-24 00:00:00')): Sobol_t takes: 7.81880521774292
Stats for ('MARI', Timestamp('2013-04-24 00:00:00')): P10 takes: 0.013406515121459961
Stats for ('MARI', Timestamp('2013-04-24 00:00:00')): P90 takes: 0.012852668762207031
Stats: gPCE takes: 0.011537313461303711
Stats for ('MARI', Timestamp('2013-04-25 00:00:00')): E takes: 0.06655645370483398
Stats for ('MARI', Timestamp('2013-04-25 00:00:00')): Var takes: 3.4195375442504883
Stats for ('MARI', Timestamp('2013-04-25 00:00:00')): StdDev takes: 3.430333375930786
Stats for ('MARI', Timestamp('2013-04-25 00:00:00')): Sobol_m takes: 3.805316686630249
Stats for ('MARI', Timestamp('2013-04-25 00:00:00')): Sobol_m2 takes: 5.610665559768677
Stats for ('MARI', Timestamp('2013-04-25 00:00:00')): Sobol_t takes: 7.785930395126343
Stats for ('MARI', Timestamp('2013-04-25 00:00:00')): P10 takes: 0.01323246955871582
Stats for ('MARI', Timestamp('2013-04-25 00:00:00')): P90 takes: 0.012989521026611328
Stats: gPCE takes: 0.011388063430786133
Stats for ('MARI', Timestamp('2013-04-26 00:00:00')): E takes: 0.06707954406738281
Stats for ('MARI', Timestamp('2013-04-26 00:00:00')): Var takes: 3.4499905109405518
Stats for ('MARI', Timestamp('2013-04-26 00:00:00')): StdDev takes: 3.4330008029937744
Stats for ('MARI', Timestamp('2013-04-26 00:00:00')): Sobol_m takes: 3.8240110874176025
Stats for ('MARI', Timestamp('2013-04-26 00:00:00')): Sobol_m2 takes: 5.6202051639556885
Stats for ('MARI', Timestamp('2013-04-26 00:00:00')): Sobol_t takes: 7.7748918533325195
Stats for ('MARI', Timestamp('2013-04-26 00:00:00')): P10 takes: 0.01353001594543457
Stats for ('MARI', Timestamp('2013-04-26 00:00:00')): P90 takes: 0.01273036003112793
Stats: gPCE takes: 0.011806726455688477
Stats for ('MARI', Timestamp('2013-04-27 00:00:00')): E takes: 0.06722831726074219
Stats for ('MARI', Timestamp('2013-04-27 00:00:00')): Var takes: 3.4777615070343018
Stats for ('MARI', Timestamp('2013-04-27 00:00:00')): StdDev takes: 3.4231832027435303
Stats for ('MARI', Timestamp('2013-04-27 00:00:00')): Sobol_m takes: 3.798412561416626
Stats for ('MARI', Timestamp('2013-04-27 00:00:00')): Sobol_m2 takes: 5.640254974365234
Stats for ('MARI', Timestamp('2013-04-27 00:00:00')): Sobol_t takes: 7.765097141265869
Stats for ('MARI', Timestamp('2013-04-27 00:00:00')): P10 takes: 0.013224363327026367
Stats for ('MARI', Timestamp('2013-04-27 00:00:00')): P90 takes: 0.012825489044189453
Stats: gPCE takes: 0.011655092239379883
Stats for ('MARI', Timestamp('2013-04-28 00:00:00')): E takes: 0.06734251976013184
Stats for ('MARI', Timestamp('2013-04-28 00:00:00')): Var takes: 3.442932367324829
Stats for ('MARI', Timestamp('2013-04-28 00:00:00')): StdDev takes: 3.459520101547241
Stats for ('MARI', Timestamp('2013-04-28 00:00:00')): Sobol_m takes: 3.786675453186035
Stats for ('MARI', Timestamp('2013-04-28 00:00:00')): Sobol_m2 takes: 5.5937275886535645
Stats for ('MARI', Timestamp('2013-04-28 00:00:00')): Sobol_t takes: 7.793590307235718
Stats for ('MARI', Timestamp('2013-04-28 00:00:00')): P10 takes: 0.013334989547729492
Stats for ('MARI', Timestamp('2013-04-28 00:00:00')): P90 takes: 0.012765884399414062
Stats: gPCE takes: 0.011568784713745117
Stats for ('MARI', Timestamp('2013-04-29 00:00:00')): E takes: 0.06732654571533203
Stats for ('MARI', Timestamp('2013-04-29 00:00:00')): Var takes: 3.4311418533325195
Stats for ('MARI', Timestamp('2013-04-29 00:00:00')): StdDev takes: 3.4712941646575928
Stats for ('MARI', Timestamp('2013-04-29 00:00:00')): Sobol_m takes: 3.780294179916382
Stats for ('MARI', Timestamp('2013-04-29 00:00:00')): Sobol_m2 takes: 5.594717264175415
Stats for ('MARI', Timestamp('2013-04-29 00:00:00')): Sobol_t takes: 7.8021063804626465
Stats for ('MARI', Timestamp('2013-04-29 00:00:00')): P10 takes: 0.013257503509521484
Stats for ('MARI', Timestamp('2013-04-29 00:00:00')): P90/lrz/sys/intel/studio2019_u4/intelpython3/lib/python3.6/site-packages/pandas/plotting/_converter.py:129: FutureWarning: Using an implicitly registered datetime converter for a matplotlib plotting method. The converter was registered by pandas on import. Future versions of pandas will require you to explicitly register matplotlib converters.

To register the converters:
	>>> from pandas.plotting import register_matplotlib_converters
	>>> register_matplotlib_converters()
  warnings.warn(msg, FutureWarning)
 takes: 0.013099193572998047
calculate statistics [RuntimeStatistics]...
[ 93.47349143  93.48517404  93.49685665 ... 210.2645419  210.27622451
 210.28790712]
print statistics...
None
QoI                 E     StdDev         Var          P5         P95
---------  ----------  ---------  ----------  ----------  ----------
E_runtime  133.571251  10.676780  113.993625  110.395077  145.479911

Sensitivity Indices:
Index                    value
-----------------------  -----------------------------------------------
First order              [0.55300597 0.04388138 0.01195789 0.02272899]
First order_Interaction  0.3684257814286611
Second order             [[0.         0.28457011 0.04738034 0.01144835]
                          [0.28457011 0.         0.00590636 0.00176242]
                          [0.04738034 0.00590636 0.         0.01276963]
                          [0.01144835 0.00176242 0.01276963 0.        ]]
Total order              [0.89779548 0.34068774 0.08130269 0.05322846]

type            runtime                                                            estimated                                                          org_estimated                                                      diff: T-E                                                          diff: T-OE
--------------  -----------------------------------------------------------------  -----------------------------------------------------------------  -----------------------------------------------------------------  -----------------------------------------------------------------  -----------------------------------------------------------------
sum(T_i_S)      33904.51654982567                                                  33902.224127730995                                                 33902.224127730995                                                 2.292422094673384                                                  2.292422094673384
T_i_SWP_worker  [681.57386708 644.2839663  650.46644378 653.60042429 647.24475694  [667.88102346 672.56053719 655.44186062 673.71238023 669.66020571  [667.88102346 672.56053719 655.44186062 673.71238023 669.66020571  [ 13.69284363 -28.27657089  -4.97541685 -20.11195594 -22.41544877  [ 13.69284363 -28.27657089  -4.97541685 -20.11195594 -22.41544877
                 651.81490183 655.32378912 640.02098203 652.93380713 652.73731303   669.81100751 646.83862569 660.66474128 648.07555712 654.84120768   669.81100751 646.83862569 660.66474128 648.07555712 654.84120768   -17.99610568   8.48516343 -20.64375925   4.85825001  -2.10389465   -17.99610568   8.48516343 -20.64375925   4.85825001  -2.10389465
                 641.33006382 647.78625822 644.92530942 640.38617206 643.17546582   640.1505463  660.05682161 656.43102989 657.44118881 635.29621724   640.1505463  660.05682161 656.43102989 657.44118881 635.29621724     1.17951752 -12.27056339 -11.50572047 -17.05501675   7.87924858     1.17951752 -12.27056339 -11.50572047 -17.05501675   7.87924858
                 651.28324151 642.78175497 647.86708665 632.36814022 643.02036285   649.53130882 647.27457413 655.6984794  641.29198872 659.9756132    649.53130882 647.27457413 655.6984794  641.29198872 659.9756132      1.75193269  -4.49281915  -7.83139275  -8.9238485  -16.95525034     1.75193269  -4.49281915  -7.83139275  -8.9238485  -16.95525034
                 637.46417594 628.54847455 635.54191017 641.79486704 645.74978304   644.37763123 649.958839   631.89842108 647.82365597 655.97003591   644.37763123 649.958839   631.89842108 647.82365597 655.97003591    -6.91345529 -21.41036445   3.64348909  -6.02878893 -10.22025288    -6.91345529 -21.41036445   3.64348909  -6.02878893 -10.22025288
                 673.13034987 617.4418292  678.04767609 695.66721153 646.19886899   659.41732363 638.22392601 651.4805518  656.19680348 655.57461399   659.41732363 638.22392601 651.4805518  656.19680348 655.57461399    13.71302625 -20.7820968   26.56712428  39.47040805  -9.375745      13.71302625 -20.7820968   26.56712428  39.47040805  -9.375745
                 637.36505389 644.17823505 534.57207966 546.19223881 545.28700686   629.1266842  638.3981407  553.96877801 555.5855634  540.07528219   629.1266842  638.3981407  553.96877801 555.5855634  540.07528219     8.23836969   5.78009435 -19.39669836  -9.3933246    5.21172467     8.23836969   5.78009435 -19.39669836  -9.3933246    5.21172467
                 545.978338   556.7555244  546.04003406 542.55113792 554.7756803    554.03579778 550.06123349 549.26220502 530.64396066 542.25610872   554.03579778 550.06123349 549.26220502 530.64396066 542.25610872    -8.05745978   6.6942909   -3.22217096  11.90717727  12.51957158    -8.05745978   6.6942909   -3.22217096  11.90717727  12.51957158
                 545.90554047 550.58080173 546.4211781  561.39658737 542.43172836   551.58422517 553.74393057 536.99563077 548.51547375 555.37370709   551.58422517 553.74393057 536.99563077 548.51547375 555.37370709    -5.67868471  -3.16312885   9.42554734  12.88111362 -12.94197873    -5.67868471  -3.16312885   9.42554734  12.88111362 -12.94197873
                 567.58908725 547.35243201 547.26350474 568.30651927 562.26146889   554.09413684 532.90254207 541.05055572 536.55820483 542.53838011   554.09413684 532.90254207 541.05055572 536.55820483 542.53838011    13.49495041  14.44988995   6.21294902  31.74831444  19.72308877    13.49495041  14.44988995   6.21294902  31.74831444  19.72308877
                 537.40838432 581.05793929 541.84826851 595.49153423 500.86740255   528.82834902 541.18506926 537.08675619 538.60419403 519.11553614   528.82834902 541.18506926 537.08675619 538.60419403 519.11553614     8.58003531  39.87287003   4.76151232  56.8873402  -18.24813359     8.58003531  39.87287003   4.76151232  56.8873402  -18.24813359
                 490.12959027]                                                      527.07696527]                                                      527.07696527]                                                      -36.947375  ]                                                      -36.947375  ]
T_SWP_worker    695.6672115325928                                                  673.7123802304461                                                  673.7123802304461                                                  21.95483130214666                                                  21.95483130214666
T_Prop          654.6070640087128                                                  632.6522327065661                                                  632.6522327065661                                                  21.95483130214666                                                  21.95483130214666
T_I             205.53762125968933                                                 205.53762125968933                                                 205.53762125968933                                                 0.0                                                                0.0
T_C             -41.060147523880005                                                -41.060147523880005                                                -41.060147523880005                                                0.0                                                                0.0
T_S_overhead    0.0                                                                0.0                                                                0.0                                                                0.0                                                                0.0

Errors:
Error                          ET         OET
----------------------  ---------  ----------
aboslute error min       0.019531    0.019531
aboslute error max      57.862142   57.862142
aboslute error mean      6.001902    6.001902
aboslute error l2 norm   8.986717  143.787468
relative error min       0.000145    0.000145
relative error max       0.277799    0.277799
relative error mean      0.043004    0.043004
relative error l2 norm   0.058717    0.058717

type                        runtime
------------------------  ---------
t_estimate_runtime         0.000043
t_wp_creation              0.017188
t_estimate_restore_order   0.000050


generate stat plots...
plot: mean + percentiles
plot: simulation absolute error
plot: simulation relative error
plot: standard deviation
plot: sobol indices t (total order)
plot: sobol indices m (first order)
[1.32835778e-01 1.12594484e-01 4.25817275e-02 6.09196931e-02
 7.42134191e-02 7.84088341e-02 4.60296565e-02 9.85470135e-02
 1.53425134e-02 2.46774759e-03 1.37510934e-02 2.34609152e-02
 5.96498146e-02 2.85527590e-02 4.32685810e-02 1.32199627e-02
 2.98653622e-02 3.12204534e-02 6.87342283e-02 4.68202664e-02
 1.28616407e-03 1.04370330e-02 5.39860325e-02 1.16798801e-02
 5.96234080e-02 3.35176990e-02 7.62062097e-02 3.19786497e-02
 1.29186184e-01 7.17830907e-02 1.02639667e-01 5.67128027e-02
 1.09769121e-01 7.93132286e-02 2.07751059e-02 1.15037111e-01
 1.22244875e-01 7.18267744e-02 8.51660277e-02 1.34535917e-01
 7.83670650e-02 5.53986981e-02 6.72466327e-02 8.34852216e-02
 6.65010674e-02 7.25809595e-02 3.47608622e-02 2.95293216e-02
 8.84676389e-02 4.65549967e-02 5.44689932e-02 8.05847626e-02
 2.20956048e-02 3.57745783e-02 8.50228869e-03 2.54709172e-02
 3.43509576e-02 2.05054836e-02 6.83144207e-02 7.36868409e-02
 5.91828729e-02 8.07609345e-02 1.40353444e-01 7.52558160e-02
 3.92205890e-02 3.56106294e-02 5.07505066e-02 2.36737918e-02
 7.80542170e-03 2.17214829e-02 7.16348787e-03 2.20694950e-02
 7.19027881e-03 2.82785980e-02 2.66369388e-02 6.90946032e-02
 3.77735400e-02 1.05497953e-02 1.79883160e-02 5.98742211e-02
 8.26289908e-03 3.60854103e-02 4.30882346e-02 3.01077449e-02
 9.54084128e-03 1.45050345e-04 2.40415661e-02 2.26972573e-03
 3.58062305e-02 6.85798623e-02 1.51715018e-02 5.34666006e-02
 2.26809900e-01 1.33162369e-01 3.20277215e-02 4.61864165e-02
 1.81695214e-02 5.33456434e-02 1.64890367e-02 1.71748411e-02
 6.57840275e-02 5.59119452e-02 2.01660709e-02 3.67439785e-02
 1.65022836e-02 7.92877150e-03 3.27894642e-02 1.36151005e-02
 3.32308987e-02 2.14898134e-02 1.38628284e-02 2.13844625e-02
 2.59751941e-02 1.33896147e-02 2.65043740e-02 5.64068133e-02
 5.26852887e-03 6.03377567e-03 1.21126480e-02 2.30656566e-02
 3.31677469e-02 2.30084128e-02 6.16913415e-02 6.75400730e-03
 5.64104829e-02 4.21248778e-02 4.17699516e-02 2.49295831e-02
 2.07970042e-02 3.40939656e-02 9.27543561e-02 1.49691814e-01
 3.89622204e-02 2.23039562e-02 2.52015292e-02 6.44960224e-02
 7.02277587e-02 2.46242937e-02 1.08795743e-02 1.35673729e-02
 7.64092159e-02 3.11280786e-02 1.27874180e-02 1.17554028e-02
 6.88810674e-02 8.21154073e-02 2.77798857e-01 1.12558114e-01
 7.49891950e-02 2.89299129e-02 2.68651983e-02 2.97047169e-02
 4.98604551e-02 1.16604397e-02 5.23745977e-02 2.90121874e-02
 3.39660507e-02 4.23270717e-02 6.80231469e-02 8.11157388e-03
 4.42747133e-02 1.08926358e-02 6.60179939e-02 8.01461976e-02
 3.36534998e-02 3.89678409e-03 3.74025461e-02 3.55601497e-02
 1.31720204e-02 2.56252461e-02 7.10134245e-03 2.35162291e-02
 2.38095553e-02 1.04394490e-02 1.09391721e-02 1.52227312e-02
 4.55718813e-03 9.00627393e-03 5.41188167e-02 2.64055029e-02
 1.70009082e-04 2.13555509e-02 3.92130793e-02 1.30426877e-02
 1.23983733e-02 5.21459938e-02 4.55450909e-03 5.83730391e-02
 8.47163239e-03 4.59094168e-02 4.48192649e-02 5.27209396e-02
 1.07635250e-02 9.58136467e-02 6.11414775e-02 8.60911935e-02
 5.05088907e-02 5.26060415e-02 3.20656900e-02 1.24882936e-02
 7.33413889e-02 8.36495370e-02 2.67157718e-02 4.63655959e-02
 1.37377153e-02 2.40252483e-03 2.73107542e-03 1.31740983e-02
 2.16532025e-03 8.79394972e-03 3.91668946e-02 1.18266075e-01
 6.91303074e-03 1.99861885e-02 9.26138671e-03 2.46231655e-02
 5.98082969e-02 4.40334232e-02 2.16128279e-02 3.39623121e-02
 1.22124567e-02 2.59911131e-02 8.13089318e-03 5.61658764e-02
 1.91624478e-02 3.93718877e-02 8.54382430e-03 2.42950494e-01
 1.79951933e-01 1.28200235e-01 1.08655638e-01 2.69753847e-02
 5.35780885e-02 3.06759939e-03 4.68220801e-04 9.90031762e-03
 2.61569484e-02 1.19996221e-03 2.55425554e-02 4.81477044e-02
 6.87198318e-03 3.63021765e-02 8.88024965e-03 8.25214421e-03
 1.93798024e-02 5.00439129e-03 2.63960238e-02 2.20435283e-03
 3.10114861e-02 2.35586934e-04 4.61824785e-02 2.91961503e-02
 1.58635503e-02 4.24892473e-03 4.67925790e-02 1.24033223e-01]
[1.32835778e-01 1.12594484e-01 4.25817275e-02 6.09196931e-02
 7.42134191e-02 7.84088341e-02 4.60296565e-02 9.85470135e-02
 1.53425134e-02 2.46774759e-03 1.37510934e-02 2.34609152e-02
 5.96498146e-02 2.85527590e-02 4.32685810e-02 1.32199627e-02
 2.98653622e-02 3.12204534e-02 6.87342283e-02 4.68202664e-02
 1.28616407e-03 1.04370330e-02 5.39860325e-02 1.16798801e-02
 5.96234080e-02 3.35176990e-02 7.62062097e-02 3.19786497e-02
 1.29186184e-01 7.17830907e-02 1.02639667e-01 5.67128027e-02
 1.09769121e-01 7.93132286e-02 2.07751059e-02 1.15037111e-01
 1.22244875e-01 7.18267744e-02 8.51660277e-02 1.34535917e-01
 7.83670650e-02 5.53986981e-02 6.72466327e-02 8.34852216e-02
 6.65010674e-02 7.25809595e-02 3.47608622e-02 2.95293216e-02
 8.84676389e-02 4.65549967e-02 5.44689932e-02 8.05847626e-02
 2.20956048e-02 3.57745783e-02 8.50228869e-03 2.54709172e-02
 3.43509576e-02 2.05054836e-02 6.83144207e-02 7.36868409e-02
 5.91828729e-02 8.07609345e-02 1.40353444e-01 7.52558160e-02
 3.92205890e-02 3.56106294e-02 5.07505066e-02 2.36737918e-02
 7.80542170e-03 2.17214829e-02 7.16348787e-03 2.20694950e-02
 7.19027881e-03 2.82785980e-02 2.66369388e-02 6.90946032e-02
 3.77735400e-02 1.05497953e-02 1.79883160e-02 5.98742211e-02
 8.26289908e-03 3.60854103e-02 4.30882346e-02 3.01077449e-02
 9.54084128e-03 1.45050345e-04 2.40415661e-02 2.26972573e-03
 3.58062305e-02 6.85798623e-02 1.51715018e-02 5.34666006e-02
 2.26809900e-01 1.33162369e-01 3.20277215e-02 4.61864165e-02
 1.81695214e-02 5.33456434e-02 1.64890367e-02 1.71748411e-02
 6.57840275e-02 5.59119452e-02 2.01660709e-02 3.67439785e-02
 1.65022836e-02 7.92877150e-03 3.27894642e-02 1.36151005e-02
 3.32308987e-02 2.14898134e-02 1.38628284e-02 2.13844625e-02
 2.59751941e-02 1.33896147e-02 2.65043740e-02 5.64068133e-02
 5.26852887e-03 6.03377567e-03 1.21126480e-02 2.30656566e-02
 3.31677469e-02 2.30084128e-02 6.16913415e-02 6.75400730e-03
 5.64104829e-02 4.21248778e-02 4.17699516e-02 2.49295831e-02
 2.07970042e-02 3.40939656e-02 9.27543561e-02 1.49691814e-01
 3.89622204e-02 2.23039562e-02 2.52015292e-02 6.44960224e-02
 7.02277587e-02 2.46242937e-02 1.08795743e-02 1.35673729e-02
 7.64092159e-02 3.11280786e-02 1.27874180e-02 1.17554028e-02
 6.88810674e-02 8.21154073e-02 2.77798857e-01 1.12558114e-01
 7.49891950e-02 2.89299129e-02 2.68651983e-02 2.97047169e-02
 4.98604551e-02 1.16604397e-02 5.23745977e-02 2.90121874e-02
 3.39660507e-02 4.23270717e-02 6.80231469e-02 8.11157388e-03
 4.42747133e-02 1.08926358e-02 6.60179939e-02 8.01461976e-02
 3.36534998e-02 3.89678409e-03 3.74025461e-02 3.55601497e-02
 1.31720204e-02 2.56252461e-02 7.10134245e-03 2.35162291e-02
 2.38095553e-02 1.04394490e-02 1.09391721e-02 1.52227312e-02
 4.55718813e-03 9.00627393e-03 5.41188167e-02 2.64055029e-02
 1.70009082e-04 2.13555509e-02 3.92130793e-02 1.30426877e-02
 1.23983733e-02 5.21459938e-02 4.55450909e-03 5.83730391e-02
 8.47163239e-03 4.59094168e-02 4.48192649e-02 5.27209396e-02
 1.07635250e-02 9.58136467e-02 6.11414775e-02 8.60911935e-02
 5.05088907e-02 5.26060415e-02 3.20656900e-02 1.24882936e-02
 7.33413889e-02 8.36495370e-02 2.67157718e-02 4.63655959e-02
 1.37377153e-02 2.40252483e-03 2.73107542e-03 1.31740983e-02
 2.16532025e-03 8.79394972e-03 3.91668946e-02 1.18266075e-01
 6.91303074e-03 1.99861885e-02 9.26138671e-03 2.46231655e-02
 5.98082969e-02 4.40334232e-02 2.16128279e-02 3.39623121e-02
 1.22124567e-02 2.59911131e-02 8.13089318e-03 5.61658764e-02
 1.91624478e-02 3.93718877e-02 8.54382430e-03 2.42950494e-01
 1.79951933e-01 1.28200235e-01 1.08655638e-01 2.69753847e-02
 5.35780885e-02 3.06759939e-03 4.68220801e-04 9.90031762e-03
 2.61569484e-02 1.19996221e-03 2.55425554e-02 4.81477044e-02
 6.87198318e-03 3.63021765e-02 8.88024965e-03 8.25214421e-03
 1.93798024e-02 5.00439129e-03 2.63960238e-02 2.20435283e-03
 3.10114861e-02 2.35586934e-04 4.61824785e-02 2.91961503e-02
 1.58635503e-02 4.24892473e-03 4.67925790e-02 1.24033223e-01]
save statistics...
UQsim: save to file: /dss/dsshome1/lxc01/di73wal/work/simulation/diss.larsim/Larsim-UQ.git/../larsim_runs/0123_sim/uqsim.saved
rank: 0 exit
---- end sim: Sat Jan 11 15:04:05 CET 2020
