python/3.6_intel (INFO):
    Loading this module may cause the environment generated by other
    modules to become inconsistent; however it should work together
    with the Intel compilers, tools and libraries.
---- start sim: Sat Jan 11 14:37:02 CET 2020
MPI version: Intel(R) MPI Library 2018 Update 4 for Linux* OS

MPI2 version: (3, 1)
MPI3 version: 3
mpi4py version: 3.0.3
rank 0: starttime: 2020.01.11 14:37:07
dir: /dss/dsshome1/lxc01/di73wal/work/simulation/diss.larsim/Larsim-UQ.git/../larsim_runs/0133_sim
dir: /dss/dsshome1/lxc01/di73wal/work/simulation/diss.larsim/Larsim-UQ.git/../larsim_runs/0133_sim
['/dss/dsshome1/lxc01/di73wal/work/simulation/diss.larsim/Larsim-UQ.git/../larsim_runs/0133_sim/uqsim.saved']
parsing args...
rank: 0 is master!
rank: 0 is master!
UQsim: restore from file: True
rank: 0 exit
uqsim.args.disable_statistics: False
calculate statistics [LarsimStatistics]...
Stats: samplesData Frame with All the simulation results : Index_run                   int64
Stationskennung            object
Type                       object
TimeStamp          datetime64[ns]
Value                     float64
dtype: object
Stationskennung            object
Type                       object
TimeStamp          datetime64[ns]
Index_run                   int64
Value                     float64
dtype: object
 takes: 162.17565321922302
timesteps Info
<class 'numpy.ndarray'>
numbTimesteps is: 60
Stats: gPCE takes: 3.6801536083221436
Stats for ('MARI', Timestamp('2013-03-01 00:00:00')): E takes: 0.5911409854888916
Stats for ('MARI', Timestamp('2013-03-01 00:00:00')): Var takes: 192.08135175704956
Stats for ('MARI', Timestamp('2013-03-01 00:00:00')): StdDev takes: 192.32524061203003
Stats for ('MARI', Timestamp('2013-03-01 00:00:00')): Sobol_m takes: 194.72153496742249
Stats for ('MARI', Timestamp('2013-03-01 00:00:00')): Sobol_m2 takes: 212.26052856445312
Stats for ('MARI', Timestamp('2013-03-01 00:00:00')): Sobol_t takes: 303.39590644836426
Stats for ('MARI', Timestamp('2013-03-01 00:00:00')): P10 takes: 0.05396699905395508
Stats for ('MARI', Timestamp('2013-03-01 00:00:00')): P90 takes: 0.05211997032165527
Stats: gPCE takes: 3.571077585220337
Stats for ('MARI', Timestamp('2013-03-02 00:00:00')): E takes: 0.5890841484069824
Stats for ('MARI', Timestamp('2013-03-02 00:00:00')): Var takes: 189.40498900413513
Stats for ('MARI', Timestamp('2013-03-02 00:00:00')): StdDev takes: 188.9841365814209
Stats for ('MARI', Timestamp('2013-03-02 00:00:00')): Sobol_m takes: 191.12294793128967
Stats for ('MARI', Timestamp('2013-03-02 00:00:00')): Sobol_m2 takes: 211.21932888031006
Stats for ('MARI', Timestamp('2013-03-02 00:00:00')): Sobol_t takes: 302.0101749897003
Stats for ('MARI', Timestamp('2013-03-02 00:00:00')): P10 takes: 0.052632808685302734
Stats for ('MARI', Timestamp('2013-03-02 00:00:00')): P90 takes: 0.05175971984863281
Stats: gPCE takes: 3.5121376514434814
Stats for ('MARI', Timestamp('2013-03-03 00:00:00')): E takes: 0.588550329208374
Stats for ('MARI', Timestamp('2013-03-03 00:00:00')): Var takes: 188.9597887992859
Stats for ('MARI', Timestamp('2013-03-03 00:00:00')): StdDev takes: 189.2057569026947
Stats for ('MARI', Timestamp('2013-03-03 00:00:00')): Sobol_m takes: 191.53997445106506
Stats for ('MARI', Timestamp('2013-03-03 00:00:00')): Sobol_m2 takes: 210.9422481060028
Stats for ('MARI', Timestamp('2013-03-03 00:00:00')): Sobol_t takes: 302.35395526885986
Stats for ('MARI', Timestamp('2013-03-03 00:00:00')): P10 takes: 0.05372953414916992
Stats for ('MARI', Timestamp('2013-03-03 00:00:00')): P90 takes: 0.0525054931640625
Stats: gPCE takes: 3.512291193008423
Stats for ('MARI', Timestamp('2013-03-04 00:00:00')): E takes: 0.588860273361206
Stats for ('MARI', Timestamp('2013-03-04 00:00:00')): Var takes: 189.45878911018372
Stats for ('MARI', Timestamp('2013-03-04 00:00:00')): StdDev takes: 189.359436750412
Stats for ('MARI', Timestamp('2013-03-04 00:00:00')): Sobol_m takes: 191.75698232650757
Stats for ('MARI', Timestamp('2013-03-04 00:00:00')): Sobol_m2 takes: 211.53958463668823
Stats for ('MARI', Timestamp('2013-03-04 00:00:00')): Sobol_t takes: 302.92701029777527
Stats for ('MARI', Timestamp('2013-03-04 00:00:00')): P10 takes: 0.053403377532958984
Stats for ('MARI', Timestamp('2013-03-04 00:00:00')): P90 takes: 0.05211973190307617
Stats: gPCE takes: 3.512235164642334
Stats for ('MARI', Timestamp('2013-03-05 00:00:00')): E takes: 0.588634729385376
Stats for ('MARI', Timestamp('2013-03-05 00:00:00')): Var takes: 189.3162546157837
Stats for ('MARI', Timestamp('2013-03-05 00:00:00')): StdDev takes: 189.98960900306702
Stats for ('MARI', Timestamp('2013-03-05 00:00:00')): Sobol_m takes: 192.0333230495453
Stats for ('MARI', Timestamp('2013-03-05 00:00:00')): Sobol_m2 takes: 211.93007397651672
Stats for ('MARI', Timestamp('2013-03-05 00:00:00')): Sobol_t takes: 302.9396529197693
Stats for ('MARI', Timestamp('2013-03-05 00:00:00')): P10 takes: 0.05338144302368164
Stats for ('MARI', Timestamp('2013-03-05 00:00:00')): P90 takes: 0.05236029624938965
Stats: gPCE takes: 3.50994610786438
Stats for ('MARI', Timestamp('2013-03-06 00:00:00')): E takes: 0.5803537368774414
Stats for ('MARI', Timestamp('2013-03-06 00:00:00')): Var takes: 189.31760549545288
Stats for ('MARI', Timestamp('2013-03-06 00:00:00')): StdDev takes: 189.3611695766449
Stats for ('MARI', Timestamp('2013-03-06 00:00:00')): Sobol_m takes: 192.11474537849426
Stats for ('MARI', Timestamp('2013-03-06 00:00:00')): Sobol_m2 takes: 211.9048924446106
Stats for ('MARI', Timestamp('2013-03-06 00:00:00')): Sobol_t takes: 303.7955243587494
Stats for ('MARI', Timestamp('2013-03-06 00:00:00')): P10 takes: 0.05386924743652344
Stats for ('MARI', Timestamp('2013-03-06 00:00:00')): P90 takes: 0.05257225036621094
Stats: gPCE takes: 3.5096545219421387
Stats for ('MARI', Timestamp('2013-03-07 00:00:00')): E takes: 0.590601921081543
Stats for ('MARI', Timestamp('2013-03-07 00:00:00')): Var takes: 190.87676572799683
Stats for ('MARI', Timestamp('2013-03-07 00:00:00')): StdDev takes: 190.93865060806274
Stats for ('MARI', Timestamp('2013-03-07 00:00:00')): Sobol_m takes: 193.26057958602905
Stats for ('MARI', Timestamp('2013-03-07 00:00:00')): Sobol_m2 takes: 212.35550212860107
Stats for ('MARI', Timestamp('2013-03-07 00:00:00')): Sobol_t takes: 304.0745806694031
Stats for ('MARI', Timestamp('2013-03-07 00:00:00')): P10 takes: 0.05426287651062012
Stats for ('MARI', Timestamp('2013-03-07 00:00:00')): P90 takes: 0.05297279357910156
Stats: gPCE takes: 3.5064876079559326
Stats for ('MARI', Timestamp('2013-03-08 00:00:00')): E takes: 0.5924782752990723
Stats for ('MARI', Timestamp('2013-03-08 00:00:00')): Var takes: 189.82305526733398
Stats for ('MARI', Timestamp('2013-03-08 00:00:00')): StdDev takes: 190.04705810546875
Stats for ('MARI', Timestamp('2013-03-08 00:00:00')): Sobol_m takes: 192.84229707717896
Stats for ('MARI', Timestamp('2013-03-08 00:00:00')): Sobol_m2 takes: 212.7769889831543
Stats for ('MARI', Timestamp('2013-03-08 00:00:00')): Sobol_t takes: 304.5322551727295
Stats for ('MARI', Timestamp('2013-03-08 00:00:00')): P10 takes: 0.054044485092163086
Stats for ('MARI', Timestamp('2013-03-08 00:00:00')): P90 takes: 0.05251026153564453
Stats: gPCE takes: 3.506235361099243
Stats for ('MARI', Timestamp('2013-03-09 00:00:00')): E takes: 0.5914733409881592
Stats for ('MARI', Timestamp('2013-03-09 00:00:00')): Var takes: 191.09953427314758
Stats for ('MARI', Timestamp('2013-03-09 00:00:00')): StdDev takes: 190.61017322540283
Stats for ('MARI', Timestamp('2013-03-09 00:00:00')): Sobol_m takes: 193.2138969898224
Stats for ('MARI', Timestamp('2013-03-09 00:00:00')): Sobol_m2 takes: 212.96898889541626
Stats for ('MARI', Timestamp('2013-03-09 00:00:00')): Sobol_t takes: 304.68097853660583
Stats for ('MARI', Timestamp('2013-03-09 00:00:00')): P10 takes: 0.053754329681396484
Stats for ('MARI', Timestamp('2013-03-09 00:00:00')): P90 takes: 0.0522918701171875
Stats: gPCE takes: 3.5101466178894043
Stats for ('MARI', Timestamp('2013-03-10 00:00:00')): E takes: 0.5917725563049316
Stats for ('MARI', Timestamp('2013-03-10 00:00:00')): Var takes: 190.17194437980652
Stats for ('MARI', Timestamp('2013-03-10 00:00:00')): StdDev takes: 190.77162623405457
Stats for ('MARI', Timestamp('2013-03-10 00:00:00')): Sobol_m takes: 192.88840913772583
Stats for ('MARI', Timestamp('2013-03-10 00:00:00')): Sobol_m2 takes: 212.683678150177
Stats for ('MARI', Timestamp('2013-03-10 00:00:00')): Sobol_t takes: 303.9553997516632
Stats for ('MARI', Timestamp('2013-03-10 00:00:00')): P10 takes: 0.05355477333068848
Stats for ('MARI', Timestamp('2013-03-10 00:00:00')): P90 takes: 0.05214738845825195
Stats: gPCE takes: 3.509737253189087
Stats for ('MARI', Timestamp('2013-03-11 00:00:00')): E takes: 0.5896735191345215
Stats for ('MARI', Timestamp('2013-03-11 00:00:00')): Var takes: 189.9630641937256
Stats for ('MARI', Timestamp('2013-03-11 00:00:00')): StdDev takes: 190.04469656944275
Stats for ('MARI', Timestamp('2013-03-11 00:00:00')): Sobol_m takes: 192.74839425086975
Stats for ('MARI', Timestamp('2013-03-11 00:00:00')): Sobol_m2 takes: 212.14977931976318
Stats for ('MARI', Timestamp('2013-03-11 00:00:00')): Sobol_t takes: 304.0129806995392
Stats for ('MARI', Timestamp('2013-03-11 00:00:00')): P10 takes: 0.053457021713256836
Stats for ('MARI', Timestamp('2013-03-11 00:00:00')): P90 takes: 0.05322575569152832
Stats: gPCE takes: 3.5076239109039307
Stats for ('MARI', Timestamp('2013-03-12 00:00:00')): E takes: 0.5920102596282959
Stats for ('MARI', Timestamp('2013-03-12 00:00:00')): Var takes: 190.62858772277832
Stats for ('MARI', Timestamp('2013-03-12 00:00:00')): StdDev takes: 190.07546019554138
Stats for ('MARI', Timestamp('2013-03-12 00:00:00')): Sobol_m takes: 192.39961743354797
Stats for ('MARI', Timestamp('2013-03-12 00:00:00')): Sobol_m2 takes: 212.34703731536865
Stats for ('MARI', Timestamp('2013-03-12 00:00:00')): Sobol_t takes: 303.6794636249542
Stats for ('MARI', Timestamp('2013-03-12 00:00:00')): P10 takes: 0.05351758003234863
Stats for ('MARI', Timestamp('2013-03-12 00:00:00')): P90 takes: 0.05207204818725586
Stats: gPCE takes: 3.3366892337799072
Stats for ('MARI', Timestamp('2013-03-13 00:00:00')): E takes: 0.5923922061920166
Stats for ('MARI', Timestamp('2013-03-13 00:00:00')): Var takes: 191.27160453796387
Stats for ('MARI', Timestamp('2013-03-13 00:00:00')): StdDev takes: 191.8910641670227
Stats for ('MARI', Timestamp('2013-03-13 00:00:00')): Sobol_m takes: 195.0820198059082
Stats for ('MARI', Timestamp('2013-03-13 00:00:00')): Sobol_m2 takes: 215.020183801651
Stats for ('MARI', Timestamp('2013-03-13 00:00:00')): Sobol_t takes: 306.29722142219543
Stats for ('MARI', Timestamp('2013-03-13 00:00:00')): P10 takes: 0.05402541160583496
Stats for ('MARI', Timestamp('2013-03-13 00:00:00')): P90 takes: 0.052477359771728516
Stats: gPCE takes: 3.509550094604492
Stats for ('MARI', Timestamp('2013-03-14 00:00:00')): E takes: 0.5964837074279785
Stats for ('MARI', Timestamp('2013-03-14 00:00:00')): Var takes: 191.89781951904297
Stats for ('MARI', Timestamp('2013-03-14 00:00:00')): StdDev takes: 191.9778335094452
Stats for ('MARI', Timestamp('2013-03-14 00:00:00')): Sobol_m takes: 194.20772457122803
Stats for ('MARI', Timestamp('2013-03-14 00:00:00')): Sobol_m2 takes: 213.82057166099548
Stats for ('MARI', Timestamp('2013-03-14 00:00:00')): Sobol_t takes: 306.16869854927063
Stats for ('MARI', Timestamp('2013-03-14 00:00:00')): P10 takes: 0.05361342430114746
Stats for ('MARI', Timestamp('2013-03-14 00:00:00')): P90 takes: 0.05230998992919922
Stats: gPCE takes: 3.5094237327575684
Stats for ('MARI', Timestamp('2013-03-15 00:00:00')): E takes: 0.5913715362548828
Stats for ('MARI', Timestamp('2013-03-15 00:00:00')): Var takes: 189.81164240837097
Stats for ('MARI', Timestamp('2013-03-15 00:00:00')): StdDev takes: 190.17429208755493
Stats for ('MARI', Timestamp('2013-03-15 00:00:00')): Sobol_m takes: 192.40398120880127
Stats for ('MARI', Timestamp('2013-03-15 00:00:00')): Sobol_m2 takes: 211.7422595024109
Stats for ('MARI', Timestamp('2013-03-15 00:00:00')): Sobol_t takes: 303.4972324371338
Stats for ('MARI', Timestamp('2013-03-15 00:00:00')): P10 takes: 0.053404808044433594
Stats for ('MARI', Timestamp('2013-03-15 00:00:00')): P90 takes: 0.052660226821899414
Stats: gPCE takes: 3.5101940631866455
Stats for ('MARI', Timestamp('2013-03-16 00:00:00')): E takes: 0.5864608287811279
Stats for ('MARI', Timestamp('2013-03-16 00:00:00')): Var takes: 189.8934245109558
Stats for ('MARI', Timestamp('2013-03-16 00:00:00')): StdDev takes: 189.36548781394958
Stats for ('MARI', Timestamp('2013-03-16 00:00:00')): Sobol_m takes: 191.27116203308105
Stats for ('MARI', Timestamp('2013-03-16 00:00:00')): Sobol_m2 takes: 210.12574815750122
Stats for ('MARI', Timestamp('2013-03-16 00:00:00')): Sobol_t takes: 302.342985868454
Stats for ('MARI', Timestamp('2013-03-16 00:00:00')): P10 takes: 0.05355572700500488
Stats for ('MARI', Timestamp('2013-03-16 00:00:00')): P90 takes: 0.05214381217956543
Stats: gPCE takes: 3.5129406452178955
Stats for ('MARI', Timestamp('2013-03-17 00:00:00')): E takes: 0.587928295135498
Stats for ('MARI', Timestamp('2013-03-17 00:00:00')): Var takes: 189.38194942474365
Stats for ('MARI', Timestamp('2013-03-17 00:00:00')): StdDev takes: 189.6405086517334
Stats for ('MARI', Timestamp('2013-03-17 00:00:00')): Sobol_m takes: 192.21021914482117
Stats for ('MARI', Timestamp('2013-03-17 00:00:00')): Sobol_m2 takes: 211.9355947971344
Stats for ('MARI', Timestamp('2013-03-17 00:00:00')): Sobol_t takes: 302.97532391548157
Stats for ('MARI', Timestamp('2013-03-17 00:00:00')): P10 takes: 0.05337715148925781
Stats for ('MARI', Timestamp('2013-03-17 00:00:00')): P90 takes: 0.05234670639038086
Stats: gPCE takes: 3.515136241912842
Stats for ('MARI', Timestamp('2013-03-18 00:00:00')): E takes: 0.5898449420928955
Stats for ('MARI', Timestamp('2013-03-18 00:00:00')): Var takes: 189.67547845840454
Stats for ('MARI', Timestamp('2013-03-18 00:00:00')): StdDev takes: 189.78789734840393
Stats for ('MARI', Timestamp('2013-03-18 00:00:00')): Sobol_m takes: 192.65076637268066
Stats for ('MARI', Timestamp('2013-03-18 00:00:00')): Sobol_m2 takes: 211.83355069160461
Stats for ('MARI', Timestamp('2013-03-18 00:00:00')): Sobol_t takes: 304.3016059398651
Stats for ('MARI', Timestamp('2013-03-18 00:00:00')): P10 takes: 0.053548574447631836
Stats for ('MARI', Timestamp('2013-03-18 00:00:00')): P90 takes: 0.05267930030822754
Stats: gPCE takes: 3.5093870162963867
Stats for ('MARI', Timestamp('2013-03-19 00:00:00')): E takes: 0.5895609855651855
Stats for ('MARI', Timestamp('2013-03-19 00:00:00')): Var takes: 190.73814249038696
Stats for ('MARI', Timestamp('2013-03-19 00:00:00')): StdDev takes: 189.93138027191162
Stats for ('MARI', Timestamp('2013-03-19 00:00:00')): Sobol_m takes: 193.41499757766724
Stats for ('MARI', Timestamp('2013-03-19 00:00:00')): Sobol_m2 takes: 213.19825887680054
Stats for ('MARI', Timestamp('2013-03-19 00:00:00')): Sobol_t takes: 304.991863489151
Stats for ('MARI', Timestamp('2013-03-19 00:00:00')): P10 takes: 0.05381941795349121
Stats for ('MARI', Timestamp('2013-03-19 00:00:00')): P90 takes: 0.05244135856628418
Stats: gPCE takes: 3.4188759326934814
Stats for ('MARI', Timestamp('2013-03-20 00:00:00')): E takes: 0.5946450233459473
Stats for ('MARI', Timestamp('2013-03-20 00:00:00')): Var takes: 190.0204484462738
Stats for ('MARI', Timestamp('2013-03-20 00:00:00')): StdDev takes: 190.39871335029602
Stats for ('MARI', Timestamp('2013-03-20 00:00:00')): Sobol_m takes: 192.544029712677
Stats for ('MARI', Timestamp('2013-03-20 00:00:00')): Sobol_m2 takes: 212.14437866210938
Stats for ('MARI', Timestamp('2013-03-20 00:00:00')): Sobol_t takes: 303.67576789855957
Stats for ('MARI', Timestamp('2013-03-20 00:00:00')): P10 takes: 0.05334329605102539
Stats for ('MARI', Timestamp('2013-03-20 00:00:00')): P90 takes: 0.05286383628845215
Stats: gPCE takes: 3.5151326656341553
Stats for ('MARI', Timestamp('2013-03-21 00:00:00')): E takes: 0.5883209705352783
Stats for ('MARI', Timestamp('2013-03-21 00:00:00')): Var takes: 190.14239835739136
Stats for ('MARI', Timestamp('2013-03-21 00:00:00')): StdDev takes: 190.12512373924255
Stats for ('MARI', Timestamp('2013-03-21 00:00:00')): Sobol_m takes: 192.60036158561707
Stats for ('MARI', Timestamp('2013-03-21 00:00:00')): Sobol_m2 takes: 212.3447186946869
Stats for ('MARI', Timestamp('2013-03-21 00:00:00')): Sobol_t takes: 305.09002923965454
Stats for ('MARI', Timestamp('2013-03-21 00:00:00')): P10 takes: 0.053377628326416016
Stats for ('MARI', Timestamp('2013-03-21 00:00:00')): P90 takes: 0.05252408981323242
Stats: gPCE takes: 3.514906167984009
Stats for ('MARI', Timestamp('2013-03-22 00:00:00')): E takes: 0.5913071632385254
Stats for ('MARI', Timestamp('2013-03-22 00:00:00')): Var takes: 190.00939631462097
Stats for ('MARI', Timestamp('2013-03-22 00:00:00')): StdDev takes: 191.0076389312744
Stats for ('MARI', Timestamp('2013-03-22 00:00:00')): Sobol_m takes: 192.80833411216736
Stats for ('MARI', Timestamp('2013-03-22 00:00:00')): Sobol_m2 takes: 212.97869658470154
Stats for ('MARI', Timestamp('2013-03-22 00:00:00')): Sobol_t takes: 305.1995677947998
Stats for ('MARI', Timestamp('2013-03-22 00:00:00')): P10 takes: 0.053385019302368164
Stats for ('MARI', Timestamp('2013-03-22 00:00:00')): P90 takes: 0.052980899810791016
Stats: gPCE takes: 3.5173420906066895
Stats for ('MARI', Timestamp('2013-03-23 00:00:00')): E takes: 0.5932388305664062
Stats for ('MARI', Timestamp('2013-03-23 00:00:00')): Var takes: 190.72731494903564
Stats for ('MARI', Timestamp('2013-03-23 00:00:00')): StdDev takes: 190.61019825935364
Stats for ('MARI', Timestamp('2013-03-23 00:00:00')): Sobol_m takes: 193.3457362651825
Stats for ('MARI', Timestamp('2013-03-23 00:00:00')): Sobol_m2 takes: 212.6034290790558
Stats for ('MARI', Timestamp('2013-03-23 00:00:00')): Sobol_t takes: 304.41214203834534
Stats for ('MARI', Timestamp('2013-03-23 00:00:00')): P10 takes: 0.05359697341918945
Stats for ('MARI', Timestamp('2013-03-23 00:00:00')): P90 takes: 0.05227994918823242
Stats: gPCE takes: 3.518317222595215
Stats for ('MARI', Timestamp('2013-03-24 00:00:00')): E takes: 0.5911333560943604
Stats for ('MARI', Timestamp('2013-03-24 00:00:00')): Var takes: 190.5360631942749
Stats for ('MARI', Timestamp('2013-03-24 00:00:00')): StdDev takes: 190.27465152740479
Stats for ('MARI', Timestamp('2013-03-24 00:00:00')): Sobol_m takes: 192.4542212486267
Stats for ('MARI', Timestamp('2013-03-24 00:00:00')): Sobol_m2 takes: 212.9275267124176
Stats for ('MARI', Timestamp('2013-03-24 00:00:00')): Sobol_t takes: 304.59804677963257
Stats for ('MARI', Timestamp('2013-03-24 00:00:00')): P10 takes: 0.053568363189697266
Stats for ('MARI', Timestamp('2013-03-24 00:00:00')): P90 takes: 0.05207037925720215
Stats: gPCE takes: 3.5171942710876465
Stats for ('MARI', Timestamp('2013-03-25 00:00:00')): E takes: 0.5945010185241699
Stats for ('MARI', Timestamp('2013-03-25 00:00:00')): Var takes: 189.96558475494385
Stats for ('MARI', Timestamp('2013-03-25 00:00:00')): StdDev takes: 190.44078159332275
Stats for ('MARI', Timestamp('2013-03-25 00:00:00')): Sobol_m takes: 192.9360489845276
Stats for ('MARI', Timestamp('2013-03-25 00:00:00')): Sobol_m2 takes: 213.50160551071167
Stats for ('MARI', Timestamp('2013-03-25 00:00:00')): Sobol_t takes: 304.59949803352356
Stats for ('MARI', Timestamp('2013-03-25 00:00:00')): P10 takes: 0.05309724807739258
Stats for ('MARI', Timestamp('2013-03-25 00:00:00')): P90 takes: 0.052199602127075195
Stats: gPCE takes: 3.5120692253112793
Stats for ('MARI', Timestamp('2013-03-26 00:00:00')): E takes: 0.5901494026184082
Stats for ('MARI', Timestamp('2013-03-26 00:00:00')): Var takes: 190.57364749908447
Stats for ('MARI', Timestamp('2013-03-26 00:00:00')): StdDev takes: 190.73758220672607
Stats for ('MARI', Timestamp('2013-03-26 00:00:00')): Sobol_m takes: 193.54083561897278
Stats for ('MARI', Timestamp('2013-03-26 00:00:00')): Sobol_m2 takes: 212.54970908164978
Stats for ('MARI', Timestamp('2013-03-26 00:00:00')): Sobol_t takes: 304.1711976528168
Stats for ('MARI', Timestamp('2013-03-26 00:00:00')): P10 takes: 0.054653167724609375
Stats for ('MARI', Timestamp('2013-03-26 00:00:00')): P90 takes: 0.05235171318054199
Stats: gPCE takes: 3.524097442626953
Stats for ('MARI', Timestamp('2013-03-27 00:00:00')): E takes: 0.5945580005645752
Stats for ('MARI', Timestamp('2013-03-27 00:00:00')): Var takes: 190.32671809196472
Stats for ('MARI', Timestamp('2013-03-27 00:00:00')): StdDev takes: 190.67041301727295
Stats for ('MARI', Timestamp('2013-03-27 00:00:00')): Sobol_m takes: 192.99334383010864
Stats for ('MARI', Timestamp('2013-03-27 00:00:00')): Sobol_m2 takes: 212.80091381072998
Stats for ('MARI', Timestamp('2013-03-27 00:00:00')): Sobol_t takes: 304.6472659111023
Stats for ('MARI', Timestamp('2013-03-27 00:00:00')): P10 takes: 0.05360817909240723
Stats for ('MARI', Timestamp('2013-03-27 00:00:00')): P90 takes: 0.052794694900512695
Stats: gPCE takes: 3.4699642658233643
Stats for ('MARI', Timestamp('2013-03-28 00:00:00')): E takes: 0.594702959060669
Stats for ('MARI', Timestamp('2013-03-28 00:00:00')): Var takes: 190.6638970375061
Stats for ('MARI', Timestamp('2013-03-28 00:00:00')): StdDev takes: 190.4373676776886
Stats for ('MARI', Timestamp('2013-03-28 00:00:00')): Sobol_m takes: 193.40354657173157
Stats for ('MARI', Timestamp('2013-03-28 00:00:00')): Sobol_m2 takes: 212.81429934501648
Stats for ('MARI', Timestamp('2013-03-28 00:00:00')): Sobol_t takes: 304.8671524524689
Stats for ('MARI', Timestamp('2013-03-28 00:00:00')): P10 takes: 0.054100990295410156
Stats for ('MARI', Timestamp('2013-03-28 00:00:00')): P90 takes: 0.052726030349731445
Stats: gPCE takes: 3.5163779258728027
Stats for ('MARI', Timestamp('2013-03-29 00:00:00')): E takes: 0.5956237316131592
Stats for ('MARI', Timestamp('2013-03-29 00:00:00')): Var takes: 190.80451560020447
Stats for ('MARI', Timestamp('2013-03-29 00:00:00')): StdDev takes: 190.50038957595825
Stats for ('MARI', Timestamp('2013-03-29 00:00:00')): Sobol_m takes: 192.96375918388367
Stats for ('MARI', Timestamp('2013-03-29 00:00:00')): Sobol_m2 takes: 212.97245359420776
Stats for ('MARI', Timestamp('2013-03-29 00:00:00')): Sobol_t takes: 304.6781461238861
Stats for ('MARI', Timestamp('2013-03-29 00:00:00')): P10 takes: 0.05387163162231445
Stats for ('MARI', Timestamp('2013-03-29 00:00:00')): P90 takes: 0.05274558067321777
Stats: gPCE takes: 3.518585681915283
Stats for ('MARI', Timestamp('2013-03-30 00:00:00')): E takes: 0.5892333984375
Stats for ('MARI', Timestamp('2013-03-30 00:00:00')): Var takes: 190.3809359073639
Stats for ('MARI', Timestamp('2013-03-30 00:00:00')): StdDev takes: 190.809100151062
Stats for ('MARI', Timestamp('2013-03-30 00:00:00')): Sobol_m takes: 192.91771340370178
Stats for ('MARI', Timestamp('2013-03-30 00:00:00')): Sobol_m2 takes: 212.73783612251282
Stats for ('MARI', Timestamp('2013-03-30 00:00:00')): Sobol_t takes: 304.3078730106354
Stats for ('MARI', Timestamp('2013-03-30 00:00:00')): P10 takes: 0.053652286529541016
Stats for ('MARI', Timestamp('2013-03-30 00:00:00')): P90 takes: 0.052179574966430664
Stats: gPCE takes: 3.5381877422332764
Stats for ('MARI', Timestamp('2013-03-31 00:00:00')): E takes: 0.5899620056152344
Stats for ('MARI', Timestamp('2013-03-31 00:00:00')): Var takes: 190.44641399383545
Stats for ('MARI', Timestamp('2013-03-31 00:00:00')): StdDev takes: 190.596027135849
Stats for ('MARI', Timestamp('2013-03-31 00:00:00')): Sobol_m takes: 193.47763776779175
Stats for ('MARI', Timestamp('2013-03-31 00:00:00')): Sobol_m2 takes: 212.71156525611877
Stats for ('MARI', Timestamp('2013-03-31 00:00:00')): Sobol_t takes: 304.75890707969666
Stats for ('MARI', Timestamp('2013-03-31 00:00:00')): P10 takes: 0.05347490310668945
Stats for ('MARI', Timestamp('2013-03-31 00:00:00')): P90 takes: 0.052503347396850586
Stats: gPCE takes: 3.5075066089630127
Stats for ('MARI', Timestamp('2013-04-01 00:00:00')): E takes: 0.5948615074157715
Stats for ('MARI', Timestamp('2013-04-01 00:00:00')): Var takes: 190.75438261032104
Stats for ('MARI', Timestamp('2013-04-01 00:00:00')): StdDev takes: 190.78012323379517
Stats for ('MARI', Timestamp('2013-04-01 00:00:00')): Sobol_m takes: 193.29676175117493
Stats for ('MARI', Timestamp('2013-04-01 00:00:00')): Sobol_m2 takes: 213.14497232437134
Stats for ('MARI', Timestamp('2013-04-01 00:00:00')): Sobol_t takes: 304.6528968811035
Stats for ('MARI', Timestamp('2013-04-01 00:00:00')): P10 takes: 0.05350089073181152
Stats for ('MARI', Timestamp('2013-04-01 00:00:00')): P90 takes: 0.052765846252441406
Stats: gPCE takes: 3.3002893924713135
Stats for ('MARI', Timestamp('2013-04-02 00:00:00')): E takes: 0.5899326801300049
Stats for ('MARI', Timestamp('2013-04-02 00:00:00')): Var takes: 190.42532515525818
Stats for ('MARI', Timestamp('2013-04-02 00:00:00')): StdDev takes: 190.3582730293274
Stats for ('MARI', Timestamp('2013-04-02 00:00:00')): Sobol_m takes: 193.07521724700928
Stats for ('MARI', Timestamp('2013-04-02 00:00:00')): Sobol_m2 takes: 213.01754641532898
Stats for ('MARI', Timestamp('2013-04-02 00:00:00')): Sobol_t takes: 304.15999364852905
Stats for ('MARI', Timestamp('2013-04-02 00:00:00')): P10 takes: 0.05751299858093262
Stats for ('MARI', Timestamp('2013-04-02 00:00:00')): P90 takes: 0.05242419242858887
Stats: gPCE takes: 3.5323779582977295
Stats for ('MARI', Timestamp('2013-04-03 00:00:00')): E takes: 0.5905871391296387
Stats for ('MARI', Timestamp('2013-04-03 00:00:00')): Var takes: 190.96002411842346
Stats for ('MARI', Timestamp('2013-04-03 00:00:00')): StdDev takes: 190.38000345230103
Stats for ('MARI', Timestamp('2013-04-03 00:00:00')): Sobol_m takes: 193.27229928970337
Stats for ('MARI', Timestamp('2013-04-03 00:00:00')): Sobol_m2 takes: 212.78843784332275
Stats for ('MARI', Timestamp('2013-04-03 00:00:00')): Sobol_t takes: 304.54236578941345
Stats for ('MARI', Timestamp('2013-04-03 00:00:00')): P10 takes: 0.05380511283874512
Stats for ('MARI', Timestamp('2013-04-03 00:00:00')): P90 takes: 0.05247068405151367
Stats: gPCE takes: 3.315270185470581
Stats for ('MARI', Timestamp('2013-04-04 00:00:00')): E takes: 0.5915472507476807
Stats for ('MARI', Timestamp('2013-04-04 00:00:00')): Var takes: 190.37775325775146
Stats for ('MARI', Timestamp('2013-04-04 00:00:00')): StdDev takes: 191.06898021697998
Stats for ('MARI', Timestamp('2013-04-04 00:00:00')): Sobol_m takes: 193.08829188346863
Stats for ('MARI', Timestamp('2013-04-04 00:00:00')): Sobol_m2 takes: 212.92239785194397
Stats for ('MARI', Timestamp('2013-04-04 00:00:00')): Sobol_t takes: 304.0613737106323
Stats for ('MARI', Timestamp('2013-04-04 00:00:00')): P10 takes: 0.053159236907958984
Stats for ('MARI', Timestamp('2013-04-04 00:00:00')): P90 takes: 0.05269503593444824
Stats: gPCE takes: 3.211169719696045
Stats for ('MARI', Timestamp('2013-04-05 00:00:00')): E takes: 0.5919065475463867
Stats for ('MARI', Timestamp('2013-04-05 00:00:00')): Var takes: 190.19481873512268
Stats for ('MARI', Timestamp('2013-04-05 00:00:00')): StdDev takes: 190.29622411727905
Stats for ('MARI', Timestamp('2013-04-05 00:00:00')): Sobol_m takes: 192.93538761138916
Stats for ('MARI', Timestamp('2013-04-05 00:00:00')): Sobol_m2 takes: 212.34766101837158
Stats for ('MARI', Timestamp('2013-04-05 00:00:00')): Sobol_t takes: 304.5182595252991
Stats for ('MARI', Timestamp('2013-04-05 00:00:00')): P10 takes: 0.053658485412597656
Stats for ('MARI', Timestamp('2013-04-05 00:00:00')): P90 takes: 0.052469730377197266
Stats: gPCE takes: 3.166443347930908
Stats for ('MARI', Timestamp('2013-04-06 00:00:00')): E takes: 0.5971944332122803
Stats for ('MARI', Timestamp('2013-04-06 00:00:00')): Var takes: 190.8216803073883
Stats for ('MARI', Timestamp('2013-04-06 00:00:00')): StdDev takes: 190.30376482009888
Stats for ('MARI', Timestamp('2013-04-06 00:00:00')): Sobol_m takes: 192.93235301971436
Stats for ('MARI', Timestamp('2013-04-06 00:00:00')): Sobol_m2 takes: 212.8486888408661
Stats for ('MARI', Timestamp('2013-04-06 00:00:00')): Sobol_t takes: 304.0389313697815
Stats for ('MARI', Timestamp('2013-04-06 00:00:00')): P10 takes: 0.05338120460510254
Stats for ('MARI', Timestamp('2013-04-06 00:00:00')): P90 takes: 0.05269908905029297
Stats: gPCE takes: 3.167811393737793
Stats for ('MARI', Timestamp('2013-04-07 00:00:00')): E takes: 0.5924954414367676
Stats for ('MARI', Timestamp('2013-04-07 00:00:00')): Var takes: 190.17176628112793
Stats for ('MARI', Timestamp('2013-04-07 00:00:00')): StdDev takes: 190.48888397216797
Stats for ('MARI', Timestamp('2013-04-07 00:00:00')): Sobol_m takes: 193.07450437545776
Stats for ('MARI', Timestamp('2013-04-07 00:00:00')): Sobol_m2 takes: 212.71822810173035
Stats for ('MARI', Timestamp('2013-04-07 00:00:00')): Sobol_t takes: 303.9343292713165
Stats for ('MARI', Timestamp('2013-04-07 00:00:00')): P10 takes: 0.053411245346069336
Stats for ('MARI', Timestamp('2013-04-07 00:00:00')): P90 takes: 0.05522418022155762
Stats: gPCE takes: 3.2019965648651123
Stats for ('MARI', Timestamp('2013-04-08 00:00:00')): E takes: 0.5933244228363037
Stats for ('MARI', Timestamp('2013-04-08 00:00:00')): Var takes: 190.58988761901855
Stats for ('MARI', Timestamp('2013-04-08 00:00:00')): StdDev takes: 190.33709812164307
Stats for ('MARI', Timestamp('2013-04-08 00:00:00')): Sobol_m takes: 192.9925343990326
Stats for ('MARI', Timestamp('2013-04-08 00:00:00')): Sobol_m2 takes: 212.3101270198822
Stats for ('MARI', Timestamp('2013-04-08 00:00:00')): Sobol_t takes: 304.2403824329376
Stats for ('MARI', Timestamp('2013-04-08 00:00:00')): P10 takes: 0.05399203300476074
Stats for ('MARI', Timestamp('2013-04-08 00:00:00')): P90 takes: 0.052489280700683594
Stats: gPCE takes: 3.210139036178589
Stats for ('MARI', Timestamp('2013-04-09 00:00:00')): E takes: 0.5921311378479004
Stats for ('MARI', Timestamp('2013-04-09 00:00:00')): Var takes: 190.29222655296326
Stats for ('MARI', Timestamp('2013-04-09 00:00:00')): StdDev takes: 190.74990010261536
Stats for ('MARI', Timestamp('2013-04-09 00:00:00')): Sobol_m takes: 192.64812326431274
Stats for ('MARI', Timestamp('2013-04-09 00:00:00')): Sobol_m2 takes: 212.8947868347168
Stats for ('MARI', Timestamp('2013-04-09 00:00:00')): Sobol_t takes: 303.93270993232727
Stats for ('MARI', Timestamp('2013-04-09 00:00:00')): P10 takes: 0.05315661430358887
Stats for ('MARI', Timestamp('2013-04-09 00:00:00')): P90 takes: 0.05345559120178223
Stats: gPCE takes: 3.2002716064453125
Stats for ('MARI', Timestamp('2013-04-10 00:00:00')): E takes: 0.5883028507232666
Stats for ('MARI', Timestamp('2013-04-10 00:00:00')): Var takes: 190.12136578559875
Stats for ('MARI', Timestamp('2013-04-10 00:00:00')): StdDev takes: 190.3083577156067
Stats for ('MARI', Timestamp('2013-04-10 00:00:00')): Sobol_m takes: 193.1384198665619
Stats for ('MARI', Timestamp('2013-04-10 00:00:00')): Sobol_m2 takes: 212.18504428863525
Stats for ('MARI', Timestamp('2013-04-10 00:00:00')): Sobol_t takes: 304.4918088912964
Stats for ('MARI', Timestamp('2013-04-10 00:00:00')): P10 takes: 0.05302619934082031
Stats for ('MARI', Timestamp('2013-04-10 00:00:00')): P90 takes: 0.054253339767456055
Stats: gPCE takes: 3.179737091064453
Stats for ('MARI', Timestamp('2013-04-11 00:00:00')): E takes: 0.5910632610321045
Stats for ('MARI', Timestamp('2013-04-11 00:00:00')): Var takes: 190.87785863876343
Stats for ('MARI', Timestamp('2013-04-11 00:00:00')): StdDev takes: 190.350159406662
Stats for ('MARI', Timestamp('2013-04-11 00:00:00')): Sobol_m takes: 192.82636165618896
Stats for ('MARI', Timestamp('2013-04-11 00:00:00')): Sobol_m2 takes: 212.6303243637085
Stats for ('MARI', Timestamp('2013-04-11 00:00:00')): Sobol_t takes: 304.3933253288269
Stats for ('MARI', Timestamp('2013-04-11 00:00:00')): P10 takes: 0.05329108238220215
Stats for ('MARI', Timestamp('2013-04-11 00:00:00')): P90 takes: 0.05236005783081055
Stats: gPCE takes: 3.1969687938690186
Stats for ('MARI', Timestamp('2013-04-12 00:00:00')): E takes: 0.5928184986114502
Stats for ('MARI', Timestamp('2013-04-12 00:00:00')): Var takes: 190.4346206188202
Stats for ('MARI', Timestamp('2013-04-12 00:00:00')): StdDev takes: 190.87308859825134
Stats for ('MARI', Timestamp('2013-04-12 00:00:00')): Sobol_m takes: 193.04145574569702
Stats for ('MARI', Timestamp('2013-04-12 00:00:00')): Sobol_m2 takes: 212.82552289962769
Stats for ('MARI', Timestamp('2013-04-12 00:00:00')): Sobol_t takes: 303.8460941314697
Stats for ('MARI', Timestamp('2013-04-12 00:00:00')): P10 takes: 0.05341339111328125
Stats for ('MARI', Timestamp('2013-04-12 00:00:00')): P90 takes: 0.05259847640991211
Stats: gPCE takes: 3.1732285022735596
Stats for ('MARI', Timestamp('2013-04-13 00:00:00')): E takes: 0.5932018756866455
Stats for ('MARI', Timestamp('2013-04-13 00:00:00')): Var takes: 190.42860889434814
Stats for ('MARI', Timestamp('2013-04-13 00:00:00')): StdDev takes: 190.29776692390442
Stats for ('MARI', Timestamp('2013-04-13 00:00:00')): Sobol_m takes: 192.79583954811096
Stats for ('MARI', Timestamp('2013-04-13 00:00:00')): Sobol_m2 takes: 212.88932394981384
Stats for ('MARI', Timestamp('2013-04-13 00:00:00')): Sobol_t takes: 304.8024699687958
Stats for ('MARI', Timestamp('2013-04-13 00:00:00')): P10 takes: 0.0530247688293457
Stats for ('MARI', Timestamp('2013-04-13 00:00:00')): P90 takes: 0.05256080627441406
Stats: gPCE takes: 3.163161516189575
Stats for ('MARI', Timestamp('2013-04-14 00:00:00')): E takes: 0.5954842567443848
Stats for ('MARI', Timestamp('2013-04-14 00:00:00')): Var takes: 190.3506007194519
Stats for ('MARI', Timestamp('2013-04-14 00:00:00')): StdDev takes: 190.52939891815186
Stats for ('MARI', Timestamp('2013-04-14 00:00:00')): Sobol_m takes: 192.8220293521881
Stats for ('MARI', Timestamp('2013-04-14 00:00:00')): Sobol_m2 takes: 212.58773040771484
Stats for ('MARI', Timestamp('2013-04-14 00:00:00')): Sobol_t takes: 303.9962980747223
Stats for ('MARI', Timestamp('2013-04-14 00:00:00')): P10 takes: 0.05382490158081055
Stats for ('MARI', Timestamp('2013-04-14 00:00:00')): P90 takes: 0.0531773567199707
Stats: gPCE takes: 3.147075891494751
Stats for ('MARI', Timestamp('2013-04-15 00:00:00')): E takes: 0.5920016765594482
Stats for ('MARI', Timestamp('2013-04-15 00:00:00')): Var takes: 190.53317308425903
Stats for ('MARI', Timestamp('2013-04-15 00:00:00')): StdDev takes: 190.1733901500702
Stats for ('MARI', Timestamp('2013-04-15 00:00:00')): Sobol_m takes: 192.8862771987915
Stats for ('MARI', Timestamp('2013-04-15 00:00:00')): Sobol_m2 takes: 212.28983330726624
Stats for ('MARI', Timestamp('2013-04-15 00:00:00')): Sobol_t takes: 304.32537484169006
Stats for ('MARI', Timestamp('2013-04-15 00:00:00')): P10 takes: 0.05337405204772949
Stats for ('MARI', Timestamp('2013-04-15 00:00:00')): P90 takes: 0.052349090576171875
Stats: gPCE takes: 3.1013381481170654
Stats for ('MARI', Timestamp('2013-04-16 00:00:00')): E takes: 0.588665246963501
Stats for ('MARI', Timestamp('2013-04-16 00:00:00')): Var takes: 190.39234733581543
Stats for ('MARI', Timestamp('2013-04-16 00:00:00')): StdDev takes: 190.65650272369385
Stats for ('MARI', Timestamp('2013-04-16 00:00:00')): Sobol_m takes: 192.74839329719543
Stats for ('MARI', Timestamp('2013-04-16 00:00:00')): Sobol_m2 takes: 212.45008659362793
Stats for ('MARI', Timestamp('2013-04-16 00:00:00')): Sobol_t takes: 304.4041938781738
Stats for ('MARI', Timestamp('2013-04-16 00:00:00')): P10 takes: 0.05333685874938965
Stats for ('MARI', Timestamp('2013-04-16 00:00:00')): P90 takes: 0.05228424072265625
Stats: gPCE takes: 3.1064586639404297
Stats for ('MARI', Timestamp('2013-04-17 00:00:00')): E takes: 0.5905747413635254
Stats for ('MARI', Timestamp('2013-04-17 00:00:00')): Var takes: 190.25339365005493
Stats for ('MARI', Timestamp('2013-04-17 00:00:00')): StdDev takes: 190.51816320419312
Stats for ('MARI', Timestamp('2013-04-17 00:00:00')): Sobol_m takes: 193.09417700767517
Stats for ('MARI', Timestamp('2013-04-17 00:00:00')): Sobol_m2 takes: 212.66301226615906
Stats for ('MARI', Timestamp('2013-04-17 00:00:00')): Sobol_t takes: 304.3307719230652
Stats for ('MARI', Timestamp('2013-04-17 00:00:00')): P10 takes: 0.05309748649597168
Stats for ('MARI', Timestamp('2013-04-17 00:00:00')): P90 takes: 0.052362680435180664
Stats: gPCE takes: 3.107903480529785
Stats for ('MARI', Timestamp('2013-04-18 00:00:00')): E takes: 0.5917205810546875
Stats for ('MARI', Timestamp('2013-04-18 00:00:00')): Var takes: 190.2226321697235
Stats for ('MARI', Timestamp('2013-04-18 00:00:00')): StdDev takes: 190.53787302970886
Stats for ('MARI', Timestamp('2013-04-18 00:00:00')): Sobol_m takes: 192.8273527622223
Stats for ('MARI', Timestamp('2013-04-18 00:00:00')): Sobol_m2 takes: 212.48096656799316
Stats for ('MARI', Timestamp('2013-04-18 00:00:00')): Sobol_t takes: 304.4862599372864
Stats for ('MARI', Timestamp('2013-04-18 00:00:00')): P10 takes: 0.052935123443603516
Stats for ('MARI', Timestamp('2013-04-18 00:00:00')): P90 takes: 0.05241584777832031
Stats: gPCE takes: 3.1279773712158203
Stats for ('MARI', Timestamp('2013-04-19 00:00:00')): E takes: 0.5954158306121826
Stats for ('MARI', Timestamp('2013-04-19 00:00:00')): Var takes: 190.69130063056946
Stats for ('MARI', Timestamp('2013-04-19 00:00:00')): StdDev takes: 190.49929308891296
Stats for ('MARI', Timestamp('2013-04-19 00:00:00')): Sobol_m takes: 192.83151173591614
Stats for ('MARI', Timestamp('2013-04-19 00:00:00')): Sobol_m2 takes: 212.90210604667664
Stats for ('MARI', Timestamp('2013-04-19 00:00:00')): Sobol_t takes: 303.877560377121
Stats for ('MARI', Timestamp('2013-04-19 00:00:00')): P10 takes: 0.053544044494628906
Stats for ('MARI', Timestamp('2013-04-19 00:00:00')): P90 takes: 0.05218195915222168
Stats: gPCE takes: 3.111520767211914
Stats for ('MARI', Timestamp('2013-04-20 00:00:00')): E takes: 0.5935122966766357
Stats for ('MARI', Timestamp('2013-04-20 00:00:00')): Var takes: 190.66111254692078
Stats for ('MARI', Timestamp('2013-04-20 00:00:00')): StdDev takes: 190.04412484169006
Stats for ('MARI', Timestamp('2013-04-20 00:00:00')): Sobol_m takes: 192.87101531028748
Stats for ('MARI', Timestamp('2013-04-20 00:00:00')): Sobol_m2 takes: 212.2648491859436
Stats for ('MARI', Timestamp('2013-04-20 00:00:00')): Sobol_t takes: 304.00919008255005
Stats for ('MARI', Timestamp('2013-04-20 00:00:00')): P10 takes: 0.053047895431518555
Stats for ('MARI', Timestamp('2013-04-20 00:00:00')): P90 takes: 0.0525202751159668
Stats: gPCE takes: 3.103057622909546
Stats for ('MARI', Timestamp('2013-04-21 00:00:00')): E takes: 0.5914349555969238
Stats for ('MARI', Timestamp('2013-04-21 00:00:00')): Var takes: 190.2989945411682
Stats for ('MARI', Timestamp('2013-04-21 00:00:00')): StdDev takes: 190.80232787132263
Stats for ('MARI', Timestamp('2013-04-21 00:00:00')): Sobol_m takes: 192.94803309440613
Stats for ('MARI', Timestamp('2013-04-21 00:00:00')): Sobol_m2 takes: 212.6148145198822
Stats for ('MARI', Timestamp('2013-04-21 00:00:00')): Sobol_t takes: 304.1825280189514
Stats for ('MARI', Timestamp('2013-04-21 00:00:00')): P10 takes: 0.05320334434509277
Stats for ('MARI', Timestamp('2013-04-21 00:00:00')): P90 takes: 0.05297970771789551
Stats: gPCE takes: 3.117655038833618
Stats for ('MARI', Timestamp('2013-04-22 00:00:00')): E takes: 0.5922081470489502
Stats for ('MARI', Timestamp('2013-04-22 00:00:00')): Var takes: 190.176659822464
Stats for ('MARI', Timestamp('2013-04-22 00:00:00')): StdDev takes: 190.22693252563477
Stats for ('MARI', Timestamp('2013-04-22 00:00:00')): Sobol_m takes: 192.83436703681946
Stats for ('MARI', Timestamp('2013-04-22 00:00:00')): Sobol_m2 takes: 212.14657878875732
Stats for ('MARI', Timestamp('2013-04-22 00:00:00')): Sobol_t takes: 304.4476306438446
Stats for ('MARI', Timestamp('2013-04-22 00:00:00')): P10 takes: 0.0537114143371582
Stats for ('MARI', Timestamp('2013-04-22 00:00:00')): P90 takes: 0.052247047424316406
Stats: gPCE takes: 3.1282854080200195
Stats for ('MARI', Timestamp('2013-04-23 00:00:00')): E takes: 0.5939762592315674
Stats for ('MARI', Timestamp('2013-04-23 00:00:00')): Var takes: 190.95757865905762
Stats for ('MARI', Timestamp('2013-04-23 00:00:00')): StdDev takes: 190.45724964141846
Stats for ('MARI', Timestamp('2013-04-23 00:00:00')): Sobol_m takes: 193.006982088089
Stats for ('MARI', Timestamp('2013-04-23 00:00:00')): Sobol_m2 takes: 212.66390132904053
Stats for ('MARI', Timestamp('2013-04-23 00:00:00')): Sobol_t takes: 304.33451318740845
Stats for ('MARI', Timestamp('2013-04-23 00:00:00')): P10 takes: 0.053592681884765625
Stats for ('MARI', Timestamp('2013-04-23 00:00:00')): P90 takes: 0.05260944366455078
Stats: gPCE takes: 3.1016697883605957
Stats for ('MARI', Timestamp('2013-04-24 00:00:00')): E takes: 0.5906522274017334
Stats for ('MARI', Timestamp('2013-04-24 00:00:00')): Var takes: 190.41338562965393
Stats for ('MARI', Timestamp('2013-04-24 00:00:00')): StdDev takes: 190.41506838798523
Stats for ('MARI', Timestamp('2013-04-24 00:00:00')): Sobol_m takes: 193.21504735946655
Stats for ('MARI', Timestamp('2013-04-24 00:00:00')): Sobol_m2 takes: 212.6905870437622
Stats for ('MARI', Timestamp('2013-04-24 00:00:00')): Sobol_t takes: 304.10937333106995
Stats for ('MARI', Timestamp('2013-04-24 00:00:00')): P10 takes: 0.053431034088134766
Stats for ('MARI', Timestamp('2013-04-24 00:00:00')): P90 takes: 0.052770376205444336
Stats: gPCE takes: 3.1162922382354736
Stats for ('MARI', Timestamp('2013-04-25 00:00:00')): E takes: 0.5918447971343994
Stats for ('MARI', Timestamp('2013-04-25 00:00:00')): Var takes: 190.46671867370605
Stats for ('MARI', Timestamp('2013-04-25 00:00:00')): StdDev takes: 190.59940385818481
Stats for ('MARI', Timestamp('2013-04-25 00:00:00')): Sobol_m takes: 192.99085402488708
Stats for ('MARI', Timestamp('2013-04-25 00:00:00')): Sobol_m2 takes: 212.29048871994019
Stats for ('MARI', Timestamp('2013-04-25 00:00:00')): Sobol_t takes: 304.1720175743103
Stats for ('MARI', Timestamp('2013-04-25 00:00:00')): P10 takes: 0.05300617218017578
Stats for ('MARI', Timestamp('2013-04-25 00:00:00')): P90 takes: 0.05263233184814453
Stats: gPCE takes: 3.0853359699249268
Stats for ('MARI', Timestamp('2013-04-26 00:00:00')): E takes: 0.5947220325469971
Stats for ('MARI', Timestamp('2013-04-26 00:00:00')): Var takes: 190.37162971496582
Stats for ('MARI', Timestamp('2013-04-26 00:00:00')): StdDev takes: 190.60244727134705
Stats for ('MARI', Timestamp('2013-04-26 00:00:00')): Sobol_m takes: 192.92475175857544
Stats for ('MARI', Timestamp('2013-04-26 00:00:00')): Sobol_m2 takes: 212.6777467727661
Stats for ('MARI', Timestamp('2013-04-26 00:00:00')): Sobol_t takes: 304.4995276927948
Stats for ('MARI', Timestamp('2013-04-26 00:00:00')): P10 takes: 0.05292081832885742
Stats for ('MARI', Timestamp('2013-04-26 00:00:00')): P90 takes: 0.05272650718688965
Stats: gPCE takes: 3.107447862625122
Stats for ('MARI', Timestamp('2013-04-27 00:00:00')): E takes: 0.5910449028015137
Stats for ('MARI', Timestamp('2013-04-27 00:00:00')): Var takes: 190.25283861160278
Stats for ('MARI', Timestamp('2013-04-27 00:00:00')): StdDev takes: 190.3479197025299
Stats for ('MARI', Timestamp('2013-04-27 00:00:00')): Sobol_m takes: 193.26398730278015
Stats for ('MARI', Timestamp('2013-04-27 00:00:00')): Sobol_m2 takes: 212.4272816181183
Stats for ('MARI', Timestamp('2013-04-27 00:00:00')): Sobol_t takes: 304.31389689445496
Stats for ('MARI', Timestamp('2013-04-27 00:00:00')): P10 takes: 0.05380368232727051
Stats for ('MARI', Timestamp('2013-04-27 00:00:00')): P90 takes: 0.05274343490600586
Stats: gPCE takes: 3.1102099418640137
Stats for ('MARI', Timestamp('2013-04-28 00:00:00')): E takes: 0.5951213836669922
Stats for ('MARI', Timestamp('2013-04-28 00:00:00')): Var takes: 190.64427733421326
Stats for ('MARI', Timestamp('2013-04-28 00:00:00')): StdDev takes: 190.2751908302307
Stats for ('MARI', Timestamp('2013-04-28 00:00:00')): Sobol_m takes: 192.81490325927734
Stats for ('MARI', Timestamp('2013-04-28 00:00:00')): Sobol_m2 takes: 212.76906967163086
Stats for ('MARI', Timestamp('2013-04-28 00:00:00')): Sobol_t takes: 304.21500515937805
Stats for ('MARI', Timestamp('2013-04-28 00:00:00')): P10 takes: 0.053183794021606445
Stats for ('MARI', Timestamp('2013-04-28 00:00:00')): P90 takes: 0.052471160888671875
Stats: gPCE takes: 3.1044421195983887
Stats for ('MARI', Timestamp('2013-04-29 00:00:00')): E takes: 0.5925819873809814
Stats for ('MARI', Timestamp('2013-04-29 00:00:00')): Var takes: 190.30773210525513
Stats for ('MARI', Timestamp('2013-04-29 00:00:00')): StdDev takes: 190.3755543231964
Stats for ('MARI', Timestamp('2013-04-29 00:00:00')): Sobol_m takes: 193.08625507354736
Stats for ('MARI', Timestamp('2013-04-29 00:00:00')): Sobol_m2 takes: 212.6902313232422
Stats for ('MARI', Timestamp('2013-04-29 00:00:00')): Sobol_t takes: 303.9741837978363
Stats for ('MARI', Timestamp('2013-04-29 00:00:00')): P10 takes: 0.05335283279418945
Stats for ('MARI', Timestamp('2013-04-29 00:00:00')): P90/lrz/sys/intel/studio2019_u4/intelpython3/lib/python3.6/site-packages/pandas/plotting/_converter.py:129: FutureWarning: Using an implicitly registered datetime converter for a matplotlib plotting method. The converter was registered by pandas on import. Future versions of pandas will require you to explicitly register matplotlib converters.

To register the converters:
	>>> from pandas.plotting import register_matplotlib_converters
	>>> register_matplotlib_converters()
  warnings.warn(msg, FutureWarning)
 takes: 0.05238938331604004
calculate statistics [RuntimeStatistics]...
[ 101.31990647  101.45363877  101.58737107 ... 1438.24170283 1438.37543513
 1438.50916743]
print statistics...
None
QoI                 E     StdDev          Var          P5         P95
---------  ----------  ---------  -----------  ----------  ----------
E_runtime  163.345511  40.901074  1672.897836  128.709236  210.361894

Sensitivity Indices:
Index                    value
-----------------------  -----------------------------------------------
First order              [0.3795947  0.06765486 0.00095372 0.00070654]
First order_Interaction  0.5510901751613353
Second order             [[0.         0.53195276 0.00695033 0.00091597]
                          [0.53195276 0.         0.0022067  0.00057638]
                          [0.00695033 0.0022067  0.         0.00082922]
                          [0.00091597 0.00057638 0.00082922 0.        ]]
Total order              [0.92645102 0.60893568 0.01787562 0.00600422]

type            runtime                                                        estimated                                                      org_estimated                                                  diff: T-E                                                      diff: T-OE
--------------  -------------------------------------------------------------  -------------------------------------------------------------  -------------------------------------------------------------  -------------------------------------------------------------  -------------------------------------------------------------
sum(T_i_S)      1682800.0369193554                                             1687081.5184589964                                             1687081.5184589964                                             -4281.481539641041                                             -4281.481539641041
T_i_SWP_worker  [21140.78232932 21209.2246902  20946.73510575 20904.74768066   [20757.22568582 21027.50192425 21184.12787671 21070.30983152   [20757.22568582 21027.50192425 21184.12787671 21070.30983152   [  383.5566435    181.72276595  -237.39277096  -165.56215085   [  383.5566435    181.72276595  -237.39277096  -165.56215085
                 21165.41823411 20858.65272141 21332.04851723 21782.38127255    20991.40079385 21213.92923575 21410.09205352 21266.25487556    20991.40079385 21213.92923575 21410.09205352 21266.25487556      174.01744026  -355.27651435   -78.04353629   516.126397        174.01744026  -355.27651435   -78.04353629   516.126397
                 20117.24419236 21219.993294   20708.15948486 21286.37014818    21122.23387588 21259.60188391 20888.68763064 20994.04977881    21122.23387588 21259.60188391 20888.68763064 20994.04977881    -1004.98968352   -39.60858991  -180.52814577   292.32036937    -1004.98968352   -39.60858991  -180.52814577   292.32036937
                 20831.47220445 20887.67956829 20876.25651622 21374.04873443    21066.61976308 20976.71749667 20904.43703034 21093.79082005    21066.61976308 20976.71749667 20904.43703034 21093.79082005     -235.14755864   -89.03792838   -28.18051412   280.25791437     -235.14755864   -89.03792838   -28.18051412   280.25791437
                 21399.70966697 21900.3866024  21019.51041555 20919.56298137    21311.95466767 21233.87133339 21071.57126342 21103.25541994    21311.95466767 21233.87133339 21071.57126342 21103.25541994       87.7549993    666.51526901   -52.06084786  -183.69243858       87.7549993    666.51526901   -52.06084786  -183.69243858
                 20903.9030757  20822.61353946 20960.75033426 20315.23538923    20720.70942363 20980.96924049 21129.26292772 21015.27410484    20720.70942363 20980.96924049 21129.26292772 21015.27410484      183.19365206  -158.35570103  -168.51259346  -700.03871561      183.19365206  -158.35570103  -168.51259346  -700.03871561
                 21278.9955554  21187.62504959 21025.17931151 20914.94618249    20941.88340329 21167.146163   21357.5327931  21201.43811539    20941.88340329 21167.146163   21357.5327931  21201.43811539      337.11215211    20.47888659  -332.35348159  -286.4919329       337.11215211    20.47888659  -332.35348159  -286.4919329
                 21178.85403156 20885.1825037  20617.0183568  20754.82005954    21045.21255538 21175.18945298 20896.61543915 20991.98316538    21045.21255538 21175.18945298 20896.61543915 20991.98316538      133.64147618  -290.00694928  -279.59708235  -237.16310584      133.64147618  -290.00694928  -279.59708235  -237.16310584
                 21140.52090907 21192.63101387 20794.89541101 20959.71267176    21056.25190132 20966.12162648 20899.03763846 21090.41559191    21056.25190132 20966.12162648 20899.03763846 21090.41559191       84.26900775   226.50938739  -104.14222745  -130.70292015       84.26900775   226.50938739  -104.14222745  -130.70292015
                 21031.95623374 21225.84562159 21111.4771862  20986.5570569     21301.76971575 21210.31832254 21034.90541644 21058.66419492    21301.76971575 21210.31832254 21034.90541644 21058.66419492     -269.81348201    15.52729904    76.57176976   -72.10713802     -269.81348201    15.52729904    76.57176976   -72.10713802
                 20462.80570531 21176.67042208 21330.08668256 21173.02620506    20737.53641551 21009.86476723 21169.61046069 21057.79082619    20737.53641551 21009.86476723 21169.61046069 21057.79082619     -274.7307102    166.80565485   160.47622187   115.23537887     -274.7307102    166.80565485   160.47622187   115.23537887
                 20615.00460196 20715.00122261 20912.72996593 21187.7925427     20976.52212616 21191.1202794  21377.24233892 21227.45627968    20976.52212616 21191.1202794  21377.24233892 21227.45627968     -361.51752421  -476.11905679  -464.51237299   -39.66373698     -361.51752421  -476.11905679  -464.51237299   -39.66373698
                 20764.57840872 20900.0341835  20780.45354342 20730.24930692    21084.57117064 21226.45094507 20882.39782072 20986.59366625    21084.57117064 21226.45094507 20882.39782072 20986.59366625     -319.99276192  -326.41676156  -101.94427729  -256.34435933     -319.99276192  -326.41676156  -101.94427729  -256.34435933
                 20934.44319749 20892.30436349 21146.75938559 21084.27831674    21057.52838514 20964.85883534 20887.01776403 21067.79259882    21057.52838514 20964.85883534 20887.01776403 21067.79259882     -123.08518765   -72.55447185   259.74162155    16.48571792     -123.08518765   -72.55447185   259.74162155    16.48571792
                 21151.99464583 22467.28678179 21087.49518156 20981.11489058    21277.78863604 21197.17134002 21039.54788183 21078.15105054    21277.78863604 21197.17134002 21039.54788183 21078.15105054     -125.7939902   1270.11544176    47.94729973   -97.03615997     -125.7939902   1270.11544176    47.94729973   -97.03615997
                 21157.752249   21158.59529901 20871.39919233 21056.26706791    20801.39240638 21059.64824602 21203.16546927 21081.88580256    20801.39240638 21059.64824602 21203.16546927 21081.88580256      356.35984262    98.94705298  -331.76627694   -25.61873466      356.35984262    98.94705298  -331.76627694   -25.61873466
                 20619.56245518 20548.68050027 22642.07424188 21064.9909153     21000.7429763  21220.02974151 21407.18100346 21250.32282924    21000.7429763  21220.02974151 21407.18100346 21250.32282924     -381.18052112  -671.34924124  1234.89323842  -185.33191395     -381.18052112  -671.34924124  1234.89323842  -185.33191395
                 21083.12105036 20987.72709489 19713.30461407 21587.62840295    21094.90621074 21226.01934585 20975.9162092  21067.06152626    21094.90621074 21226.01934585 20975.9162092  21067.06152626      -11.78516038  -238.29225096 -1262.61159513   520.56687669      -11.78516038  -238.29225096 -1262.61159513   520.56687669
                 20867.97306943 20948.17849231 21504.32951021 21388.96003389    21123.30914203 21022.74783355 20946.06297737 21131.63393518    21123.30914203 21022.74783355 20946.06297737 21131.63393518     -255.3360726    -74.56934125   558.26653284   257.32609871     -255.3360726    -74.56934125   558.26653284   257.32609871
                 21245.70686579 20002.89687061 21155.25823092 21532.41735554]   21341.84484312 21252.79810729 21081.28423284 21108.21759964]   21341.84484312 21252.79810729 21081.28423284 21108.21759964]     -96.13797733 -1249.90123668    73.97399808   424.1997559 ]     -96.13797733 -1249.90123668    73.97399808   424.1997559 ]
T_SWP_worker    22642.074241876602                                             21410.092053517434                                             21410.092053517434                                             1231.9821883591685                                             1231.9821883591685
T_Prop          21538.96083855629                                              20306.97865019712                                              20306.97865019712                                              1231.9821883591685                                             1231.9821883591685
T_I             2928.7696278095245                                             2928.7696278095245                                             2928.7696278095245                                             0.0                                                            0.0
T_C             -1103.1134033203125                                            -1103.1134033203125                                            -1103.1134033203125                                            0.0                                                            0.0
T_S_overhead    0.0                                                            0.0                                                            0.0                                                            0.0                                                            0.0

Errors:
Error                            ET          OET
----------------------  -----------  -----------
aboslute error min         0.001558     0.001558
aboslute error max      1039.920666  1039.920666
aboslute error mean       40.058809    40.058809
aboslute error l2 norm    92.698290  9269.829024
relative error min         0.000009     0.000009
relative error max         0.765613     0.765613
relative error mean        0.168094     0.168094
relative error l2 norm     0.218059     0.218059

type                        runtime
------------------------  ---------
t_estimate_runtime         0.000765
t_wp_creation              0.709642
t_estimate_restore_order   0.001381


generate stat plots...
plot: mean + percentiles
plot: simulation absolute error
plot: simulation relative error
plot: standard deviation
plot: sobol indices t (total order)
plot: sobol indices m (first order)
[0.14487604 0.02913338 0.10398239 ... 0.14743653 0.24257157 0.31216888]
[0.14487604 0.02913338 0.10398239 ... 0.14743653 0.24257157 0.31216888]
save statistics...
UQsim: save to file: /dss/dsshome1/lxc01/di73wal/work/simulation/diss.larsim/Larsim-UQ.git/../larsim_runs/0133_sim/uqsim.saved
rank: 0 exit
---- end sim: Sun Jan 12 10:30:24 CET 2020
