python/3.6_intel (INFO):
    Loading this module may cause the environment generated by other
    modules to become inconsistent; however it should work together
    with the Intel compilers, tools and libraries.
---- start sim: Mon Dec 30 02:43:15 CET 2019
MPI version: Intel(R) MPI Library 2018 Update 4 for Linux* OS

MPI2 version: (3, 1)
MPI3 version: 3
mpi4py version: 3.0.3
rank 0: starttime: 2019.12.30 02:43:26
dir: /dss/dsshome1/lxc01/di73wal/work/simulation/diss.larsim/Larsim-UQ.git/../larsim_runs/0133_sim
dir: /dss/dsshome1/lxc01/di73wal/work/simulation/diss.larsim/Larsim-UQ.git/../larsim_runs/0133_sim
['/dss/dsshome1/lxc01/di73wal/work/simulation/diss.larsim/Larsim-UQ.git/../larsim_runs/0133_sim/uqsim.saved']
parsing args...
rank: 0 is master!
rank: 0 is master!
UQsim: restore from file: True
rank: 0 exit
uqsim.args.disable_statistics: True
calculate statistics [LarsimStatistics]...
Stats: samplesData Frame with All the simulation results : Index_run                   int64
Stationskennung            object
Type                       object
TimeStamp          datetime64[ns]
Value                     float64
dtype: object
Stationskennung            object
Type                       object
TimeStamp          datetime64[ns]
Index_run                   int64
Value                     float64
dtype: object
 takes: 162.14608311653137
timesteps Info
<class 'numpy.ndarray'>
numbTimesteps is: 60
Stats: gPCE takes: 3.702716112136841
Stats for ('LOHB', Timestamp('2013-03-01 00:00:00')): E takes: 0.5768823623657227
Stats for ('LOHB', Timestamp('2013-03-01 00:00:00')): Var takes: 188.23021459579468
Stats for ('LOHB', Timestamp('2013-03-01 00:00:00')): StdDev takes: 189.58402037620544
Stats for ('LOHB', Timestamp('2013-03-01 00:00:00')): Sobol_m takes: 192.19393181800842
Stats for ('LOHB', Timestamp('2013-03-01 00:00:00')): Sobol_m2 takes: 211.02692103385925
Stats for ('LOHB', Timestamp('2013-03-01 00:00:00')): Sobol_t takes: 302.9368722438812
Stats for ('LOHB', Timestamp('2013-03-01 00:00:00')): P10 takes: 0.053170204162597656
Stats for ('LOHB', Timestamp('2013-03-01 00:00:00')): P90 takes: 0.05266404151916504
Stats: gPCE takes: 3.63984751701355
Stats for ('LOHB', Timestamp('2013-03-02 00:00:00')): E takes: 0.5803978443145752
Stats for ('LOHB', Timestamp('2013-03-02 00:00:00')): Var takes: 187.41044878959656
Stats for ('LOHB', Timestamp('2013-03-02 00:00:00')): StdDev takes: 188.79606103897095
Stats for ('LOHB', Timestamp('2013-03-02 00:00:00')): Sobol_m takes: 193.76606965065002
Stats for ('LOHB', Timestamp('2013-03-02 00:00:00')): Sobol_m2 takes: 213.29198718070984
Stats for ('LOHB', Timestamp('2013-03-02 00:00:00')): Sobol_t takes: 300.16202902793884
Stats for ('LOHB', Timestamp('2013-03-02 00:00:00')): P10 takes: 0.052994728088378906
Stats for ('LOHB', Timestamp('2013-03-02 00:00:00')): P90 takes: 0.05190682411193848
Stats: gPCE takes: 3.4003734588623047
Stats for ('LOHB', Timestamp('2013-03-03 00:00:00')): E takes: 0.5819003582000732
Stats for ('LOHB', Timestamp('2013-03-03 00:00:00')): Var takes: 188.08533644676208
Stats for ('LOHB', Timestamp('2013-03-03 00:00:00')): StdDev takes: 191.19078040122986
Stats for ('LOHB', Timestamp('2013-03-03 00:00:00')): Sobol_m takes: 194.1823353767395
Stats for ('LOHB', Timestamp('2013-03-03 00:00:00')): Sobol_m2 takes: 213.83579015731812
Stats for ('LOHB', Timestamp('2013-03-03 00:00:00')): Sobol_t takes: 304.15901136398315
Stats for ('LOHB', Timestamp('2013-03-03 00:00:00')): P10 takes: 0.05528688430786133
Stats for ('LOHB', Timestamp('2013-03-03 00:00:00')): P90 takes: 0.05311989784240723
Stats: gPCE takes: 3.4666178226470947
Stats for ('LOHB', Timestamp('2013-03-04 00:00:00')): E takes: 0.5917196273803711
Stats for ('LOHB', Timestamp('2013-03-04 00:00:00')): Var takes: 191.1192765235901
Stats for ('LOHB', Timestamp('2013-03-04 00:00:00')): StdDev takes: 188.04281759262085
Stats for ('LOHB', Timestamp('2013-03-04 00:00:00')): Sobol_m takes: 189.8649823665619
Stats for ('LOHB', Timestamp('2013-03-04 00:00:00')): Sobol_m2 takes: 211.45978832244873
Stats for ('LOHB', Timestamp('2013-03-04 00:00:00')): Sobol_t takes: 300.26273369789124
Stats for ('LOHB', Timestamp('2013-03-04 00:00:00')): P10 takes: 0.05317878723144531
Stats for ('LOHB', Timestamp('2013-03-04 00:00:00')): P90 takes: 0.05213046073913574
Stats: gPCE takes: 3.4941396713256836
Stats for ('LOHB', Timestamp('2013-03-05 00:00:00')): E takes: 0.5887079238891602
Stats for ('LOHB', Timestamp('2013-03-05 00:00:00')): Var takes: 187.81881833076477
Stats for ('LOHB', Timestamp('2013-03-05 00:00:00')): StdDev takes: 189.60381865501404
Stats for ('LOHB', Timestamp('2013-03-05 00:00:00')): Sobol_m takes: 191.8551263809204
Stats for ('LOHB', Timestamp('2013-03-05 00:00:00')): Sobol_m2 takes: 211.57521677017212
Stats for ('LOHB', Timestamp('2013-03-05 00:00:00')): Sobol_t takes: 300.568674325943
Stats for ('LOHB', Timestamp('2013-03-05 00:00:00')): P10 takes: 0.05305886268615723
Stats for ('LOHB', Timestamp('2013-03-05 00:00:00')): P90 takes: 0.05190920829772949
Stats: gPCE takes: 3.4980549812316895
Stats for ('LOHB', Timestamp('2013-03-06 00:00:00')): E takes: 0.5800244808197021
Stats for ('LOHB', Timestamp('2013-03-06 00:00:00')): Var takes: 187.93303632736206
Stats for ('LOHB', Timestamp('2013-03-06 00:00:00')): StdDev takes: 188.05248355865479
Stats for ('LOHB', Timestamp('2013-03-06 00:00:00')): Sobol_m takes: 190.68250036239624
Stats for ('LOHB', Timestamp('2013-03-06 00:00:00')): Sobol_m2 takes: 210.06300282478333
Stats for ('LOHB', Timestamp('2013-03-06 00:00:00')): Sobol_t takes: 300.7426633834839
Stats for ('LOHB', Timestamp('2013-03-06 00:00:00')): P10 takes: 0.05383110046386719
Stats for ('LOHB', Timestamp('2013-03-06 00:00:00')): P90 takes: 0.05236530303955078
Stats: gPCE takes: 3.497431755065918
Stats for ('LOHB', Timestamp('2013-03-07 00:00:00')): E takes: 0.5859653949737549
Stats for ('LOHB', Timestamp('2013-03-07 00:00:00')): Var takes: 188.54697036743164
Stats for ('LOHB', Timestamp('2013-03-07 00:00:00')): StdDev takes: 187.8312587738037
Stats for ('LOHB', Timestamp('2013-03-07 00:00:00')): Sobol_m takes: 190.5277178287506
Stats for ('LOHB', Timestamp('2013-03-07 00:00:00')): Sobol_m2 takes: 210.06669664382935
Stats for ('LOHB', Timestamp('2013-03-07 00:00:00')): Sobol_t takes: 300.52062010765076
Stats for ('LOHB', Timestamp('2013-03-07 00:00:00')): P10 takes: 0.053279876708984375
Stats for ('LOHB', Timestamp('2013-03-07 00:00:00')): P90 takes: 0.05196046829223633
Stats: gPCE takes: 3.502324342727661
Stats for ('LOHB', Timestamp('2013-03-08 00:00:00')): E takes: 0.5817809104919434
Stats for ('LOHB', Timestamp('2013-03-08 00:00:00')): Var takes: 187.8058557510376
Stats for ('LOHB', Timestamp('2013-03-08 00:00:00')): StdDev takes: 187.99074530601501
Stats for ('LOHB', Timestamp('2013-03-08 00:00:00')): Sobol_m takes: 190.5955307483673
Stats for ('LOHB', Timestamp('2013-03-08 00:00:00')): Sobol_m2 takes: 210.335520029068
Stats for ('LOHB', Timestamp('2013-03-08 00:00:00')): Sobol_t takes: 300.2643344402313
Stats for ('LOHB', Timestamp('2013-03-08 00:00:00')): P10 takes: 0.05399036407470703
Stats for ('LOHB', Timestamp('2013-03-08 00:00:00')): P90 takes: 0.052884578704833984
Stats: gPCE takes: 3.413846731185913
Stats for ('LOHB', Timestamp('2013-03-09 00:00:00')): E takes: 0.5832233428955078
Stats for ('LOHB', Timestamp('2013-03-09 00:00:00')): Var takes: 188.38789176940918
Stats for ('LOHB', Timestamp('2013-03-09 00:00:00')): StdDev takes: 187.87265539169312
Stats for ('LOHB', Timestamp('2013-03-09 00:00:00')): Sobol_m takes: 190.48661494255066
Stats for ('LOHB', Timestamp('2013-03-09 00:00:00')): Sobol_m2 takes: 210.2384603023529
Stats for ('LOHB', Timestamp('2013-03-09 00:00:00')): Sobol_t takes: 300.35146617889404
Stats for ('LOHB', Timestamp('2013-03-09 00:00:00')): P10 takes: 0.05355477333068848
Stats for ('LOHB', Timestamp('2013-03-09 00:00:00')): P90 takes: 0.05239677429199219
Stats: gPCE takes: 3.496333122253418
Stats for ('LOHB', Timestamp('2013-03-10 00:00:00')): E takes: 0.5839407444000244
Stats for ('LOHB', Timestamp('2013-03-10 00:00:00')): Var takes: 188.0935275554657
Stats for ('LOHB', Timestamp('2013-03-10 00:00:00')): StdDev takes: 188.31819462776184
Stats for ('LOHB', Timestamp('2013-03-10 00:00:00')): Sobol_m takes: 190.65139627456665
Stats for ('LOHB', Timestamp('2013-03-10 00:00:00')): Sobol_m2 takes: 209.98705959320068
Stats for ('LOHB', Timestamp('2013-03-10 00:00:00')): Sobol_t takes: 300.3968563079834
Stats for ('LOHB', Timestamp('2013-03-10 00:00:00')): P10 takes: 0.05286407470703125
Stats for ('LOHB', Timestamp('2013-03-10 00:00:00')): P90 takes: 0.05188131332397461
Stats: gPCE takes: 3.500288963317871
Stats for ('LOHB', Timestamp('2013-03-11 00:00:00')): E takes: 0.5801539421081543
Stats for ('LOHB', Timestamp('2013-03-11 00:00:00')): Var takes: 187.8875412940979
Stats for ('LOHB', Timestamp('2013-03-11 00:00:00')): StdDev takes: 188.17220783233643
Stats for ('LOHB', Timestamp('2013-03-11 00:00:00')): Sobol_m takes: 190.75271272659302
Stats for ('LOHB', Timestamp('2013-03-11 00:00:00')): Sobol_m2 takes: 209.750878572464
Stats for ('LOHB', Timestamp('2013-03-11 00:00:00')): Sobol_t takes: 303.33167481422424
Stats for ('LOHB', Timestamp('2013-03-11 00:00:00')): P10 takes: 0.05445528030395508
Stats for ('LOHB', Timestamp('2013-03-11 00:00:00')): P90 takes: 0.05319666862487793
Stats: gPCE takes: 3.51110577583313
Stats for ('LOHB', Timestamp('2013-03-12 00:00:00')): E takes: 0.5963459014892578
Stats for ('LOHB', Timestamp('2013-03-12 00:00:00')): Var takes: 189.66625118255615
Stats for ('LOHB', Timestamp('2013-03-12 00:00:00')): StdDev takes: 187.2552170753479
Stats for ('LOHB', Timestamp('2013-03-12 00:00:00')): Sobol_m takes: 193.83308839797974
Stats for ('LOHB', Timestamp('2013-03-12 00:00:00')): Sobol_m2 takes: 214.16648316383362
Stats for ('LOHB', Timestamp('2013-03-12 00:00:00')): Sobol_t takes: 305.66323947906494
Stats for ('LOHB', Timestamp('2013-03-12 00:00:00')): P10 takes: 0.054439544677734375
Stats for ('LOHB', Timestamp('2013-03-12 00:00:00')): P90 takes: 0.05271124839782715
Stats: gPCE takes: 3.5093252658843994
Stats for ('LOHB', Timestamp('2013-03-13 00:00:00')): E takes: 0.5898392200469971
Stats for ('LOHB', Timestamp('2013-03-13 00:00:00')): Var takes: 190.48088693618774
Stats for ('LOHB', Timestamp('2013-03-13 00:00:00')): StdDev takes: 191.0748782157898
Stats for ('LOHB', Timestamp('2013-03-13 00:00:00')): Sobol_m takes: 194.48860359191895
Stats for ('LOHB', Timestamp('2013-03-13 00:00:00')): Sobol_m2 takes: 214.56901836395264
Stats for ('LOHB', Timestamp('2013-03-13 00:00:00')): Sobol_t takes: 306.39189887046814
Stats for ('LOHB', Timestamp('2013-03-13 00:00:00')): P10 takes: 0.055524349212646484
Stats for ('LOHB', Timestamp('2013-03-13 00:00:00')): P90 takes: 0.05311465263366699
Stats: gPCE takes: 3.538980007171631
Stats for ('LOHB', Timestamp('2013-03-14 00:00:00')): E takes: 0.5931143760681152
Stats for ('LOHB', Timestamp('2013-03-14 00:00:00')): Var takes: 192.36388063430786
Stats for ('LOHB', Timestamp('2013-03-14 00:00:00')): StdDev takes: 191.9172444343567
Stats for ('LOHB', Timestamp('2013-03-14 00:00:00')): Sobol_m takes: 194.61975407600403
Stats for ('LOHB', Timestamp('2013-03-14 00:00:00')): Sobol_m2 takes: 212.55368518829346
Stats for ('LOHB', Timestamp('2013-03-14 00:00:00')): Sobol_t takes: 299.54613304138184
Stats for ('LOHB', Timestamp('2013-03-14 00:00:00')): P10 takes: 0.05296826362609863
Stats for ('LOHB', Timestamp('2013-03-14 00:00:00')): P90 takes: 0.05229806900024414
Stats: gPCE takes: 3.4994566440582275
Stats for ('LOHB', Timestamp('2013-03-15 00:00:00')): E takes: 0.581634521484375
Stats for ('LOHB', Timestamp('2013-03-15 00:00:00')): Var takes: 188.64353132247925
Stats for ('LOHB', Timestamp('2013-03-15 00:00:00')): StdDev takes: 187.8777208328247
Stats for ('LOHB', Timestamp('2013-03-15 00:00:00')): Sobol_m takes: 189.35916805267334
Stats for ('LOHB', Timestamp('2013-03-15 00:00:00')): Sobol_m2 takes: 209.601389169693
Stats for ('LOHB', Timestamp('2013-03-15 00:00:00')): Sobol_t takes: 300.00643014907837
Stats for ('LOHB', Timestamp('2013-03-15 00:00:00')): P10 takes: 0.05294990539550781
Stats for ('LOHB', Timestamp('2013-03-15 00:00:00')): P90 takes: 0.052088022232055664
Stats: gPCE takes: 3.5285537242889404
Stats for ('LOHB', Timestamp('2013-03-16 00:00:00')): E takes: 0.581989049911499
Stats for ('LOHB', Timestamp('2013-03-16 00:00:00')): Var takes: 187.78753423690796
Stats for ('LOHB', Timestamp('2013-03-16 00:00:00')): StdDev takes: 188.07101583480835
Stats for ('LOHB', Timestamp('2013-03-16 00:00:00')): Sobol_m takes: 190.74427008628845
Stats for ('LOHB', Timestamp('2013-03-16 00:00:00')): Sobol_m2 takes: 210.77395510673523
Stats for ('LOHB', Timestamp('2013-03-16 00:00:00')): Sobol_t takes: 300.7957274913788
Stats for ('LOHB', Timestamp('2013-03-16 00:00:00')): P10 takes: 0.05342388153076172
Stats for ('LOHB', Timestamp('2013-03-16 00:00:00')): P90 takes: 0.05221724510192871
Stats: gPCE takes: 3.4941136837005615
Stats for ('LOHB', Timestamp('2013-03-17 00:00:00')): E takes: 0.587113618850708
Stats for ('LOHB', Timestamp('2013-03-17 00:00:00')): Var takes: 190.63994979858398
Stats for ('LOHB', Timestamp('2013-03-17 00:00:00')): StdDev takes: 190.04567003250122
Stats for ('LOHB', Timestamp('2013-03-17 00:00:00')): Sobol_m takes: 194.17270493507385
Stats for ('LOHB', Timestamp('2013-03-17 00:00:00')): Sobol_m2 takes: 214.20100498199463
Stats for ('LOHB', Timestamp('2013-03-17 00:00:00')): Sobol_t takes: 306.2146911621094
Stats for ('LOHB', Timestamp('2013-03-17 00:00:00')): P10 takes: 0.05343127250671387
Stats for ('LOHB', Timestamp('2013-03-17 00:00:00')): P90 takes: 0.05250144004821777
Stats: gPCE takes: 3.5163094997406006
Stats for ('LOHB', Timestamp('2013-03-18 00:00:00')): E takes: 0.5963478088378906
Stats for ('LOHB', Timestamp('2013-03-18 00:00:00')): Var takes: 190.69833207130432
Stats for ('LOHB', Timestamp('2013-03-18 00:00:00')): StdDev takes: 190.6511447429657
Stats for ('LOHB', Timestamp('2013-03-18 00:00:00')): Sobol_m takes: 193.4005410671234
Stats for ('LOHB', Timestamp('2013-03-18 00:00:00')): Sobol_m2 takes: 213.09406876564026
Stats for ('LOHB', Timestamp('2013-03-18 00:00:00')): Sobol_t takes: 304.5881175994873
Stats for ('LOHB', Timestamp('2013-03-18 00:00:00')): P10 takes: 0.05386924743652344
Stats for ('LOHB', Timestamp('2013-03-18 00:00:00')): P90 takes: 0.053328514099121094
Stats: gPCE takes: 3.5250914096832275
Stats for ('LOHB', Timestamp('2013-03-19 00:00:00')): E takes: 0.5918715000152588
Stats for ('LOHB', Timestamp('2013-03-19 00:00:00')): Var takes: 191.06272721290588
Stats for ('LOHB', Timestamp('2013-03-19 00:00:00')): StdDev takes: 190.68840193748474
Stats for ('LOHB', Timestamp('2013-03-19 00:00:00')): Sobol_m takes: 193.1202597618103
Stats for ('LOHB', Timestamp('2013-03-19 00:00:00')): Sobol_m2 takes: 213.16259837150574
Stats for ('LOHB', Timestamp('2013-03-19 00:00:00')): Sobol_t takes: 304.79148030281067
Stats for ('LOHB', Timestamp('2013-03-19 00:00:00')): P10 takes: 0.05362200736999512
Stats for ('LOHB', Timestamp('2013-03-19 00:00:00')): P90 takes: 0.05284881591796875
Stats: gPCE takes: 3.5566184520721436
Stats for ('LOHB', Timestamp('2013-03-20 00:00:00')): E takes: 0.5920288562774658
Stats for ('LOHB', Timestamp('2013-03-20 00:00:00')): Var takes: 190.99330711364746
Stats for ('LOHB', Timestamp('2013-03-20 00:00:00')): StdDev takes: 191.40323734283447
Stats for ('LOHB', Timestamp('2013-03-20 00:00:00')): Sobol_m takes: 193.61623692512512
Stats for ('LOHB', Timestamp('2013-03-20 00:00:00')): Sobol_m2 takes: 213.01925992965698
Stats for ('LOHB', Timestamp('2013-03-20 00:00:00')): Sobol_t takes: 305.373811006546
Stats for ('LOHB', Timestamp('2013-03-20 00:00:00')): P10 takes: 0.05359601974487305
Stats for ('LOHB', Timestamp('2013-03-20 00:00:00')): P90 takes: 0.05266284942626953
Stats: gPCE takes: 3.527521848678589
Stats for ('LOHB', Timestamp('2013-03-21 00:00:00')): E takes: 0.588991641998291
Stats for ('LOHB', Timestamp('2013-03-21 00:00:00')): Var takes: 191.42981004714966
Stats for ('LOHB', Timestamp('2013-03-21 00:00:00')): StdDev takes: 191.36889052391052
Stats for ('LOHB', Timestamp('2013-03-21 00:00:00')): Sobol_m takes: 193.31418776512146
Stats for ('LOHB', Timestamp('2013-03-21 00:00:00')): Sobol_m2 takes: 212.75225687026978
Stats for ('LOHB', Timestamp('2013-03-21 00:00:00')): Sobol_t takes: 305.8432562351227
Stats for ('LOHB', Timestamp('2013-03-21 00:00:00')): P10 takes: 0.05372786521911621
Stats for ('LOHB', Timestamp('2013-03-21 00:00:00')): P90 takes: 0.05327439308166504
Stats: gPCE takes: 3.336094379425049
Stats for ('LOHB', Timestamp('2013-03-22 00:00:00')): E takes: 0.5930700302124023
Stats for ('LOHB', Timestamp('2013-03-22 00:00:00')): Var takes: 191.42287635803223
Stats for ('LOHB', Timestamp('2013-03-22 00:00:00')): StdDev takes: 190.77610802650452
Stats for ('LOHB', Timestamp('2013-03-22 00:00:00')): Sobol_m takes: 192.9405393600464
Stats for ('LOHB', Timestamp('2013-03-22 00:00:00')): Sobol_m2 takes: 212.89048266410828
Stats for ('LOHB', Timestamp('2013-03-22 00:00:00')): Sobol_t takes: 299.81702756881714
Stats for ('LOHB', Timestamp('2013-03-22 00:00:00')): P10 takes: 0.052689552307128906
Stats for ('LOHB', Timestamp('2013-03-22 00:00:00')): P90 takes: 0.052350521087646484
Stats: gPCE takes: 3.4875473976135254
Stats for ('LOHB', Timestamp('2013-03-23 00:00:00')): E takes: 0.5840702056884766
Stats for ('LOHB', Timestamp('2013-03-23 00:00:00')): Var takes: 188.96566438674927
Stats for ('LOHB', Timestamp('2013-03-23 00:00:00')): StdDev takes: 186.9943289756775
Stats for ('LOHB', Timestamp('2013-03-23 00:00:00')): Sobol_m takes: 189.50885891914368
Stats for ('LOHB', Timestamp('2013-03-23 00:00:00')): Sobol_m2 takes: 208.82813453674316
Stats for ('LOHB', Timestamp('2013-03-23 00:00:00')): Sobol_t takes: 298.02235770225525
Stats for ('LOHB', Timestamp('2013-03-23 00:00:00')): P10 takes: 0.05350160598754883
Stats for ('LOHB', Timestamp('2013-03-23 00:00:00')): P90 takes: 0.05272340774536133
Stats: gPCE takes: 3.5107550621032715
Stats for ('LOHB', Timestamp('2013-03-24 00:00:00')): E takes: 0.5798647403717041
Stats for ('LOHB', Timestamp('2013-03-24 00:00:00')): Var takes: 188.56727576255798
Stats for ('LOHB', Timestamp('2013-03-24 00:00:00')): StdDev takes: 189.89175248146057
Stats for ('LOHB', Timestamp('2013-03-24 00:00:00')): Sobol_m takes: 192.57164430618286
Stats for ('LOHB', Timestamp('2013-03-24 00:00:00')): Sobol_m2 takes: 212.3496799468994
Stats for ('LOHB', Timestamp('2013-03-24 00:00:00')): Sobol_t takes: 303.17060708999634
Stats for ('LOHB', Timestamp('2013-03-24 00:00:00')): P10 takes: 0.05372023582458496
Stats for ('LOHB', Timestamp('2013-03-24 00:00:00')): P90 takes: 0.05718517303466797
Stats: gPCE takes: 3.511451482772827
Stats for ('LOHB', Timestamp('2013-03-25 00:00:00')): E takes: 0.5886600017547607
Stats for ('LOHB', Timestamp('2013-03-25 00:00:00')): Var takes: 189.78903675079346
Stats for ('LOHB', Timestamp('2013-03-25 00:00:00')): StdDev takes: 189.94695925712585
Stats for ('LOHB', Timestamp('2013-03-25 00:00:00')): Sobol_m takes: 192.06415033340454
Stats for ('LOHB', Timestamp('2013-03-25 00:00:00')): Sobol_m2 takes: 212.05769848823547
Stats for ('LOHB', Timestamp('2013-03-25 00:00:00')): Sobol_t takes: 303.17799639701843
Stats for ('LOHB', Timestamp('2013-03-25 00:00:00')): P10 takes: 0.053136348724365234
Stats for ('LOHB', Timestamp('2013-03-25 00:00:00')): P90 takes: 0.05311942100524902
Stats: gPCE takes: 3.5121138095855713
Stats for ('LOHB', Timestamp('2013-03-26 00:00:00')): E takes: 0.5873885154724121
Stats for ('LOHB', Timestamp('2013-03-26 00:00:00')): Var takes: 189.65138840675354
Stats for ('LOHB', Timestamp('2013-03-26 00:00:00')): StdDev takes: 189.63129448890686
Stats for ('LOHB', Timestamp('2013-03-26 00:00:00')): Sobol_m takes: 192.5126497745514
Stats for ('LOHB', Timestamp('2013-03-26 00:00:00')): Sobol_m2 takes: 211.90601921081543
Stats for ('LOHB', Timestamp('2013-03-26 00:00:00')): Sobol_t takes: 303.42057967185974
Stats for ('LOHB', Timestamp('2013-03-26 00:00:00')): P10 takes: 0.05372214317321777
Stats for ('LOHB', Timestamp('2013-03-26 00:00:00')): P90 takes: 0.05261683464050293
Stats: gPCE takes: 3.515777587890625
Stats for ('LOHB', Timestamp('2013-03-27 00:00:00')): E takes: 0.5905888080596924
Stats for ('LOHB', Timestamp('2013-03-27 00:00:00')): Var takes: 190.00855898857117
Stats for ('LOHB', Timestamp('2013-03-27 00:00:00')): StdDev takes: 189.57145500183105
Stats for ('LOHB', Timestamp('2013-03-27 00:00:00')): Sobol_m takes: 189.40429711341858
Stats for ('LOHB', Timestamp('2013-03-27 00:00:00')): Sobol_m2 takes: 209.4804368019104
Stats for ('LOHB', Timestamp('2013-03-27 00:00:00')): Sobol_t takes: 299.6991672515869
Stats for ('LOHB', Timestamp('2013-03-27 00:00:00')): P10 takes: 0.052794456481933594
Stats for ('LOHB', Timestamp('2013-03-27 00:00:00')): P90 takes: 0.05203747749328613
Stats: gPCE takes: 3.4907827377319336
Stats for ('LOHB', Timestamp('2013-03-28 00:00:00')): E takes: 0.5816330909729004
Stats for ('LOHB', Timestamp('2013-03-28 00:00:00')): Var takes: 187.70692539215088
Stats for ('LOHB', Timestamp('2013-03-28 00:00:00')): StdDev takes: 189.2954080104828
Stats for ('LOHB', Timestamp('2013-03-28 00:00:00')): Sobol_m takes: 191.9799404144287
Stats for ('LOHB', Timestamp('2013-03-28 00:00:00')): Sobol_m2 takes: 212.32626581192017
Stats for ('LOHB', Timestamp('2013-03-28 00:00:00')): Sobol_t takes: 299.5682203769684
Stats for ('LOHB', Timestamp('2013-03-28 00:00:00')): P10 takes: 0.05311846733093262
Stats for ('LOHB', Timestamp('2013-03-28 00:00:00')): P90 takes: 0.05312681198120117
Stats: gPCE takes: 3.488147735595703
Stats for ('LOHB', Timestamp('2013-03-29 00:00:00')): E takes: 0.584240198135376
Stats for ('LOHB', Timestamp('2013-03-29 00:00:00')): Var takes: 187.66657900810242
Stats for ('LOHB', Timestamp('2013-03-29 00:00:00')): StdDev takes: 187.41825032234192
Stats for ('LOHB', Timestamp('2013-03-29 00:00:00')): Sobol_m takes: 189.7377552986145
Stats for ('LOHB', Timestamp('2013-03-29 00:00:00')): Sobol_m2 takes: 209.80503106117249
Stats for ('LOHB', Timestamp('2013-03-29 00:00:00')): Sobol_t takes: 299.94326877593994
Stats for ('LOHB', Timestamp('2013-03-29 00:00:00')): P10 takes: 0.05333065986633301
Stats for ('LOHB', Timestamp('2013-03-29 00:00:00')): P90 takes: 0.05199933052062988
Stats: gPCE takes: 3.429861068725586
Stats for ('LOHB', Timestamp('2013-03-30 00:00:00')): E takes: 0.5832762718200684
Stats for ('LOHB', Timestamp('2013-03-30 00:00:00')): Var takes: 187.99049854278564
Stats for ('LOHB', Timestamp('2013-03-30 00:00:00')): StdDev takes: 188.99528336524963
Stats for ('LOHB', Timestamp('2013-03-30 00:00:00')): Sobol_m takes: 190.0149643421173
Stats for ('LOHB', Timestamp('2013-03-30 00:00:00')): Sobol_m2 takes: 210.99654722213745
Stats for ('LOHB', Timestamp('2013-03-30 00:00:00')): Sobol_t takes: 299.9431405067444
Stats for ('LOHB', Timestamp('2013-03-30 00:00:00')): P10 takes: 0.05275368690490723
Stats for ('LOHB', Timestamp('2013-03-30 00:00:00')): P90 takes: 0.05230259895324707
Stats: gPCE takes: 3.4271697998046875
Stats for ('LOHB', Timestamp('2013-03-31 00:00:00')): E takes: 0.5820910930633545
Stats for ('LOHB', Timestamp('2013-03-31 00:00:00')): Var takes: 189.58739638328552
Stats for ('LOHB', Timestamp('2013-03-31 00:00:00')): StdDev takes: 187.12886023521423
Stats for ('LOHB', Timestamp('2013-03-31 00:00:00')): Sobol_m takes: 189.29265475273132
Stats for ('LOHB', Timestamp('2013-03-31 00:00:00')): Sobol_m2 takes: 210.82810974121094
Stats for ('LOHB', Timestamp('2013-03-31 00:00:00')): Sobol_t takes: 305.6766314506531
Stats for ('LOHB', Timestamp('2013-03-31 00:00:00')): P10 takes: 0.0542454719543457
Stats for ('LOHB', Timestamp('2013-03-31 00:00:00')): P90 takes: 0.053066253662109375
Stats: gPCE takes: 3.4534051418304443
Stats for ('LOHB', Timestamp('2013-04-01 00:00:00')): E takes: 0.5969390869140625
Stats for ('LOHB', Timestamp('2013-04-01 00:00:00')): Var takes: 189.5535454750061
Stats for ('LOHB', Timestamp('2013-04-01 00:00:00')): StdDev takes: 188.00621104240417
Stats for ('LOHB', Timestamp('2013-04-01 00:00:00')): Sobol_m takes: 190.20095086097717
Stats for ('LOHB', Timestamp('2013-04-01 00:00:00')): Sobol_m2 takes: 210.0402069091797
Stats for ('LOHB', Timestamp('2013-04-01 00:00:00')): Sobol_t takes: 300.1895110607147
Stats for ('LOHB', Timestamp('2013-04-01 00:00:00')): P10 takes: 0.05349087715148926
Stats for ('LOHB', Timestamp('2013-04-01 00:00:00')): P90 takes: 0.05194711685180664
Stats: gPCE takes: 3.4435417652130127
Stats for ('LOHB', Timestamp('2013-04-02 00:00:00')): E takes: 0.5833961963653564
Stats for ('LOHB', Timestamp('2013-04-02 00:00:00')): Var takes: 187.8475263118744
Stats for ('LOHB', Timestamp('2013-04-02 00:00:00')): StdDev takes: 188.05756211280823
Stats for ('LOHB', Timestamp('2013-04-02 00:00:00')): Sobol_m takes: 190.826575756073
Stats for ('LOHB', Timestamp('2013-04-02 00:00:00')): Sobol_m2 takes: 210.161235332489
Stats for ('LOHB', Timestamp('2013-04-02 00:00:00')): Sobol_t takes: 299.99675941467285
Stats for ('LOHB', Timestamp('2013-04-02 00:00:00')): P10 takes: 0.053258657455444336
Stats for ('LOHB', Timestamp('2013-04-02 00:00:00')): P90 takes: 0.05220985412597656
Stats: gPCE takes: 3.433608293533325
Stats for ('LOHB', Timestamp('2013-04-03 00:00:00')): E takes: 0.5826454162597656
Stats for ('LOHB', Timestamp('2013-04-03 00:00:00')): Var takes: 188.82826805114746
Stats for ('LOHB', Timestamp('2013-04-03 00:00:00')): StdDev takes: 189.58711981773376
Stats for ('LOHB', Timestamp('2013-04-03 00:00:00')): Sobol_m takes: 190.05486416816711
Stats for ('LOHB', Timestamp('2013-04-03 00:00:00')): Sobol_m2 takes: 209.95188689231873
Stats for ('LOHB', Timestamp('2013-04-03 00:00:00')): Sobol_t takes: 305.48104882240295
Stats for ('LOHB', Timestamp('2013-04-03 00:00:00')): P10 takes: 0.05487322807312012
Stats for ('LOHB', Timestamp('2013-04-03 00:00:00')): P90 takes: 0.05309486389160156
Stats: gPCE takes: 3.476921319961548
Stats for ('LOHB', Timestamp('2013-04-04 00:00:00')): E takes: 0.5940608978271484
Stats for ('LOHB', Timestamp('2013-04-04 00:00:00')): Var takes: 191.8675401210785
Stats for ('LOHB', Timestamp('2013-04-04 00:00:00')): StdDev takes: 191.91461610794067
Stats for ('LOHB', Timestamp('2013-04-04 00:00:00')): Sobol_m takes: 194.10395336151123
Stats for ('LOHB', Timestamp('2013-04-04 00:00:00')): Sobol_m2 takes: 214.57071924209595
Stats for ('LOHB', Timestamp('2013-04-04 00:00:00')): Sobol_t takes: 306.4783034324646
Stats for ('LOHB', Timestamp('2013-04-04 00:00:00')): P10 takes: 0.05421733856201172
Stats for ('LOHB', Timestamp('2013-04-04 00:00:00')): P90 takes: 0.05257225036621094
Stats: gPCE takes: 3.4806747436523438
Stats for ('LOHB', Timestamp('2013-04-05 00:00:00')): E takes: 0.5927181243896484
Stats for ('LOHB', Timestamp('2013-04-05 00:00:00')): Var takes: 191.50741863250732
Stats for ('LOHB', Timestamp('2013-04-05 00:00:00')): StdDev takes: 191.161034822464
Stats for ('LOHB', Timestamp('2013-04-05 00:00:00')): Sobol_m takes: 192.07063102722168
Stats for ('LOHB', Timestamp('2013-04-05 00:00:00')): Sobol_m2 takes: 208.5441131591797
Stats for ('LOHB', Timestamp('2013-04-05 00:00:00')): Sobol_t takes: 301.787966966629
Stats for ('LOHB', Timestamp('2013-04-05 00:00:00')): P10 takes: 0.0532228946685791
Stats for ('LOHB', Timestamp('2013-04-05 00:00:00')): P90 takes: 0.05246877670288086
Stats: gPCE takes: 3.4272165298461914
Stats for ('LOHB', Timestamp('2013-04-06 00:00:00')): E takes: 0.5847513675689697
Stats for ('LOHB', Timestamp('2013-04-06 00:00:00')): Var takes: 189.34399557113647
Stats for ('LOHB', Timestamp('2013-04-06 00:00:00')): StdDev takes: 191.58296251296997
Stats for ('LOHB', Timestamp('2013-04-06 00:00:00')): Sobol_m takes: 194.26606273651123
Stats for ('LOHB', Timestamp('2013-04-06 00:00:00')): Sobol_m2 takes: 211.88591527938843
Stats for ('LOHB', Timestamp('2013-04-06 00:00:00')): Sobol_t takes: 299.0364634990692
Stats for ('LOHB', Timestamp('2013-04-06 00:00:00')): P10 takes: 0.052596330642700195
Stats for ('LOHB', Timestamp('2013-04-06 00:00:00')): P90 takes: 0.051505088806152344
Stats: gPCE takes: 3.4690775871276855
Stats for ('LOHB', Timestamp('2013-04-07 00:00:00')): E takes: 0.5833299160003662
Stats for ('LOHB', Timestamp('2013-04-07 00:00:00')): Var takes: 187.2360270023346
Stats for ('LOHB', Timestamp('2013-04-07 00:00:00')): StdDev takes: 187.0583460330963
Stats for ('LOHB', Timestamp('2013-04-07 00:00:00')): Sobol_m takes: 189.6312210559845
Stats for ('LOHB', Timestamp('2013-04-07 00:00:00')): Sobol_m2 takes: 209.1044418811798
Stats for ('LOHB', Timestamp('2013-04-07 00:00:00')): Sobol_t takes: 299.30035495758057
Stats for ('LOHB', Timestamp('2013-04-07 00:00:00')): P10 takes: 0.053460121154785156
Stats for ('LOHB', Timestamp('2013-04-07 00:00:00')): P90 takes: 0.05244159698486328
Stats: gPCE takes: 3.4698455333709717
Stats for ('LOHB', Timestamp('2013-04-08 00:00:00')): E takes: 0.5793707370758057
Stats for ('LOHB', Timestamp('2013-04-08 00:00:00')): Var takes: 187.3189754486084
Stats for ('LOHB', Timestamp('2013-04-08 00:00:00')): StdDev takes: 187.19970989227295
Stats for ('LOHB', Timestamp('2013-04-08 00:00:00')): Sobol_m takes: 189.70273232460022
Stats for ('LOHB', Timestamp('2013-04-08 00:00:00')): Sobol_m2 takes: 209.27888202667236
Stats for ('LOHB', Timestamp('2013-04-08 00:00:00')): Sobol_t takes: 299.3818483352661
Stats for ('LOHB', Timestamp('2013-04-08 00:00:00')): P10 takes: 0.053171634674072266
Stats for ('LOHB', Timestamp('2013-04-08 00:00:00')): P90 takes: 0.05176806449890137
Stats: gPCE takes: 3.45395827293396
Stats for ('LOHB', Timestamp('2013-04-09 00:00:00')): E takes: 0.5810518264770508
Stats for ('LOHB', Timestamp('2013-04-09 00:00:00')): Var takes: 187.3044080734253
Stats for ('LOHB', Timestamp('2013-04-09 00:00:00')): StdDev takes: 187.51131582260132
Stats for ('LOHB', Timestamp('2013-04-09 00:00:00')): Sobol_m takes: 189.68321466445923
Stats for ('LOHB', Timestamp('2013-04-09 00:00:00')): Sobol_m2 takes: 209.4152340888977
Stats for ('LOHB', Timestamp('2013-04-09 00:00:00')): Sobol_t takes: 299.2995991706848
Stats for ('LOHB', Timestamp('2013-04-09 00:00:00')): P10 takes: 0.05251932144165039
Stats for ('LOHB', Timestamp('2013-04-09 00:00:00')): P90 takes: 0.05188560485839844
Stats: gPCE takes: 3.47591495513916
Stats for ('LOHB', Timestamp('2013-04-10 00:00:00')): E takes: 0.5771832466125488
Stats for ('LOHB', Timestamp('2013-04-10 00:00:00')): Var takes: 187.24692964553833
Stats for ('LOHB', Timestamp('2013-04-10 00:00:00')): StdDev takes: 187.43219304084778
Stats for ('LOHB', Timestamp('2013-04-10 00:00:00')): Sobol_m takes: 190.18004536628723
Stats for ('LOHB', Timestamp('2013-04-10 00:00:00')): Sobol_m2 takes: 209.33357191085815
Stats for ('LOHB', Timestamp('2013-04-10 00:00:00')): Sobol_t takes: 299.5082561969757
Stats for ('LOHB', Timestamp('2013-04-10 00:00:00')): P10 takes: 0.05614805221557617
Stats for ('LOHB', Timestamp('2013-04-10 00:00:00')): P90 takes: 0.05253934860229492
Stats: gPCE takes: 3.463782787322998
Stats for ('LOHB', Timestamp('2013-04-11 00:00:00')): E takes: 0.5820400714874268
Stats for ('LOHB', Timestamp('2013-04-11 00:00:00')): Var takes: 187.45598244667053
Stats for ('LOHB', Timestamp('2013-04-11 00:00:00')): StdDev takes: 187.2809317111969
Stats for ('LOHB', Timestamp('2013-04-11 00:00:00')): Sobol_m takes: 189.50770592689514
Stats for ('LOHB', Timestamp('2013-04-11 00:00:00')): Sobol_m2 takes: 209.29588294029236
Stats for ('LOHB', Timestamp('2013-04-11 00:00:00')): Sobol_t takes: 299.4535095691681
Stats for ('LOHB', Timestamp('2013-04-11 00:00:00')): P10 takes: 0.052666664123535156
Stats for ('LOHB', Timestamp('2013-04-11 00:00:00')): P90 takes: 0.05174088478088379
Stats: gPCE takes: 3.481696844100952
Stats for ('LOHB', Timestamp('2013-04-12 00:00:00')): E takes: 0.5792388916015625
Stats for ('LOHB', Timestamp('2013-04-12 00:00:00')): Var takes: 187.25978183746338
Stats for ('LOHB', Timestamp('2013-04-12 00:00:00')): StdDev takes: 187.42820715904236
Stats for ('LOHB', Timestamp('2013-04-12 00:00:00')): Sobol_m takes: 190.04564666748047
Stats for ('LOHB', Timestamp('2013-04-12 00:00:00')): Sobol_m2 takes: 209.1324589252472
Stats for ('LOHB', Timestamp('2013-04-12 00:00:00')): Sobol_t takes: 299.33165287971497
Stats for ('LOHB', Timestamp('2013-04-12 00:00:00')): P10 takes: 0.05274367332458496
Stats for ('LOHB', Timestamp('2013-04-12 00:00:00')): P90 takes: 0.05715441703796387
Stats: gPCE takes: 3.4696171283721924
Stats for ('LOHB', Timestamp('2013-04-13 00:00:00')): E takes: 0.5806705951690674
Stats for ('LOHB', Timestamp('2013-04-13 00:00:00')): Var takes: 187.54669380187988
Stats for ('LOHB', Timestamp('2013-04-13 00:00:00')): StdDev takes: 186.84088611602783
Stats for ('LOHB', Timestamp('2013-04-13 00:00:00')): Sobol_m takes: 189.38821935653687
Stats for ('LOHB', Timestamp('2013-04-13 00:00:00')): Sobol_m2 takes: 209.04338932037354
Stats for ('LOHB', Timestamp('2013-04-13 00:00:00')): Sobol_t takes: 299.61383843421936
Stats for ('LOHB', Timestamp('2013-04-13 00:00:00')): P10 takes: 0.05318093299865723
Stats for ('LOHB', Timestamp('2013-04-13 00:00:00')): P90 takes: 0.05186629295349121
Stats: gPCE takes: 3.466163158416748
Stats for ('LOHB', Timestamp('2013-04-14 00:00:00')): E takes: 0.5801780223846436
Stats for ('LOHB', Timestamp('2013-04-14 00:00:00')): Var takes: 187.25763535499573
Stats for ('LOHB', Timestamp('2013-04-14 00:00:00')): StdDev takes: 187.70892143249512
Stats for ('LOHB', Timestamp('2013-04-14 00:00:00')): Sobol_m takes: 189.73906445503235
Stats for ('LOHB', Timestamp('2013-04-14 00:00:00')): Sobol_m2 takes: 209.2617485523224
Stats for ('LOHB', Timestamp('2013-04-14 00:00:00')): Sobol_t takes: 299.36852407455444
Stats for ('LOHB', Timestamp('2013-04-14 00:00:00')): P10 takes: 0.052741289138793945
Stats for ('LOHB', Timestamp('2013-04-14 00:00:00')): P90 takes: 0.05270576477050781
Stats: gPCE takes: 3.466486930847168
Stats for ('LOHB', Timestamp('2013-04-15 00:00:00')): E takes: 0.5782425403594971
Stats for ('LOHB', Timestamp('2013-04-15 00:00:00')): Var takes: 186.9959261417389
Stats for ('LOHB', Timestamp('2013-04-15 00:00:00')): StdDev takes: 187.1065092086792
Stats for ('LOHB', Timestamp('2013-04-15 00:00:00')): Sobol_m takes: 189.8540461063385
Stats for ('LOHB', Timestamp('2013-04-15 00:00:00')): Sobol_m2 takes: 208.9660747051239
Stats for ('LOHB', Timestamp('2013-04-15 00:00:00')): Sobol_t takes: 299.3270914554596
Stats for ('LOHB', Timestamp('2013-04-15 00:00:00')): P10 takes: 0.05317091941833496
Stats for ('LOHB', Timestamp('2013-04-15 00:00:00')): P90 takes: 0.05219388008117676
Stats: gPCE takes: 3.4658405780792236
Stats for ('LOHB', Timestamp('2013-04-16 00:00:00')): E takes: 0.5849573612213135
Stats for ('LOHB', Timestamp('2013-04-16 00:00:00')): Var takes: 187.23118829727173
Stats for ('LOHB', Timestamp('2013-04-16 00:00:00')): StdDev takes: 187.53134512901306
Stats for ('LOHB', Timestamp('2013-04-16 00:00:00')): Sobol_m takes: 189.94246435165405
Stats for ('LOHB', Timestamp('2013-04-16 00:00:00')): Sobol_m2 takes: 209.38752937316895
Stats for ('LOHB', Timestamp('2013-04-16 00:00:00')): Sobol_t takes: 299.43113112449646
Stats for ('LOHB', Timestamp('2013-04-16 00:00:00')): P10 takes: 0.0525670051574707
Stats for ('LOHB', Timestamp('2013-04-16 00:00:00')): P90 takes: 0.05182456970214844
Stats: gPCE takes: 3.4710679054260254
Stats for ('LOHB', Timestamp('2013-04-17 00:00:00')): E takes: 0.582524299621582
Stats for ('LOHB', Timestamp('2013-04-17 00:00:00')): Var takes: 187.40470933914185
Stats for ('LOHB', Timestamp('2013-04-17 00:00:00')): StdDev takes: 187.2068042755127
Stats for ('LOHB', Timestamp('2013-04-17 00:00:00')): Sobol_m takes: 189.85449886322021
Stats for ('LOHB', Timestamp('2013-04-17 00:00:00')): Sobol_m2 takes: 209.3130087852478
Stats for ('LOHB', Timestamp('2013-04-17 00:00:00')): Sobol_t takes: 299.59818148612976
Stats for ('LOHB', Timestamp('2013-04-17 00:00:00')): P10 takes: 0.05285072326660156
Stats for ('LOHB', Timestamp('2013-04-17 00:00:00')): P90 takes: 0.05236697196960449
Stats: gPCE takes: 3.4650583267211914
Stats for ('LOHB', Timestamp('2013-04-18 00:00:00')): E takes: 0.5826144218444824
Stats for ('LOHB', Timestamp('2013-04-18 00:00:00')): Var takes: 187.45325636863708
Stats for ('LOHB', Timestamp('2013-04-18 00:00:00')): StdDev takes: 188.61500453948975
Stats for ('LOHB', Timestamp('2013-04-18 00:00:00')): Sobol_m takes: 191.5233724117279
Stats for ('LOHB', Timestamp('2013-04-18 00:00:00')): Sobol_m2 takes: 214.33470940589905
Stats for ('LOHB', Timestamp('2013-04-18 00:00:00')): Sobol_t takes: 303.442090511322
Stats for ('LOHB', Timestamp('2013-04-18 00:00:00')): P10 takes: 0.05324244499206543
Stats for ('LOHB', Timestamp('2013-04-18 00:00:00')): P90 takes: 0.05189633369445801
Stats: gPCE takes: 3.4354372024536133
Stats for ('LOHB', Timestamp('2013-04-19 00:00:00')): E takes: 0.5860452651977539
Stats for ('LOHB', Timestamp('2013-04-19 00:00:00')): Var takes: 188.11183214187622
Stats for ('LOHB', Timestamp('2013-04-19 00:00:00')): StdDev takes: 188.68804502487183
Stats for ('LOHB', Timestamp('2013-04-19 00:00:00')): Sobol_m takes: 190.80125069618225
Stats for ('LOHB', Timestamp('2013-04-19 00:00:00')): Sobol_m2 takes: 210.20152354240417
Stats for ('LOHB', Timestamp('2013-04-19 00:00:00')): Sobol_t takes: 300.6487443447113
Stats for ('LOHB', Timestamp('2013-04-19 00:00:00')): P10 takes: 0.053998470306396484
Stats for ('LOHB', Timestamp('2013-04-19 00:00:00')): P90 takes: 0.0518498420715332
Stats: gPCE takes: 3.470977783203125
Stats for ('LOHB', Timestamp('2013-04-20 00:00:00')): E takes: 0.583378791809082
Stats for ('LOHB', Timestamp('2013-04-20 00:00:00')): Var takes: 188.00013399124146
Stats for ('LOHB', Timestamp('2013-04-20 00:00:00')): StdDev takes: 188.06878113746643
Stats for ('LOHB', Timestamp('2013-04-20 00:00:00')): Sobol_m takes: 190.70538115501404
Stats for ('LOHB', Timestamp('2013-04-20 00:00:00')): Sobol_m2 takes: 209.4239113330841
Stats for ('LOHB', Timestamp('2013-04-20 00:00:00')): Sobol_t takes: 300.59823513031006
Stats for ('LOHB', Timestamp('2013-04-20 00:00:00')): P10 takes: 0.05362868309020996
Stats for ('LOHB', Timestamp('2013-04-20 00:00:00')): P90 takes: 0.052364349365234375
Stats: gPCE takes: 3.430643081665039
Stats for ('LOHB', Timestamp('2013-04-21 00:00:00')): E takes: 0.5844664573669434
Stats for ('LOHB', Timestamp('2013-04-21 00:00:00')): Var takes: 188.11264204978943
Stats for ('LOHB', Timestamp('2013-04-21 00:00:00')): StdDev takes: 188.17664432525635
Stats for ('LOHB', Timestamp('2013-04-21 00:00:00')): Sobol_m takes: 190.31523323059082
Stats for ('LOHB', Timestamp('2013-04-21 00:00:00')): Sobol_m2 takes: 209.8288493156433
Stats for ('LOHB', Timestamp('2013-04-21 00:00:00')): Sobol_t takes: 300.7624361515045
Stats for ('LOHB', Timestamp('2013-04-21 00:00:00')): P10 takes: 0.052802085876464844
Stats for ('LOHB', Timestamp('2013-04-21 00:00:00')): P90 takes: 0.05187702178955078
Stats: gPCE takes: 3.414504289627075
Stats for ('LOHB', Timestamp('2013-04-22 00:00:00')): E takes: 0.5825600624084473
Stats for ('LOHB', Timestamp('2013-04-22 00:00:00')): Var takes: 187.73555994033813
Stats for ('LOHB', Timestamp('2013-04-22 00:00:00')): StdDev takes: 189.3787670135498
Stats for ('LOHB', Timestamp('2013-04-22 00:00:00')): Sobol_m takes: 194.35484647750854
Stats for ('LOHB', Timestamp('2013-04-22 00:00:00')): Sobol_m2 takes: 214.4332835674286
Stats for ('LOHB', Timestamp('2013-04-22 00:00:00')): Sobol_t takes: 306.95920968055725
Stats for ('LOHB', Timestamp('2013-04-22 00:00:00')): P10 takes: 0.05435991287231445
Stats for ('LOHB', Timestamp('2013-04-22 00:00:00')): P90 takes: 0.05273842811584473
Stats: gPCE takes: 3.479318857192993
Stats for ('LOHB', Timestamp('2013-04-23 00:00:00')): E takes: 0.5942802429199219
Stats for ('LOHB', Timestamp('2013-04-23 00:00:00')): Var takes: 192.26512336730957
Stats for ('LOHB', Timestamp('2013-04-23 00:00:00')): StdDev takes: 191.7923800945282
Stats for ('LOHB', Timestamp('2013-04-23 00:00:00')): Sobol_m takes: 194.43761372566223
Stats for ('LOHB', Timestamp('2013-04-23 00:00:00')): Sobol_m2 takes: 214.58919596672058
Stats for ('LOHB', Timestamp('2013-04-23 00:00:00')): Sobol_t takes: 306.60040831565857
Stats for ('LOHB', Timestamp('2013-04-23 00:00:00')): P10 takes: 0.053972482681274414
Stats for ('LOHB', Timestamp('2013-04-23 00:00:00')): P90 takes: 0.0526273250579834
Stats: gPCE takes: 3.5102334022521973
Stats for ('LOHB', Timestamp('2013-04-24 00:00:00')): E takes: 0.5965397357940674
Stats for ('LOHB', Timestamp('2013-04-24 00:00:00')): Var takes: 191.87817811965942
Stats for ('LOHB', Timestamp('2013-04-24 00:00:00')): StdDev takes: 192.39013504981995
Stats for ('LOHB', Timestamp('2013-04-24 00:00:00')): Sobol_m takes: 194.73057913780212
Stats for ('LOHB', Timestamp('2013-04-24 00:00:00')): Sobol_m2 takes: 214.3717656135559
Stats for ('LOHB', Timestamp('2013-04-24 00:00:00')): Sobol_t takes: 306.62726497650146
Stats for ('LOHB', Timestamp('2013-04-24 00:00:00')): P10 takes: 0.055020809173583984
Stats for ('LOHB', Timestamp('2013-04-24 00:00:00')): P90 takes: 0.0527806282043457
Stats: gPCE takes: 3.477221965789795
Stats for ('LOHB', Timestamp('2013-04-25 00:00:00')): E takes: 0.5946352481842041
Stats for ('LOHB', Timestamp('2013-04-25 00:00:00')): Var takes: 191.9126329421997
Stats for ('LOHB', Timestamp('2013-04-25 00:00:00')): StdDev takes: 191.72456908226013
Stats for ('LOHB', Timestamp('2013-04-25 00:00:00')): Sobol_m takes: 194.6376440525055
Stats for ('LOHB', Timestamp('2013-04-25 00:00:00')): Sobol_m2 takes: 214.09657454490662
Stats for ('LOHB', Timestamp('2013-04-25 00:00:00')): Sobol_t takes: 306.97503328323364
Stats for ('LOHB', Timestamp('2013-04-25 00:00:00')): P10 takes: 0.05535888671875
Stats for ('LOHB', Timestamp('2013-04-25 00:00:00')): P90 takes: 0.052927255630493164
Stats: gPCE takes: 3.4811198711395264
Stats for ('LOHB', Timestamp('2013-04-26 00:00:00')): E takes: 0.5957481861114502
Stats for ('LOHB', Timestamp('2013-04-26 00:00:00')): Var takes: 192.04861640930176
Stats for ('LOHB', Timestamp('2013-04-26 00:00:00')): StdDev takes: 192.19231462478638
Stats for ('LOHB', Timestamp('2013-04-26 00:00:00')): Sobol_m takes: 194.70061016082764
Stats for ('LOHB', Timestamp('2013-04-26 00:00:00')): Sobol_m2 takes: 214.74286198616028
Stats for ('LOHB', Timestamp('2013-04-26 00:00:00')): Sobol_t takes: 306.68803668022156
Stats for ('LOHB', Timestamp('2013-04-26 00:00:00')): P10 takes: 0.05356764793395996
Stats for ('LOHB', Timestamp('2013-04-26 00:00:00')): P90 takes: 0.052448272705078125
Stats: gPCE takes: 3.507297992706299
Stats for ('LOHB', Timestamp('2013-04-27 00:00:00')): E takes: 0.5825319290161133
Stats for ('LOHB', Timestamp('2013-04-27 00:00:00')): Var takes: 189.79793429374695
Stats for ('LOHB', Timestamp('2013-04-27 00:00:00')): StdDev takes: 191.7330605983734
Stats for ('LOHB', Timestamp('2013-04-27 00:00:00')): Sobol_m takes: 194.35955166816711
Stats for ('LOHB', Timestamp('2013-04-27 00:00:00')): Sobol_m2 takes: 214.0769190788269
Stats for ('LOHB', Timestamp('2013-04-27 00:00:00')): Sobol_t takes: 306.2427673339844
Stats for ('LOHB', Timestamp('2013-04-27 00:00:00')): P10 takes: 0.053314924240112305
Stats for ('LOHB', Timestamp('2013-04-27 00:00:00')): P90 takes: 0.05298876762390137
Stats: gPCE takes: 3.44047474861145
Stats for ('LOHB', Timestamp('2013-04-28 00:00:00')): E takes: 0.5873920917510986
Stats for ('LOHB', Timestamp('2013-04-28 00:00:00')): Var takes: 187.93890166282654
Stats for ('LOHB', Timestamp('2013-04-28 00:00:00')): StdDev takes: 186.9749710559845
Stats for ('LOHB', Timestamp('2013-04-28 00:00:00')): Sobol_m takes: 189.65547490119934
Stats for ('LOHB', Timestamp('2013-04-28 00:00:00')): Sobol_m2 takes: 209.30882811546326
Stats for ('LOHB', Timestamp('2013-04-28 00:00:00')): Sobol_t takes: 299.49530124664307
Stats for ('LOHB', Timestamp('2013-04-28 00:00:00')): P10 takes: 0.05265617370605469
Stats for ('LOHB', Timestamp('2013-04-28 00:00:00')): P90 takes: 0.05174827575683594
Stats: gPCE takes: 3.4563167095184326
Stats for ('LOHB', Timestamp('2013-04-29 00:00:00')): E takes: 0.5805470943450928
Stats for ('LOHB', Timestamp('2013-04-29 00:00:00')): Var takes: 186.9989993572235
Stats for ('LOHB', Timestamp('2013-04-29 00:00:00')): StdDev takes: 187.31891012191772
Stats for ('LOHB', Timestamp('2013-04-29 00:00:00')): Sobol_m takes: 189.58955121040344
Stats for ('LOHB', Timestamp('2013-04-29 00:00:00')): Sobol_m2 takes: 208.99863743782043
Stats for ('LOHB', Timestamp('2013-04-29 00:00:00')): Sobol_t takes: 299.1184823513031
Stats for ('LOHB', Timestamp('2013-04-29 00:00:00')): P10 takes: 0.05280661582946777
Stats for ('LOHB', Timestamp('2013-04-29 00:00:00')): P90/lrz/sys/intel/studio2019_u4/intelpython3/lib/python3.6/site-packages/pandas/plotting/_converter.py:129: FutureWarning: Using an implicitly registered datetime converter for a matplotlib plotting method. The converter was registered by pandas on import. Future versions of pandas will require you to explicitly register matplotlib converters.

To register the converters:
	>>> from pandas.plotting import register_matplotlib_converters
	>>> register_matplotlib_converters()
  warnings.warn(msg, FutureWarning)
 takes: 0.052169084548950195
calculate statistics [RuntimeStatistics]...
[ 101.31990647  101.45363877  101.58737107 ... 1438.24170283 1438.37543513
 1438.50916743]
print statistics...
None
QoI                 E     StdDev          Var          P5         P95
---------  ----------  ---------  -----------  ----------  ----------
E_runtime  163.345511  40.901074  1672.897836  128.913557  211.058825

Sensitivity Indices:
Index                    value
-----------------------  -----------------------------------------------
First order              [0.3795947  0.06765486 0.00095372 0.00070654]
First order_Interaction  0.5510901751613353
Second order             [[0.         0.53195276 0.00695033 0.00091597]
                          [0.53195276 0.         0.0022067  0.00057638]
                          [0.00695033 0.0022067  0.         0.00082922]
                          [0.00091597 0.00057638 0.00082922 0.        ]]
Total order              [0.92645102 0.60893568 0.01787562 0.00600422]

type            runtime                                                        estimated                                                      org_estimated                                                  diff: T-E                                                      diff: T-OE
--------------  -------------------------------------------------------------  -------------------------------------------------------------  -------------------------------------------------------------  -------------------------------------------------------------  -------------------------------------------------------------
sum(T_i_S)      1682800.0369193554                                             1687081.5184589964                                             1687081.5184589964                                             -4281.481539641041                                             -4281.481539641041
T_i_SWP_worker  [21140.78232932 21209.2246902  20946.73510575 20904.74768066   [20757.22568582 21027.50192425 21184.12787671 21070.30983152   [20757.22568582 21027.50192425 21184.12787671 21070.30983152   [  383.5566435    181.72276595  -237.39277096  -165.56215085   [  383.5566435    181.72276595  -237.39277096  -165.56215085
                 21165.41823411 20858.65272141 21332.04851723 21782.38127255    20991.40079385 21213.92923575 21410.09205352 21266.25487556    20991.40079385 21213.92923575 21410.09205352 21266.25487556      174.01744026  -355.27651435   -78.04353629   516.126397        174.01744026  -355.27651435   -78.04353629   516.126397
                 20117.24419236 21219.993294   20708.15948486 21286.37014818    21122.23387588 21259.60188391 20888.68763064 20994.04977881    21122.23387588 21259.60188391 20888.68763064 20994.04977881    -1004.98968352   -39.60858991  -180.52814577   292.32036937    -1004.98968352   -39.60858991  -180.52814577   292.32036937
                 20831.47220445 20887.67956829 20876.25651622 21374.04873443    21066.61976308 20976.71749667 20904.43703034 21093.79082005    21066.61976308 20976.71749667 20904.43703034 21093.79082005     -235.14755864   -89.03792838   -28.18051412   280.25791437     -235.14755864   -89.03792838   -28.18051412   280.25791437
                 21399.70966697 21900.3866024  21019.51041555 20919.56298137    21311.95466767 21233.87133339 21071.57126342 21103.25541994    21311.95466767 21233.87133339 21071.57126342 21103.25541994       87.7549993    666.51526901   -52.06084786  -183.69243858       87.7549993    666.51526901   -52.06084786  -183.69243858
                 20903.9030757  20822.61353946 20960.75033426 20315.23538923    20720.70942363 20980.96924049 21129.26292772 21015.27410484    20720.70942363 20980.96924049 21129.26292772 21015.27410484      183.19365206  -158.35570103  -168.51259346  -700.03871561      183.19365206  -158.35570103  -168.51259346  -700.03871561
                 21278.9955554  21187.62504959 21025.17931151 20914.94618249    20941.88340329 21167.146163   21357.5327931  21201.43811539    20941.88340329 21167.146163   21357.5327931  21201.43811539      337.11215211    20.47888659  -332.35348159  -286.4919329       337.11215211    20.47888659  -332.35348159  -286.4919329
                 21178.85403156 20885.1825037  20617.0183568  20754.82005954    21045.21255538 21175.18945298 20896.61543915 20991.98316538    21045.21255538 21175.18945298 20896.61543915 20991.98316538      133.64147618  -290.00694928  -279.59708235  -237.16310584      133.64147618  -290.00694928  -279.59708235  -237.16310584
                 21140.52090907 21192.63101387 20794.89541101 20959.71267176    21056.25190132 20966.12162648 20899.03763846 21090.41559191    21056.25190132 20966.12162648 20899.03763846 21090.41559191       84.26900775   226.50938739  -104.14222745  -130.70292015       84.26900775   226.50938739  -104.14222745  -130.70292015
                 21031.95623374 21225.84562159 21111.4771862  20986.5570569     21301.76971575 21210.31832254 21034.90541644 21058.66419492    21301.76971575 21210.31832254 21034.90541644 21058.66419492     -269.81348201    15.52729904    76.57176976   -72.10713802     -269.81348201    15.52729904    76.57176976   -72.10713802
                 20462.80570531 21176.67042208 21330.08668256 21173.02620506    20737.53641551 21009.86476723 21169.61046069 21057.79082619    20737.53641551 21009.86476723 21169.61046069 21057.79082619     -274.7307102    166.80565485   160.47622187   115.23537887     -274.7307102    166.80565485   160.47622187   115.23537887
                 20615.00460196 20715.00122261 20912.72996593 21187.7925427     20976.52212616 21191.1202794  21377.24233892 21227.45627968    20976.52212616 21191.1202794  21377.24233892 21227.45627968     -361.51752421  -476.11905679  -464.51237299   -39.66373698     -361.51752421  -476.11905679  -464.51237299   -39.66373698
                 20764.57840872 20900.0341835  20780.45354342 20730.24930692    21084.57117064 21226.45094507 20882.39782072 20986.59366625    21084.57117064 21226.45094507 20882.39782072 20986.59366625     -319.99276192  -326.41676156  -101.94427729  -256.34435933     -319.99276192  -326.41676156  -101.94427729  -256.34435933
                 20934.44319749 20892.30436349 21146.75938559 21084.27831674    21057.52838514 20964.85883534 20887.01776403 21067.79259882    21057.52838514 20964.85883534 20887.01776403 21067.79259882     -123.08518765   -72.55447185   259.74162155    16.48571792     -123.08518765   -72.55447185   259.74162155    16.48571792
                 21151.99464583 22467.28678179 21087.49518156 20981.11489058    21277.78863604 21197.17134002 21039.54788183 21078.15105054    21277.78863604 21197.17134002 21039.54788183 21078.15105054     -125.7939902   1270.11544176    47.94729973   -97.03615997     -125.7939902   1270.11544176    47.94729973   -97.03615997
                 21157.752249   21158.59529901 20871.39919233 21056.26706791    20801.39240638 21059.64824602 21203.16546927 21081.88580256    20801.39240638 21059.64824602 21203.16546927 21081.88580256      356.35984262    98.94705298  -331.76627694   -25.61873466      356.35984262    98.94705298  -331.76627694   -25.61873466
                 20619.56245518 20548.68050027 22642.07424188 21064.9909153     21000.7429763  21220.02974151 21407.18100346 21250.32282924    21000.7429763  21220.02974151 21407.18100346 21250.32282924     -381.18052112  -671.34924124  1234.89323842  -185.33191395     -381.18052112  -671.34924124  1234.89323842  -185.33191395
                 21083.12105036 20987.72709489 19713.30461407 21587.62840295    21094.90621074 21226.01934585 20975.9162092  21067.06152626    21094.90621074 21226.01934585 20975.9162092  21067.06152626      -11.78516038  -238.29225096 -1262.61159513   520.56687669      -11.78516038  -238.29225096 -1262.61159513   520.56687669
                 20867.97306943 20948.17849231 21504.32951021 21388.96003389    21123.30914203 21022.74783355 20946.06297737 21131.63393518    21123.30914203 21022.74783355 20946.06297737 21131.63393518     -255.3360726    -74.56934125   558.26653284   257.32609871     -255.3360726    -74.56934125   558.26653284   257.32609871
                 21245.70686579 20002.89687061 21155.25823092 21532.41735554]   21341.84484312 21252.79810729 21081.28423284 21108.21759964]   21341.84484312 21252.79810729 21081.28423284 21108.21759964]     -96.13797733 -1249.90123668    73.97399808   424.1997559 ]     -96.13797733 -1249.90123668    73.97399808   424.1997559 ]
T_SWP_worker    22642.074241876602                                             21410.092053517434                                             21410.092053517434                                             1231.9821883591685                                             1231.9821883591685
T_Prop          21538.96083855629                                              20306.97865019712                                              20306.97865019712                                              1231.9821883591685                                             1231.9821883591685
T_I             2928.7696278095245                                             2928.7696278095245                                             2928.7696278095245                                             0.0                                                            0.0
T_C             -1103.1134033203125                                            -1103.1134033203125                                            -1103.1134033203125                                            0.0                                                            0.0
T_S_overhead    0.0                                                            0.0                                                            0.0                                                            0.0                                                            0.0

Errors:
Error                            ET          OET
----------------------  -----------  -----------
aboslute error min         0.001558     0.001558
aboslute error max      1039.920666  1039.920666
aboslute error mean       40.058809    40.058809
aboslute error l2 norm    92.698290  9269.829024
relative error min         0.000009     0.000009
relative error max         0.765613     0.765613
relative error mean        0.168094     0.168094
relative error l2 norm     0.218059     0.218059

type                        runtime
------------------------  ---------
t_estimate_runtime         0.000765
t_wp_creation              0.709642
t_estimate_restore_order   0.001381


generate stat plots...
[0.14487604 0.02913338 0.10398239 ... 0.14743653 0.24257157 0.31216888]
[0.14487604 0.02913338 0.10398239 ... 0.14743653 0.24257157 0.31216888]
save statistics...
UQsim: save to file: /dss/dsshome1/lxc01/di73wal/work/simulation/diss.larsim/Larsim-UQ.git/../larsim_runs/0133_sim/uqsim.saved
---- end sim: Mon Dec 30 22:29:20 CET 2019
