python/3.6_intel (INFO):
    Loading this module may cause the environment generated by other
    modules to become inconsistent; however it should work together
    with the Intel compilers, tools and libraries.
---- start sim: Sat Jan 11 14:05:22 CET 2020
MPI version: Intel(R) MPI Library 2018 Update 4 for Linux* OS

MPI2 version: (3, 1)
MPI3 version: 3
mpi4py version: 3.0.3
rank 0: starttime: 2020.01.11 14:05:31
dir: /dss/dsshome1/lxc01/di73wal/work/simulation/diss.larsim/Larsim-UQ.git/../larsim_runs/0124_sim
dir: /dss/dsshome1/lxc01/di73wal/work/simulation/diss.larsim/Larsim-UQ.git/../larsim_runs/0124_sim
['/dss/dsshome1/lxc01/di73wal/work/simulation/diss.larsim/Larsim-UQ.git/../larsim_runs/0124_sim/uqsim.saved']
parsing args...
rank: 0 is master!
rank: 0 is master!
UQsim: restore from file: True
rank: 0 exit
uqsim.args.disable_statistics: False
calculate statistics [LarsimStatistics]...
Stats: samplesData Frame with All the simulation results : Index_run                   int64
Stationskennung            object
Type                       object
TimeStamp          datetime64[ns]
Value                     float64
dtype: object
 takes: 6.5671546459198
timesteps Info
<class 'numpy.ndarray'>
numbTimesteps is: 1440
Stats: gPCE takes: 0.03168010711669922
Stats for ('MARI', Timestamp('2013-03-01 00:00:00')): E takes: 0.15384316444396973
Stats for ('MARI', Timestamp('2013-03-01 00:00:00')): Var takes: 16.06549572944641
Stats for ('MARI', Timestamp('2013-03-01 00:00:00')): StdDev takes: 16.13825511932373
Stats for ('MARI', Timestamp('2013-03-01 00:00:00')): Sobol_m takes: 16.928027391433716
Stats for ('MARI', Timestamp('2013-03-01 00:00:00')): Sobol_m2 takes: 21.445086240768433
Stats for ('MARI', Timestamp('2013-03-01 00:00:00')): Sobol_t takes: 31.4502854347229
Stats for ('MARI', Timestamp('2013-03-01 00:00:00')): P10 takes: 0.02091073989868164
Stats for ('MARI', Timestamp('2013-03-01 00:00:00')): P90 takes: 0.01986217498779297
Stats: gPCE takes: 0.03153872489929199
Stats for ('MARI', Timestamp('2013-03-01 01:00:00')): E takes: 0.15388083457946777
Stats for ('MARI', Timestamp('2013-03-01 01:00:00')): Var takes: 16.114083766937256
Stats for ('MARI', Timestamp('2013-03-01 01:00:00')): StdDev takes: 16.114769220352173
Stats for ('MARI', Timestamp('2013-03-01 01:00:00')): Sobol_m takes: 16.88337469100952
Stats for ('MARI', Timestamp('2013-03-01 01:00:00')): Sobol_m2 takes: 21.40354299545288
Stats for ('MARI', Timestamp('2013-03-01 01:00:00')): Sobol_t takes: 31.400524139404297
Stats for ('MARI', Timestamp('2013-03-01 01:00:00')): P10 takes: 0.020142316818237305
Stats for ('MARI', Timestamp('2013-03-01 01:00:00')): P90 takes: 0.01968836784362793
Stats: gPCE takes: 0.03161144256591797
Stats for ('MARI', Timestamp('2013-03-01 02:00:00')): E takes: 0.2061293125152588
Stats for ('MARI', Timestamp('2013-03-01 02:00:00')): Var takes: 16.163241386413574
Stats for ('MARI', Timestamp('2013-03-01 02:00:00')): StdDev takes: 16.13269305229187
Stats for ('MARI', Timestamp('2013-03-01 02:00:00')): Sobol_m takes: 16.897342443466187
Stats for ('MARI', Timestamp('2013-03-01 02:00:00')): Sobol_m2 takes: 21.446613788604736
Stats for ('MARI', Timestamp('2013-03-01 02:00:00')): Sobol_t takes: 31.459193229675293
Stats for ('MARI', Timestamp('2013-03-01 02:00:00')): P10 takes: 0.020174026489257812
Stats for ('MARI', Timestamp('2013-03-01 02:00:00')): P90 takes: 0.019824743270874023
Stats: gPCE takes: 0.031238079071044922
Stats for ('MARI', Timestamp('2013-03-01 03:00:00')): E takes: 0.1551668643951416
Stats for ('MARI', Timestamp('2013-03-01 03:00:00')): Var takes: 16.153175354003906
Stats for ('MARI', Timestamp('2013-03-01 03:00:00')): StdDev takes: 16.123523235321045
Stats for ('MARI', Timestamp('2013-03-01 03:00:00')): Sobol_m takes: 16.874085664749146
Stats for ('MARI', Timestamp('2013-03-01 03:00:00')): Sobol_m2 takes: 21.507280826568604
Stats for ('MARI', Timestamp('2013-03-01 03:00:00')): Sobol_t takes: 31.497034072875977
Stats for ('MARI', Timestamp('2013-03-01 03:00:00')): P10 takes: 0.022886276245117188
Stats for ('MARI', Timestamp('2013-03-01 03:00:00')): P90 takes: 0.019682884216308594
Stats: gPCE takes: 0.0310976505279541
Stats for ('MARI', Timestamp('2013-03-01 04:00:00')): E takes: 0.15485334396362305
Stats for ('MARI', Timestamp('2013-03-01 04:00:00')): Var takes: 16.138145923614502
Stats for ('MARI', Timestamp('2013-03-01 04:00:00')): StdDev takes: 16.168511390686035
Stats for ('MARI', Timestamp('2013-03-01 04:00:00')): Sobol_m takes: 16.91958236694336
Stats for ('MARI', Timestamp('2013-03-01 04:00:00')): Sobol_m2 takes: 21.46813201904297
Stats for ('MARI', Timestamp('2013-03-01 04:00:00')): Sobol_t takes: 31.471439361572266
Stats for ('MARI', Timestamp('2013-03-01 04:00:00')): P10 takes: 0.0201418399810791
Stats for ('MARI', Timestamp('2013-03-01 04:00:00')): P90 takes: 0.019702434539794922
Stats: gPCE takes: 0.03157448768615723
Stats for ('MARI', Timestamp('2013-03-01 05:00:00')): E takes: 0.15579962730407715
Stats for ('MARI', Timestamp('2013-03-01 05:00:00')): Var takes: 16.158071279525757
Stats for ('MARI', Timestamp('2013-03-01 05:00:00')): StdDev takes: 16.181330680847168
Stats for ('MARI', Timestamp('2013-03-01 05:00:00')): Sobol_m takes: 16.903990030288696
Stats for ('MARI', Timestamp('2013-03-01 05:00:00')): Sobol_m2 takes: 21.450194835662842
Stats for ('MARI', Timestamp('2013-03-01 05:00:00')): Sobol_t takes: 31.466075897216797
Stats for ('MARI', Timestamp('2013-03-01 05:00:00')): P10 takes: 0.020560503005981445
Stats for ('MARI', Timestamp('2013-03-01 05:00:00')): P90 takes: 0.019960403442382812
Stats: gPCE takes: 0.03151130676269531
Stats for ('MARI', Timestamp('2013-03-01 06:00:00')): E takes: 0.15486669540405273
Stats for ('MARI', Timestamp('2013-03-01 06:00:00')): Var takes: 16.16482186317444
Stats for ('MARI', Timestamp('2013-03-01 06:00:00')): StdDev takes: 16.142762660980225
Stats for ('MARI', Timestamp('2013-03-01 06:00:00')): Sobol_m takes: 16.894973039627075
Stats for ('MARI', Timestamp('2013-03-01 06:00:00')): Sobol_m2 takes: 21.452547788619995
Stats for ('MARI', Timestamp('2013-03-01 06:00:00')): Sobol_t takes: 31.430793285369873
Stats for ('MARI', Timestamp('2013-03-01 06:00:00')): P10 takes: 0.020238876342773438
Stats for ('MARI', Timestamp('2013-03-01 06:00:00')): P90 takes: 0.019660472869873047
Stats: gPCE takes: 0.03167605400085449
Stats for ('MARI', Timestamp('2013-03-01 07:00:00')): E takes: 0.15473604202270508
Stats for ('MARI', Timestamp('2013-03-01 07:00:00')): Var takes: 16.10224437713623
Stats for ('MARI', Timestamp('2013-03-01 07:00:00')): StdDev takes: 16.12909245491028
Stats for ('MARI', Timestamp('2013-03-01 07:00:00')): Sobol_m takes: 16.877132177352905
Stats for ('MARI', Timestamp('2013-03-01 07:00:00')): Sobol_m2 takes: 21.427046298980713
Stats for ('MARI', Timestamp('2013-03-01 07:00:00')): Sobol_t takes: 31.438194274902344
Stats for ('MARI', Timestamp('2013-03-01 07:00:00')): P10 takes: 0.01999807357788086
Stats for ('MARI', Timestamp('2013-03-01 07:00:00')): P90 takes: 0.019997596740722656
Stats: gPCE takes: 0.03158378601074219
Stats for ('MARI', Timestamp('2013-03-01 08:00:00')): E takes: 0.15524744987487793
Stats for ('MARI', Timestamp('2013-03-01 08:00:00')): Var takes: 16.111815690994263
Stats for ('MARI', Timestamp('2013-03-01 08:00:00')): StdDev takes: 16.14120626449585
Stats for ('MARI', Timestamp('2013-03-01 08:00:00')): Sobol_m takes: 16.761226892471313
Stats for ('MARI', Timestamp('2013-03-01 08:00:00')): Sobol_m2 takes: 21.06801199913025
Stats for ('MARI', Timestamp('2013-03-01 08:00:00')): Sobol_t takes: 30.908317804336548
Stats for ('MARI', Timestamp('2013-03-01 08:00:00')): P10 takes: 0.020161867141723633
Stats for ('MARI', Timestamp('2013-03-01 08:00:00')): P90 takes: 0.019556283950805664
Stats: gPCE takes: 0.031062841415405273
Stats for ('MARI', Timestamp('2013-03-01 09:00:00')): E takes: 0.15336871147155762
Stats for ('MARI', Timestamp('2013-03-01 09:00:00')): Var takes: 15.860777378082275
Stats for ('MARI', Timestamp('2013-03-01 09:00:00')): StdDev takes: 15.79655647277832
Stats for ('MARI', Timestamp('2013-03-01 09:00:00')): Sobol_m takes: 16.54464864730835
Stats for ('MARI', Timestamp('2013-03-01 09:00:00')): Sobol_m2 takes: 21.07972764968872
Stats for ('MARI', Timestamp('2013-03-01 09:00:00')): Sobol_t takes: 30.893417835235596
Stats for ('MARI', Timestamp('2013-03-01 09:00:00')): P10 takes: 0.019864320755004883
Stats for ('MARI', Timestamp('2013-03-01 09:00:00')): P90 takes: 0.019488811492919922
Stats: gPCE takes: 0.030852079391479492
Stats for ('MARI', Timestamp('2013-03-01 10:00:00')): E takes: 0.151397705078125
Stats for ('MARI', Timestamp('2013-03-01 10:00:00')): Varslurmstepd: error: *** JOB 366169 ON mpp2r04c03s03 CANCELLED AT 2020-01-11T14:23:05 ***
