python/3.6_intel (INFO):
    Loading this module may cause the environment generated by other
    modules to become inconsistent; however it should work together
    with the Intel compilers, tools and libraries.
---- start sim: Sat Jan 11 14:05:22 CET 2020
MPI version: Intel(R) MPI Library 2018 Update 4 for Linux* OS

MPI2 version: (3, 1)
MPI3 version: 3
mpi4py version: 3.0.3
rank 0: starttime: 2020.01.11 14:05:31
dir: /dss/dsshome1/lxc01/di73wal/work/simulation/diss.larsim/Larsim-UQ.git/../larsim_runs/0123_sim
dir: /dss/dsshome1/lxc01/di73wal/work/simulation/diss.larsim/Larsim-UQ.git/../larsim_runs/0123_sim
['/dss/dsshome1/lxc01/di73wal/work/simulation/diss.larsim/Larsim-UQ.git/../larsim_runs/0123_sim/uqsim.saved']
parsing args...
rank: 0 is master!
rank: 0 is master!
UQsim: restore from file: True
rank: 0 exit
uqsim.args.disable_statistics: False
calculate statistics [LarsimStatistics]...
Stats: samplesData Frame with All the simulation results : Index_run                   int64
Stationskennung            object
Type                       object
TimeStamp          datetime64[ns]
Value                     float64
dtype: object
 takes: 2.8612477779388428
timesteps Info
<class 'numpy.ndarray'>
numbTimesteps is: 1440
Stats: gPCE takes: 0.011401891708374023
Stats for ('MARI', Timestamp('2013-03-01 00:00:00')): E takes: 0.06833791732788086
Stats for ('MARI', Timestamp('2013-03-01 00:00:00')): Var takes: 3.445060968399048
Stats for ('MARI', Timestamp('2013-03-01 00:00:00')): StdDev takes: 3.4765987396240234
Stats for ('MARI', Timestamp('2013-03-01 00:00:00')): Sobol_m takes: 3.870619058609009
Stats for ('MARI', Timestamp('2013-03-01 00:00:00')): Sobol_m2 takes: 5.682375431060791
Stats for ('MARI', Timestamp('2013-03-01 00:00:00')): Sobol_t takes: 7.915677070617676
Stats for ('MARI', Timestamp('2013-03-01 00:00:00')): P10 takes: 0.014542341232299805
Stats for ('MARI', Timestamp('2013-03-01 00:00:00')): P90 takes: 0.012842416763305664
Stats: gPCE takes: 0.011344432830810547
Stats for ('MARI', Timestamp('2013-03-01 01:00:00')): E takes: 0.0690305233001709
Stats for ('MARI', Timestamp('2013-03-01 01:00:00')): Var takes: 3.4866974353790283
Stats for ('MARI', Timestamp('2013-03-01 01:00:00')): StdDev takes: 3.4927191734313965
Stats for ('MARI', Timestamp('2013-03-01 01:00:00')): Sobol_m takes: 3.8652610778808594
Stats for ('MARI', Timestamp('2013-03-01 01:00:00')): Sobol_m2 takes: 5.695191860198975
Stats for ('MARI', Timestamp('2013-03-01 01:00:00')): Sobol_t takes: 7.956652641296387
Stats for ('MARI', Timestamp('2013-03-01 01:00:00')): P10 takes: 0.01411747932434082
Stats for ('MARI', Timestamp('2013-03-01 01:00:00')): P90 takes: 0.013250589370727539
Stats: gPCE takes: 0.011244058609008789
Stats for ('MARI', Timestamp('2013-03-01 02:00:00')): E takes: 0.06800413131713867
Stats for ('MARI', Timestamp('2013-03-01 02:00:00')): Var takes: 3.500706911087036
Stats for ('MARI', Timestamp('2013-03-01 02:00:00')): StdDev takes: 3.5012946128845215
Stats for ('MARI', Timestamp('2013-03-01 02:00:00')): Sobol_m takes: 3.863430976867676
Stats for ('MARI', Timestamp('2013-03-01 02:00:00')): Sobol_m2 takes: 5.708746671676636
Stats for ('MARI', Timestamp('2013-03-01 02:00:00')): Sobol_t takes: 7.932802200317383
Stats for ('MARI', Timestamp('2013-03-01 02:00:00')): P10 takes: 0.013937711715698242
Stats for ('MARI', Timestamp('2013-03-01 02:00:00')): P90 takes: 0.01296854019165039
Stats: gPCE takes: 0.011368513107299805
Stats for ('MARI', Timestamp('2013-03-01 03:00:00')): E takes: 0.06785368919372559
Stats for ('MARI', Timestamp('2013-03-01 03:00:00')): Var takes: 3.5307044982910156
Stats for ('MARI', Timestamp('2013-03-01 03:00:00')): StdDev takes: 3.4648220539093018
Stats for ('MARI', Timestamp('2013-03-01 03:00:00')): Sobol_m takes: 3.862614870071411
Stats for ('MARI', Timestamp('2013-03-01 03:00:00')): Sobol_m2 takes: 5.715812683105469
Stats for ('MARI', Timestamp('2013-03-01 03:00:00')): Sobol_t takes: 7.877515554428101
Stats for ('MARI', Timestamp('2013-03-01 03:00:00')): P10 takes: 0.015186786651611328
Stats for ('MARI', Timestamp('2013-03-01 03:00:00')): P90 takes: 0.01265263557434082
Stats: gPCE takes: 0.011183023452758789
Stats for ('MARI', Timestamp('2013-03-01 04:00:00')): E takes: 0.06776881217956543
Stats for ('MARI', Timestamp('2013-03-01 04:00:00')): Var takes: 3.486438035964966
Stats for ('MARI', Timestamp('2013-03-01 04:00:00')): StdDev takes: 3.5101773738861084
Stats for ('MARI', Timestamp('2013-03-01 04:00:00')): Sobol_m takes: 3.834104299545288
Stats for ('MARI', Timestamp('2013-03-01 04:00:00')): Sobol_m2 takes: 5.672833442687988
Stats for ('MARI', Timestamp('2013-03-01 04:00:00')): Sobol_t takes: 7.910098552703857
Stats for ('MARI', Timestamp('2013-03-01 04:00:00')): P10 takes: 0.013042211532592773
Stats for ('MARI', Timestamp('2013-03-01 04:00:00')): P90 takes: 0.012640714645385742
Stats: gPCE takes: 0.01101374626159668
Stats for ('MARI', Timestamp('2013-03-01 05:00:00')): E takes: 0.06737422943115234
Stats for ('MARI', Timestamp('2013-03-01 05:00:00')): Var takes: 3.479036808013916
Stats for ('MARI', Timestamp('2013-03-01 05:00:00')): StdDev takes: 3.477708578109741
Stats for ('MARI', Timestamp('2013-03-01 05:00:00')): Sobol_m takes: 3.857649564743042
Stats for ('MARI', Timestamp('2013-03-01 05:00:00')): Sobol_m2 takes: 5.697385787963867
Stats for ('MARI', Timestamp('2013-03-01 05:00:00')): Sobol_t takes: 7.927701950073242
Stats for ('MARI', Timestamp('2013-03-01 05:00:00')): P10 takes: 0.013031005859375
Stats for ('MARI', Timestamp('2013-03-01 05:00:00')): P90 takes: 0.012788772583007812
Stats: gPCE takes: 0.011305570602416992
Stats for ('MARI', Timestamp('2013-03-01 06:00:00')): E takes: 0.06829309463500977
Stats for ('MARI', Timestamp('2013-03-01 06:00:00')): Var takes: 3.4813637733459473
Stats for ('MARI', Timestamp('2013-03-01 06:00:00')): StdDev takes: 3.4820048809051514
Stats for ('MARI', Timestamp('2013-03-01 06:00:00')): Sobol_m takes: 3.8996806144714355
Stats for ('MARI', Timestamp('2013-03-01 06:00:00')): Sobol_m2 takes: 5.652609586715698
Stats for ('MARI', Timestamp('2013-03-01 06:00:00')): Sobol_t takes: 7.94183874130249
Stats for ('MARI', Timestamp('2013-03-01 06:00:00')): P10 takes: 0.013084650039672852
Stats for ('MARI', Timestamp('2013-03-01 06:00:00')): P90 takes: 0.01250910758972168
Stats: gPCE takes: 0.010989904403686523
Stats for ('MARI', Timestamp('2013-03-01 07:00:00')): E takes: 0.06737399101257324
Stats for ('MARI', Timestamp('2013-03-01 07:00:00')): Var takes: 3.4611546993255615
Stats for ('MARI', Timestamp('2013-03-01 07:00:00')): StdDev takes: 3.4762701988220215
Stats for ('MARI', Timestamp('2013-03-01 07:00:00')): Sobol_m takes: 3.8627302646636963
Stats for ('MARI', Timestamp('2013-03-01 07:00:00')): Sobol_m2 takes: 5.708121061325073
Stats for ('MARI', Timestamp('2013-03-01 07:00:00')): Sobol_t takes: 7.893071174621582
Stats for ('MARI', Timestamp('2013-03-01 07:00:00')): P10 takes: 0.013024091720581055
Stats for ('MARI', Timestamp('2013-03-01 07:00:00')): P90 takes: 0.012787818908691406
Stats: gPCE takes: 0.011190652847290039
Stats for ('MARI', Timestamp('2013-03-01 08:00:00')): E takes: 0.06902408599853516
Stats for ('MARI', Timestamp('2013-03-01 08:00:00')): Var takes: 3.5142483711242676
Stats for ('MARI', Timestamp('2013-03-01 08:00:00')): StdDev takes: 3.4528555870056152
Stats for ('MARI', Timestamp('2013-03-01 08:00:00')): Sobol_m takes: 3.838963508605957
Stats for ('MARI', Timestamp('2013-03-01 08:00:00')): Sobol_m2 takes: 5.7299299240112305
Stats for ('MARI', Timestamp('2013-03-01 08:00:00')): Sobol_t takes: 7.862422227859497
Stats for ('MARI', Timestamp('2013-03-01 08:00:00')): P10 takes: 0.013436317443847656
Stats for ('MARI', Timestamp('2013-03-01 08:00:00')): P90 takes: 0.012708425521850586
Stats: gPCE takes: 0.01140284538269043
Stats for ('MARI', Timestamp('2013-03-01 09:00:00')): E takes: 0.06766796112060547
Stats for ('MARI', Timestamp('2013-03-01 09:00:00')): Var takes: 3.492733955383301
Stats for ('MARI', Timestamp('2013-03-01 09:00:00')): StdDev takes: 3.517411708831787
Stats for ('MARI', Timestamp('2013-03-01 09:00:00')): Sobol_m takes: 3.825122594833374
Stats for ('MARI', Timestamp('2013-03-01 09:00:00')): Sobol_m2 takes: 5.694546937942505
Stats for ('MARI', Timestamp('2013-03-01 09:00:00')): Sobol_t takes: 7.909122705459595
Stats for ('MARI', Timestamp('2013-03-01 09:00:00')): P10 takes: 0.01319742202758789
Stats for ('MARI', Timestamp('2013-03-01 09:00:00')): P90 takes: 0.012609243392944336
Stats: gPCE takes: 0.011083126068115234
Stats for ('MARI', Timestamp('2013-03-01 10:00:00')): E takes: 0.06751155853271484
Stats for ('MARI', Timestamp('2013-03-01 10:00:00')): Var takes: 3.4934439659118652
Stats for ('MARI', Timestamp('2013-03-01 10:00:00')): StdDev takes: 3.486737012863159
Stats for ('MARI', Timestamp('2013-03-01 10:00:00')): Sobol_m takes: 3.8826143741607666
Stats for ('MARI', Timestamp('2013-03-01 10:00:00')): Sobol_m2 takes: 5.694357872009277
Stats for ('MARI', Timestamp('2013-03-01 10:00:00')): Sobol_t takes: 7.924567937850952
Stats for ('MARI', Timestamp('2013-03-01 10:00:00')): P10 takes: 0.013411283493041992
Stats for ('MARI', Timestamp('2013-03-01 10:00:00')): P90 takes: 0.012623071670532227
Stats: gPCE takes: 0.011103391647338867
Stats for ('MARI', Timestamp('2013-03-01 11:00:00')): E takes: 0.06800127029418945
Stats for ('MARI', Timestamp('2013-03-01 11:00:00')): Var takes: 3.4784717559814453
Stats for ('MARI', Timestamp('2013-03-01 11:00:00')): StdDev takes: 3.4883041381835938
Stats for ('MARI', Timestamp('2013-03-01 11:00:00')): Sobol_m takes: 3.8612875938415527
Stats for ('MARI', Timestamp('2013-03-01 11:00:00')): Sobol_m2 takes: 5.721475601196289
Stats for ('MARI', Timestamp('2013-03-01 11:00:00')): Sobol_t takes: 7.905345916748047
Stats for ('MARI', Timestamp('2013-03-01 11:00:00')): P10 takes: 0.013412952423095703
Stats for ('MARI', Timestamp('2013-03-01 11:00:00')): P90 takes: 0.012768030166625977
Stats: gPCE takes: 0.011060953140258789
Stats for ('MARI', Timestamp('2013-03-01 12:00:00')): E takes: 0.06781339645385742
Stats for ('MARI', Timestamp('2013-03-01 12:00:00')): Var takes: 3.499345302581787
Stats for ('MARI', Timestamp('2013-03-01 12:00:00')): StdDev takes: 3.4723727703094482
Stats for ('MARI', Timestamp('2013-03-01 12:00:00')): Sobol_m takes: 3.8563356399536133
Stats for ('MARI', Timestamp('2013-03-01 12:00:00')): Sobol_m2 takes: 5.694118022918701
Stats for ('MARI', Timestamp('2013-03-01 12:00:00')): Sobol_t takes: 7.870523691177368
Stats for ('MARI', Timestamp('2013-03-01 12:00:00')): P10 takes: 0.013108015060424805
Stats for ('MARI', Timestamp('2013-03-01 12:00:00')): P90 takes: 0.012751579284667969
Stats: gPCE takes: 0.010980606079101562
Stats for ('MARI', Timestamp('2013-03-01 13:00:00')): E takes: 0.06609654426574707
Stats for ('MARI', Timestamp('2013-03-01 13:00:00')): Var takes: 3.263144016265869
Stats for ('MARI', Timestamp('2013-03-01 13:00:00')): StdDev takes: 3.2806766033172607
Stats for ('MARI', Timestamp('2013-03-01 13:00:00')): Sobol_m takes: 3.623626470565796
Stats for ('MARI', Timestamp('2013-03-01 13:00:00')): Sobol_m2 takes: 5.47336220741272
Stats for ('MARI', Timestamp('2013-03-01 13:00:00')): Sobol_t takes: 7.550653457641602
Stats for ('MARI', Timestamp('2013-03-01 13:00:00')): P10 takes: 0.013252019882202148
Stats for ('MARI', Timestamp('2013-03-01 13:00:00')): P90 takes: 0.012697696685791016
Stats: gPCE takes: 0.011037111282348633
Stats for ('MARI', Timestamp('2013-03-01 14:00:00')): E takes: 0.06558966636657715
Stats for ('MARI', Timestamp('2013-03-01 14:00:00')): Var takes: 3.2483787536621094
Stats for ('MARI', Timestamp('2013-03-01 14:00:00')): StdDev takes: 3.2682080268859863
Stats for ('MARI', Timestamp('2013-03-01 14:00:00')): Sobol_m takes: 3.664669990539551
Stats for ('MARI', Timestamp('2013-03-01 14:00:00')): Sobol_m2 takes: 5.420641899108887
Stats for ('MARI', Timestamp('2013-03-01 14:00:00')): Sobol_t takes: 7.566821098327637
Stats for ('MARI', Timestamp('2013-03-01 14:00:00')): P10 takes: 0.012942790985107422
Stats for ('MARI', Timestamp('2013-03-01 14:00:00')): P90 takes: 0.012633562088012695
Stats: gPCE takes: 0.010821104049682617
Stats for ('MARI', Timestamp('2013-03-01 15:00:00')): E takes: 0.0999000072479248
Stats for ('MARI', Timestamp('2013-03-01 15:00:00')): Var takes: 3.232588052749634
Stats for ('MARI', Timestamp('2013-03-01 15:00:00')): StdDev takes: 3.2581019401550293
Stats for ('MARI', Timestamp('2013-03-01 15:00:00')): Sobol_m takes: 3.6291465759277344
Stats for ('MARI', Timestamp('2013-03-01 15:00:00')): Sobol_m2 takes: 5.484167575836182
Stats for ('MARI', Timestamp('2013-03-01 15:00:00')): Sobol_t takes: 7.524401426315308
Stats for ('MARI', Timestamp('2013-03-01 15:00:00')): P10 takes: 0.012778759002685547
Stats for ('MARI', Timestamp('2013-03-01 15:00:00')): P90 takes: 0.012488365173339844
Stats: gPCE takes: 0.011128664016723633
Stats for ('MARI', Timestamp('2013-03-01 16:00:00')): E takes: 0.06830430030822754
Stats for ('MARI', Timestamp('2013-03-01 16:00:00')): Var takes: 3.477545738220215
Stats for ('MARI', Timestamp('2013-03-01 16:00:00')): StdDev takes: 3.502322196960449
Stats for ('MARI', Timestamp('2013-03-01 16:00:00')): Sobol_m takes: 3.842194080352783
Stats for ('MARI', Timestamp('2013-03-01 16:00:00')): Sobol_m2 takes: 5.6833295822143555
Stats for ('MARI', Timestamp('2013-03-01 16:00:00')): Sobol_t takes: 7.8955137729644775
Stats for ('MARI', Timestamp('2013-03-01 16:00:00')): P10 takes: 0.01323246955871582
Stats for ('MARI', Timestamp('2013-03-01 16:00:00')): P90 takes: 0.012701272964477539
Stats: gPCE takes: 0.011128664016723633
Stats for ('MARI', Timestamp('2013-03-01 17:00:00')): E takes: 0.0677940845489502
Stats for ('MARI', Timestamp('2013-03-01 17:00:00')): Var takes: 3.477987766265869
Stats for ('MARI', Timestamp('2013-03-01 17:00:00')): StdDev takes: 3.4875833988189697
Stats for ('MARI', Timestamp('2013-03-01 17:00:00')): Sobol_m takes: 3.856856107711792
Stats for ('MARI', Timestamp('2013-03-01 17:00:00')): Sobol_m2 takes: 5.6634979248046875
Stats for ('MARI', Timestamp('2013-03-01 17:00:00')): Sobol_t takes: 7.931442499160767
Stats for ('MARI', Timestamp('2013-03-01 17:00:00')): P10 takes: 0.013084173202514648
Stats for ('MARI', Timestamp('2013-03-01 17:00:00')): P90 takes: 0.012726068496704102
Stats: gPCE takes: 0.01113128662109375
Stats for ('MARI', Timestamp('2013-03-01 18:00:00')): E takes: 0.06788992881774902
Stats for ('MARI', Timestamp('2013-03-01 18:00:00')): Var takes: 3.4759817123413086
Stats for ('MARI', Timestamp('2013-03-01 18:00:00')): StdDev takes: 3.4992010593414307
Stats for ('MARI', Timestamp('2013-03-01 18:00:00')): Sobol_m takes: 3.8926734924316406
Stats for ('MARI', Timestamp('2013-03-01 18:00:00')): Sobol_m2 takes: 5.667003631591797
Stats for ('MARI', Timestamp('2013-03-01 18:00:00')): Sobol_t takes: 7.951345443725586
Stats for ('MARI', Timestamp('2013-03-01 18:00:00')): P10 takes: 0.013122320175170898
Stats for ('MARI', Timestamp('2013-03-01 18:00:00')): P90 takes: 0.012998580932617188
Stats: gPCE takes: 0.011086463928222656
Stats for ('MARI', Timestamp('2013-03-01 19:00:00')): E takes: 0.06728529930114746
Stats for ('MARI', Timestamp('2013-03-01 19:00:00')): Var takes: 3.449069023132324
Stats for ('MARI', Timestamp('2013-03-01 19:00:00')): StdDev takes: 3.470649242401123
Stats for ('MARI', Timestamp('2013-03-01 19:00:00')): Sobol_m takes: 3.857555627822876
Stats for ('MARI', Timestamp('2013-03-01 19:00:00')): Sobol_m2 takes: 5.690454721450806
Stats for ('MARI', Timestamp('2013-03-01 19:00:00')): Sobol_t takes: 7.90523362159729
Stats for ('MARI', Timestamp('2013-03-01 19:00:00')): P10 takes: 0.013398170471191406
Stats for ('MARI', Timestamp('2013-03-01 19:00:00')): P90 takes: 0.012755632400512695
Stats: gPCE takes: 0.010946989059448242
Stats for ('MARI', Timestamp('2013-03-01 20:00:00')): E takes: 0.06938910484313965
Stats for ('MARI', Timestamp('2013-03-01 20:00:00')): Var takes: 3.5259883403778076
Stats for ('MARI', Timestamp('2013-03-01 20:00:00')): StdDev takes: 3.4571692943573
Stats for ('MARI', Timestamp('2013-03-01 20:00:00')): Sobol_m takes: 3.8427670001983643
Stats for ('MARI', Timestamp('2013-03-01 20:00:00')): Sobol_m2 takes: 5.725771903991699
Stats for ('MARI', Timestamp('2013-03-01 20:00:00')): Sobol_t takes: 7.855161190032959
Stats for ('MARI', Timestamp('2013-03-01 20:00:00')): P10 takes: 0.01322174072265625
Stats for ('MARI', Timestamp('2013-03-01 20:00:00')): P90 takes: 0.012713432312011719
Stats: gPCE takes: 0.011131048202514648
Stats for ('MARI', Timestamp('2013-03-01 21:00:00')): E takes: 0.06782984733581543
Stats for ('MARI', Timestamp('2013-03-01 21:00:00')): Var takes: 3.4898154735565186
Stats for ('MARI', Timestamp('2013-03-01 21:00:00')): StdDev takes: 3.508420705795288
Stats for ('MARI', Timestamp('2013-03-01 21:00:00')): Sobol_m takes: 3.8193187713623047
Stats for ('MARI', Timestamp('2013-03-01 21:00:00')): Sobol_m2 takes: 5.6855151653289795
Stats for ('MARI', Timestamp('2013-03-01 21:00:00')): Sobol_t takes: 7.926197290420532
Stats for ('MARI', Timestamp('2013-03-01 21:00:00')): P10 takes: 0.012931346893310547
Stats for ('MARI', Timestamp('2013-03-01 21:00:00')): P90 takes: 0.01275777816772461
Stats: gPCE takes: 0.011023759841918945
Stats for ('MARI', Timestamp('2013-03-01 22:00:00')): E takes: 0.06556534767150879
Stats for ('MARI', Timestamp('2013-03-01 22:00:00')): Var takes: 3.259350538253784
Stats for ('MARI', Timestamp('2013-03-01 22:00:00')): StdDev takes: 3.2653465270996094
Stats for ('MARI', Timestamp('2013-03-01 22:00:00')): Sobol_m takes: 3.652907371520996
Stats for ('MARI', Timestamp('2013-03-01 22:00:00')): Sobol_m2 takes: 5.431779146194458
Stats for ('MARI', Timestamp('2013-03-01 22:00:00')): Sobol_t takes: 7.603545427322388
Stats for ('MARI', Timestamp('2013-03-01 22:00:00')): P10 takes: 0.01294851303100586
Stats for ('MARI', Timestamp('2013-03-01 22:00:00')): P90 takes: 0.012482643127441406
Stats: gPCE takes: 0.011282920837402344
Stats for ('MARI', Timestamp('2013-03-01 23:00:00')): E takes: 0.06739544868469238
Stats for ('MARI', Timestamp('2013-03-01 23:00:00')): Var takes: 3.467637538909912
Stats for ('MARI', Timestamp('2013-03-01 23:00:00')): StdDev takes: 3.476820468902588
Stats for ('MARI', Timestamp('2013-03-01 23:00:00')): Sobol_m takes: 3.868143081665039
Stats for ('MARI', Timestamp('2013-03-01 23:00:00')): Sobol_m2 takes: 5.705667495727539
Stats for ('MARI', Timestamp('2013-03-01 23:00:00')): Sobol_t takes: 7.900554418563843
Stats for ('MARI', Timestamp('2013-03-01 23:00:00')): P10 takes: 0.013510942459106445
Stats for ('MARI', Timestamp('2013-03-01 23:00:00')): P90 takes: 0.012845516204833984
Stats: gPCE takes: 0.011224746704101562
Stats for ('MARI', Timestamp('2013-03-02 00:00:00')): E takes: 0.06792449951171875
Stats for ('MARI', Timestamp('2013-03-02 00:00:00')): Var takes: 3.5337376594543457
Stats for ('MARI', Timestamp('2013-03-02 00:00:00')): StdDev takes: 3.4681077003479004
Stats for ('MARI', Timestamp('2013-03-02 00:00:00')): Sobol_m takes: 3.842747211456299
Stats for ('MARI', Timestamp('2013-03-02 00:00:00')): Sobol_m2 takes: 5.7274253368377686
Stats for ('MARI', Timestamp('2013-03-02 00:00:00')): Sobol_t takes: 7.86653470993042
Stats for ('MARI', Timestamp('2013-03-02 00:00:00')): P10 takes: 0.013201236724853516
Stats for ('MARI', Timestamp('2013-03-02 00:00:00')): P90 takes: 0.012534141540527344
Stats: gPCE takes: 0.011118173599243164
Stats for ('MARI', Timestamp('2013-03-02 01:00:00')): E takes: 0.0677943229675293
Stats for ('MARI', Timestamp('2013-03-02 01:00:00')): Var takes: 3.4925451278686523
Stats for ('MARI', Timestamp('2013-03-02 01:00:00')): StdDev takes: 3.5196986198425293
Stats for ('MARI', Timestamp('2013-03-02 01:00:00')): Sobol_m takes: 3.83964467048645
Stats for ('MARI', Timestamp('2013-03-02 01:00:00')): Sobol_m2 takes: 5.671593427658081
Stats for ('MARI', Timestamp('2013-03-02 01:00:00')): Sobol_t takes: 7.911536693572998
Stats for ('MARI', Timestamp('2013-03-02 01:00:00')): P10 takes: 0.01328897476196289
Stats for ('MARI', Timestamp('2013-03-02 01:00:00')): P90 takes: 0.012639522552490234
Stats: gPCE takes: 0.011197328567504883
Stats for ('MARI', Timestamp('2013-03-02 02:00:00')): E takes: 0.06925582885742188
Stats for ('MARI', Timestamp('2013-03-02 02:00:00')): Var takes: 3.4898481369018555
Stats for ('MARI', Timestamp('2013-03-02 02:00:00')): StdDev takes: 3.4920859336853027
Stats for ('MARI', Timestamp('2013-03-02 02:00:00')): Sobol_m takes: 3.8824729919433594
Stats for ('MARI', Timestamp('2013-03-02 02:00:00')): Sobol_m2 takes: 5.669114112854004
Stats for ('MARI', Timestamp('2013-03-02 02:00:00')): Sobol_t takes: 7.921297550201416
Stats for ('MARI', Timestamp('2013-03-02 02:00:00')): P10 takes: 0.013204813003540039
Stats for ('MARI', Timestamp('2013-03-02 02:00:00')): P90 takes: 0.012725353240966797
Stats: gPCE takes: 0.01122426986694336
Stats for ('MARI', Timestamp('2013-03-02 03:00:00')): E takes: 0.06859350204467773
Stats for ('MARI', Timestamp('2013-03-02 03:00:00')): Var takes: 3.46797251701355
Stats for ('MARI', Timestamp('2013-03-02 03:00:00')): StdDev takes: 3.479153633117676
Stats for ('MARI', Timestamp('2013-03-02 03:00:00')): Sobol_m takes: 3.8597280979156494
Stats for ('MARI', Timestamp('2013-03-02 03:00:00')): Sobol_m2 takes: 5.688632249832153
Stats for ('MARI', Timestamp('2013-03-02 03:00:00')): Sobol_t takes: 7.9160003662109375
Stats for ('MARI', Timestamp('2013-03-02 03:00:00')): P10 takes: 0.013133764266967773
Stats for ('MARI', Timestamp('2013-03-02 03:00:00')): P90 takes: 0.012933969497680664
Stats: gPCE takes: 0.011058807373046875
Stats for ('MARI', Timestamp('2013-03-02 04:00:00')): E takes: 0.06754827499389648
Stats for ('MARI', Timestamp('2013-03-02 04:00:00')): Var takes: 3.5055577754974365
Stats for ('MARI', Timestamp('2013-03-02 04:00:00')): StdDev takes: 3.4632158279418945
Stats for ('MARI', Timestamp('2013-03-02 04:00:00')): Sobol_m takes: 3.851646661758423
Stats for ('MARI', Timestamp('2013-03-02 04:00:00')): Sobol_m2 takes: 5.710992336273193
Stats for ('MARI', Timestamp('2013-03-02 04:00:00')): Sobol_t takes: 7.865853548049927
Stats for ('MARI', Timestamp('2013-03-02 04:00:00')): P10 takes: 0.013434648513793945
Stats for ('MARI', Timestamp('2013-03-02 04:00:00')): P90 takes: 0.012860536575317383
Stats: gPCE takes: 0.011217594146728516
Stats for ('MARI', Timestamp('2013-03-02 05:00:00')): E takes: 0.06767773628234863
Stats for ('MARI', Timestamp('2013-03-02 05:00:00')): Var takes: 3.492622137069702
Stats for ('MARI', Timestamp('2013-03-02 05:00:00')): StdDev takes: 3.519214153289795
Stats for ('MARI', Timestamp('2013-03-02 05:00:00')): Sobol_m takes: 3.852450132369995
Stats for ('MARI', Timestamp('2013-03-02 05:00:00')): Sobol_m2 takes: 5.687294006347656
Stats for ('MARI', Timestamp('2013-03-02 05:00:00')): Sobol_t takes: 7.907447814941406
Stats for ('MARI', Timestamp('2013-03-02 05:00:00')): P10 takes: 0.013100385665893555
Stats for ('MARI', Timestamp('2013-03-02 05:00:00')): P90 takes: 0.012645959854125977
Stats: gPCE takes: 0.011069536209106445
Stats for ('MARI', Timestamp('2013-03-02 06:00:00')): E takes: 0.06799626350402832
Stats for ('MARI', Timestamp('2013-03-02 06:00:00')): Var takes: 3.50034761428833
Stats for ('MARI', Timestamp('2013-03-02 06:00:00')): StdDev takes: 3.5025134086608887
Stats for ('MARI', Timestamp('2013-03-02 06:00:00')): Sobol_m takes: 3.8682737350463867
Stats for ('MARI', Timestamp('2013-03-02 06:00:00')): Sobol_m2 takes: 5.671828269958496
Stats for ('MARI', Timestamp('2013-03-02 06:00:00')): Sobol_t takes: 7.911528825759888
Stats for ('MARI', Timestamp('2013-03-02 06:00:00')): P10 takes: 0.013094425201416016
Stats for ('MARI', Timestamp('2013-03-02 06:00:00')): P90 takes: 0.012731552124023438
Stats: gPCE takes: 0.010961532592773438
Stats for ('MARI', Timestamp('2013-03-02 07:00:00')): E takes: 0.06737875938415527
Stats for ('MARI', Timestamp('2013-03-02 07:00:00')): Var takes: 3.485663890838623
Stats for ('MARI', Timestamp('2013-03-02 07:00:00')): StdDev takes: 3.4846043586730957
Stats for ('MARI', Timestamp('2013-03-02 07:00:00')): Sobol_m takes: 3.916280508041382
Stats for ('MARI', Timestamp('2013-03-02 07:00:00')): Sobol_m2 takes: 5.662233591079712
Stats for ('MARI', Timestamp('2013-03-02 07:00:00')): Sobol_t takes: 7.937793016433716
Stats for ('MARI', Timestamp('2013-03-02 07:00:00')): P10 takes: 0.013452291488647461
Stats for ('MARI', Timestamp('2013-03-02 07:00:00')): P90 takes: 0.012551307678222656
Stats: gPCE takes: 0.011124134063720703
Stats for ('MARI', Timestamp('2013-03-02 08:00:00')): E takes: 0.06818604469299316
Stats for ('MARI', Timestamp('2013-03-02 08:00:00')): Var takes: 3.4959652423858643
Stats for ('MARI', Timestamp('2013-03-02 08:00:00')): StdDev takes: 3.4665260314941406
Stats for ('MARI', Timestamp('2013-03-02 08:00:00')): Sobol_m takes: 3.8650155067443848
Stats for ('MARI', Timestamp('2013-03-02 08:00:00')): Sobol_m2 takes: 5.700787305831909
Stats for ('MARI', Timestamp('2013-03-02 08:00:00')): Sobol_t takes: 7.898251295089722
Stats for ('MARI', Timestamp('2013-03-02 08:00:00')): P10 takes: 0.013172388076782227
Stats for ('MARI', Timestamp('2013-03-02 08:00:00')): P90 takes: 0.012605667114257812
Stats: gPCE takes: 0.011253118515014648
Stats for ('MARI', Timestamp('2013-03-02 09:00:00')): E takes: 0.06803154945373535
Stats for ('MARI', Timestamp('2013-03-02 09:00:00')): Var takes: 3.5158376693725586
Stats for ('MARI', Timestamp('2013-03-02 09:00:00')): StdDev takes: 3.4631006717681885
Stats for ('MARI', Timestamp('2013-03-02 09:00:00')): Sobol_m takes: 3.8513271808624268
Stats for ('MARI', Timestamp('2013-03-02 09:00:00')): Sobol_m2 takes: 5.707436800003052
Stats for ('MARI', Timestamp('2013-03-02 09:00:00')): Sobol_t takes: 7.924463748931885
Stats for ('MARI', Timestamp('2013-03-02 09:00:00')): P10 takes: 0.01312875747680664
Stats for ('MARI', Timestamp('2013-03-02 09:00:00')): P90 takes: 0.012747049331665039
Stats: gPCE takes: 0.011056184768676758
Stats for ('MARI', Timestamp('2013-03-02 10:00:00')): E takes: 0.06836581230163574
Stats for ('MARI', Timestamp('2013-03-02 10:00:00')): Var takes: 3.480808973312378
Stats for ('MARI', Timestamp('2013-03-02 10:00:00')): StdDev takes: 3.5130159854888916
Stats for ('MARI', Timestamp('2013-03-02 10:00:00')): Sobol_m takes: 3.825101375579834
Stats for ('MARI', Timestamp('2013-03-02 10:00:00')): Sobol_m2 takes: 5.677466630935669
Stats for ('MARI', Timestamp('2013-03-02 10:00:00')): Sobol_t takes: 7.94003963470459
Stats for ('MARI', Timestamp('2013-03-02 10:00:00')): P10 takes: 0.013041019439697266
Stats for ('MARI', Timestamp('2013-03-02 10:00:00')): P90 takes: 0.012533187866210938
Stats: gPCE takes: 0.011118412017822266
Stats for ('MARI', Timestamp('2013-03-02 11:00:00')): E takes: 0.06753349304199219
Stats for ('MARI', Timestamp('2013-03-02 11:00:00')): Var takes: 3.4806571006774902
Stats for ('MARI', Timestamp('2013-03-02 11:00:00')): StdDev takes: 3.504164934158325
Stats for ('MARI', Timestamp('2013-03-02 11:00:00')): Sobol_m takes: 3.9077441692352295
Stats for ('MARI', Timestamp('2013-03-02 11:00:00')): Sobol_m2 takes: 5.687328815460205
Stats for ('MARI', Timestamp('2013-03-02 11:00:00')): Sobol_t takes: 7.9326934814453125
Stats for ('MARI', Timestamp('2013-03-02 11:00:00')): P10 takes: 0.013698816299438477
Stats for ('MARI', Timestamp('2013-03-02 11:00:00')): P90 takes: 0.012588739395141602
Stats: gPCE takes: 0.011283159255981445
Stats for ('MARI', Timestamp('2013-03-02 12:00:00')): E takes: 0.06798386573791504
Stats for ('MARI', Timestamp('2013-03-02 12:00:00')): Var takes: 3.478421926498413
Stats for ('MARI', Timestamp('2013-03-02 12:00:00')): StdDev takes: 3.4773173332214355
Stats for ('MARI', Timestamp('2013-03-02 12:00:00')): Sobol_m takes: 3.8635666370391846
Stats for ('MARI', Timestamp('2013-03-02 12:00:00')): Sobol_m2 takes: 5.711859464645386
Stats for ('MARI', Timestamp('2013-03-02 12:00:00')): Sobol_t takes: 7.921745300292969
Stats for ('MARI', Timestamp('2013-03-02 12:00:00')): P10 takes: 0.012988090515136719
Stats for ('MARI', Timestamp('2013-03-02 12:00:00')): P90 takes: 0.012644529342651367
Stats: gPCE takes: 0.011121273040771484
Stats for ('MARI', Timestamp('2013-03-02 13:00:00')): E takes: 0.06779742240905762
Stats for ('MARI', Timestamp('2013-03-02 13:00:00')): Var takes: 3.5101168155670166
Stats for ('MARI', Timestamp('2013-03-02 13:00:00')): StdDev takes: 3.4643349647521973
Stats for ('MARI', Timestamp('2013-03-02 13:00:00')): Sobol_m takes: 3.851593017578125
Stats for ('MARI', Timestamp('2013-03-02 13:00:00')): Sobol_m2 takes: 5.718287229537964
Stats for ('MARI', Timestamp('2013-03-02 13:00:00')): Sobol_t takes: 7.885111331939697
Stats for ('MARI', Timestamp('2013-03-02 13:00:00')): P10 takes: 0.013252735137939453
Stats for ('MARI', Timestamp('2013-03-02 13:00:00')): P90 takes: 0.012624979019165039
Stats: gPCE takes: 0.011151313781738281
Stats for ('MARI', Timestamp('2013-03-02 14:00:00')): E takes: 0.06773114204406738
Stats for ('MARI', Timestamp('2013-03-02 14:00:00')): Var takes: 3.502957820892334
Stats for ('MARI', Timestamp('2013-03-02 14:00:00')): StdDev takes: 3.5015573501586914
Stats for ('MARI', Timestamp('2013-03-02 14:00:00')): Sobol_m takes: 3.850111246109009
Stats for ('MARI', Timestamp('2013-03-02 14:00:00')): Sobol_m2 takes: 5.6864824295043945
Stats for ('MARI', Timestamp('2013-03-02 14:00:00')): Sobol_t takes: 7.935802698135376
Stats for ('MARI', Timestamp('2013-03-02 14:00:00')): P10 takes: 0.013133049011230469
Stats for ('MARI', Timestamp('2013-03-02 14:00:00')): P90 takes: 0.012703418731689453
Stats: gPCE takes: 0.011125564575195312
Stats for ('MARI', Timestamp('2013-03-02 15:00:00')): E takes: 0.06778764724731445
Stats for ('MARI', Timestamp('2013-03-02 15:00:00')): Var takes: 3.496959924697876
Stats for ('MARI', Timestamp('2013-03-02 15:00:00')): StdDev takes: 3.505460262298584
Stats for ('MARI', Timestamp('2013-03-02 15:00:00')): Sobol_m takes: 3.866955041885376
Stats for ('MARI', Timestamp('2013-03-02 15:00:00')): Sobol_m2 takes: 5.6818482875823975
Stats for ('MARI', Timestamp('2013-03-02 15:00:00')): Sobol_t takes: 7.923360824584961
Stats for ('MARI', Timestamp('2013-03-02 15:00:00')): P10 takes: 0.013112068176269531
Stats for ('MARI', Timestamp('2013-03-02 15:00:00')): P90 takes: 0.012632369995117188
Stats: gPCE takes: 0.01123356819152832
Stats for ('MARI', Timestamp('2013-03-02 16:00:00')): E takes: 0.06807088851928711
Stats for ('MARI', Timestamp('2013-03-02 16:00:00')): Var takes: 3.4718832969665527
Stats for ('MARI', Timestamp('2013-03-02 16:00:00')): StdDev takes: 3.489067792892456
Stats for ('MARI', Timestamp('2013-03-02 16:00:00')): Sobol_m takes: 3.89387583732605
Stats for ('MARI', Timestamp('2013-03-02 16:00:00')): Sobol_m2 takes: 5.644076824188232
Stats for ('MARI', Timestamp('2013-03-02 16:00:00')): Sobol_t takes: 7.963250160217285
Stats for ('MARI', Timestamp('2013-03-02 16:00:00')): P10 takes: 0.013200759887695312
Stats for ('MARI', Timestamp('2013-03-02 16:00:00')): P90 takes: 0.012635469436645508
Stats: gPCE takes: 0.011111021041870117
Stats for ('MARI', Timestamp('2013-03-02 17:00:00')): E takes: 0.0666966438293457
Stats for ('MARI', Timestamp('2013-03-02 17:00:00')): Var takes: 3.4642107486724854
Stats for ('MARI', Timestamp('2013-03-02 17:00:00')): StdDev takes: 3.4850354194641113
Stats for ('MARI', Timestamp('2013-03-02 17:00:00')): Sobol_m takes: 3.870905637741089
Stats for ('MARI', Timestamp('2013-03-02 17:00:00')): Sobol_m2 takes: 5.699275016784668
Stats for ('MARI', Timestamp('2013-03-02 17:00:00')): Sobol_t takes: 7.79484748840332
Stats for ('MARI', Timestamp('2013-03-02 17:00:00')): P10 takes: 0.013123512268066406
Stats for ('MARI', Timestamp('2013-03-02 17:00:00')): P90 takes: 0.012674331665039062
Stats: gPCE takes: 0.01123499870300293
Stats for ('MARI', Timestamp('2013-03-02 18:00:00')): E takes: 0.06727075576782227
Stats for ('MARI', Timestamp('2013-03-02 18:00:00')): Var takes: 3.4758949279785156
Stats for ('MARI', Timestamp('2013-03-02 18:00:00')): StdDev takes: 3.4006166458129883
Stats for ('MARI', Timestamp('2013-03-02 18:00:00')): Sobol_m takes: 3.801643133163452
Stats for ('MARI', Timestamp('2013-03-02 18:00:00')): Sobol_m2 takes: 5.651097774505615
Stats for ('MARI', Timestamp('2013-03-02 18:00:00')): Sobol_tslurmstepd: error: *** JOB 366168 ON mpp2r04c01s11 CANCELLED AT 2020-01-11T14:23:05 ***
