python/3.6_intel (INFO):
    Loading this module may cause the environment generated by other
    modules to become inconsistent; however it should work together
    with the Intel compilers, tools and libraries.
---- start sim: Sat Jan 11 14:05:25 CET 2020
MPI version: Intel(R) MPI Library 2018 Update 4 for Linux* OS

MPI2 version: (3, 1)
MPI3 version: 3
mpi4py version: 3.0.3
rank 0: starttime: 2020.01.11 14:05:31
dir: /dss/dsshome1/lxc01/di73wal/work/simulation/diss.larsim/Larsim-UQ.git/../larsim_runs/0133_sim
dir: /dss/dsshome1/lxc01/di73wal/work/simulation/diss.larsim/Larsim-UQ.git/../larsim_runs/0133_sim
['/dss/dsshome1/lxc01/di73wal/work/simulation/diss.larsim/Larsim-UQ.git/../larsim_runs/0133_sim/uqsim.saved']
parsing args...
rank: 0 is master!
rank: 0 is master!
UQsim: restore from file: True
rank: 0 exit
uqsim.args.disable_statistics: False
calculate statistics [LarsimStatistics]...
Stats: samplesData Frame with All the simulation results : Index_run                   int64
Stationskennung            object
Type                       object
TimeStamp          datetime64[ns]
Value                     float64
dtype: object
 takes: 123.30369138717651
timesteps Info
<class 'numpy.ndarray'>
numbTimesteps is: 1440
Stats: gPCE takes: 2.6542840003967285
Stats for ('MARI', Timestamp('2013-03-01 00:00:00')): E takes: 0.5907466411590576
Stats for ('MARI', Timestamp('2013-03-01 00:00:00')): Var takes: 192.35114979743958
Stats for ('MARI', Timestamp('2013-03-01 00:00:00')): StdDev takes: 192.08191561698914
Stats for ('MARI', Timestamp('2013-03-01 00:00:00')): Sobol_m takes: 194.98069787025452
Stats for ('MARI', Timestamp('2013-03-01 00:00:00')): Sobol_m2slurmstepd: error: *** JOB 366171 ON mpp2r04c04s05 CANCELLED AT 2020-01-11T14:23:05 ***
