python/3.6_intel (INFO):
    Loading this module may cause the environment generated by other
    modules to become inconsistent; however it should work together
    with the Intel compilers, tools and libraries.
---- start sim: Sat Dec 21 16:43:17 CET 2019
MPI version: Intel(R) MPI Library 2018 Update 4 for Linux* OS

MPI2 version: (3, 1)
MPI3 version: 3
mpi4py version: 3.0.3
rank 0: starttime: 2019.12.21 16:43:25
dir: /dss/dsshome1/lxc01/di73wal/work/simulation/diss.larsim/Larsim-UQ.git/../larsim_runs/0125_sim
dir: /dss/dsshome1/lxc01/di73wal/work/simulation/diss.larsim/Larsim-UQ.git/../larsim_runs/0125_sim
['/dss/dsshome1/lxc01/di73wal/work/simulation/diss.larsim/Larsim-UQ.git/../larsim_runs/0125_sim/uqsim.saved']
parsing args...
rank: 0 is master!
rank: 0 is master!
UQsim: restore from file: True
rank: 0 exit
uqsim.args.disable_statistics: True
calculate statistics [LarsimStatistics]...
Stats: samplesData Frame with All the simulation results : Index_run                   int64
Stationskennung            object
Type                       object
TimeStamp          datetime64[ns]
Value                     float64
dtype: object
Stationskennung            object
Type                       object
TimeStamp          datetime64[ns]
Index_run                   int64
Value                     float64
dtype: object
 takes: 21.11737895011902
timesteps Info
<class 'numpy.ndarray'>
numbTimesteps is: 60
Stats: gPCE takes: 0.11465024948120117
Stats for ('LOHB', Timestamp('2013-03-01 00:00:00')): E takes: 0.39514827728271484
Stats for ('LOHB', Timestamp('2013-03-01 00:00:00')): Var takes: 63.90228605270386
Stats for ('LOHB', Timestamp('2013-03-01 00:00:00')): StdDev takes: 63.84571099281311
Stats for ('LOHB', Timestamp('2013-03-01 00:00:00')): Sobol_m takes: 65.42457437515259
Stats for ('LOHB', Timestamp('2013-03-01 00:00:00')): Sobol_m2 takes: 75.9314546585083
Stats for ('LOHB', Timestamp('2013-03-01 00:00:00')): Sobol_t takes: 111.12340760231018
Stats for ('LOHB', Timestamp('2013-03-01 00:00:00')): P10 takes: 0.0359501838684082
Stats for ('LOHB', Timestamp('2013-03-01 00:00:00')): P90 takes: 0.03499794006347656
Stats: gPCE takes: 0.11421465873718262
Stats for ('LOHB', Timestamp('2013-03-02 00:00:00')): E takes: 0.33451151847839355
Stats for ('LOHB', Timestamp('2013-03-02 00:00:00')): Var takes: 63.8456928730011
Stats for ('LOHB', Timestamp('2013-03-02 00:00:00')): StdDev takes: 63.67036962509155
Stats for ('LOHB', Timestamp('2013-03-02 00:00:00')): Sobol_m takes: 65.25223565101624
Stats for ('LOHB', Timestamp('2013-03-02 00:00:00')): Sobol_m2 takes: 75.87230849266052
Stats for ('LOHB', Timestamp('2013-03-02 00:00:00')): Sobol_t takes: 111.0781078338623
Stats for ('LOHB', Timestamp('2013-03-02 00:00:00')): P10 takes: 0.03501105308532715
Stats for ('LOHB', Timestamp('2013-03-02 00:00:00')): P90 takes: 0.03461909294128418
Stats: gPCE takes: 0.11409306526184082
Stats for ('LOHB', Timestamp('2013-03-03 00:00:00')): E takes: 0.33570432662963867
Stats for ('LOHB', Timestamp('2013-03-03 00:00:00')): Var takes: 63.89361381530762
Stats for ('LOHB', Timestamp('2013-03-03 00:00:00')): StdDev takes: 63.83755826950073
Stats for ('LOHB', Timestamp('2013-03-03 00:00:00')): Sobol_m takes: 65.35349297523499
Stats for ('LOHB', Timestamp('2013-03-03 00:00:00')): Sobol_m2 takes: 75.92808890342712
Stats for ('LOHB', Timestamp('2013-03-03 00:00:00')): Sobol_t takes: 111.14870238304138
Stats for ('LOHB', Timestamp('2013-03-03 00:00:00')): P10 takes: 0.03512454032897949
Stats for ('LOHB', Timestamp('2013-03-03 00:00:00')): P90 takes: 0.035208702087402344
Stats: gPCE takes: 0.11464309692382812
Stats for ('LOHB', Timestamp('2013-03-04 00:00:00')): E takes: 0.336200475692749
Stats for ('LOHB', Timestamp('2013-03-04 00:00:00')): Var takes: 63.81348776817322
Stats for ('LOHB', Timestamp('2013-03-04 00:00:00')): StdDev takes: 63.7949481010437
Stats for ('LOHB', Timestamp('2013-03-04 00:00:00')): Sobol_m takes: 65.34222435951233
Stats for ('LOHB', Timestamp('2013-03-04 00:00:00')): Sobol_m2 takes: 75.88986039161682
Stats for ('LOHB', Timestamp('2013-03-04 00:00:00')): Sobol_t takes: 111.21047163009644
Stats for ('LOHB', Timestamp('2013-03-04 00:00:00')): P10 takes: 0.0352635383605957
Stats for ('LOHB', Timestamp('2013-03-04 00:00:00')): P90 takes: 0.034770965576171875
Stats: gPCE takes: 0.11542201042175293
Stats for ('LOHB', Timestamp('2013-03-05 00:00:00')): E takes: 0.3375985622406006
Stats for ('LOHB', Timestamp('2013-03-05 00:00:00')): Var takes: 63.77911114692688
Stats for ('LOHB', Timestamp('2013-03-05 00:00:00')): StdDev takes: 63.85332465171814
Stats for ('LOHB', Timestamp('2013-03-05 00:00:00')): Sobol_m takes: 65.38105368614197
Stats for ('LOHB', Timestamp('2013-03-05 00:00:00')): Sobol_m2 takes: 75.3524272441864
Stats for ('LOHB', Timestamp('2013-03-05 00:00:00')): Sobol_t takes: 110.07510280609131
Stats for ('LOHB', Timestamp('2013-03-05 00:00:00')): P10 takes: 0.035151004791259766
Stats for ('LOHB', Timestamp('2013-03-05 00:00:00')): P90 takes: 0.034728288650512695
Stats: gPCE takes: 0.11402535438537598
Stats for ('LOHB', Timestamp('2013-03-06 00:00:00')): E takes: 0.333296537399292
Stats for ('LOHB', Timestamp('2013-03-06 00:00:00')): Var takes: 63.23607659339905
Stats for ('LOHB', Timestamp('2013-03-06 00:00:00')): StdDev takes: 63.25272727012634
Stats for ('LOHB', Timestamp('2013-03-06 00:00:00')): Sobol_m takes: 64.7269036769867
Stats for ('LOHB', Timestamp('2013-03-06 00:00:00')): Sobol_m2 takes: 75.14271807670593
Stats for ('LOHB', Timestamp('2013-03-06 00:00:00')): Sobol_t takes: 110.12770462036133
Stats for ('LOHB', Timestamp('2013-03-06 00:00:00')): P10 takes: 0.03503775596618652
Stats for ('LOHB', Timestamp('2013-03-06 00:00:00')): P90 takes: 0.035004377365112305
Stats: gPCE takes: 0.1138002872467041
Stats for ('LOHB', Timestamp('2013-03-07 00:00:00')): E takes: 0.3321201801300049
Stats for ('LOHB', Timestamp('2013-03-07 00:00:00')): Var takes: 63.223859786987305
Stats for ('LOHB', Timestamp('2013-03-07 00:00:00')): StdDev takes: 63.27768325805664
Stats for ('LOHB', Timestamp('2013-03-07 00:00:00')): Sobol_m takes: 64.70266962051392
Stats for ('LOHB', Timestamp('2013-03-07 00:00:00')): Sobol_m2 takes: 75.25208139419556
Stats for ('LOHB', Timestamp('2013-03-07 00:00:00')): Sobol_t takes: 110.03483057022095
Stats for ('LOHB', Timestamp('2013-03-07 00:00:00')): P10 takes: 0.03522372245788574
Stats for ('LOHB', Timestamp('2013-03-07 00:00:00')): P90 takes: 0.03495335578918457
Stats: gPCE takes: 0.11423754692077637
Stats for ('LOHB', Timestamp('2013-03-08 00:00:00')): E takes: 0.3321866989135742
Stats for ('LOHB', Timestamp('2013-03-08 00:00:00')): Var takes: 63.300745248794556
Stats for ('LOHB', Timestamp('2013-03-08 00:00:00')): StdDev takes: 63.17583441734314
Stats for ('LOHB', Timestamp('2013-03-08 00:00:00')): Sobol_m takes: 64.7233738899231
Stats for ('LOHB', Timestamp('2013-03-08 00:00:00')): Sobol_m2 takes: 75.13401579856873
Stats for ('LOHB', Timestamp('2013-03-08 00:00:00')): Sobol_t takes: 110.01416373252869
Stats for ('LOHB', Timestamp('2013-03-08 00:00:00')): P10 takes: 0.0350492000579834
Stats for ('LOHB', Timestamp('2013-03-08 00:00:00')): P90 takes: 0.03511452674865723
Stats: gPCE takes: 0.11389565467834473
Stats for ('LOHB', Timestamp('2013-03-09 00:00:00')): E takes: 0.33350038528442383
Stats for ('LOHB', Timestamp('2013-03-09 00:00:00')): Var takes: 63.192192792892456
Stats for ('LOHB', Timestamp('2013-03-09 00:00:00')): StdDev takes: 63.187278509140015
Stats for ('LOHB', Timestamp('2013-03-09 00:00:00')): Sobol_m takes: 64.61155486106873
Stats for ('LOHB', Timestamp('2013-03-09 00:00:00')): Sobol_m2 takes: 75.07256984710693
Stats for ('LOHB', Timestamp('2013-03-09 00:00:00')): Sobol_t takes: 109.97279763221741
Stats for ('LOHB', Timestamp('2013-03-09 00:00:00')): P10 takes: 0.03509521484375
Stats for ('LOHB', Timestamp('2013-03-09 00:00:00')): P90 takes: 0.03486442565917969
Stats: gPCE takes: 0.11308693885803223
Stats for ('LOHB', Timestamp('2013-03-10 00:00:00')): E takes: 0.3324723243713379
Stats for ('LOHB', Timestamp('2013-03-10 00:00:00')): Var takes: 63.155980825424194
Stats for ('LOHB', Timestamp('2013-03-10 00:00:00')): StdDev takes: 63.16513991355896
Stats for ('LOHB', Timestamp('2013-03-10 00:00:00')): Sobol_m takes: 64.64275932312012
Stats for ('LOHB', Timestamp('2013-03-10 00:00:00')): Sobol_m2 takes: 75.11076641082764
Stats for ('LOHB', Timestamp('2013-03-10 00:00:00')): Sobol_t takes: 110.00210404396057
Stats for ('LOHB', Timestamp('2013-03-10 00:00:00')): P10 takes: 0.03499007225036621
Stats for ('LOHB', Timestamp('2013-03-10 00:00:00')): P90 takes: 0.03493833541870117
Stats: gPCE takes: 0.11292672157287598
Stats for ('LOHB', Timestamp('2013-03-11 00:00:00')): E takes: 0.33519601821899414
Stats for ('LOHB', Timestamp('2013-03-11 00:00:00')): Var takes: 63.22969913482666
Stats for ('LOHB', Timestamp('2013-03-11 00:00:00')): StdDev takes: 63.1878559589386
Stats for ('LOHB', Timestamp('2013-03-11 00:00:00')): Sobol_m takes: 64.64564061164856
Stats for ('LOHB', Timestamp('2013-03-11 00:00:00')): Sobol_m2 takes: 75.12320828437805
Stats for ('LOHB', Timestamp('2013-03-11 00:00:00')): Sobol_t takes: 109.94093298912048
Stats for ('LOHB', Timestamp('2013-03-11 00:00:00')): P10 takes: 0.0351872444152832
Stats for ('LOHB', Timestamp('2013-03-11 00:00:00')): P90 takes: 0.034856557846069336
Stats: gPCE takes: 0.11313557624816895
Stats for ('LOHB', Timestamp('2013-03-12 00:00:00')): E takes: 0.3361012935638428
Stats for ('LOHB', Timestamp('2013-03-12 00:00:00')): Var takes: 63.13361215591431
Stats for ('LOHB', Timestamp('2013-03-12 00:00:00')): StdDev takes: 63.17868256568909
Stats for ('LOHB', Timestamp('2013-03-12 00:00:00')): Sobol_m takes: 64.64743852615356
Stats for ('LOHB', Timestamp('2013-03-12 00:00:00')): Sobol_m2 takes: 75.0365800857544
Stats for ('LOHB', Timestamp('2013-03-12 00:00:00')): Sobol_t takes: 109.99484872817993
Stats for ('LOHB', Timestamp('2013-03-12 00:00:00')): P10 takes: 0.0353853702545166
Stats for ('LOHB', Timestamp('2013-03-12 00:00:00')): P90 takes: 0.03490924835205078
Stats: gPCE takes: 0.1122734546661377
Stats for ('LOHB', Timestamp('2013-03-13 00:00:00')): E takes: 0.39275670051574707
Stats for ('LOHB', Timestamp('2013-03-13 00:00:00')): Var takes: 63.09734797477722
Stats for ('LOHB', Timestamp('2013-03-13 00:00:00')): StdDev takes: 63.149571657180786
Stats for ('LOHB', Timestamp('2013-03-13 00:00:00')): Sobol_m takes: 64.65092372894287
Stats for ('LOHB', Timestamp('2013-03-13 00:00:00')): Sobol_m2 takes: 75.14951348304749
Stats for ('LOHB', Timestamp('2013-03-13 00:00:00')): Sobol_t takes: 109.99375772476196
Stats for ('LOHB', Timestamp('2013-03-13 00:00:00')): P10 takes: 0.0352625846862793
Stats for ('LOHB', Timestamp('2013-03-13 00:00:00')): P90 takes: 0.03479647636413574
Stats: gPCE takes: 0.1121373176574707
Stats for ('LOHB', Timestamp('2013-03-14 00:00:00')): E takes: 0.33185243606567383
Stats for ('LOHB', Timestamp('2013-03-14 00:00:00')): Var takes: 63.201563596725464
Stats for ('LOHB', Timestamp('2013-03-14 00:00:00')): StdDev takes: 63.077229261398315
Stats for ('LOHB', Timestamp('2013-03-14 00:00:00')): Sobol_m takes: 64.58823490142822
Stats for ('LOHB', Timestamp('2013-03-14 00:00:00')): Sobol_m2 takes: 75.10563325881958
Stats for ('LOHB', Timestamp('2013-03-14 00:00:00')): Sobol_t takes: 109.85769534111023
Stats for ('LOHB', Timestamp('2013-03-14 00:00:00')): P10 takes: 0.03516960144042969
Stats for ('LOHB', Timestamp('2013-03-14 00:00:00')): P90 takes: 0.03487658500671387
Stats: gPCE takes: 0.11239171028137207
Stats for ('LOHB', Timestamp('2013-03-15 00:00:00')): E takes: 0.3316051959991455
Stats for ('LOHB', Timestamp('2013-03-15 00:00:00')): Var takes: 63.12482190132141
Stats for ('LOHB', Timestamp('2013-03-15 00:00:00')): StdDev takes: 63.17086696624756
Stats for ('LOHB', Timestamp('2013-03-15 00:00:00')): Sobol_m takes: 64.71486473083496
Stats for ('LOHB', Timestamp('2013-03-15 00:00:00')): Sobol_m2 takes: 75.0814700126648
Stats for ('LOHB', Timestamp('2013-03-15 00:00:00')): Sobol_t takes: 109.98290491104126
Stats for ('LOHB', Timestamp('2013-03-15 00:00:00')): P10 takes: 0.03506898880004883
Stats for ('LOHB', Timestamp('2013-03-15 00:00:00')): P90 takes: 0.034804344177246094
Stats: gPCE takes: 0.11197018623352051
Stats for ('LOHB', Timestamp('2013-03-16 00:00:00')): E takes: 0.3327515125274658
Stats for ('LOHB', Timestamp('2013-03-16 00:00:00')): Var takes: 63.17412567138672
Stats for ('LOHB', Timestamp('2013-03-16 00:00:00')): StdDev takes: 63.1759979724884
Stats for ('LOHB', Timestamp('2013-03-16 00:00:00')): Sobol_m takes: 64.60785293579102
Stats for ('LOHB', Timestamp('2013-03-16 00:00:00')): Sobol_m2 takes: 75.05029034614563
Stats for ('LOHB', Timestamp('2013-03-16 00:00:00')): Sobol_t takes: 109.91311407089233
Stats for ('LOHB', Timestamp('2013-03-16 00:00:00')): P10 takes: 0.035176992416381836
Stats for ('LOHB', Timestamp('2013-03-16 00:00:00')): P90 takes: 0.03479933738708496
Stats: gPCE takes: 0.11268830299377441
Stats for ('LOHB', Timestamp('2013-03-17 00:00:00')): E takes: 0.3326222896575928
Stats for ('LOHB', Timestamp('2013-03-17 00:00:00')): Var takes: 63.170353174209595
Stats for ('LOHB', Timestamp('2013-03-17 00:00:00')): StdDev takes: 63.157158613204956
Stats for ('LOHB', Timestamp('2013-03-17 00:00:00')): Sobol_m takes: 64.6788878440857
Stats for ('LOHB', Timestamp('2013-03-17 00:00:00')): Sobol_m2 takes: 75.05307149887085
Stats for ('LOHB', Timestamp('2013-03-17 00:00:00')): Sobol_t takes: 109.99382019042969
Stats for ('LOHB', Timestamp('2013-03-17 00:00:00')): P10 takes: 0.03495621681213379
Stats for ('LOHB', Timestamp('2013-03-17 00:00:00')): P90 takes: 0.034584760665893555
Stats: gPCE takes: 0.1117544174194336
Stats for ('LOHB', Timestamp('2013-03-18 00:00:00')): E takes: 0.33484840393066406
Stats for ('LOHB', Timestamp('2013-03-18 00:00:00')): Var takes: 63.12362885475159
Stats for ('LOHB', Timestamp('2013-03-18 00:00:00')): StdDev takes: 63.13244366645813
Stats for ('LOHB', Timestamp('2013-03-18 00:00:00')): Sobol_m takes: 64.6489486694336
Stats for ('LOHB', Timestamp('2013-03-18 00:00:00')): Sobol_m2 takes: 75.05482864379883
Stats for ('LOHB', Timestamp('2013-03-18 00:00:00')): Sobol_t takes: 110.03444027900696
Stats for ('LOHB', Timestamp('2013-03-18 00:00:00')): P10 takes: 0.034960269927978516
Stats for ('LOHB', Timestamp('2013-03-18 00:00:00')): P90 takes: 0.03485870361328125
Stats: gPCE takes: 0.11191034317016602
Stats for ('LOHB', Timestamp('2013-03-19 00:00:00')): E takes: 0.3298511505126953
Stats for ('LOHB', Timestamp('2013-03-19 00:00:00')): Var takes: 63.082069396972656
Stats for ('LOHB', Timestamp('2013-03-19 00:00:00')): StdDev takes: 63.13901495933533
Stats for ('LOHB', Timestamp('2013-03-19 00:00:00')): Sobol_m takes: 64.63857245445251
Stats for ('LOHB', Timestamp('2013-03-19 00:00:00')): Sobol_m2 takes: 75.10173630714417
Stats for ('LOHB', Timestamp('2013-03-19 00:00:00')): Sobol_t takes: 109.9581208229065
Stats for ('LOHB', Timestamp('2013-03-19 00:00:00')): P10 takes: 0.03504014015197754
Stats for ('LOHB', Timestamp('2013-03-19 00:00:00')): P90 takes: 0.03548121452331543
Stats: gPCE takes: 0.11196208000183105
Stats for ('LOHB', Timestamp('2013-03-20 00:00:00')): E takes: 0.3313920497894287
Stats for ('LOHB', Timestamp('2013-03-20 00:00:00')): Var takes: 63.1681649684906
Stats for ('LOHB', Timestamp('2013-03-20 00:00:00')): StdDev takes: 63.20073127746582
Stats for ('LOHB', Timestamp('2013-03-20 00:00:00')): Sobol_m takes: 64.71007704734802
Stats for ('LOHB', Timestamp('2013-03-20 00:00:00')): Sobol_m2 takes: 75.20158100128174
Stats for ('LOHB', Timestamp('2013-03-20 00:00:00')): Sobol_t takes: 109.98086619377136
Stats for ('LOHB', Timestamp('2013-03-20 00:00:00')): P10 takes: 0.03499460220336914
Stats for ('LOHB', Timestamp('2013-03-20 00:00:00')): P90 takes: 0.03473019599914551
Stats: gPCE takes: 0.11227750778198242
Stats for ('LOHB', Timestamp('2013-03-21 00:00:00')): E takes: 0.3320598602294922
Stats for ('LOHB', Timestamp('2013-03-21 00:00:00')): Var takes: 63.145647048950195
Stats for ('LOHB', Timestamp('2013-03-21 00:00:00')): StdDev takes: 63.10311579704285
Stats for ('LOHB', Timestamp('2013-03-21 00:00:00')): Sobol_m takes: 64.59526562690735
Stats for ('LOHB', Timestamp('2013-03-21 00:00:00')): Sobol_m2 takes: 75.1181001663208
Stats for ('LOHB', Timestamp('2013-03-21 00:00:00')): Sobol_t takes: 109.91573452949524
Stats for ('LOHB', Timestamp('2013-03-21 00:00:00')): P10 takes: 0.03566169738769531
Stats for ('LOHB', Timestamp('2013-03-21 00:00:00')): P90 takes: 0.0346066951751709
Stats: gPCE takes: 0.11264181137084961
Stats for ('LOHB', Timestamp('2013-03-22 00:00:00')): E takes: 0.33342814445495605
Stats for ('LOHB', Timestamp('2013-03-22 00:00:00')): Var takes: 63.11768817901611
Stats for ('LOHB', Timestamp('2013-03-22 00:00:00')): StdDev takes: 63.12879467010498
Stats for ('LOHB', Timestamp('2013-03-22 00:00:00')): Sobol_m takes: 64.63148665428162
Stats for ('LOHB', Timestamp('2013-03-22 00:00:00')): Sobol_m2 takes: 75.06697463989258
Stats for ('LOHB', Timestamp('2013-03-22 00:00:00')): Sobol_t takes: 109.95760107040405
Stats for ('LOHB', Timestamp('2013-03-22 00:00:00')): P10 takes: 0.03505992889404297
Stats for ('LOHB', Timestamp('2013-03-22 00:00:00')): P90 takes: 0.035292863845825195
Stats: gPCE takes: 0.11230731010437012
Stats for ('LOHB', Timestamp('2013-03-23 00:00:00')): E takes: 0.3330047130584717
Stats for ('LOHB', Timestamp('2013-03-23 00:00:00')): Var takes: 63.146135568618774
Stats for ('LOHB', Timestamp('2013-03-23 00:00:00')): StdDev takes: 63.11463499069214
Stats for ('LOHB', Timestamp('2013-03-23 00:00:00')): Sobol_m takes: 64.61847186088562
Stats for ('LOHB', Timestamp('2013-03-23 00:00:00')): Sobol_m2 takes: 74.99181389808655
Stats for ('LOHB', Timestamp('2013-03-23 00:00:00')): Sobol_t takes: 109.97002410888672
Stats for ('LOHB', Timestamp('2013-03-23 00:00:00')): P10 takes: 0.035308122634887695
Stats for ('LOHB', Timestamp('2013-03-23 00:00:00')): P90 takes: 0.03464508056640625
Stats: gPCE takes: 0.11220884323120117
Stats for ('LOHB', Timestamp('2013-03-24 00:00:00')): E takes: 0.3332023620605469
Stats for ('LOHB', Timestamp('2013-03-24 00:00:00')): Var takes: 63.152695417404175
Stats for ('LOHB', Timestamp('2013-03-24 00:00:00')): StdDev takes: 63.178682804107666
Stats for ('LOHB', Timestamp('2013-03-24 00:00:00')): Sobol_m takes: 64.63584852218628
Stats for ('LOHB', Timestamp('2013-03-24 00:00:00')): Sobol_m2 takes: 75.06637740135193
Stats for ('LOHB', Timestamp('2013-03-24 00:00:00')): Sobol_t takes: 109.88520288467407
Stats for ('LOHB', Timestamp('2013-03-24 00:00:00')): P10 takes: 0.03499865531921387
Stats for ('LOHB', Timestamp('2013-03-24 00:00:00')): P90 takes: 0.0350346565246582
Stats: gPCE takes: 0.11247849464416504
Stats for ('LOHB', Timestamp('2013-03-25 00:00:00')): E takes: 0.3930952548980713
Stats for ('LOHB', Timestamp('2013-03-25 00:00:00')): Var takes: 63.09757351875305
Stats for ('LOHB', Timestamp('2013-03-25 00:00:00')): StdDev takes: 63.13837146759033
Stats for ('LOHB', Timestamp('2013-03-25 00:00:00')): Sobol_m takes: 64.63361644744873
Stats for ('LOHB', Timestamp('2013-03-25 00:00:00')): Sobol_m2 takes: 75.12361741065979
Stats for ('LOHB', Timestamp('2013-03-25 00:00:00')): Sobol_t takes: 109.83258819580078
Stats for ('LOHB', Timestamp('2013-03-25 00:00:00')): P10 takes: 0.03514885902404785
Stats for ('LOHB', Timestamp('2013-03-25 00:00:00')): P90 takes: 0.03496837615966797
Stats: gPCE takes: 0.11219382286071777
Stats for ('LOHB', Timestamp('2013-03-26 00:00:00')): E takes: 0.3316769599914551
Stats for ('LOHB', Timestamp('2013-03-26 00:00:00')): Var takes: 63.155665159225464
Stats for ('LOHB', Timestamp('2013-03-26 00:00:00')): StdDev takes: 63.085227489471436
Stats for ('LOHB', Timestamp('2013-03-26 00:00:00')): Sobol_m takes: 64.60103487968445
Stats for ('LOHB', Timestamp('2013-03-26 00:00:00')): Sobol_m2 takes: 75.08992862701416
Stats for ('LOHB', Timestamp('2013-03-26 00:00:00')): Sobol_t takes: 109.94855690002441
Stats for ('LOHB', Timestamp('2013-03-26 00:00:00')): P10 takes: 0.035402536392211914
Stats for ('LOHB', Timestamp('2013-03-26 00:00:00')): P90 takes: 0.03493642807006836
Stats: gPCE takes: 0.11211276054382324
Stats for ('LOHB', Timestamp('2013-03-27 00:00:00')): E takes: 0.3327772617340088
Stats for ('LOHB', Timestamp('2013-03-27 00:00:00')): Var takes: 63.146925926208496
Stats for ('LOHB', Timestamp('2013-03-27 00:00:00')): StdDev takes: 63.15696597099304
Stats for ('LOHB', Timestamp('2013-03-27 00:00:00')): Sobol_m takes: 64.67308163642883
Stats for ('LOHB', Timestamp('2013-03-27 00:00:00')): Sobol_m2 takes: 75.03651905059814
Stats for ('LOHB', Timestamp('2013-03-27 00:00:00')): Sobol_t takes: 109.84861445426941
Stats for ('LOHB', Timestamp('2013-03-27 00:00:00')): P10 takes: 0.035289764404296875
Stats for ('LOHB', Timestamp('2013-03-27 00:00:00')): P90 takes: 0.03491568565368652
Stats: gPCE takes: 0.11258220672607422
Stats for ('LOHB', Timestamp('2013-03-28 00:00:00')): E takes: 0.3335897922515869
Stats for ('LOHB', Timestamp('2013-03-28 00:00:00')): Var takes: 63.13060712814331
Stats for ('LOHB', Timestamp('2013-03-28 00:00:00')): StdDev takes: 63.17247271537781
Stats for ('LOHB', Timestamp('2013-03-28 00:00:00')): Sobol_m takes: 64.63232159614563
Stats for ('LOHB', Timestamp('2013-03-28 00:00:00')): Sobol_m2 takes: 75.03698539733887
Stats for ('LOHB', Timestamp('2013-03-28 00:00:00')): Sobol_t takes: 109.85041999816895
Stats for ('LOHB', Timestamp('2013-03-28 00:00:00')): P10 takes: 0.03523755073547363
Stats for ('LOHB', Timestamp('2013-03-28 00:00:00')): P90 takes: 0.03476119041442871
Stats: gPCE takes: 0.1127018928527832
Stats for ('LOHB', Timestamp('2013-03-29 00:00:00')): E takes: 0.3331789970397949
Stats for ('LOHB', Timestamp('2013-03-29 00:00:00')): Var takes: 63.12327241897583
Stats for ('LOHB', Timestamp('2013-03-29 00:00:00')): StdDev takes: 63.18658900260925
Stats for ('LOHB', Timestamp('2013-03-29 00:00:00')): Sobol_m takes: 64.59867095947266
Stats for ('LOHB', Timestamp('2013-03-29 00:00:00')): Sobol_m2 takes: 75.05267000198364
Stats for ('LOHB', Timestamp('2013-03-29 00:00:00')): Sobol_t takes: 109.92527532577515
Stats for ('LOHB', Timestamp('2013-03-29 00:00:00')): P10 takes: 0.035028934478759766
Stats for ('LOHB', Timestamp('2013-03-29 00:00:00')): P90 takes: 0.03486514091491699
Stats: gPCE takes: 0.11238694190979004
Stats for ('LOHB', Timestamp('2013-03-30 00:00:00')): E takes: 0.33269453048706055
Stats for ('LOHB', Timestamp('2013-03-30 00:00:00')): Var takes: 63.12846827507019
Stats for ('LOHB', Timestamp('2013-03-30 00:00:00')): StdDev takes: 63.150254249572754
Stats for ('LOHB', Timestamp('2013-03-30 00:00:00')): Sobol_m takes: 64.63906288146973
Stats for ('LOHB', Timestamp('2013-03-30 00:00:00')): Sobol_m2 takes: 75.05240631103516
Stats for ('LOHB', Timestamp('2013-03-30 00:00:00')): Sobol_t takes: 109.9157931804657
Stats for ('LOHB', Timestamp('2013-03-30 00:00:00')): P10 takes: 0.035172462463378906
Stats for ('LOHB', Timestamp('2013-03-30 00:00:00')): P90 takes: 0.03470873832702637
Stats: gPCE takes: 0.11238479614257812
Stats for ('LOHB', Timestamp('2013-03-31 00:00:00')): E takes: 0.3302648067474365
Stats for ('LOHB', Timestamp('2013-03-31 00:00:00')): Var takes: 63.125694036483765
Stats for ('LOHB', Timestamp('2013-03-31 00:00:00')): StdDev takes: 63.154826402664185
Stats for ('LOHB', Timestamp('2013-03-31 00:00:00')): Sobol_m takes: 64.58359479904175
Stats for ('LOHB', Timestamp('2013-03-31 00:00:00')): Sobol_m2 takes: 75.17299127578735
Stats for ('LOHB', Timestamp('2013-03-31 00:00:00')): Sobol_t takes: 109.94607329368591
Stats for ('LOHB', Timestamp('2013-03-31 00:00:00')): P10 takes: 0.035006046295166016
Stats for ('LOHB', Timestamp('2013-03-31 00:00:00')): P90 takes: 0.034699201583862305
Stats: gPCE takes: 0.11267518997192383
Stats for ('LOHB', Timestamp('2013-04-01 00:00:00')): E takes: 0.33150625228881836
Stats for ('LOHB', Timestamp('2013-04-01 00:00:00')): Var takes: 63.14129829406738
Stats for ('LOHB', Timestamp('2013-04-01 00:00:00')): StdDev takes: 63.09437584877014
Stats for ('LOHB', Timestamp('2013-04-01 00:00:00')): Sobol_m takes: 64.70081305503845
Stats for ('LOHB', Timestamp('2013-04-01 00:00:00')): Sobol_m2 takes: 75.11992001533508
Stats for ('LOHB', Timestamp('2013-04-01 00:00:00')): Sobol_t takes: 109.934011220932
Stats for ('LOHB', Timestamp('2013-04-01 00:00:00')): P10 takes: 0.03520774841308594
Stats for ('LOHB', Timestamp('2013-04-01 00:00:00')): P90 takes: 0.03460812568664551
Stats: gPCE takes: 0.1121828556060791
Stats for ('LOHB', Timestamp('2013-04-02 00:00:00')): E takes: 0.33257436752319336
Stats for ('LOHB', Timestamp('2013-04-02 00:00:00')): Var takes: 63.16572642326355
Stats for ('LOHB', Timestamp('2013-04-02 00:00:00')): StdDev takes: 63.19108581542969
Stats for ('LOHB', Timestamp('2013-04-02 00:00:00')): Sobol_m takes: 64.69264674186707
Stats for ('LOHB', Timestamp('2013-04-02 00:00:00')): Sobol_m2 takes: 75.04048418998718
Stats for ('LOHB', Timestamp('2013-04-02 00:00:00')): Sobol_t takes: 109.91151165962219
Stats for ('LOHB', Timestamp('2013-04-02 00:00:00')): P10 takes: 0.03490734100341797
Stats for ('LOHB', Timestamp('2013-04-02 00:00:00')): P90 takes: 0.03503751754760742
Stats: gPCE takes: 0.11155009269714355
Stats for ('LOHB', Timestamp('2013-04-03 00:00:00')): E takes: 0.3324317932128906
Stats for ('LOHB', Timestamp('2013-04-03 00:00:00')): Var takes: 63.12252068519592
Stats for ('LOHB', Timestamp('2013-04-03 00:00:00')): StdDevslurmstepd: error: *** JOB 357153 ON mpp2r08c04s06 CANCELLED AT 2019-12-21T20:13:23 DUE TO TIME LIMIT ***
