python/3.6_intel (INFO):
    Loading this module may cause the environment generated by other
    modules to become inconsistent; however it should work together
    with the Intel compilers, tools and libraries.
---- start sim: Sat Dec 21 07:48:00 CET 2019
MPI version: Intel(R) MPI Library 2018 Update 4 for Linux* OS

MPI2 version: (3, 1)
MPI3 version: 3
mpi4py version: 3.0.3
rank 0: starttime: 2019.12.21 07:48:07
dir: /dss/dsshome1/lxc01/di73wal/work/simulation/diss.larsim/Larsim-UQ.git/../larsim_runs/0123_sim
dir: /dss/dsshome1/lxc01/di73wal/work/simulation/diss.larsim/Larsim-UQ.git/../larsim_runs/0123_sim
['/dss/dsshome1/lxc01/di73wal/work/simulation/diss.larsim/Larsim-UQ.git/../larsim_runs/0123_sim/uqsim.saved']
parsing args...
rank: 0 is master!
rank: 0 is master!
UQsim: restore from file: True
rank: 0 exit
uqsim.args.disable_statistics: True
calculate statistics [LarsimStatistics]...
Stats: samplesData Frame with All the simulation results : Index_run                   int64
Stationskennung            object
Type                       object
TimeStamp          datetime64[ns]
Value                     float64
dtype: object
Stationskennung            object
Type                       object
TimeStamp          datetime64[ns]
Index_run                   int64
Value                     float64
dtype: object
 takes: 4.090839385986328
timesteps Info
<class 'numpy.ndarray'>
numbTimesteps is: 60
Stats: gPCE takes: 0.011627197265625
Stats for ('LOHB', Timestamp('2013-03-01 00:00:00')): E takes: 0.06416821479797363
Stats for ('LOHB', Timestamp('2013-03-01 00:00:00')): Var takes: 3.0227367877960205
Stats for ('LOHB', Timestamp('2013-03-01 00:00:00')): StdDev takes: 3.0454823970794678
Stats for ('LOHB', Timestamp('2013-03-01 00:00:00')): Sobol_m takes: 3.414672613143921
Stats for ('LOHB', Timestamp('2013-03-01 00:00:00')): Sobol_m2 takes: 5.1252357959747314
Stats for ('LOHB', Timestamp('2013-03-01 00:00:00')): Sobol_t takes: 7.124226093292236
Stats for ('LOHB', Timestamp('2013-03-01 00:00:00')): P10 takes: 0.013529300689697266
Stats for ('LOHB', Timestamp('2013-03-01 00:00:00')): P90 takes: 0.012607336044311523
Stats: gPCE takes: 0.011510610580444336
Stats for ('LOHB', Timestamp('2013-03-02 00:00:00')): E takes: 0.06681299209594727
Stats for ('LOHB', Timestamp('2013-03-02 00:00:00')): Var takes: 3.449674129486084
Stats for ('LOHB', Timestamp('2013-03-02 00:00:00')): StdDev takes: 3.4657328128814697
Stats for ('LOHB', Timestamp('2013-03-02 00:00:00')): Sobol_m takes: 3.83856463432312
Stats for ('LOHB', Timestamp('2013-03-02 00:00:00')): Sobol_m2 takes: 5.650034189224243
Stats for ('LOHB', Timestamp('2013-03-02 00:00:00')): Sobol_t takes: 7.839103698730469
Stats for ('LOHB', Timestamp('2013-03-02 00:00:00')): P10 takes: 0.013238906860351562
Stats for ('LOHB', Timestamp('2013-03-02 00:00:00')): P90 takes: 0.01303243637084961
Stats: gPCE takes: 0.011714458465576172
Stats for ('LOHB', Timestamp('2013-03-03 00:00:00')): E takes: 0.06851911544799805
Stats for ('LOHB', Timestamp('2013-03-03 00:00:00')): Var takes: 3.484440326690674
Stats for ('LOHB', Timestamp('2013-03-03 00:00:00')): StdDev takes: 3.449883460998535
Stats for ('LOHB', Timestamp('2013-03-03 00:00:00')): Sobol_m takes: 3.8415863513946533
Stats for ('LOHB', Timestamp('2013-03-03 00:00:00')): Sobol_m2 takes: 5.673022270202637
Stats for ('LOHB', Timestamp('2013-03-03 00:00:00')): Sobol_t takes: 7.8507239818573
Stats for ('LOHB', Timestamp('2013-03-03 00:00:00')): P10 takes: 0.013352394104003906
Stats for ('LOHB', Timestamp('2013-03-03 00:00:00')): P90 takes: 0.012976646423339844
Stats: gPCE takes: 0.011588811874389648
Stats for ('LOHB', Timestamp('2013-03-04 00:00:00')): E takes: 0.06764721870422363
Stats for ('LOHB', Timestamp('2013-03-04 00:00:00')): Var takes: 3.502131938934326
Stats for ('LOHB', Timestamp('2013-03-04 00:00:00')): StdDev takes: 3.435170888900757
Stats for ('LOHB', Timestamp('2013-03-04 00:00:00')): Sobol_m takes: 3.827885866165161
Stats for ('LOHB', Timestamp('2013-03-04 00:00:00')): Sobol_m2 takes: 5.673645973205566
Stats for ('LOHB', Timestamp('2013-03-04 00:00:00')): Sobol_t takes: 7.819572448730469
Stats for ('LOHB', Timestamp('2013-03-04 00:00:00')): P10 takes: 0.01327061653137207
Stats for ('LOHB', Timestamp('2013-03-04 00:00:00')): P90 takes: 0.012803792953491211
Stats: gPCE takes: 0.011460542678833008
Stats for ('LOHB', Timestamp('2013-03-05 00:00:00')): E takes: 0.06744837760925293
Stats for ('LOHB', Timestamp('2013-03-05 00:00:00')): Var takes: 3.4714486598968506
Stats for ('LOHB', Timestamp('2013-03-05 00:00:00')): StdDev takes: 3.4849843978881836
Stats for ('LOHB', Timestamp('2013-03-05 00:00:00')): Sobol_m takes: 3.817446231842041
Stats for ('LOHB', Timestamp('2013-03-05 00:00:00')): Sobol_m2 takes: 5.633853912353516
Stats for ('LOHB', Timestamp('2013-03-05 00:00:00')): Sobol_t takes: 7.850115537643433
Stats for ('LOHB', Timestamp('2013-03-05 00:00:00')): P10 takes: 0.013307571411132812
Stats for ('LOHB', Timestamp('2013-03-05 00:00:00')): P90 takes: 0.012903928756713867
Stats: gPCE takes: 0.011356353759765625
Stats for ('LOHB', Timestamp('2013-03-06 00:00:00')): E takes: 0.06488752365112305
Stats for ('LOHB', Timestamp('2013-03-06 00:00:00')): Var takes: 3.2411813735961914
Stats for ('LOHB', Timestamp('2013-03-06 00:00:00')): StdDev takes: 3.249554395675659
Stats for ('LOHB', Timestamp('2013-03-06 00:00:00')): Sobol_m takes: 3.6211321353912354
Stats for ('LOHB', Timestamp('2013-03-06 00:00:00')): Sobol_m2 takes: 5.385136604309082
Stats for ('LOHB', Timestamp('2013-03-06 00:00:00')): Sobol_t takes: 7.534547328948975
Stats for ('LOHB', Timestamp('2013-03-06 00:00:00')): P10 takes: 0.013063907623291016
Stats for ('LOHB', Timestamp('2013-03-06 00:00:00')): P90 takes: 0.012883663177490234
Stats: gPCE takes: 0.011701345443725586
Stats for ('LOHB', Timestamp('2013-03-07 00:00:00')): E takes: 0.06694602966308594
Stats for ('LOHB', Timestamp('2013-03-07 00:00:00')): Var takes: 3.4522290229797363
Stats for ('LOHB', Timestamp('2013-03-07 00:00:00')): StdDev takes: 3.462042808532715
Stats for ('LOHB', Timestamp('2013-03-07 00:00:00')): Sobol_m takes: 3.8779773712158203
Stats for ('LOHB', Timestamp('2013-03-07 00:00:00')): Sobol_m2 takes: 5.603280782699585
Stats for ('LOHB', Timestamp('2013-03-07 00:00:00')): Sobol_t takes: 7.902405023574829
Stats for ('LOHB', Timestamp('2013-03-07 00:00:00')): P10 takes: 0.013243913650512695
Stats for ('LOHB', Timestamp('2013-03-07 00:00:00')): P90 takes: 0.012912511825561523
Stats: gPCE takes: 0.011466503143310547
Stats for ('LOHB', Timestamp('2013-03-08 00:00:00')): E takes: 0.06688284873962402
Stats for ('LOHB', Timestamp('2013-03-08 00:00:00')): Var takes: 3.4431278705596924
Stats for ('LOHB', Timestamp('2013-03-08 00:00:00')): StdDev takes: 3.4627368450164795
Stats for ('LOHB', Timestamp('2013-03-08 00:00:00')): Sobol_m takes: 3.8404953479766846
Stats for ('LOHB', Timestamp('2013-03-08 00:00:00')): Sobol_m2 takes: 5.658230304718018
Stats for ('LOHB', Timestamp('2013-03-08 00:00:00')): Sobol_t takes: 7.876037120819092
Stats for ('LOHB', Timestamp('2013-03-08 00:00:00')): P10 takes: 0.013323307037353516
Stats for ('LOHB', Timestamp('2013-03-08 00:00:00')): P90 takes: 0.013019084930419922
Stats: gPCE takes: 0.011591911315917969
Stats for ('LOHB', Timestamp('2013-03-09 00:00:00')): E takes: 0.06797409057617188
Stats for ('LOHB', Timestamp('2013-03-09 00:00:00')): Var takes: 3.515810489654541
Stats for ('LOHB', Timestamp('2013-03-09 00:00:00')): StdDev takes: 3.4468865394592285
Stats for ('LOHB', Timestamp('2013-03-09 00:00:00')): Sobol_m takes: 3.8263468742370605
Stats for ('LOHB', Timestamp('2013-03-09 00:00:00')): Sobol_m2 takes: 5.674812316894531
Stats for ('LOHB', Timestamp('2013-03-09 00:00:00')): Sobol_t takes: 7.831670045852661
Stats for ('LOHB', Timestamp('2013-03-09 00:00:00')): P10 takes: 0.013364315032958984
Stats for ('LOHB', Timestamp('2013-03-09 00:00:00')): P90 takes: 0.01301431655883789
Stats: gPCE takes: 0.011665105819702148
Stats for ('LOHB', Timestamp('2013-03-10 00:00:00')): E takes: 0.06766843795776367
Stats for ('LOHB', Timestamp('2013-03-10 00:00:00')): Var takes: 3.470665454864502
Stats for ('LOHB', Timestamp('2013-03-10 00:00:00')): StdDev takes: 3.480975866317749
Stats for ('LOHB', Timestamp('2013-03-10 00:00:00')): Sobol_m takes: 3.8386683464050293
Stats for ('LOHB', Timestamp('2013-03-10 00:00:00')): Sobol_m2 takes: 5.648996591567993
Stats for ('LOHB', Timestamp('2013-03-10 00:00:00')): Sobol_t takes: 7.851566791534424
Stats for ('LOHB', Timestamp('2013-03-10 00:00:00')): P10 takes: 0.01329803466796875
Stats for ('LOHB', Timestamp('2013-03-10 00:00:00')): P90 takes: 0.013039350509643555
Stats: gPCE takes: 0.01132965087890625
Stats for ('LOHB', Timestamp('2013-03-11 00:00:00')): E takes: 0.06762456893920898
Stats for ('LOHB', Timestamp('2013-03-11 00:00:00')): Var takes: 3.471327781677246
Stats for ('LOHB', Timestamp('2013-03-11 00:00:00')): StdDev takes: 3.490025758743286
Stats for ('LOHB', Timestamp('2013-03-11 00:00:00')): Sobol_m takes: 3.8163557052612305
Stats for ('LOHB', Timestamp('2013-03-11 00:00:00')): Sobol_m2 takes: 5.65813136100769
Stats for ('LOHB', Timestamp('2013-03-11 00:00:00')): Sobol_t takes: 7.865556716918945
Stats for ('LOHB', Timestamp('2013-03-11 00:00:00')): P10 takes: 0.013352632522583008
Stats for ('LOHB', Timestamp('2013-03-11 00:00:00')): P90 takes: 0.012832403182983398
Stats: gPCE takes: 0.011440277099609375
Stats for ('LOHB', Timestamp('2013-03-12 00:00:00')): E takes: 0.06762933731079102
Stats for ('LOHB', Timestamp('2013-03-12 00:00:00')): Var takes: 3.4677419662475586
Stats for ('LOHB', Timestamp('2013-03-12 00:00:00')): StdDev takes: 3.471543073654175
Stats for ('LOHB', Timestamp('2013-03-12 00:00:00')): Sobol_m takes: 3.8476932048797607
Stats for ('LOHB', Timestamp('2013-03-12 00:00:00')): Sobol_m2 takes: 5.636761665344238
Stats for ('LOHB', Timestamp('2013-03-12 00:00:00')): Sobol_t takes: 7.877046346664429
Stats for ('LOHB', Timestamp('2013-03-12 00:00:00')): P10 takes: 0.013413429260253906
Stats for ('LOHB', Timestamp('2013-03-12 00:00:00')): P90 takes: 0.013075828552246094
Stats: gPCE takes: 0.011480331420898438
Stats for ('LOHB', Timestamp('2013-03-13 00:00:00')): E takes: 0.06753110885620117
Stats for ('LOHB', Timestamp('2013-03-13 00:00:00')): Var takes: 3.4579641819000244
Stats for ('LOHB', Timestamp('2013-03-13 00:00:00')): StdDev takes: 3.466951370239258
Stats for ('LOHB', Timestamp('2013-03-13 00:00:00')): Sobol_m takes: 3.8670616149902344
Stats for ('LOHB', Timestamp('2013-03-13 00:00:00')): Sobol_m2 takes: 5.629724740982056
Stats for ('LOHB', Timestamp('2013-03-13 00:00:00')): Sobol_t takes: 7.893148422241211
Stats for ('LOHB', Timestamp('2013-03-13 00:00:00')): P10 takes: 0.013247251510620117
Stats for ('LOHB', Timestamp('2013-03-13 00:00:00')): P90 takes: 0.012914419174194336
Stats: gPCE takes: 0.011558055877685547
Stats for ('LOHB', Timestamp('2013-03-14 00:00:00')): E takes: 0.06729650497436523
Stats for ('LOHB', Timestamp('2013-03-14 00:00:00')): Var takes: 3.4598817825317383
Stats for ('LOHB', Timestamp('2013-03-14 00:00:00')): StdDev takes: 3.4647984504699707
Stats for ('LOHB', Timestamp('2013-03-14 00:00:00')): Sobol_m takes: 3.8407533168792725
Stats for ('LOHB', Timestamp('2013-03-14 00:00:00')): Sobol_m2 takes: 5.6569504737854
Stats for ('LOHB', Timestamp('2013-03-14 00:00:00')): Sobol_t takes: 7.86005163192749
Stats for ('LOHB', Timestamp('2013-03-14 00:00:00')): P10 takes: 0.01338052749633789
Stats for ('LOHB', Timestamp('2013-03-14 00:00:00')): P90 takes: 0.013029098510742188
Stats: gPCE takes: 0.011553525924682617
Stats for ('LOHB', Timestamp('2013-03-15 00:00:00')): E takes: 0.06773734092712402
Stats for ('LOHB', Timestamp('2013-03-15 00:00:00')): Var takes: 3.483152389526367
Stats for ('LOHB', Timestamp('2013-03-15 00:00:00')): StdDev takes: 3.4542198181152344
Stats for ('LOHB', Timestamp('2013-03-15 00:00:00')): Sobol_m takes: 3.837709665298462
Stats for ('LOHB', Timestamp('2013-03-15 00:00:00')): Sobol_m2 takes: 5.660598278045654
Stats for ('LOHB', Timestamp('2013-03-15 00:00:00')): Sobol_t takes: 7.850884199142456
Stats for ('LOHB', Timestamp('2013-03-15 00:00:00')): P10 takes: 0.013326883316040039
Stats for ('LOHB', Timestamp('2013-03-15 00:00:00')): P90 takes: 0.01311945915222168
Stats: gPCE takes: 0.011402606964111328
Stats for ('LOHB', Timestamp('2013-03-16 00:00:00')): E takes: 0.06769323348999023
Stats for ('LOHB', Timestamp('2013-03-16 00:00:00')): Var takes: 3.4980270862579346
Stats for ('LOHB', Timestamp('2013-03-16 00:00:00')): StdDev takes: 3.442518472671509
Stats for ('LOHB', Timestamp('2013-03-16 00:00:00')): Sobol_m takes: 3.826507806777954
Stats for ('LOHB', Timestamp('2013-03-16 00:00:00')): Sobol_m2 takes: 5.693993091583252
Stats for ('LOHB', Timestamp('2013-03-16 00:00:00')): Sobol_t takes: 7.828904390335083
Stats for ('LOHB', Timestamp('2013-03-16 00:00:00')): P10 takes: 0.01334524154663086
Stats for ('LOHB', Timestamp('2013-03-16 00:00:00')): P90 takes: 0.01296234130859375
Stats: gPCE takes: 0.011509895324707031
Stats for ('LOHB', Timestamp('2013-03-17 00:00:00')): E takes: 0.06772422790527344
Stats for ('LOHB', Timestamp('2013-03-17 00:00:00')): Var takes: 3.4751012325286865
Stats for ('LOHB', Timestamp('2013-03-17 00:00:00')): StdDev takes: 3.4848976135253906
Stats for ('LOHB', Timestamp('2013-03-17 00:00:00')): Sobol_m takes: 3.827763795852661
Stats for ('LOHB', Timestamp('2013-03-17 00:00:00')): Sobol_m2 takes: 5.654726028442383
Stats for ('LOHB', Timestamp('2013-03-17 00:00:00')): Sobol_t takes: 7.860287427902222
Stats for ('LOHB', Timestamp('2013-03-17 00:00:00')): P10 takes: 0.013292789459228516
Stats for ('LOHB', Timestamp('2013-03-17 00:00:00')): P90 takes: 0.012936115264892578
Stats: gPCE takes: 0.011451005935668945
Stats for ('LOHB', Timestamp('2013-03-18 00:00:00')): E takes: 0.06826424598693848
Stats for ('LOHB', Timestamp('2013-03-18 00:00:00')): Var takes: 3.4716367721557617
Stats for ('LOHB', Timestamp('2013-03-18 00:00:00')): StdDev takes: 3.515591859817505
Stats for ('LOHB', Timestamp('2013-03-18 00:00:00')): Sobol_m takes: 3.808152914047241
Stats for ('LOHB', Timestamp('2013-03-18 00:00:00')): Sobol_m2 takes: 5.637284278869629
Stats for ('LOHB', Timestamp('2013-03-18 00:00:00')): Sobol_t takes: 7.873439788818359
Stats for ('LOHB', Timestamp('2013-03-18 00:00:00')): P10 takes: 0.01347661018371582
Stats for ('LOHB', Timestamp('2013-03-18 00:00:00')): P90 takes: 0.013142824172973633
Stats: gPCE takes: 0.011472702026367188
Stats for ('LOHB', Timestamp('2013-03-19 00:00:00')): E takes: 0.06836986541748047
Stats for ('LOHB', Timestamp('2013-03-19 00:00:00')): Var takes: 3.473498582839966
Stats for ('LOHB', Timestamp('2013-03-19 00:00:00')): StdDev takes: 3.468778133392334
Stats for ('LOHB', Timestamp('2013-03-19 00:00:00')): Sobol_m takes: 3.8616323471069336
Stats for ('LOHB', Timestamp('2013-03-19 00:00:00')): Sobol_m2 takes: 5.624316930770874
Stats for ('LOHB', Timestamp('2013-03-19 00:00:00')): Sobol_t takes: 7.880191802978516
Stats for ('LOHB', Timestamp('2013-03-19 00:00:00')): P10 takes: 0.013286352157592773
Stats for ('LOHB', Timestamp('2013-03-19 00:00:00')): P90 takes: 0.012833356857299805
Stats: gPCE takes: 0.011450767517089844
Stats for ('LOHB', Timestamp('2013-03-20 00:00:00')): E takes: 0.06745386123657227
Stats for ('LOHB', Timestamp('2013-03-20 00:00:00')): Var takes: 3.447255849838257
Stats for ('LOHB', Timestamp('2013-03-20 00:00:00')): StdDev takes: 3.4637370109558105
Stats for ('LOHB', Timestamp('2013-03-20 00:00:00')): Sobol_m takes: 3.8752691745758057
Stats for ('LOHB', Timestamp('2013-03-20 00:00:00')): Sobol_m2 takes: 5.613117218017578
Stats for ('LOHB', Timestamp('2013-03-20 00:00:00')): Sobol_t takes: 7.89134669303894
Stats for ('LOHB', Timestamp('2013-03-20 00:00:00')): P10 takes: 0.013170480728149414
Stats for ('LOHB', Timestamp('2013-03-20 00:00:00')): P90 takes: 0.012784004211425781
Stats: gPCE takes: 0.011560440063476562
Stats for ('LOHB', Timestamp('2013-03-21 00:00:00')): E takes: 0.06685161590576172
Stats for ('LOHB', Timestamp('2013-03-21 00:00:00')): Var takes: 3.446573495864868
Stats for ('LOHB', Timestamp('2013-03-21 00:00:00')): StdDev takes: 3.476762056350708
Stats for ('LOHB', Timestamp('2013-03-21 00:00:00')): Sobol_m takes: 3.844172716140747
Stats for ('LOHB', Timestamp('2013-03-21 00:00:00')): Sobol_m2 takes: 5.660621404647827
Stats for ('LOHB', Timestamp('2013-03-21 00:00:00')): Sobol_t takes: 7.858712196350098
Stats for ('LOHB', Timestamp('2013-03-21 00:00:00')): P10 takes: 0.013231039047241211
Stats for ('LOHB', Timestamp('2013-03-21 00:00:00')): P90 takes: 0.012947797775268555
Stats: gPCE takes: 0.011538982391357422
Stats for ('LOHB', Timestamp('2013-03-22 00:00:00')): E takes: 0.06807899475097656
Stats for ('LOHB', Timestamp('2013-03-22 00:00:00')): Var takes: 3.4942972660064697
Stats for ('LOHB', Timestamp('2013-03-22 00:00:00')): StdDev takes: 3.4523441791534424
Stats for ('LOHB', Timestamp('2013-03-22 00:00:00')): Sobol_m takes: 3.8379759788513184
Stats for ('LOHB', Timestamp('2013-03-22 00:00:00')): Sobol_m2 takes: 5.6707541942596436
Stats for ('LOHB', Timestamp('2013-03-22 00:00:00')): Sobol_t takes: 7.834659576416016
Stats for ('LOHB', Timestamp('2013-03-22 00:00:00')): P10 takes: 0.013221502304077148
Stats for ('LOHB', Timestamp('2013-03-22 00:00:00')): P90 takes: 0.013037681579589844
Stats: gPCE takes: 0.01127767562866211
Stats for ('LOHB', Timestamp('2013-03-23 00:00:00')): E takes: 0.06772017478942871
Stats for ('LOHB', Timestamp('2013-03-23 00:00:00')): Var takes: 3.4716086387634277
Stats for ('LOHB', Timestamp('2013-03-23 00:00:00')): StdDev takes: 3.4854190349578857
Stats for ('LOHB', Timestamp('2013-03-23 00:00:00')): Sobol_m takes: 3.8304128646850586
Stats for ('LOHB', Timestamp('2013-03-23 00:00:00')): Sobol_m2 takes: 5.651057720184326
Stats for ('LOHB', Timestamp('2013-03-23 00:00:00')): Sobol_t takes: 7.8737852573394775
Stats for ('LOHB', Timestamp('2013-03-23 00:00:00')): P10 takes: 0.013333797454833984
Stats for ('LOHB', Timestamp('2013-03-23 00:00:00')): P90 takes: 0.013046026229858398
Stats: gPCE takes: 0.011534929275512695
Stats for ('LOHB', Timestamp('2013-03-24 00:00:00')): E takes: 0.06785058975219727
Stats for ('LOHB', Timestamp('2013-03-24 00:00:00')): Var takes: 3.472978115081787
Stats for ('LOHB', Timestamp('2013-03-24 00:00:00')): StdDev takes: 3.4971725940704346
Stats for ('LOHB', Timestamp('2013-03-24 00:00:00')): Sobol_m takes: 3.816495418548584
Stats for ('LOHB', Timestamp('2013-03-24 00:00:00')): Sobol_m2 takes: 5.6461098194122314
Stats for ('LOHB', Timestamp('2013-03-24 00:00:00')): Sobol_t takes: 7.861541986465454
Stats for ('LOHB', Timestamp('2013-03-24 00:00:00')): P10 takes: 0.013348579406738281
Stats for ('LOHB', Timestamp('2013-03-24 00:00:00')): P90 takes: 0.01292729377746582
Stats: gPCE takes: 0.011585712432861328
Stats for ('LOHB', Timestamp('2013-03-25 00:00:00')): E takes: 0.06764745712280273
Stats for ('LOHB', Timestamp('2013-03-25 00:00:00')): Var takes: 3.4715991020202637
Stats for ('LOHB', Timestamp('2013-03-25 00:00:00')): StdDev takes: 3.4764082431793213
Stats for ('LOHB', Timestamp('2013-03-25 00:00:00')): Sobol_m takes: 3.8543589115142822
Stats for ('LOHB', Timestamp('2013-03-25 00:00:00')): Sobol_m2 takes: 5.635927677154541
Stats for ('LOHB', Timestamp('2013-03-25 00:00:00')): Sobol_t takes: 7.868335962295532
Stats for ('LOHB', Timestamp('2013-03-25 00:00:00')): P10 takes: 0.013308048248291016
Stats for ('LOHB', Timestamp('2013-03-25 00:00:00')): P90 takes: 0.012999534606933594
Stats: gPCE takes: 0.011484861373901367
Stats for ('LOHB', Timestamp('2013-03-26 00:00:00')): E takes: 0.06758522987365723
Stats for ('LOHB', Timestamp('2013-03-26 00:00:00')): Var takes: 3.4620888233184814
Stats for ('LOHB', Timestamp('2013-03-26 00:00:00')): StdDev takes: 3.4734809398651123
Stats for ('LOHB', Timestamp('2013-03-26 00:00:00')): Sobol_m takes: 3.8760647773742676
Stats for ('LOHB', Timestamp('2013-03-26 00:00:00')): Sobol_m2 takes: 5.63066554069519
Stats for ('LOHB', Timestamp('2013-03-26 00:00:00')): Sobol_t takes: 7.8923633098602295
Stats for ('LOHB', Timestamp('2013-03-26 00:00:00')): P10 takes: 0.013253927230834961
Stats for ('LOHB', Timestamp('2013-03-26 00:00:00')): P90 takes: 0.012793779373168945
Stats: gPCE takes: 0.01150202751159668
Stats for ('LOHB', Timestamp('2013-03-27 00:00:00')): E takes: 0.06712126731872559
Stats for ('LOHB', Timestamp('2013-03-27 00:00:00')): Var takes: 3.4549520015716553
Stats for ('LOHB', Timestamp('2013-03-27 00:00:00')): StdDev takes: 3.4674243927001953
Stats for ('LOHB', Timestamp('2013-03-27 00:00:00')): Sobol_m takes: 3.846538782119751
Stats for ('LOHB', Timestamp('2013-03-27 00:00:00')): Sobol_m2 takes: 5.656692028045654
Stats for ('LOHB', Timestamp('2013-03-27 00:00:00')): Sobol_t takes: 7.862786769866943
Stats for ('LOHB', Timestamp('2013-03-27 00:00:00')): P10 takes: 0.013289213180541992
Stats for ('LOHB', Timestamp('2013-03-27 00:00:00')): P90 takes: 0.012911319732666016
Stats: gPCE takes: 0.011516094207763672
Stats for ('LOHB', Timestamp('2013-03-28 00:00:00')): E takes: 0.0675811767578125
Stats for ('LOHB', Timestamp('2013-03-28 00:00:00')): Var takes: 3.4833319187164307
Stats for ('LOHB', Timestamp('2013-03-28 00:00:00')): StdDev takes: 3.4572982788085938
Stats for ('LOHB', Timestamp('2013-03-28 00:00:00')): Sobol_m takes: 3.835223436355591
Stats for ('LOHB', Timestamp('2013-03-28 00:00:00')): Sobol_m2 takes: 5.661165714263916
Stats for ('LOHB', Timestamp('2013-03-28 00:00:00')): Sobol_t takes: 7.856618404388428
Stats for ('LOHB', Timestamp('2013-03-28 00:00:00')): P10 takes: 0.013341665267944336
Stats for ('LOHB', Timestamp('2013-03-28 00:00:00')): P90 takes: 0.01308298110961914
Stats: gPCE takes: 0.011318206787109375
Stats for ('LOHB', Timestamp('2013-03-29 00:00:00')): E takes: 0.06772089004516602
Stats for ('LOHB', Timestamp('2013-03-29 00:00:00')): Var takes: 3.499697208404541
Stats for ('LOHB', Timestamp('2013-03-29 00:00:00')): StdDev takes: 3.4491913318634033
Stats for ('LOHB', Timestamp('2013-03-29 00:00:00')): Sobol_m takes: 3.8418376445770264
Stats for ('LOHB', Timestamp('2013-03-29 00:00:00')): Sobol_m2 takes: 5.677103757858276
Stats for ('LOHB', Timestamp('2013-03-29 00:00:00')): Sobol_t takes: 7.84090518951416
Stats for ('LOHB', Timestamp('2013-03-29 00:00:00')): P10 takes: 0.013366937637329102
Stats for ('LOHB', Timestamp('2013-03-29 00:00:00')): P90 takes: 0.01285409927368164
Stats: gPCE takes: 0.011584758758544922
Stats for ('LOHB', Timestamp('2013-03-30 00:00:00')): E takes: 0.06766629219055176
Stats for ('LOHB', Timestamp('2013-03-30 00:00:00')): Var takes: 3.4774866104125977
Stats for ('LOHB', Timestamp('2013-03-30 00:00:00')): StdDev takes: 3.5060367584228516
Stats for ('LOHB', Timestamp('2013-03-30 00:00:00')): Sobol_m takes: 3.823251724243164
Stats for ('LOHB', Timestamp('2013-03-30 00:00:00')): Sobol_m2 takes: 5.656919717788696
Stats for ('LOHB', Timestamp('2013-03-30 00:00:00')): Sobol_t takes: 7.859722375869751
Stats for ('LOHB', Timestamp('2013-03-30 00:00:00')): P10 takes: 0.01326298713684082
Stats for ('LOHB', Timestamp('2013-03-30 00:00:00')): P90 takes: 0.012906551361083984
Stats: gPCE takes: 0.011521577835083008
Stats for ('LOHB', Timestamp('2013-03-31 00:00:00')): E takes: 0.0684196949005127
Stats for ('LOHB', Timestamp('2013-03-31 00:00:00')): Var takes: 3.472532033920288
Stats for ('LOHB', Timestamp('2013-03-31 00:00:00')): StdDev takes: 3.5195255279541016
Stats for ('LOHB', Timestamp('2013-03-31 00:00:00')): Sobol_m takes: 3.8141074180603027
Stats for ('LOHB', Timestamp('2013-03-31 00:00:00')): Sobol_m2 takes: 5.636898517608643
Stats for ('LOHB', Timestamp('2013-03-31 00:00:00')): Sobol_t takes: 7.864777088165283
Stats for ('LOHB', Timestamp('2013-03-31 00:00:00')): P10 takes: 0.013279438018798828
Stats for ('LOHB', Timestamp('2013-03-31 00:00:00')): P90 takes: 0.012897253036499023
Stats: gPCE takes: 0.011469841003417969
Stats for ('LOHB', Timestamp('2013-04-01 00:00:00')): E takes: 0.06741213798522949
Stats for ('LOHB', Timestamp('2013-04-01 00:00:00')): Var takes: 3.4635279178619385
Stats for ('LOHB', Timestamp('2013-04-01 00:00:00')): StdDev takes: 3.475295066833496
Stats for ('LOHB', Timestamp('2013-04-01 00:00:00')): Sobol_m takes: 3.860703945159912
Stats for ('LOHB', Timestamp('2013-04-01 00:00:00')): Sobol_m2 takes: 5.6400017738342285
Stats for ('LOHB', Timestamp('2013-04-01 00:00:00')): Sobol_t takes: 7.8729987144470215
Stats for ('LOHB', Timestamp('2013-04-01 00:00:00')): P10 takes: 0.013247966766357422
Stats for ('LOHB', Timestamp('2013-04-01 00:00:00')): P90 takes: 0.012907743453979492
Stats: gPCE takes: 0.011443614959716797
Stats for ('LOHB', Timestamp('2013-04-02 00:00:00')): E takes: 0.06705164909362793
Stats for ('LOHB', Timestamp('2013-04-02 00:00:00')): Var takes: 3.457200765609741
Stats for ('LOHB', Timestamp('2013-04-02 00:00:00')): StdDev takes: 3.463320016860962
Stats for ('LOHB', Timestamp('2013-04-02 00:00:00')): Sobol_m takes: 3.8872175216674805
Stats for ('LOHB', Timestamp('2013-04-02 00:00:00')): Sobol_m2 takes: 5.63128399848938
Stats for ('LOHB', Timestamp('2013-04-02 00:00:00')): Sobol_t takes: 7.889770746231079
Stats for ('LOHB', Timestamp('2013-04-02 00:00:00')): P10 takes: 0.013052940368652344
Stats for ('LOHB', Timestamp('2013-04-02 00:00:00')): P90 takes: 0.01269078254699707
Stats: gPCE takes: 0.01165461540222168
Stats for ('LOHB', Timestamp('2013-04-03 00:00:00')): E takes: 0.06757450103759766
Stats for ('LOHB', Timestamp('2013-04-03 00:00:00')): Var takes: 3.4429948329925537
Stats for ('LOHB', Timestamp('2013-04-03 00:00:00')): StdDev takes: 3.459836959838867
Stats for ('LOHB', Timestamp('2013-04-03 00:00:00')): Sobol_m takes: 3.845872640609741
Stats for ('LOHB', Timestamp('2013-04-03 00:00:00')): Sobol_m2 takes: 5.664805889129639
Stats for ('LOHB', Timestamp('2013-04-03 00:00:00')): Sobol_t takes: 7.859624624252319
Stats for ('LOHB', Timestamp('2013-04-03 00:00:00')): P10 takes: 0.01321864128112793
Stats for ('LOHB', Timestamp('2013-04-03 00:00:00')): P90 takes: 0.012816905975341797
Stats: gPCE takes: 0.011593103408813477
Stats for ('LOHB', Timestamp('2013-04-04 00:00:00')): E takes: 0.06890320777893066
Stats for ('LOHB', Timestamp('2013-04-04 00:00:00')): Var takes: 3.496642827987671
Stats for ('LOHB', Timestamp('2013-04-04 00:00:00')): StdDev takes: 3.4519684314727783
Stats for ('LOHB', Timestamp('2013-04-04 00:00:00')): Sobol_m takes: 3.839277982711792
Stats for ('LOHB', Timestamp('2013-04-04 00:00:00')): Sobol_m2 takes: 5.6800217628479
Stats for ('LOHB', Timestamp('2013-04-04 00:00:00')): Sobol_t takes: 7.843183279037476
Stats for ('LOHB', Timestamp('2013-04-04 00:00:00')): P10 takes: 0.013254165649414062
Stats for ('LOHB', Timestamp('2013-04-04 00:00:00')): P90 takes: 0.012982845306396484
Stats: gPCE takes: 0.011485815048217773
Stats for ('LOHB', Timestamp('2013-04-05 00:00:00')): E takes: 0.06803655624389648
Stats for ('LOHB', Timestamp('2013-04-05 00:00:00')): Var takes: 3.4811203479766846
Stats for ('LOHB', Timestamp('2013-04-05 00:00:00')): StdDev takes: 3.500931739807129
Stats for ('LOHB', Timestamp('2013-04-05 00:00:00')): Sobol_m takes: 3.834697723388672
Stats for ('LOHB', Timestamp('2013-04-05 00:00:00')): Sobol_m2 takes: 5.69611668586731
Stats for ('LOHB', Timestamp('2013-04-05 00:00:00')): Sobol_t takes: 7.859786510467529
Stats for ('LOHB', Timestamp('2013-04-05 00:00:00')): P10 takes: 0.013371706008911133
Stats for ('LOHB', Timestamp('2013-04-05 00:00:00')): P90 takes: 0.012975931167602539
Stats: gPCE takes: 0.011595726013183594
Stats for ('LOHB', Timestamp('2013-04-06 00:00:00')): E takes: 0.06740164756774902
Stats for ('LOHB', Timestamp('2013-04-06 00:00:00')): Var takes: 3.471076726913452
Stats for ('LOHB', Timestamp('2013-04-06 00:00:00')): StdDev takes: 3.496420383453369
Stats for ('LOHB', Timestamp('2013-04-06 00:00:00')): Sobol_m takes: 3.8164303302764893
Stats for ('LOHB', Timestamp('2013-04-06 00:00:00')): Sobol_m2 takes: 5.657877683639526
Stats for ('LOHB', Timestamp('2013-04-06 00:00:00')): Sobol_t takes: 7.871279001235962
Stats for ('LOHB', Timestamp('2013-04-06 00:00:00')): P10 takes: 0.013275384902954102
Stats for ('LOHB', Timestamp('2013-04-06 00:00:00')): P90 takes: 0.012967824935913086
Stats: gPCE takes: 0.011494636535644531
Stats for ('LOHB', Timestamp('2013-04-07 00:00:00')): E takes: 0.06748604774475098
Stats for ('LOHB', Timestamp('2013-04-07 00:00:00')): Var takes: 3.47037410736084
Stats for ('LOHB', Timestamp('2013-04-07 00:00:00')): StdDev takes: 3.4745171070098877
Stats for ('LOHB', Timestamp('2013-04-07 00:00:00')): Sobol_m takes: 3.851196050643921
Stats for ('LOHB', Timestamp('2013-04-07 00:00:00')): Sobol_m2 takes: 5.640023708343506
Stats for ('LOHB', Timestamp('2013-04-07 00:00:00')): Sobol_t takes: 7.881826400756836
Stats for ('LOHB', Timestamp('2013-04-07 00:00:00')): P10 takes: 0.013311386108398438
Stats for ('LOHB', Timestamp('2013-04-07 00:00:00')): P90 takes: 0.012836456298828125
Stats: gPCE takes: 0.011429786682128906
Stats for ('LOHB', Timestamp('2013-04-08 00:00:00')): E takes: 0.06768321990966797
Stats for ('LOHB', Timestamp('2013-04-08 00:00:00')): Var takes: 3.470421075820923
Stats for ('LOHB', Timestamp('2013-04-08 00:00:00')): StdDev takes: 3.4738988876342773
Stats for ('LOHB', Timestamp('2013-04-08 00:00:00')): Sobol_m takes: 3.8684241771698
Stats for ('LOHB', Timestamp('2013-04-08 00:00:00')): Sobol_m2 takes: 5.637928009033203
Stats for ('LOHB', Timestamp('2013-04-08 00:00:00')): Sobol_t takes: 7.903897523880005
Stats for ('LOHB', Timestamp('2013-04-08 00:00:00')): P10 takes: 0.013255119323730469
Stats for ('LOHB', Timestamp('2013-04-08 00:00:00')): P90 takes: 0.01285862922668457
Stats: gPCE takes: 0.011569738388061523
Stats for ('LOHB', Timestamp('2013-04-09 00:00:00')): E takes: 0.06707191467285156
Stats for ('LOHB', Timestamp('2013-04-09 00:00:00')): Var takes: 3.449038028717041
Stats for ('LOHB', Timestamp('2013-04-09 00:00:00')): StdDev takes: 3.469536066055298
Stats for ('LOHB', Timestamp('2013-04-09 00:00:00')): Sobol_m takes: 3.8421308994293213
Stats for ('LOHB', Timestamp('2013-04-09 00:00:00')): Sobol_m2 takes: 5.668503284454346
Stats for ('LOHB', Timestamp('2013-04-09 00:00:00')): Sobol_t takes: 7.86382532119751
Stats for ('LOHB', Timestamp('2013-04-09 00:00:00')): P10 takes: 0.01342916488647461
Stats for ('LOHB', Timestamp('2013-04-09 00:00:00')): P90 takes: 0.013042211532592773
Stats: gPCE takes: 0.011482715606689453
Stats for ('LOHB', Timestamp('2013-04-10 00:00:00')): E takes: 0.06766128540039062
Stats for ('LOHB', Timestamp('2013-04-10 00:00:00')): Var takes: 3.497577667236328
Stats for ('LOHB', Timestamp('2013-04-10 00:00:00')): StdDev takes: 3.463829755783081
Stats for ('LOHB', Timestamp('2013-04-10 00:00:00')): Sobol_m takes: 3.8419854640960693
Stats for ('LOHB', Timestamp('2013-04-10 00:00:00')): Sobol_m2 takes: 5.6658055782318115
Stats for ('LOHB', Timestamp('2013-04-10 00:00:00')): Sobol_t takes: 7.848206520080566
Stats for ('LOHB', Timestamp('2013-04-10 00:00:00')): P10 takes: 0.013285398483276367
Stats for ('LOHB', Timestamp('2013-04-10 00:00:00')): P90 takes: 0.012989997863769531
Stats: gPCE takes: 0.011596441268920898
Stats for ('LOHB', Timestamp('2013-04-11 00:00:00')): E takes: 0.06784915924072266
Stats for ('LOHB', Timestamp('2013-04-11 00:00:00')): Var takes: 3.495267391204834
Stats for ('LOHB', Timestamp('2013-04-11 00:00:00')): StdDev takes: 3.4381327629089355
Stats for ('LOHB', Timestamp('2013-04-11 00:00:00')): Sobol_m takes: 3.836873769760132
Stats for ('LOHB', Timestamp('2013-04-11 00:00:00')): Sobol_m2 takes: 5.671310186386108
Stats for ('LOHB', Timestamp('2013-04-11 00:00:00')): Sobol_t takes: 7.828744649887085
Stats for ('LOHB', Timestamp('2013-04-11 00:00:00')): P10 takes: 0.01324772834777832
Stats for ('LOHB', Timestamp('2013-04-11 00:00:00')): P90 takes: 0.012925386428833008
Stats: gPCE takes: 0.011499881744384766
Stats for ('LOHB', Timestamp('2013-04-12 00:00:00')): E takes: 0.06758284568786621
Stats for ('LOHB', Timestamp('2013-04-12 00:00:00')): Var takes: 3.4730355739593506
Stats for ('LOHB', Timestamp('2013-04-12 00:00:00')): StdDev takes: 3.48274827003479
Stats for ('LOHB', Timestamp('2013-04-12 00:00:00')): Sobol_m takes: 3.8184268474578857
Stats for ('LOHB', Timestamp('2013-04-12 00:00:00')): Sobol_m2 takes: 5.650965213775635
Stats for ('LOHB', Timestamp('2013-04-12 00:00:00')): Sobol_t takes: 7.858419895172119
Stats for ('LOHB', Timestamp('2013-04-12 00:00:00')): P10 takes: 0.013298749923706055
Stats for ('LOHB', Timestamp('2013-04-12 00:00:00')): P90 takes: 0.012845039367675781
Stats: gPCE takes: 0.011456489562988281
Stats for ('LOHB', Timestamp('2013-04-13 00:00:00')): E takes: 0.06758999824523926
Stats for ('LOHB', Timestamp('2013-04-13 00:00:00')): Var takes: 3.46539044380188
Stats for ('LOHB', Timestamp('2013-04-13 00:00:00')): StdDev takes: 3.50453782081604
Stats for ('LOHB', Timestamp('2013-04-13 00:00:00')): Sobol_m takes: 3.806767463684082
Stats for ('LOHB', Timestamp('2013-04-13 00:00:00')): Sobol_m2 takes: 5.6437177658081055
Stats for ('LOHB', Timestamp('2013-04-13 00:00:00')): Sobol_t takes: 7.859805345535278
Stats for ('LOHB', Timestamp('2013-04-13 00:00:00')): P10 takes: 0.013349294662475586
Stats for ('LOHB', Timestamp('2013-04-13 00:00:00')): P90 takes: 0.012862920761108398
Stats: gPCE takes: 0.011595487594604492
Stats for ('LOHB', Timestamp('2013-04-14 00:00:00')): E takes: 0.06758785247802734
Stats for ('LOHB', Timestamp('2013-04-14 00:00:00')): Var takes: 3.461459159851074
Stats for ('LOHB', Timestamp('2013-04-14 00:00:00')): StdDev takes: 3.4762322902679443
Stats for ('LOHB', Timestamp('2013-04-14 00:00:00')): Sobol_m takes: 3.8625051975250244
Stats for ('LOHB', Timestamp('2013-04-14 00:00:00')): Sobol_m2 takes: 5.628583908081055
Stats for ('LOHB', Timestamp('2013-04-14 00:00:00')): Sobol_t takes: 7.899802207946777
Stats for ('LOHB', Timestamp('2013-04-14 00:00:00')): P10 takes: 0.013236522674560547
Stats for ('LOHB', Timestamp('2013-04-14 00:00:00')): P90 takes: 0.01292729377746582
Stats: gPCE takes: 0.011485815048217773
Stats for ('LOHB', Timestamp('2013-04-15 00:00:00')): E takes: 0.06742978096008301
Stats for ('LOHB', Timestamp('2013-04-15 00:00:00')): Var takes: 3.458061695098877
Stats for ('LOHB', Timestamp('2013-04-15 00:00:00')): StdDev takes: 3.466791868209839
Stats for ('LOHB', Timestamp('2013-04-15 00:00:00')): Sobol_m takes: 3.875511646270752
Stats for ('LOHB', Timestamp('2013-04-15 00:00:00')): Sobol_m2 takes: 5.622347116470337
Stats for ('LOHB', Timestamp('2013-04-15 00:00:00')): Sobol_t takes: 7.891485214233398
Stats for ('LOHB', Timestamp('2013-04-15 00:00:00')): P10 takes: 0.013255834579467773
Stats for ('LOHB', Timestamp('2013-04-15 00:00:00')): P90 takes: 0.012911319732666016
Stats: gPCE takes: 0.011553764343261719
Stats for ('LOHB', Timestamp('2013-04-16 00:00:00')): E takes: 0.06710219383239746
Stats for ('LOHB', Timestamp('2013-04-16 00:00:00')): Var takes: 3.4479875564575195
Stats for ('LOHB', Timestamp('2013-04-16 00:00:00')): StdDev takes: 3.4686708450317383
Stats for ('LOHB', Timestamp('2013-04-16 00:00:00')): Sobol_m takes: 3.8432695865631104
Stats for ('LOHB', Timestamp('2013-04-16 00:00:00')): Sobol_m2 takes: 5.661240339279175
Stats for ('LOHB', Timestamp('2013-04-16 00:00:00')): Sobol_t takes: 7.861213684082031
Stats for ('LOHB', Timestamp('2013-04-16 00:00:00')): P10 takes: 0.013314962387084961
Stats for ('LOHB', Timestamp('2013-04-16 00:00:00')): P90 takes: 0.013107776641845703
Stats: gPCE takes: 0.011581897735595703
Stats for ('LOHB', Timestamp('2013-04-17 00:00:00')): E takes: 0.06802916526794434
Stats for ('LOHB', Timestamp('2013-04-17 00:00:00')): Var takes: 3.4920785427093506
Stats for ('LOHB', Timestamp('2013-04-17 00:00:00')): StdDev takes: 3.4496076107025146
Stats for ('LOHB', Timestamp('2013-04-17 00:00:00')): Sobol_m takes: 3.8397037982940674
Stats for ('LOHB', Timestamp('2013-04-17 00:00:00')): Sobol_m2 takes: 5.683592319488525
Stats for ('LOHB', Timestamp('2013-04-17 00:00:00')): Sobol_t takes: 7.856306076049805
Stats for ('LOHB', Timestamp('2013-04-17 00:00:00')): P10 takes: 0.013163089752197266
Stats for ('LOHB', Timestamp('2013-04-17 00:00:00')): P90 takes: 0.012923717498779297
Stats: gPCE takes: 0.011263608932495117
Stats for ('LOHB', Timestamp('2013-04-18 00:00:00')): E takes: 0.06782698631286621
Stats for ('LOHB', Timestamp('2013-04-18 00:00:00')): Var takes: 3.4789211750030518
Stats for ('LOHB', Timestamp('2013-04-18 00:00:00')): StdDev takes: 3.4811861515045166
Stats for ('LOHB', Timestamp('2013-04-18 00:00:00')): Sobol_m takes: 3.8343887329101562
Stats for ('LOHB', Timestamp('2013-04-18 00:00:00')): Sobol_m2 takes: 5.658393144607544
Stats for ('LOHB', Timestamp('2013-04-18 00:00:00')): Sobol_t takes: 7.87153172492981
Stats for ('LOHB', Timestamp('2013-04-18 00:00:00')): P10 takes: 0.013317584991455078
Stats for ('LOHB', Timestamp('2013-04-18 00:00:00')): P90 takes: 0.013017654418945312
Stats: gPCE takes: 0.011525630950927734
Stats for ('LOHB', Timestamp('2013-04-19 00:00:00')): E takes: 0.06824302673339844
Stats for ('LOHB', Timestamp('2013-04-19 00:00:00')): Var takes: 3.480661153793335
Stats for ('LOHB', Timestamp('2013-04-19 00:00:00')): StdDev takes: 3.4960215091705322
Stats for ('LOHB', Timestamp('2013-04-19 00:00:00')): Sobol_m takes: 3.8090198040008545
Stats for ('LOHB', Timestamp('2013-04-19 00:00:00')): Sobol_m2 takes: 5.644467115402222
Stats for ('LOHB', Timestamp('2013-04-19 00:00:00')): Sobol_t takes: 7.88728404045105
Stats for ('LOHB', Timestamp('2013-04-19 00:00:00')): P10 takes: 0.01331019401550293
Stats for ('LOHB', Timestamp('2013-04-19 00:00:00')): P90 takes: 0.012847661972045898
Stats: gPCE takes: 0.011515617370605469
Stats for ('LOHB', Timestamp('2013-04-20 00:00:00')): E takes: 0.06798791885375977
Stats for ('LOHB', Timestamp('2013-04-20 00:00:00')): Var takes: 3.4719021320343018
Stats for ('LOHB', Timestamp('2013-04-20 00:00:00')): StdDev takes: 3.474475860595703
Stats for ('LOHB', Timestamp('2013-04-20 00:00:00')): Sobol_m takes: 3.8478572368621826
Stats for ('LOHB', Timestamp('2013-04-20 00:00:00')): Sobol_m2 takes: 5.632957458496094
Stats for ('LOHB', Timestamp('2013-04-20 00:00:00')): Sobol_t takes: 7.874366760253906
Stats for ('LOHB', Timestamp('2013-04-20 00:00:00')): P10 takes: 0.013341903686523438
Stats for ('LOHB', Timestamp('2013-04-20 00:00:00')): P90 takes: 0.012937068939208984
Stats: gPCE takes: 0.011427879333496094
Stats for ('LOHB', Timestamp('2013-04-21 00:00:00')): E takes: 0.0673220157623291
Stats for ('LOHB', Timestamp('2013-04-21 00:00:00')): Var takes: 3.4583280086517334
Stats for ('LOHB', Timestamp('2013-04-21 00:00:00')): StdDev takes: 3.4678258895874023
Stats for ('LOHB', Timestamp('2013-04-21 00:00:00')): Sobol_m takes: 3.873026132583618
Stats for ('LOHB', Timestamp('2013-04-21 00:00:00')): Sobol_m2 takes: 5.608119487762451
Stats for ('LOHB', Timestamp('2013-04-21 00:00:00')): Sobol_t takes: 7.887289524078369
Stats for ('LOHB', Timestamp('2013-04-21 00:00:00')): P10 takes: 0.013267993927001953
Stats for ('LOHB', Timestamp('2013-04-21 00:00:00')): P90 takes: 0.01285862922668457
Stats: gPCE takes: 0.011554241180419922
Stats for ('LOHB', Timestamp('2013-04-22 00:00:00')): E takes: 0.06684589385986328
Stats for ('LOHB', Timestamp('2013-04-22 00:00:00')): Var takes: 3.438537836074829
Stats for ('LOHB', Timestamp('2013-04-22 00:00:00')): StdDev takes: 3.4535670280456543
Stats for ('LOHB', Timestamp('2013-04-22 00:00:00')): Sobol_m takes: 3.83941650390625
Stats for ('LOHB', Timestamp('2013-04-22 00:00:00')): Sobol_m2 takes: 5.644411563873291
Stats for ('LOHB', Timestamp('2013-04-22 00:00:00')): Sobol_t takes: 7.84114933013916
Stats for ('LOHB', Timestamp('2013-04-22 00:00:00')): P10 takes: 0.013245582580566406
Stats for ('LOHB', Timestamp('2013-04-22 00:00:00')): P90 takes: 0.012930631637573242
Stats: gPCE takes: 0.011464595794677734
Stats for ('LOHB', Timestamp('2013-04-23 00:00:00')): E takes: 0.06810379028320312
Stats for ('LOHB', Timestamp('2013-04-23 00:00:00')): Var takes: 3.483224630355835
Stats for ('LOHB', Timestamp('2013-04-23 00:00:00')): StdDev takes: 3.4532577991485596
Stats for ('LOHB', Timestamp('2013-04-23 00:00:00')): Sobol_m takes: 3.843539237976074
Stats for ('LOHB', Timestamp('2013-04-23 00:00:00')): Sobol_m2 takes: 5.660794019699097
Stats for ('LOHB', Timestamp('2013-04-23 00:00:00')): Sobol_t takes: 7.863109588623047
Stats for ('LOHB', Timestamp('2013-04-23 00:00:00')): P10 takes: 0.01320505142211914
Stats for ('LOHB', Timestamp('2013-04-23 00:00:00')): P90 takes: 0.01284170150756836
Stats: gPCE takes: 0.011585235595703125
Stats for ('LOHB', Timestamp('2013-04-24 00:00:00')): E takes: 0.06802129745483398
Stats for ('LOHB', Timestamp('2013-04-24 00:00:00')): Var takes: 3.476531744003296
Stats for ('LOHB', Timestamp('2013-04-24 00:00:00')): StdDev takes: 3.4780919551849365
Stats for ('LOHB', Timestamp('2013-04-24 00:00:00')): Sobol_m takes: 3.8262670040130615
Stats for ('LOHB', Timestamp('2013-04-24 00:00:00')): Sobol_m2 takes: 5.639202833175659
Stats for ('LOHB', Timestamp('2013-04-24 00:00:00')): Sobol_t takes: 7.857850074768066
Stats for ('LOHB', Timestamp('2013-04-24 00:00:00')): P10 takes: 0.013312339782714844
Stats for ('LOHB', Timestamp('2013-04-24 00:00:00')): P90 takes: 0.012935400009155273
Stats: gPCE takes: 0.011464834213256836
Stats for ('LOHB', Timestamp('2013-04-25 00:00:00')): E takes: 0.0677790641784668
Stats for ('LOHB', Timestamp('2013-04-25 00:00:00')): Var takes: 3.4718849658966064
Stats for ('LOHB', Timestamp('2013-04-25 00:00:00')): StdDev takes: 3.4917595386505127
Stats for ('LOHB', Timestamp('2013-04-25 00:00:00')): Sobol_m takes: 3.8097591400146484
Stats for ('LOHB', Timestamp('2013-04-25 00:00:00')): Sobol_m2 takes: 5.644629240036011
Stats for ('LOHB', Timestamp('2013-04-25 00:00:00')): Sobol_t takes: 7.856100559234619
Stats for ('LOHB', Timestamp('2013-04-25 00:00:00')): P10 takes: 0.013294696807861328
Stats for ('LOHB', Timestamp('2013-04-25 00:00:00')): P90 takes: 0.01287531852722168
Stats: gPCE takes: 0.011393070220947266
Stats for ('LOHB', Timestamp('2013-04-26 00:00:00')): E takes: 0.06746602058410645
Stats for ('LOHB', Timestamp('2013-04-26 00:00:00')): Var takes: 3.4674487113952637
Stats for ('LOHB', Timestamp('2013-04-26 00:00:00')): StdDev takes: 3.4646706581115723
Stats for ('LOHB', Timestamp('2013-04-26 00:00:00')): Sobol_m takes: 3.8482375144958496
Stats for ('LOHB', Timestamp('2013-04-26 00:00:00')): Sobol_m2 takes: 5.632884502410889
Stats for ('LOHB', Timestamp('2013-04-26 00:00:00')): Sobol_t takes: 7.870776414871216
Stats for ('LOHB', Timestamp('2013-04-26 00:00:00')): P10 takes: 0.013319730758666992
Stats for ('LOHB', Timestamp('2013-04-26 00:00:00')): P90 takes: 0.012915372848510742
Stats: gPCE takes: 0.011504173278808594
Stats for ('LOHB', Timestamp('2013-04-27 00:00:00')): E takes: 0.06732940673828125
Stats for ('LOHB', Timestamp('2013-04-27 00:00:00')): Var takes: 3.4685287475585938
Stats for ('LOHB', Timestamp('2013-04-27 00:00:00')): StdDev takes: 3.463251829147339
Stats for ('LOHB', Timestamp('2013-04-27 00:00:00')): Sobol_m takes: 3.869206428527832
Stats for ('LOHB', Timestamp('2013-04-27 00:00:00')): Sobol_m2 takes: 5.613043785095215
Stats for ('LOHB', Timestamp('2013-04-27 00:00:00')): Sobol_t takes: 7.894615650177002
Stats for ('LOHB', Timestamp('2013-04-27 00:00:00')): P10 takes: 0.013308286666870117
Stats for ('LOHB', Timestamp('2013-04-27 00:00:00')): P90 takes: 0.012879371643066406
Stats: gPCE takes: 0.011608362197875977
Stats for ('LOHB', Timestamp('2013-04-28 00:00:00')): E takes: 0.06685352325439453
Stats for ('LOHB', Timestamp('2013-04-28 00:00:00')): Var takes: 3.4499261379241943
Stats for ('LOHB', Timestamp('2013-04-28 00:00:00')): StdDev takes: 3.4643912315368652
Stats for ('LOHB', Timestamp('2013-04-28 00:00:00')): Sobol_m takes: 3.841172218322754
Stats for ('LOHB', Timestamp('2013-04-28 00:00:00')): Sobol_m2 takes: 5.654797792434692
Stats for ('LOHB', Timestamp('2013-04-28 00:00:00')): Sobol_t takes: 7.84973406791687
Stats for ('LOHB', Timestamp('2013-04-28 00:00:00')): P10 takes: 0.013245344161987305
Stats for ('LOHB', Timestamp('2013-04-28 00:00:00')): P90 takes: 0.01286768913269043
Stats: gPCE takes: 0.011578798294067383
Stats for ('LOHB', Timestamp('2013-04-29 00:00:00')): E takes: 0.06764960289001465
Stats for ('LOHB', Timestamp('2013-04-29 00:00:00')): Var takes: 3.48883056640625
Stats for ('LOHB', Timestamp('2013-04-29 00:00:00')): StdDev takes: 3.4559648036956787
Stats for ('LOHB', Timestamp('2013-04-29 00:00:00')): Sobol_m takes: 3.836714744567871
Stats for ('LOHB', Timestamp('2013-04-29 00:00:00')): Sobol_m2 takes: 5.663444995880127
Stats for ('LOHB', Timestamp('2013-04-29 00:00:00')): Sobol_t takes: 7.851941108703613
Stats for ('LOHB', Timestamp('2013-04-29 00:00:00')): P10 takes: 0.013266563415527344
Stats for ('LOHB', Timestamp('2013-04-29 00:00:00')): P90/lrz/sys/intel/studio2019_u4/intelpython3/lib/python3.6/site-packages/pandas/plotting/_converter.py:129: FutureWarning: Using an implicitly registered datetime converter for a matplotlib plotting method. The converter was registered by pandas on import. Future versions of pandas will require you to explicitly register matplotlib converters.

To register the converters:
	>>> from pandas.plotting import register_matplotlib_converters
	>>> register_matplotlib_converters()
  warnings.warn(msg, FutureWarning)
 takes: 0.01290583610534668
calculate statistics [RuntimeStatistics]...
[ 93.47349143  93.48517404  93.49685665 ... 210.2645419  210.27622451
 210.28790712]
print statistics...
None
QoI                 E     StdDev         Var          P5         P95
---------  ----------  ---------  ----------  ----------  ----------
E_runtime  133.571251  10.676780  113.993625  110.458595  145.522198

Sensitivity Indices:
Index                    value
-----------------------  -----------------------------------------------
First order              [0.55300597 0.04388138 0.01195789 0.02272899]
First order_Interaction  0.3684257814286611
Second order             [[0.         0.28457011 0.04738034 0.01144835]
                          [0.28457011 0.         0.00590636 0.00176242]
                          [0.04738034 0.00590636 0.         0.01276963]
                          [0.01144835 0.00176242 0.01276963 0.        ]]
Total order              [0.89779548 0.34068774 0.08130269 0.05322846]

type            runtime                                                            estimated                                                          org_estimated                                                      diff: T-E                                                          diff: T-OE
--------------  -----------------------------------------------------------------  -----------------------------------------------------------------  -----------------------------------------------------------------  -----------------------------------------------------------------  -----------------------------------------------------------------
sum(T_i_S)      33904.51654982567                                                  33902.224127730995                                                 33902.224127730995                                                 2.292422094673384                                                  2.292422094673384
T_i_SWP_worker  [681.57386708 644.2839663  650.46644378 653.60042429 647.24475694  [667.88102346 672.56053719 655.44186062 673.71238023 669.66020571  [667.88102346 672.56053719 655.44186062 673.71238023 669.66020571  [ 13.69284363 -28.27657089  -4.97541685 -20.11195594 -22.41544877  [ 13.69284363 -28.27657089  -4.97541685 -20.11195594 -22.41544877
                 651.81490183 655.32378912 640.02098203 652.93380713 652.73731303   669.81100751 646.83862569 660.66474128 648.07555712 654.84120768   669.81100751 646.83862569 660.66474128 648.07555712 654.84120768   -17.99610568   8.48516343 -20.64375925   4.85825001  -2.10389465   -17.99610568   8.48516343 -20.64375925   4.85825001  -2.10389465
                 641.33006382 647.78625822 644.92530942 640.38617206 643.17546582   640.1505463  660.05682161 656.43102989 657.44118881 635.29621724   640.1505463  660.05682161 656.43102989 657.44118881 635.29621724     1.17951752 -12.27056339 -11.50572047 -17.05501675   7.87924858     1.17951752 -12.27056339 -11.50572047 -17.05501675   7.87924858
                 651.28324151 642.78175497 647.86708665 632.36814022 643.02036285   649.53130882 647.27457413 655.6984794  641.29198872 659.9756132    649.53130882 647.27457413 655.6984794  641.29198872 659.9756132      1.75193269  -4.49281915  -7.83139275  -8.9238485  -16.95525034     1.75193269  -4.49281915  -7.83139275  -8.9238485  -16.95525034
                 637.46417594 628.54847455 635.54191017 641.79486704 645.74978304   644.37763123 649.958839   631.89842108 647.82365597 655.97003591   644.37763123 649.958839   631.89842108 647.82365597 655.97003591    -6.91345529 -21.41036445   3.64348909  -6.02878893 -10.22025288    -6.91345529 -21.41036445   3.64348909  -6.02878893 -10.22025288
                 673.13034987 617.4418292  678.04767609 695.66721153 646.19886899   659.41732363 638.22392601 651.4805518  656.19680348 655.57461399   659.41732363 638.22392601 651.4805518  656.19680348 655.57461399    13.71302625 -20.7820968   26.56712428  39.47040805  -9.375745      13.71302625 -20.7820968   26.56712428  39.47040805  -9.375745
                 637.36505389 644.17823505 534.57207966 546.19223881 545.28700686   629.1266842  638.3981407  553.96877801 555.5855634  540.07528219   629.1266842  638.3981407  553.96877801 555.5855634  540.07528219     8.23836969   5.78009435 -19.39669836  -9.3933246    5.21172467     8.23836969   5.78009435 -19.39669836  -9.3933246    5.21172467
                 545.978338   556.7555244  546.04003406 542.55113792 554.7756803    554.03579778 550.06123349 549.26220502 530.64396066 542.25610872   554.03579778 550.06123349 549.26220502 530.64396066 542.25610872    -8.05745978   6.6942909   -3.22217096  11.90717727  12.51957158    -8.05745978   6.6942909   -3.22217096  11.90717727  12.51957158
                 545.90554047 550.58080173 546.4211781  561.39658737 542.43172836   551.58422517 553.74393057 536.99563077 548.51547375 555.37370709   551.58422517 553.74393057 536.99563077 548.51547375 555.37370709    -5.67868471  -3.16312885   9.42554734  12.88111362 -12.94197873    -5.67868471  -3.16312885   9.42554734  12.88111362 -12.94197873
                 567.58908725 547.35243201 547.26350474 568.30651927 562.26146889   554.09413684 532.90254207 541.05055572 536.55820483 542.53838011   554.09413684 532.90254207 541.05055572 536.55820483 542.53838011    13.49495041  14.44988995   6.21294902  31.74831444  19.72308877    13.49495041  14.44988995   6.21294902  31.74831444  19.72308877
                 537.40838432 581.05793929 541.84826851 595.49153423 500.86740255   528.82834902 541.18506926 537.08675619 538.60419403 519.11553614   528.82834902 541.18506926 537.08675619 538.60419403 519.11553614     8.58003531  39.87287003   4.76151232  56.8873402  -18.24813359     8.58003531  39.87287003   4.76151232  56.8873402  -18.24813359
                 490.12959027]                                                      527.07696527]                                                      527.07696527]                                                      -36.947375  ]                                                      -36.947375  ]
T_SWP_worker    695.6672115325928                                                  673.7123802304461                                                  673.7123802304461                                                  21.95483130214666                                                  21.95483130214666
T_Prop          654.6070640087128                                                  632.6522327065661                                                  632.6522327065661                                                  21.95483130214666                                                  21.95483130214666
T_I             205.53762125968933                                                 205.53762125968933                                                 205.53762125968933                                                 0.0                                                                0.0
T_C             -41.060147523880005                                                -41.060147523880005                                                -41.060147523880005                                                0.0                                                                0.0
T_S_overhead    0.0                                                                0.0                                                                0.0                                                                0.0                                                                0.0

Errors:
Error                          ET         OET
----------------------  ---------  ----------
aboslute error min       0.019531    0.019531
aboslute error max      57.862142   57.862142
aboslute error mean      6.001902    6.001902
aboslute error l2 norm   8.986717  143.787468
relative error min       0.000145    0.000145
relative error max       0.277799    0.277799
relative error mean      0.043004    0.043004
relative error l2 norm   0.058717    0.058717

type                        runtime
------------------------  ---------
t_estimate_runtime         0.000043
t_wp_creation              0.017188
t_estimate_restore_order   0.000050


generate stat plots...
[1.32835778e-01 1.12594484e-01 4.25817275e-02 6.09196931e-02
 7.42134191e-02 7.84088341e-02 4.60296565e-02 9.85470135e-02
 1.53425134e-02 2.46774759e-03 1.37510934e-02 2.34609152e-02
 5.96498146e-02 2.85527590e-02 4.32685810e-02 1.32199627e-02
 2.98653622e-02 3.12204534e-02 6.87342283e-02 4.68202664e-02
 1.28616407e-03 1.04370330e-02 5.39860325e-02 1.16798801e-02
 5.96234080e-02 3.35176990e-02 7.62062097e-02 3.19786497e-02
 1.29186184e-01 7.17830907e-02 1.02639667e-01 5.67128027e-02
 1.09769121e-01 7.93132286e-02 2.07751059e-02 1.15037111e-01
 1.22244875e-01 7.18267744e-02 8.51660277e-02 1.34535917e-01
 7.83670650e-02 5.53986981e-02 6.72466327e-02 8.34852216e-02
 6.65010674e-02 7.25809595e-02 3.47608622e-02 2.95293216e-02
 8.84676389e-02 4.65549967e-02 5.44689932e-02 8.05847626e-02
 2.20956048e-02 3.57745783e-02 8.50228869e-03 2.54709172e-02
 3.43509576e-02 2.05054836e-02 6.83144207e-02 7.36868409e-02
 5.91828729e-02 8.07609345e-02 1.40353444e-01 7.52558160e-02
 3.92205890e-02 3.56106294e-02 5.07505066e-02 2.36737918e-02
 7.80542170e-03 2.17214829e-02 7.16348787e-03 2.20694950e-02
 7.19027881e-03 2.82785980e-02 2.66369388e-02 6.90946032e-02
 3.77735400e-02 1.05497953e-02 1.79883160e-02 5.98742211e-02
 8.26289908e-03 3.60854103e-02 4.30882346e-02 3.01077449e-02
 9.54084128e-03 1.45050345e-04 2.40415661e-02 2.26972573e-03
 3.58062305e-02 6.85798623e-02 1.51715018e-02 5.34666006e-02
 2.26809900e-01 1.33162369e-01 3.20277215e-02 4.61864165e-02
 1.81695214e-02 5.33456434e-02 1.64890367e-02 1.71748411e-02
 6.57840275e-02 5.59119452e-02 2.01660709e-02 3.67439785e-02
 1.65022836e-02 7.92877150e-03 3.27894642e-02 1.36151005e-02
 3.32308987e-02 2.14898134e-02 1.38628284e-02 2.13844625e-02
 2.59751941e-02 1.33896147e-02 2.65043740e-02 5.64068133e-02
 5.26852887e-03 6.03377567e-03 1.21126480e-02 2.30656566e-02
 3.31677469e-02 2.30084128e-02 6.16913415e-02 6.75400730e-03
 5.64104829e-02 4.21248778e-02 4.17699516e-02 2.49295831e-02
 2.07970042e-02 3.40939656e-02 9.27543561e-02 1.49691814e-01
 3.89622204e-02 2.23039562e-02 2.52015292e-02 6.44960224e-02
 7.02277587e-02 2.46242937e-02 1.08795743e-02 1.35673729e-02
 7.64092159e-02 3.11280786e-02 1.27874180e-02 1.17554028e-02
 6.88810674e-02 8.21154073e-02 2.77798857e-01 1.12558114e-01
 7.49891950e-02 2.89299129e-02 2.68651983e-02 2.97047169e-02
 4.98604551e-02 1.16604397e-02 5.23745977e-02 2.90121874e-02
 3.39660507e-02 4.23270717e-02 6.80231469e-02 8.11157388e-03
 4.42747133e-02 1.08926358e-02 6.60179939e-02 8.01461976e-02
 3.36534998e-02 3.89678409e-03 3.74025461e-02 3.55601497e-02
 1.31720204e-02 2.56252461e-02 7.10134245e-03 2.35162291e-02
 2.38095553e-02 1.04394490e-02 1.09391721e-02 1.52227312e-02
 4.55718813e-03 9.00627393e-03 5.41188167e-02 2.64055029e-02
 1.70009082e-04 2.13555509e-02 3.92130793e-02 1.30426877e-02
 1.23983733e-02 5.21459938e-02 4.55450909e-03 5.83730391e-02
 8.47163239e-03 4.59094168e-02 4.48192649e-02 5.27209396e-02
 1.07635250e-02 9.58136467e-02 6.11414775e-02 8.60911935e-02
 5.05088907e-02 5.26060415e-02 3.20656900e-02 1.24882936e-02
 7.33413889e-02 8.36495370e-02 2.67157718e-02 4.63655959e-02
 1.37377153e-02 2.40252483e-03 2.73107542e-03 1.31740983e-02
 2.16532025e-03 8.79394972e-03 3.91668946e-02 1.18266075e-01
 6.91303074e-03 1.99861885e-02 9.26138671e-03 2.46231655e-02
 5.98082969e-02 4.40334232e-02 2.16128279e-02 3.39623121e-02
 1.22124567e-02 2.59911131e-02 8.13089318e-03 5.61658764e-02
 1.91624478e-02 3.93718877e-02 8.54382430e-03 2.42950494e-01
 1.79951933e-01 1.28200235e-01 1.08655638e-01 2.69753847e-02
 5.35780885e-02 3.06759939e-03 4.68220801e-04 9.90031762e-03
 2.61569484e-02 1.19996221e-03 2.55425554e-02 4.81477044e-02
 6.87198318e-03 3.63021765e-02 8.88024965e-03 8.25214421e-03
 1.93798024e-02 5.00439129e-03 2.63960238e-02 2.20435283e-03
 3.10114861e-02 2.35586934e-04 4.61824785e-02 2.91961503e-02
 1.58635503e-02 4.24892473e-03 4.67925790e-02 1.24033223e-01]
[1.32835778e-01 1.12594484e-01 4.25817275e-02 6.09196931e-02
 7.42134191e-02 7.84088341e-02 4.60296565e-02 9.85470135e-02
 1.53425134e-02 2.46774759e-03 1.37510934e-02 2.34609152e-02
 5.96498146e-02 2.85527590e-02 4.32685810e-02 1.32199627e-02
 2.98653622e-02 3.12204534e-02 6.87342283e-02 4.68202664e-02
 1.28616407e-03 1.04370330e-02 5.39860325e-02 1.16798801e-02
 5.96234080e-02 3.35176990e-02 7.62062097e-02 3.19786497e-02
 1.29186184e-01 7.17830907e-02 1.02639667e-01 5.67128027e-02
 1.09769121e-01 7.93132286e-02 2.07751059e-02 1.15037111e-01
 1.22244875e-01 7.18267744e-02 8.51660277e-02 1.34535917e-01
 7.83670650e-02 5.53986981e-02 6.72466327e-02 8.34852216e-02
 6.65010674e-02 7.25809595e-02 3.47608622e-02 2.95293216e-02
 8.84676389e-02 4.65549967e-02 5.44689932e-02 8.05847626e-02
 2.20956048e-02 3.57745783e-02 8.50228869e-03 2.54709172e-02
 3.43509576e-02 2.05054836e-02 6.83144207e-02 7.36868409e-02
 5.91828729e-02 8.07609345e-02 1.40353444e-01 7.52558160e-02
 3.92205890e-02 3.56106294e-02 5.07505066e-02 2.36737918e-02
 7.80542170e-03 2.17214829e-02 7.16348787e-03 2.20694950e-02
 7.19027881e-03 2.82785980e-02 2.66369388e-02 6.90946032e-02
 3.77735400e-02 1.05497953e-02 1.79883160e-02 5.98742211e-02
 8.26289908e-03 3.60854103e-02 4.30882346e-02 3.01077449e-02
 9.54084128e-03 1.45050345e-04 2.40415661e-02 2.26972573e-03
 3.58062305e-02 6.85798623e-02 1.51715018e-02 5.34666006e-02
 2.26809900e-01 1.33162369e-01 3.20277215e-02 4.61864165e-02
 1.81695214e-02 5.33456434e-02 1.64890367e-02 1.71748411e-02
 6.57840275e-02 5.59119452e-02 2.01660709e-02 3.67439785e-02
 1.65022836e-02 7.92877150e-03 3.27894642e-02 1.36151005e-02
 3.32308987e-02 2.14898134e-02 1.38628284e-02 2.13844625e-02
 2.59751941e-02 1.33896147e-02 2.65043740e-02 5.64068133e-02
 5.26852887e-03 6.03377567e-03 1.21126480e-02 2.30656566e-02
 3.31677469e-02 2.30084128e-02 6.16913415e-02 6.75400730e-03
 5.64104829e-02 4.21248778e-02 4.17699516e-02 2.49295831e-02
 2.07970042e-02 3.40939656e-02 9.27543561e-02 1.49691814e-01
 3.89622204e-02 2.23039562e-02 2.52015292e-02 6.44960224e-02
 7.02277587e-02 2.46242937e-02 1.08795743e-02 1.35673729e-02
 7.64092159e-02 3.11280786e-02 1.27874180e-02 1.17554028e-02
 6.88810674e-02 8.21154073e-02 2.77798857e-01 1.12558114e-01
 7.49891950e-02 2.89299129e-02 2.68651983e-02 2.97047169e-02
 4.98604551e-02 1.16604397e-02 5.23745977e-02 2.90121874e-02
 3.39660507e-02 4.23270717e-02 6.80231469e-02 8.11157388e-03
 4.42747133e-02 1.08926358e-02 6.60179939e-02 8.01461976e-02
 3.36534998e-02 3.89678409e-03 3.74025461e-02 3.55601497e-02
 1.31720204e-02 2.56252461e-02 7.10134245e-03 2.35162291e-02
 2.38095553e-02 1.04394490e-02 1.09391721e-02 1.52227312e-02
 4.55718813e-03 9.00627393e-03 5.41188167e-02 2.64055029e-02
 1.70009082e-04 2.13555509e-02 3.92130793e-02 1.30426877e-02
 1.23983733e-02 5.21459938e-02 4.55450909e-03 5.83730391e-02
 8.47163239e-03 4.59094168e-02 4.48192649e-02 5.27209396e-02
 1.07635250e-02 9.58136467e-02 6.11414775e-02 8.60911935e-02
 5.05088907e-02 5.26060415e-02 3.20656900e-02 1.24882936e-02
 7.33413889e-02 8.36495370e-02 2.67157718e-02 4.63655959e-02
 1.37377153e-02 2.40252483e-03 2.73107542e-03 1.31740983e-02
 2.16532025e-03 8.79394972e-03 3.91668946e-02 1.18266075e-01
 6.91303074e-03 1.99861885e-02 9.26138671e-03 2.46231655e-02
 5.98082969e-02 4.40334232e-02 2.16128279e-02 3.39623121e-02
 1.22124567e-02 2.59911131e-02 8.13089318e-03 5.61658764e-02
 1.91624478e-02 3.93718877e-02 8.54382430e-03 2.42950494e-01
 1.79951933e-01 1.28200235e-01 1.08655638e-01 2.69753847e-02
 5.35780885e-02 3.06759939e-03 4.68220801e-04 9.90031762e-03
 2.61569484e-02 1.19996221e-03 2.55425554e-02 4.81477044e-02
 6.87198318e-03 3.63021765e-02 8.88024965e-03 8.25214421e-03
 1.93798024e-02 5.00439129e-03 2.63960238e-02 2.20435283e-03
 3.10114861e-02 2.35586934e-04 4.61824785e-02 2.91961503e-02
 1.58635503e-02 4.24892473e-03 4.67925790e-02 1.24033223e-01]
save statistics...
UQsim: save to file: /dss/dsshome1/lxc01/di73wal/work/simulation/diss.larsim/Larsim-UQ.git/../larsim_runs/0123_sim/uqsim.saved
---- end sim: Sat Dec 21 08:15:05 CET 2019
