python/3.6_intel (INFO):
    Loading this module may cause the environment generated by other
    modules to become inconsistent; however it should work together
    with the Intel compilers, tools and libraries.
---- start sim: Sat Jan 11 02:03:04 CET 2020
MPI version: Intel(R) MPI Library 2018 Update 4 for Linux* OS

MPI2 version: (3, 1)
MPI3 version: 3
mpi4py version: 3.0.3
rank 0: starttime: 2020.01.11 02:03:08
dir: /dss/dsshome1/lxc01/di73wal/work/simulation/diss.larsim/Larsim-UQ.git/../larsim_runs/0133_sim
dir: /dss/dsshome1/lxc01/di73wal/work/simulation/diss.larsim/Larsim-UQ.git/../larsim_runs/0133_sim
['/dss/dsshome1/lxc01/di73wal/work/simulation/diss.larsim/Larsim-UQ.git/../larsim_runs/0133_sim/uqsim.saved']
parsing args...
rank: 0 is master!
rank: 0 is master!
UQsim: restore from file: True
rank: 0 exit
uqsim.args.disable_statistics: False
calculate statistics [LarsimStatistics]...
Stats: samplesData Frame with All the simulation results : Index_run                   int64
Stationskennung            object
Type                       object
TimeStamp          datetime64[ns]
Value                     float64
dtype: object
 takes: 110.72022104263306
timesteps Info
<class 'numpy.ndarray'>
numbTimesteps is: 1440
Stats: gPCE takes: 2.5646414756774902
Stats for ('MARI', Timestamp('2013-03-01 00:00:00')): E takes: 0.5779991149902344
Stats for ('MARI', Timestamp('2013-03-01 00:00:00')): Var takes: 188.0261743068695
Stats for ('MARI', Timestamp('2013-03-01 00:00:00')): StdDev takes: 187.7395281791687
Stats for ('MARI', Timestamp('2013-03-01 00:00:00')): Sobol_m takes: 190.58738374710083
Stats for ('MARI', Timestamp('2013-03-01 00:00:00')): Sobol_m2 takes: 210.191339969635
Stats for ('MARI', Timestamp('2013-03-01 00:00:00')): Sobol_t takes: 298.5072557926178
Stats for ('MARI', Timestamp('2013-03-01 00:00:00')): P10 takes: 0.05209946632385254
Stats for ('MARI', Timestamp('2013-03-01 00:00:00')): P90 takes: 0.05141901969909668
Stats: gPCE takes: 2.5504648685455322
Stats for ('MARI', Timestamp('2013-03-01 01:00:00')): E takes: 0.5796160697937012
Stats for ('MARI', Timestamp('2013-03-01 01:00:00')): Var takes: 186.69726848602295
Stats for ('MARI', Timestamp('2013-03-01 01:00:00')): StdDev takes: 186.1980221271515
Stats for ('MARI', Timestamp('2013-03-01 01:00:00')): Sobol_m takes: 187.8909637928009
Stats for ('MARI', Timestamp('2013-03-01 01:00:00')): Sobol_m2 takes: 207.44735765457153
Stats for ('MARI', Timestamp('2013-03-01 01:00:00')): Sobol_t takes: 296.83415269851685
Stats for ('MARI', Timestamp('2013-03-01 01:00:00')): P10 takes: 0.05535101890563965
Stats for ('MARI', Timestamp('2013-03-01 01:00:00')): P90 takes: 0.0553593635559082
Stats: gPCE takes: 2.5322265625
Stats for ('MARI', Timestamp('2013-03-01 02:00:00')): E takes: 0.5744626522064209
Stats for ('MARI', Timestamp('2013-03-01 02:00:00')): Var takes: 185.6892011165619
Stats for ('MARI', Timestamp('2013-03-01 02:00:00')): StdDev takes: 185.7807891368866
Stats for ('MARI', Timestamp('2013-03-01 02:00:00')): Sobol_m takes: 188.1195981502533
Stats for ('MARI', Timestamp('2013-03-01 02:00:00')): Sobol_m2 takes: 207.59712648391724
Stats for ('MARI', Timestamp('2013-03-01 02:00:00')): Sobol_t takes: 296.8993544578552
Stats for ('MARI', Timestamp('2013-03-01 02:00:00')): P10 takes: 0.05228161811828613
Stats for ('MARI', Timestamp('2013-03-01 02:00:00')): P90 takes: 0.05057501792907715
Stats: gPCE takes: 2.579831838607788
Stats for ('MARI', Timestamp('2013-03-01 03:00:00')): E takes: 0.578249454498291
Stats for ('MARI', Timestamp('2013-03-01 03:00:00')): Var takes: 185.5148696899414
Stats for ('MARI', Timestamp('2013-03-01 03:00:00')): StdDev takes: 185.8656885623932
Stats for ('MARI', Timestamp('2013-03-01 03:00:00')): Sobol_m takes: 188.2724723815918
Stats for ('MARI', Timestamp('2013-03-01 03:00:00')): Sobol_m2 takes: 207.90772795677185
Stats for ('MARI', Timestamp('2013-03-01 03:00:00')): Sobol_t takes: 296.675164937973
Stats for ('MARI', Timestamp('2013-03-01 03:00:00')): P10 takes: 0.058956146240234375
Stats for ('MARI', Timestamp('2013-03-01 03:00:00')): P90 takes: 0.0528566837310791
Stats: gPCE takes: 2.5373663902282715
Stats for ('MARI', Timestamp('2013-03-01 04:00:00')): E takes: 0.5766830444335938
Stats for ('MARI', Timestamp('2013-03-01 04:00:00')): Var takes: 185.6337766647339
Stats for ('MARI', Timestamp('2013-03-01 04:00:00')): StdDev takes: 185.61542797088623
Stats for ('MARI', Timestamp('2013-03-01 04:00:00')): Sobol_m takes: 188.121031999588
Stats for ('MARI', Timestamp('2013-03-01 04:00:00')): Sobol_m2 takes: 207.60012936592102
Stats for ('MARI', Timestamp('2013-03-01 04:00:00')): Sobol_t takes: 296.8303384780884
Stats for ('MARI', Timestamp('2013-03-01 04:00:00')): P10 takes: 0.051314353942871094
Stats for ('MARI', Timestamp('2013-03-01 04:00:00')): P90 takes: 0.05106234550476074
Stats: gPCE takes: 2.5349678993225098
Stats for ('MARI', Timestamp('2013-03-01 05:00:00')): E takes: 0.5757288932800293
Stats for ('MARI', Timestamp('2013-03-01 05:00:00')): Var takes: 185.74500727653503
Stats for ('MARI', Timestamp('2013-03-01 05:00:00')): StdDev takes: 185.8285791873932
Stats for ('MARI', Timestamp('2013-03-01 05:00:00')): Sobol_m takes: 188.09620547294617
Stats for ('MARI', Timestamp('2013-03-01 05:00:00')): Sobol_m2 takes: 207.5650932788849
Stats for ('MARI', Timestamp('2013-03-01 05:00:00')): Sobol_t takes: 296.7384810447693
Stats for ('MARI', Timestamp('2013-03-01 05:00:00')): P10 takes: 0.056192874908447266
Stats for ('MARI', Timestamp('2013-03-01 05:00:00')): P90 takes: 0.05435919761657715
Stats: gPCE takes: 2.5233500003814697
Stats for ('MARI', Timestamp('2013-03-01 06:00:00')): E takes: 0.5782532691955566
Stats for ('MARI', Timestamp('2013-03-01 06:00:00')): Var takes: 185.41704440116882
Stats for ('MARI', Timestamp('2013-03-01 06:00:00')): StdDev takes: 185.30991172790527
Stats for ('MARI', Timestamp('2013-03-01 06:00:00')): Sobol_m takes: 187.9075586795807
Stats for ('MARI', Timestamp('2013-03-01 06:00:00')): Sobol_m2 takes: 207.73968648910522
Stats for ('MARI', Timestamp('2013-03-01 06:00:00')): Sobol_t takes: 297.2361333370209
Stats for ('MARI', Timestamp('2013-03-01 06:00:00')): P10 takes: 0.05163979530334473
Stats for ('MARI', Timestamp('2013-03-01 06:00:00')): P90 takes: 0.05058717727661133
Stats: gPCE takes: 2.5114715099334717
Stats for ('MARI', Timestamp('2013-03-01 07:00:00')): E takes: 0.5768041610717773
Stats for ('MARI', Timestamp('2013-03-01 07:00:00')): Var takes: 185.69233894348145
Stats for ('MARI', Timestamp('2013-03-01 07:00:00')): StdDev takes: 185.88173985481262
Stats for ('MARI', Timestamp('2013-03-01 07:00:00')): Sobol_m takes: 188.23238515853882
Stats for ('MARI', Timestamp('2013-03-01 07:00:00')): Sobol_m2 takes: 207.6083950996399
Stats for ('MARI', Timestamp('2013-03-01 07:00:00')): Sobol_t takes: 296.85279154777527
Stats for ('MARI', Timestamp('2013-03-01 07:00:00')): P10 takes: 0.05616426467895508
Stats for ('MARI', Timestamp('2013-03-01 07:00:00')): P90 takes: 0.05338335037231445
Stats: gPCE takes: 2.4995057582855225
Stats for ('MARI', Timestamp('2013-03-01 08:00:00')): E takes: 0.5764777660369873
Stats for ('MARI', Timestamp('2013-03-01 08:00:00')): Var takes: 185.63833713531494
Stats for ('MARI', Timestamp('2013-03-01 08:00:00')): StdDev takes: 185.7301881313324
Stats for ('MARI', Timestamp('2013-03-01 08:00:00')): Sobol_m takes: 188.32385563850403
Stats for ('MARI', Timestamp('2013-03-01 08:00:00')): Sobol_m2 takes: 207.70645594596863
Stats for ('MARI', Timestamp('2013-03-01 08:00:00')): Sobol_t takes: 297.2455701828003
Stats for ('MARI', Timestamp('2013-03-01 08:00:00')): P10 takes: 0.051795244216918945
Stats for ('MARI', Timestamp('2013-03-01 08:00:00')): P90 takes: 0.05084967613220215
Stats: gPCE takes: 2.503539562225342
Stats for ('MARI', Timestamp('2013-03-01 09:00:00')): E takes: 0.5755853652954102
Stats for ('MARI', Timestamp('2013-03-01 09:00:00')): Var takes: 185.7299473285675
Stats for ('MARI', Timestamp('2013-03-01 09:00:00')): StdDev takes: 185.9860827922821
Stats for ('MARI', Timestamp('2013-03-01 09:00:00')): Sobol_m takes: 188.02030849456787
Stats for ('MARI', Timestamp('2013-03-01 09:00:00')): Sobol_m2 takes: 208.39121198654175
Stats for ('MARI', Timestamp('2013-03-01 09:00:00')): Sobol_t takes: 297.01433515548706
Stats for ('MARI', Timestamp('2013-03-01 09:00:00')): P10 takes: 0.055147647857666016
Stats for ('MARI', Timestamp('2013-03-01 09:00:00')): P90 takes: 0.054184913635253906
Stats: gPCE takes: 2.5130109786987305
Stats for ('MARI', Timestamp('2013-03-01 10:00:00')): E takes: 0.5784955024719238
Stats for ('MARI', Timestamp('2013-03-01 10:00:00')): Var takes: 185.97598576545715
Stats for ('MARI', Timestamp('2013-03-01 10:00:00')): StdDev takes: 185.781991481781
Stats for ('MARI', Timestamp('2013-03-01 10:00:00')): Sobol_m takes: 188.20766758918762
Stats for ('MARI', Timestamp('2013-03-01 10:00:00')): Sobol_m2 takes: 207.88898944854736
Stats for ('MARI', Timestamp('2013-03-01 10:00:00')): Sobol_t takes: 297.15941977500916
Stats for ('MARI', Timestamp('2013-03-01 10:00:00')): P10 takes: 0.051499128341674805
Stats for ('MARI', Timestamp('2013-03-01 10:00:00')): P90 takes: 0.05076241493225098
Stats: gPCE takes: 2.504333019256592
Stats for ('MARI', Timestamp('2013-03-01 11:00:00')): E takes: 0.5776174068450928
Stats for ('MARI', Timestamp('2013-03-01 11:00:00')): Var takes: 185.804053068161
Stats for ('MARI', Timestamp('2013-03-01 11:00:00')): StdDev takes: 186.02898359298706
Stats for ('MARI', Timestamp('2013-03-01 11:00:00')): Sobol_m takes: 188.22984099388123
Stats for ('MARI', Timestamp('2013-03-01 11:00:00')): Sobol_m2 takes: 207.8113398551941
Stats for ('MARI', Timestamp('2013-03-01 11:00:00')): Sobol_t takes: 296.761106967926
Stats for ('MARI', Timestamp('2013-03-01 11:00:00')): P10 takes: 0.05609130859375
Stats for ('MARI', Timestamp('2013-03-01 11:00:00')): P90 takes: 0.052893638610839844
Stats: gPCE takes: 2.500499725341797
Stats for ('MARI', Timestamp('2013-03-01 12:00:00')): E takes: 0.5795326232910156
Stats for ('MARI', Timestamp('2013-03-01 12:00:00')): Var takes: 185.6955533027649
Stats for ('MARI', Timestamp('2013-03-01 12:00:00')): StdDev takes: 185.73102235794067
Stats for ('MARI', Timestamp('2013-03-01 12:00:00')): Sobol_m takes: 188.23644304275513
Stats for ('MARI', Timestamp('2013-03-01 12:00:00')): Sobol_m2 takes: 207.58516001701355
Stats for ('MARI', Timestamp('2013-03-01 12:00:00')): Sobol_t takes: 297.19980359077454
Stats for ('MARI', Timestamp('2013-03-01 12:00:00')): P10 takes: 0.05202937126159668
Stats for ('MARI', Timestamp('2013-03-01 12:00:00')): P90 takes: 0.050950050354003906
Stats: gPCE takes: 2.494263172149658
Stats for ('MARI', Timestamp('2013-03-01 13:00:00')): E takes: 0.5758254528045654
Stats for ('MARI', Timestamp('2013-03-01 13:00:00')): Var takes: 185.8518784046173
Stats for ('MARI', Timestamp('2013-03-01 13:00:00')): StdDev takes: 186.00013828277588
Stats for ('MARI', Timestamp('2013-03-01 13:00:00')): Sobol_m takes: 188.1783378124237
Stats for ('MARI', Timestamp('2013-03-01 13:00:00')): Sobol_m2 takes: 207.51494145393372
Stats for ('MARI', Timestamp('2013-03-01 13:00:00')): Sobol_t takes: 297.22563672065735
Stats for ('MARI', Timestamp('2013-03-01 13:00:00')): P10 takes: 0.057059288024902344
Stats for ('MARI', Timestamp('2013-03-01 13:00:00')): P90 takes: 0.05289292335510254
Stats: gPCE takes: 2.495563268661499
Stats for ('MARI', Timestamp('2013-03-01 14:00:00')): E takes: 0.5764641761779785
Stats for ('MARI', Timestamp('2013-03-01 14:00:00')): Var takes: 186.25326800346375
Stats for ('MARI', Timestamp('2013-03-01 14:00:00')): StdDev takes: 185.7115306854248
Stats for ('MARI', Timestamp('2013-03-01 14:00:00')): Sobol_m takes: 188.14151453971863
Stats for ('MARI', Timestamp('2013-03-01 14:00:00')): Sobol_m2 takes: 208.11662101745605
Stats for ('MARI', Timestamp('2013-03-01 14:00:00')): Sobol_t takes: 297.1337535381317
Stats for ('MARI', Timestamp('2013-03-01 14:00:00')): P10 takes: 0.05113697052001953
Stats for ('MARI', Timestamp('2013-03-01 14:00:00')): P90 takes: 0.05071687698364258
Stats: gPCE takes: 2.5099127292633057
Stats for ('MARI', Timestamp('2013-03-01 15:00:00')): E takes: 0.5805423259735107
Stats for ('MARI', Timestamp('2013-03-01 15:00:00')): Var takes: 185.65362858772278
Stats for ('MARI', Timestamp('2013-03-01 15:00:00')): StdDev takes: 185.94175910949707
Stats for ('MARI', Timestamp('2013-03-01 15:00:00')): Sobol_m takes: 188.2208662033081
Stats for ('MARI', Timestamp('2013-03-01 15:00:00')): Sobol_m2 takes: 207.59864258766174
Stats for ('MARI', Timestamp('2013-03-01 15:00:00')): Sobol_t takes: 296.52049350738525
Stats for ('MARI', Timestamp('2013-03-01 15:00:00')): P10 takes: 0.055349111557006836
Stats for ('MARI', Timestamp('2013-03-01 15:00:00')): P90 takes: 0.053986549377441406
Stats: gPCE takes: 2.5104355812072754
Stats for ('MARI', Timestamp('2013-03-01 16:00:00')): E takes: 0.5791909694671631
Stats for ('MARI', Timestamp('2013-03-01 16:00:00')): Var takes: 185.74698209762573
Stats for ('MARI', Timestamp('2013-03-01 16:00:00')): StdDev takes: 185.7511157989502
Stats for ('MARI', Timestamp('2013-03-01 16:00:00')): Sobol_m takes: 188.05320048332214
Stats for ('MARI', Timestamp('2013-03-01 16:00:00')): Sobol_m2 takes: 207.44692754745483
Stats for ('MARI', Timestamp('2013-03-01 16:00:00')): Sobol_t takes: 297.0150783061981
Stats for ('MARI', Timestamp('2013-03-01 16:00:00')): P10 takes: 0.052054643630981445
Stats for ('MARI', Timestamp('2013-03-01 16:00:00')): P90 takes: 0.05072355270385742
Stats: gPCE takes: 2.4973480701446533
Stats for ('MARI', Timestamp('2013-03-01 17:00:00')): E takes: 0.5754332542419434
Stats for ('MARI', Timestamp('2013-03-01 17:00:00')): Var takes: 185.69458436965942
Stats for ('MARI', Timestamp('2013-03-01 17:00:00')): StdDev takes: 185.56388521194458
Stats for ('MARI', Timestamp('2013-03-01 17:00:00')): Sobol_m takes: 187.79918360710144
Stats for ('MARI', Timestamp('2013-03-01 17:00:00')): Sobol_m2 takes: 207.41340827941895
Stats for ('MARI', Timestamp('2013-03-01 17:00:00')): Sobol_t takes: 296.6145031452179
Stats for ('MARI', Timestamp('2013-03-01 17:00:00')): P10 takes: 0.05597686767578125
Stats for ('MARI', Timestamp('2013-03-01 17:00:00')): P90 takes: 0.061370134353637695
Stats: gPCE takes: 2.5018486976623535
Stats for ('MARI', Timestamp('2013-03-01 18:00:00')): E takes: 0.5804617404937744
Stats for ('MARI', Timestamp('2013-03-01 18:00:00')): Var takes: 185.69237899780273
Stats for ('MARI', Timestamp('2013-03-01 18:00:00')): StdDev takes: 185.22174906730652
Stats for ('MARI', Timestamp('2013-03-01 18:00:00')): Sobol_m takes: 187.84366369247437
Stats for ('MARI', Timestamp('2013-03-01 18:00:00')): Sobol_m2 takes: 207.23441433906555
Stats for ('MARI', Timestamp('2013-03-01 18:00:00')): Sobol_t takes: 296.76595187187195
Stats for ('MARI', Timestamp('2013-03-01 18:00:00')): P10 takes: 0.05135178565979004
Stats for ('MARI', Timestamp('2013-03-01 18:00:00')): P90 takes: 0.05074000358581543
Stats: gPCE takes: 2.480720281600952
Stats for ('MARI', Timestamp('2013-03-01 19:00:00')): E takes: 0.5762012004852295
Stats for ('MARI', Timestamp('2013-03-01 19:00:00')): Var takes: 185.49807357788086
Stats for ('MARI', Timestamp('2013-03-01 19:00:00')): StdDev takes: 185.91809248924255
Stats for ('MARI', Timestamp('2013-03-01 19:00:00')): Sobol_m takes: 188.12791109085083
Stats for ('MARI', Timestamp('2013-03-01 19:00:00')): Sobol_m2 takes: 207.5401747226715
Stats for ('MARI', Timestamp('2013-03-01 19:00:00')): Sobol_t takes: 296.201655626297
Stats for ('MARI', Timestamp('2013-03-01 19:00:00')): P10 takes: 0.0558168888092041
Stats for ('MARI', Timestamp('2013-03-01 19:00:00')): P90 takes: 0.05342555046081543
Stats: gPCE takes: 2.4871397018432617
Stats for ('MARI', Timestamp('2013-03-01 20:00:00')): E takes: 0.5769031047821045
Stats for ('MARI', Timestamp('2013-03-01 20:00:00')): Var takes: 185.47285056114197
Stats for ('MARI', Timestamp('2013-03-01 20:00:00')): StdDev takes: 185.5003468990326
Stats for ('MARI', Timestamp('2013-03-01 20:00:00')): Sobol_m takes: 188.0327160358429
Stats for ('MARI', Timestamp('2013-03-01 20:00:00')): Sobol_m2 takes: 207.4623634815216
Stats for ('MARI', Timestamp('2013-03-01 20:00:00')): Sobol_t takes: 296.91011905670166
Stats for ('MARI', Timestamp('2013-03-01 20:00:00')): P10 takes: 0.051442623138427734
Stats for ('MARI', Timestamp('2013-03-01 20:00:00')): P90 takes: 0.05065202713012695
Stats: gPCE takes: 2.4768409729003906
Stats for ('MARI', Timestamp('2013-03-01 21:00:00')): E takes: 0.5759515762329102
Stats for ('MARI', Timestamp('2013-03-01 21:00:00')): Var takes: 185.59159398078918
Stats for ('MARI', Timestamp('2013-03-01 21:00:00')): StdDev takes: 185.72757363319397
Stats for ('MARI', Timestamp('2013-03-01 21:00:00')): Sobol_m takes: 187.99778842926025
Stats for ('MARI', Timestamp('2013-03-01 21:00:00')): Sobol_m2 takes: 207.60732746124268
Stats for ('MARI', Timestamp('2013-03-01 21:00:00')): Sobol_t takes: 296.254647731781
Stats for ('MARI', Timestamp('2013-03-01 21:00:00')): P10 takes: 0.0557863712310791
Stats for ('MARI', Timestamp('2013-03-01 21:00:00')): P90 takes: 0.05295419692993164
Stats: gPCE takes: 2.517113208770752
Stats for ('MARI', Timestamp('2013-03-01 22:00:00')): E takes: 0.5767202377319336
Stats for ('MARI', Timestamp('2013-03-01 22:00:00')): Var takes: 185.81393361091614
Stats for ('MARI', Timestamp('2013-03-01 22:00:00')): StdDev takes: 185.32498335838318
Stats for ('MARI', Timestamp('2013-03-01 22:00:00')): Sobol_m takes: 187.85070967674255
Stats for ('MARI', Timestamp('2013-03-01 22:00:00')): Sobol_m2 takes: 207.58168268203735
Stats for ('MARI', Timestamp('2013-03-01 22:00:00')): Sobol_t takes: 296.95909309387207
Stats for ('MARI', Timestamp('2013-03-01 22:00:00')): P10 takes: 0.051367759704589844
Stats for ('MARI', Timestamp('2013-03-01 22:00:00')): P90 takes: 0.051336050033569336
Stats: gPCE takes: 2.4607033729553223
Stats for ('MARI', Timestamp('2013-03-01 23:00:00')): E takes: 0.5748167037963867
Stats for ('MARI', Timestamp('2013-03-01 23:00:00')): Var takes: 185.34972381591797
Stats for ('MARI', Timestamp('2013-03-01 23:00:00')): StdDev takes: 185.3268439769745
Stats for ('MARI', Timestamp('2013-03-01 23:00:00')): Sobol_m takes: 187.98613905906677
Stats for ('MARI', Timestamp('2013-03-01 23:00:00')): Sobol_m2 takes: 207.380619764328
Stats for ('MARI', Timestamp('2013-03-01 23:00:00')): Sobol_t takes: 296.52083802223206
Stats for ('MARI', Timestamp('2013-03-01 23:00:00')): P10 takes: 0.05385851860046387
Stats for ('MARI', Timestamp('2013-03-01 23:00:00')): P90 takes: 0.05119466781616211
Stats: gPCE takes: 2.4731900691986084
Stats for ('MARI', Timestamp('2013-03-02 00:00:00')): E takes: 0.5766952037811279
Stats for ('MARI', Timestamp('2013-03-02 00:00:00')): Var takes: 185.90716123580933
Stats for ('MARI', Timestamp('2013-03-02 00:00:00')): StdDev takes: 185.56470394134521
Stats for ('MARI', Timestamp('2013-03-02 00:00:00')): Sobol_m takes: 188.0759563446045
Stats for ('MARI', Timestamp('2013-03-02 00:00:00')): Sobol_m2 takes: 207.43342423439026
Stats for ('MARI', Timestamp('2013-03-02 00:00:00')): Sobol_t takes: 296.778067111969
Stats for ('MARI', Timestamp('2013-03-02 00:00:00')): P10 takes: 0.05196690559387207
Stats for ('MARI', Timestamp('2013-03-02 00:00:00')): P90 takes: 0.05070829391479492
Stats: gPCE takes: 2.475865125656128
Stats for ('MARI', Timestamp('2013-03-02 01:00:00')): E takes: 0.5758118629455566
Stats for ('MARI', Timestamp('2013-03-02 01:00:00')): Var takes: 185.736563205719
Stats for ('MARI', Timestamp('2013-03-02 01:00:00')): StdDev takes: 185.69098663330078
Stats for ('MARI', Timestamp('2013-03-02 01:00:00')): Sobol_m takes: 187.94049310684204
Stats for ('MARI', Timestamp('2013-03-02 01:00:00')): Sobol_m2 takes: 207.54215145111084
Stats for ('MARI', Timestamp('2013-03-02 01:00:00')): Sobol_t takes: 296.384703874588
Stats for ('MARI', Timestamp('2013-03-02 01:00:00')): P10 takes: 0.05615520477294922
Stats for ('MARI', Timestamp('2013-03-02 01:00:00')): P90 takes: 0.053484439849853516
Stats: gPCE takes: 2.4761555194854736
Stats for ('MARI', Timestamp('2013-03-02 02:00:00')): E takes: 0.5744006633758545
Stats for ('MARI', Timestamp('2013-03-02 02:00:00')): Var takes: 185.37893915176392
Stats for ('MARI', Timestamp('2013-03-02 02:00:00')): StdDev takes: 185.13814496994019
Stats for ('MARI', Timestamp('2013-03-02 02:00:00')): Sobol_m takes: 187.7501347064972
Stats for ('MARI', Timestamp('2013-03-02 02:00:00')): Sobol_m2 takes: 207.31222486495972
Stats for ('MARI', Timestamp('2013-03-02 02:00:00')): Sobol_t takes: 296.51415371894836
Stats for ('MARI', Timestamp('2013-03-02 02:00:00')): P10 takes: 0.0512998104095459
Stats for ('MARI', Timestamp('2013-03-02 02:00:00')): P90 takes: 0.050504446029663086
Stats: gPCE takes: 2.4660215377807617
Stats for ('MARI', Timestamp('2013-03-02 03:00:00')): E takes: 0.5759809017181396
Stats for ('MARI', Timestamp('2013-03-02 03:00:00')): Var takes: 185.62285208702087
Stats for ('MARI', Timestamp('2013-03-02 03:00:00')): StdDev takes: 185.33238792419434
Stats for ('MARI', Timestamp('2013-03-02 03:00:00')): Sobol_m takes: 188.12237811088562
Stats for ('MARI', Timestamp('2013-03-02 03:00:00')): Sobol_m2 takes: 207.505455493927
Stats for ('MARI', Timestamp('2013-03-02 03:00:00')): Sobol_t takes: 296.4894118309021
Stats for ('MARI', Timestamp('2013-03-02 03:00:00')): P10 takes: 0.05560612678527832
Stats for ('MARI', Timestamp('2013-03-02 03:00:00')): P90 takes: 0.05424332618713379
Stats: gPCE takes: 2.4544546604156494
Stats for ('MARI', Timestamp('2013-03-02 04:00:00')): E takes: 0.5752546787261963
Stats for ('MARI', Timestamp('2013-03-02 04:00:00')): Var takes: 185.71387434005737
Stats for ('MARI', Timestamp('2013-03-02 04:00:00')): StdDev takes: 185.3000328540802
Stats for ('MARI', Timestamp('2013-03-02 04:00:00')): Sobol_m takes: 188.05198979377747
Stats for ('MARI', Timestamp('2013-03-02 04:00:00')): Sobol_m2 takes: 207.39704251289368
Stats for ('MARI', Timestamp('2013-03-02 04:00:00')): Sobol_t takes: 296.5187256336212
Stats for ('MARI', Timestamp('2013-03-02 04:00:00')): P10 takes: 0.05211162567138672
Stats for ('MARI', Timestamp('2013-03-02 04:00:00')): P90 takes: 0.05092358589172363
Stats: gPCE takes: 2.4573090076446533
Stats for ('MARI', Timestamp('2013-03-02 05:00:00')): E takes: 0.5771782398223877
Stats for ('MARI', Timestamp('2013-03-02 05:00:00')): Var takes: 185.34537482261658
Stats for ('MARI', Timestamp('2013-03-02 05:00:00')): StdDev takes: 185.55751848220825
Stats for ('MARI', Timestamp('2013-03-02 05:00:00')): Sobol_m takes: 187.9290599822998
Stats for ('MARI', Timestamp('2013-03-02 05:00:00')): Sobol_m2 takes: 207.2518060207367
Stats for ('MARI', Timestamp('2013-03-02 05:00:00')): Sobol_t takes: 296.09775137901306
Stats for ('MARI', Timestamp('2013-03-02 05:00:00')): P10 takes: 0.056265830993652344
Stats for ('MARI', Timestamp('2013-03-02 05:00:00')): P90 takes: 0.0531160831451416
Stats: gPCE takes: 2.4678547382354736
Stats for ('MARI', Timestamp('2013-03-02 06:00:00')): E takes: 0.5745739936828613
Stats for ('MARI', Timestamp('2013-03-02 06:00:00')): Var takes: 185.31165719032288
Stats for ('MARI', Timestamp('2013-03-02 06:00:00')): StdDev takes: 185.25808358192444
Stats for ('MARI', Timestamp('2013-03-02 06:00:00')): Sobol_m takes: 187.82592630386353
Stats for ('MARI', Timestamp('2013-03-02 06:00:00')): Sobol_m2 takes: 207.32717514038086
Stats for ('MARI', Timestamp('2013-03-02 06:00:00')): Sobol_t takes: 296.21922492980957
Stats for ('MARI', Timestamp('2013-03-02 06:00:00')): P10 takes: 0.0520939826965332
Stats for ('MARI', Timestamp('2013-03-02 06:00:00')): P90 takes: 0.0504915714263916
Stats: gPCE takes: 2.496440887451172
Stats for ('MARI', Timestamp('2013-03-02 07:00:00')): E takes: 0.5770039558410645
Stats for ('MARI', Timestamp('2013-03-02 07:00:00')): Var takes: 185.37465071678162
Stats for ('MARI', Timestamp('2013-03-02 07:00:00')): StdDev takes: 185.594886302948
Stats for ('MARI', Timestamp('2013-03-02 07:00:00')): Sobol_m takes: 188.20365118980408
Stats for ('MARI', Timestamp('2013-03-02 07:00:00')): Sobol_m2 takes: 207.24827814102173
Stats for ('MARI', Timestamp('2013-03-02 07:00:00')): Sobol_t takes: 296.055659532547
Stats for ('MARI', Timestamp('2013-03-02 07:00:00')): P10 takes: 0.06606173515319824
Stats for ('MARI', Timestamp('2013-03-02 07:00:00')): P90 takes: 0.05584216117858887
Stats: gPCE takes: 2.4288253784179688
Stats for ('MARI', Timestamp('2013-03-02 08:00:00')): E takes: 0.5755484104156494
Stats for ('MARI', Timestamp('2013-03-02 08:00:00')): Var takes: 185.7845287322998
Stats for ('MARI', Timestamp('2013-03-02 08:00:00')): StdDev takes: 185.54372930526733
Stats for ('MARI', Timestamp('2013-03-02 08:00:00')): Sobol_m takes: 188.12184977531433
Stats for ('MARI', Timestamp('2013-03-02 08:00:00')): Sobol_m2 takes: 207.3113763332367
Stats for ('MARI', Timestamp('2013-03-02 08:00:00')): Sobol_t takes: 296.67177867889404
Stats for ('MARI', Timestamp('2013-03-02 08:00:00')): P10 takes: 0.05113101005554199
Stats for ('MARI', Timestamp('2013-03-02 08:00:00')): P90 takes: 0.050821781158447266
Stats: gPCE takes: 2.4273829460144043
Stats for ('MARI', Timestamp('2013-03-02 09:00:00')): E takes: 0.5769424438476562
Stats for ('MARI', Timestamp('2013-03-02 09:00:00')): Var takes: 185.35627150535583
Stats for ('MARI', Timestamp('2013-03-02 09:00:00')): StdDev takes: 185.44449043273926
Stats for ('MARI', Timestamp('2013-03-02 09:00:00')): Sobol_m takes: 187.9282238483429
Stats for ('MARI', Timestamp('2013-03-02 09:00:00')): Sobol_m2 takes: 207.4575114250183
Stats for ('MARI', Timestamp('2013-03-02 09:00:00')): Sobol_t takes: 296.1267786026001
Stats for ('MARI', Timestamp('2013-03-02 09:00:00')): P10 takes: 0.0598599910736084
Stats for ('MARI', Timestamp('2013-03-02 09:00:00')): P90 takes: 0.0576629638671875
Stats: gPCE takes: 2.4221503734588623
Stats for ('MARI', Timestamp('2013-03-02 10:00:00')): E takes: 0.5759415626525879
Stats for ('MARI', Timestamp('2013-03-02 10:00:00')): Var takes: 185.57557773590088
Stats for ('MARI', Timestamp('2013-03-02 10:00:00')): StdDev takes: 185.2544069290161
Stats for ('MARI', Timestamp('2013-03-02 10:00:00')): Sobol_m takes: 187.56983733177185
Stats for ('MARI', Timestamp('2013-03-02 10:00:00')): Sobol_m2 takes: 207.2977750301361
Stats for ('MARI', Timestamp('2013-03-02 10:00:00')): Sobol_t takes: 296.10321497917175
Stats for ('MARI', Timestamp('2013-03-02 10:00:00')): P10 takes: 0.05138850212097168
Stats for ('MARI', Timestamp('2013-03-02 10:00:00')): P90 takes: 0.050984859466552734
Stats: gPCE takes: 2.410757064819336
Stats for ('MARI', Timestamp('2013-03-02 11:00:00')): E takes: 0.577751874923706
Stats for ('MARI', Timestamp('2013-03-02 11:00:00')): Var takes: 185.40281629562378
Stats for ('MARI', Timestamp('2013-03-02 11:00:00')): StdDev takes: 185.1980516910553
Stats for ('MARI', Timestamp('2013-03-02 11:00:00')): Sobol_m takes: 187.53858399391174
Stats for ('MARI', Timestamp('2013-03-02 11:00:00')): Sobol_m2 takes: 207.289945602417
Stats for ('MARI', Timestamp('2013-03-02 11:00:00')): Sobol_t takes: 295.38620805740356
Stats for ('MARI', Timestamp('2013-03-02 11:00:00')): P10 takes: 0.05138444900512695
Stats for ('MARI', Timestamp('2013-03-02 11:00:00')): P90 takes: 0.05060887336730957
Stats: gPCE takes: 2.3904640674591064
Stats for ('MARI', Timestamp('2013-03-02 12:00:00')): E takes: 0.574561595916748
Stats for ('MARI', Timestamp('2013-03-02 12:00:00')): Var takes: 185.08029317855835
Stats for ('MARI', Timestamp('2013-03-02 12:00:00')): StdDev takes: 185.10045289993286
Stats for ('MARI', Timestamp('2013-03-02 12:00:00')): Sobol_m takes: 187.5078182220459
Stats for ('MARI', Timestamp('2013-03-02 12:00:00')): Sobol_m2 takes: 206.88058352470398
Stats for ('MARI', Timestamp('2013-03-02 12:00:00')): Sobol_t takes: 295.72786021232605
Stats for ('MARI', Timestamp('2013-03-02 12:00:00')): P10 takes: 0.050843238830566406
Stats for ('MARI', Timestamp('2013-03-02 12:00:00')): P90 takes: 0.05050945281982422
Stats: gPCE takes: 2.3925535678863525
Stats for ('MARI', Timestamp('2013-03-02 13:00:00')): E takes: 0.5761301517486572
Stats for ('MARI', Timestamp('2013-03-02 13:00:00')): Var takes: 184.98893880844116
Stats for ('MARI', Timestamp('2013-03-02 13:00:00')): StdDev takes: 184.92406058311462
Stats for ('MARI', Timestamp('2013-03-02 13:00:00')): Sobol_m takes: 187.42750430107117
Stats for ('MARI', Timestamp('2013-03-02 13:00:00')): Sobol_m2 takes: 206.75977778434753
Stats for ('MARI', Timestamp('2013-03-02 13:00:00')): Sobol_t takes: 296.15022468566895
Stats for ('MARI', Timestamp('2013-03-02 13:00:00')): P10 takes: 0.05111360549926758
Stats for ('MARI', Timestamp('2013-03-02 13:00:00')): P90 takes: 0.05189061164855957
Stats: gPCE takes: 2.3953895568847656
Stats for ('MARI', Timestamp('2013-03-02 14:00:00')): E takes: 0.5760641098022461
Stats for ('MARI', Timestamp('2013-03-02 14:00:00')): Var takes: 185.08555102348328
Stats for ('MARI', Timestamp('2013-03-02 14:00:00')): StdDev takes: 184.85157799720764
Stats for ('MARI', Timestamp('2013-03-02 14:00:00')): Sobol_m takes: 187.3930356502533
Stats for ('MARI', Timestamp('2013-03-02 14:00:00')): Sobol_m2 takes: 206.92031621932983
Stats for ('MARI', Timestamp('2013-03-02 14:00:00')): Sobol_t takes: 295.52706027030945
Stats for ('MARI', Timestamp('2013-03-02 14:00:00')): P10 takes: 0.05127978324890137
Stats for ('MARI', Timestamp('2013-03-02 14:00:00')): P90 takes: 0.05080986022949219
Stats: gPCE takes: 2.389981508255005
Stats for ('MARI', Timestamp('2013-03-02 15:00:00')): E takes: 0.5748553276062012
Stats for ('MARI', Timestamp('2013-03-02 15:00:00')): Var takes: 184.826007604599
Stats for ('MARI', Timestamp('2013-03-02 15:00:00')): StdDev takes: 185.1507921218872
Stats for ('MARI', Timestamp('2013-03-02 15:00:00')): Sobol_m takes: 187.74482488632202
Stats for ('MARI', Timestamp('2013-03-02 15:00:00')): Sobol_m2 takes: 206.72225522994995
Stats for ('MARI', Timestamp('2013-03-02 15:00:00')): Sobol_t takes: 295.22658348083496
Stats for ('MARI', Timestamp('2013-03-02 15:00:00')): P10 takes: 0.05256366729736328
Stats for ('MARI', Timestamp('2013-03-02 15:00:00')): P90 takes: 0.05264925956726074
Stats: gPCE takes: 2.384716033935547
Stats for ('MARI', Timestamp('2013-03-02 16:00:00')): E takes: 0.5744547843933105
Stats for ('MARI', Timestamp('2013-03-02 16:00:00')): Var takes: 185.1905484199524
Stats for ('MARI', Timestamp('2013-03-02 16:00:00')): StdDevslurmstepd: error: *** JOB 365764 ON mpp2r08c03s02 CANCELLED AT 2020-01-11T14:05:08 ***
