python/3.6_intel (INFO):
    Loading this module may cause the environment generated by other
    modules to become inconsistent; however it should work together
    with the Intel compilers, tools and libraries.
---- start sim: Sat Jan 11 14:05:22 CET 2020
MPI version: Intel(R) MPI Library 2018 Update 4 for Linux* OS

MPI2 version: (3, 1)
MPI3 version: 3
mpi4py version: 3.0.3
rank 0: starttime: 2020.01.11 14:05:31
dir: /dss/dsshome1/lxc01/di73wal/work/simulation/diss.larsim/Larsim-UQ.git/../larsim_runs/0122_sim
dir: /dss/dsshome1/lxc01/di73wal/work/simulation/diss.larsim/Larsim-UQ.git/../larsim_runs/0122_sim
['/dss/dsshome1/lxc01/di73wal/work/simulation/diss.larsim/Larsim-UQ.git/../larsim_runs/0122_sim/uqsim.saved']
parsing args...
rank: 0 is master!
rank: 0 is master!
UQsim: restore from file: True
rank: 0 exit
uqsim.args.disable_statistics: False
calculate statistics [LarsimStatistics]...
Stats: samplesData Frame with All the simulation results : Index_run                   int64
Stationskennung            object
Type                       object
TimeStamp          datetime64[ns]
Value                     float64
dtype: object
 takes: 1.2469749450683594
timesteps Info
<class 'numpy.ndarray'>
numbTimesteps is: 1440
Stats: gPCE takes: 0.005137205123901367
Stats for ('MARI', Timestamp('2013-03-01 00:00:00')): E takes: 0.024398326873779297
Stats for ('MARI', Timestamp('2013-03-01 00:00:00')): Var takes: 0.5582740306854248
Stats for ('MARI', Timestamp('2013-03-01 00:00:00')): StdDev takes: 0.5300266742706299
Stats for ('MARI', Timestamp('2013-03-01 00:00:00')): Sobol_m takes: 0.6869828701019287
Stats for ('MARI', Timestamp('2013-03-01 00:00:00')): Sobol_m2 takes: 1.2723257541656494
Stats for ('MARI', Timestamp('2013-03-01 00:00:00')): Sobol_t takes: 1.4856200218200684
Stats for ('MARI', Timestamp('2013-03-01 00:00:00')): P10 takes: 0.010879039764404297
Stats for ('MARI', Timestamp('2013-03-01 00:00:00')): P90 takes: 0.009640693664550781
Stats: gPCE takes: 0.005219936370849609
Stats for ('MARI', Timestamp('2013-03-01 01:00:00')): E takes: 0.024236679077148438
Stats for ('MARI', Timestamp('2013-03-01 01:00:00')): Var takes: 0.5343508720397949
Stats for ('MARI', Timestamp('2013-03-01 01:00:00')): StdDev takes: 0.5318057537078857
Stats for ('MARI', Timestamp('2013-03-01 01:00:00')): Sobol_m takes: 0.6872429847717285
Stats for ('MARI', Timestamp('2013-03-01 01:00:00')): Sobol_m2 takes: 1.2743301391601562
Stats for ('MARI', Timestamp('2013-03-01 01:00:00')): Sobol_t takes: 1.49021577835083
Stats for ('MARI', Timestamp('2013-03-01 01:00:00')): P10 takes: 0.01007533073425293
Stats for ('MARI', Timestamp('2013-03-01 01:00:00')): P90 takes: 0.00960993766784668
Stats: gPCE takes: 0.005154848098754883
Stats for ('MARI', Timestamp('2013-03-01 02:00:00')): E takes: 0.02427363395690918
Stats for ('MARI', Timestamp('2013-03-01 02:00:00')): Var takes: 0.5329694747924805
Stats for ('MARI', Timestamp('2013-03-01 02:00:00')): StdDev takes: 0.5356433391571045
Stats for ('MARI', Timestamp('2013-03-01 02:00:00')): Sobol_m takes: 0.6882164478302002
Stats for ('MARI', Timestamp('2013-03-01 02:00:00')): Sobol_m2 takes: 1.272634744644165
Stats for ('MARI', Timestamp('2013-03-01 02:00:00')): Sobol_t takes: 1.524202585220337
Stats for ('MARI', Timestamp('2013-03-01 02:00:00')): P10 takes: 0.00970315933227539
Stats for ('MARI', Timestamp('2013-03-01 02:00:00')): P90 takes: 0.009706258773803711
Stats: gPCE takes: 0.005183219909667969
Stats for ('MARI', Timestamp('2013-03-01 03:00:00')): E takes: 0.02556610107421875
Stats for ('MARI', Timestamp('2013-03-01 03:00:00')): Var takes: 0.5311906337738037
Stats for ('MARI', Timestamp('2013-03-01 03:00:00')): StdDev takes: 0.5355677604675293
Stats for ('MARI', Timestamp('2013-03-01 03:00:00')): Sobol_m takes: 0.683516263961792
Stats for ('MARI', Timestamp('2013-03-01 03:00:00')): Sobol_m2 takes: 1.267362356185913
Stats for ('MARI', Timestamp('2013-03-01 03:00:00')): Sobol_t takes: 1.485734224319458
Stats for ('MARI', Timestamp('2013-03-01 03:00:00')): P10 takes: 0.012097835540771484
Stats for ('MARI', Timestamp('2013-03-01 03:00:00')): P90 takes: 0.009625434875488281
Stats: gPCE takes: 0.00533747673034668
Stats for ('MARI', Timestamp('2013-03-01 04:00:00')): E takes: 0.02594614028930664
Stats for ('MARI', Timestamp('2013-03-01 04:00:00')): Var takes: 0.5413038730621338
Stats for ('MARI', Timestamp('2013-03-01 04:00:00')): StdDev takes: 0.5357670783996582
Stats for ('MARI', Timestamp('2013-03-01 04:00:00')): Sobol_m takes: 0.6878719329833984
Stats for ('MARI', Timestamp('2013-03-01 04:00:00')): Sobol_m2 takes: 1.2679316997528076
Stats for ('MARI', Timestamp('2013-03-01 04:00:00')): Sobol_t takes: 1.4860458374023438
Stats for ('MARI', Timestamp('2013-03-01 04:00:00')): P10 takes: 0.009563207626342773
Stats for ('MARI', Timestamp('2013-03-01 04:00:00')): P90 takes: 0.00956583023071289
Stats: gPCE takes: 0.0052034854888916016
Stats for ('MARI', Timestamp('2013-03-01 05:00:00')): E takes: 0.024195194244384766
Stats for ('MARI', Timestamp('2013-03-01 05:00:00')): Var takes: 0.5325493812561035
Stats for ('MARI', Timestamp('2013-03-01 05:00:00')): StdDev takes: 0.5326685905456543
Stats for ('MARI', Timestamp('2013-03-01 05:00:00')): Sobol_m takes: 0.6871042251586914
Stats for ('MARI', Timestamp('2013-03-01 05:00:00')): Sobol_m2 takes: 1.3013508319854736
Stats for ('MARI', Timestamp('2013-03-01 05:00:00')): Sobol_t takes: 1.4788403511047363
Stats for ('MARI', Timestamp('2013-03-01 05:00:00')): P10 takes: 0.010134220123291016
Stats for ('MARI', Timestamp('2013-03-01 05:00:00')): P90 takes: 0.009561538696289062
Stats: gPCE takes: 0.0051915645599365234
Stats for ('MARI', Timestamp('2013-03-01 06:00:00')): E takes: 0.024236440658569336
Stats for ('MARI', Timestamp('2013-03-01 06:00:00')): Var takes: 0.5309340953826904
Stats for ('MARI', Timestamp('2013-03-01 06:00:00')): StdDev takes: 0.5305869579315186
Stats for ('MARI', Timestamp('2013-03-01 06:00:00')): Sobol_m takes: 0.6852490901947021
Stats for ('MARI', Timestamp('2013-03-01 06:00:00')): Sobol_m2 takes: 1.266162633895874
Stats for ('MARI', Timestamp('2013-03-01 06:00:00')): Sobol_t takes: 1.4857263565063477
Stats for ('MARI', Timestamp('2013-03-01 06:00:00')): P10 takes: 0.009597063064575195
Stats for ('MARI', Timestamp('2013-03-01 06:00:00')): P90 takes: 0.009679794311523438
Stats: gPCE takes: 0.0049800872802734375
Stats for ('MARI', Timestamp('2013-03-01 07:00:00')): E takes: 0.02418065071105957
Stats for ('MARI', Timestamp('2013-03-01 07:00:00')): Var takes: 0.5327661037445068
Stats for ('MARI', Timestamp('2013-03-01 07:00:00')): StdDev takes: 0.5332047939300537
Stats for ('MARI', Timestamp('2013-03-01 07:00:00')): Sobol_m takes: 0.686575174331665
Stats for ('MARI', Timestamp('2013-03-01 07:00:00')): Sobol_m2 takes: 1.2700493335723877
Stats for ('MARI', Timestamp('2013-03-01 07:00:00')): Sobol_t takes: 1.487126111984253
Stats for ('MARI', Timestamp('2013-03-01 07:00:00')): P10 takes: 0.009699344635009766
Stats for ('MARI', Timestamp('2013-03-01 07:00:00')): P90 takes: 0.009671926498413086
Stats: gPCE takes: 0.005080223083496094
Stats for ('MARI', Timestamp('2013-03-01 08:00:00')): E takes: 0.02232050895690918
Stats for ('MARI', Timestamp('2013-03-01 08:00:00')): Var takes: 0.46065330505371094
Stats for ('MARI', Timestamp('2013-03-01 08:00:00')): StdDev takes: 0.5031585693359375
Stats for ('MARI', Timestamp('2013-03-01 08:00:00')): Sobol_m takes: 0.5985987186431885
Stats for ('MARI', Timestamp('2013-03-01 08:00:00')): Sobol_m2 takes: 1.144338607788086
Stats for ('MARI', Timestamp('2013-03-01 08:00:00')): Sobol_t takes: 1.3067522048950195
Stats for ('MARI', Timestamp('2013-03-01 08:00:00')): P10 takes: 0.009869813919067383
Stats for ('MARI', Timestamp('2013-03-01 08:00:00')): P90 takes: 0.009510278701782227
Stats: gPCE takes: 0.005288839340209961
Stats for ('MARI', Timestamp('2013-03-01 09:00:00')): E takes: 0.025646686553955078
Stats for ('MARI', Timestamp('2013-03-01 09:00:00')): Var takes: 0.5324528217315674
Stats for ('MARI', Timestamp('2013-03-01 09:00:00')): StdDev takes: 0.5305080413818359
Stats for ('MARI', Timestamp('2013-03-01 09:00:00')): Sobol_m takes: 0.6830885410308838
Stats for ('MARI', Timestamp('2013-03-01 09:00:00')): Sobol_m2 takes: 1.2690629959106445
Stats for ('MARI', Timestamp('2013-03-01 09:00:00')): Sobol_t takes: 1.488102674484253
Stats for ('MARI', Timestamp('2013-03-01 09:00:00')): P10 takes: 0.009593725204467773
Stats for ('MARI', Timestamp('2013-03-01 09:00:00')): P90 takes: 0.009590625762939453
Stats: gPCE takes: 0.00509190559387207
Stats for ('MARI', Timestamp('2013-03-01 10:00:00')): E takes: 0.025387287139892578
Stats for ('MARI', Timestamp('2013-03-01 10:00:00')): Var takes: 0.5340418815612793
Stats for ('MARI', Timestamp('2013-03-01 10:00:00')): StdDev takes: 0.534656286239624
Stats for ('MARI', Timestamp('2013-03-01 10:00:00')): Sobol_m takes: 0.6877031326293945
Stats for ('MARI', Timestamp('2013-03-01 10:00:00')): Sobol_m2 takes: 1.270228624343872
Stats for ('MARI', Timestamp('2013-03-01 10:00:00')): Sobol_t takes: 1.5342040061950684
Stats for ('MARI', Timestamp('2013-03-01 10:00:00')): P10 takes: 0.009729146957397461
Stats for ('MARI', Timestamp('2013-03-01 10:00:00')): P90 takes: 0.009519100189208984
Stats: gPCE takes: 0.0050508975982666016
Stats for ('MARI', Timestamp('2013-03-01 11:00:00')): E takes: 0.02403116226196289
Stats for ('MARI', Timestamp('2013-03-01 11:00:00')): Var takes: 0.5289363861083984
Stats for ('MARI', Timestamp('2013-03-01 11:00:00')): StdDev takes: 0.530634880065918
Stats for ('MARI', Timestamp('2013-03-01 11:00:00')): Sobol_m takes: 0.6807422637939453
Stats for ('MARI', Timestamp('2013-03-01 11:00:00')): Sobol_m2 takes: 1.2682619094848633
Stats for ('MARI', Timestamp('2013-03-01 11:00:00')): Sobol_t takes: 1.4828243255615234
Stats for ('MARI', Timestamp('2013-03-01 11:00:00')): P10 takes: 0.009809494018554688
Stats for ('MARI', Timestamp('2013-03-01 11:00:00')): P90 takes: 0.00956106185913086
Stats: gPCE takes: 0.005234479904174805
Stats for ('MARI', Timestamp('2013-03-01 12:00:00')): E takes: 0.024156570434570312
Stats for ('MARI', Timestamp('2013-03-01 12:00:00')): Var takes: 0.5324857234954834
Stats for ('MARI', Timestamp('2013-03-01 12:00:00')): StdDev takes: 0.5334718227386475
Stats for ('MARI', Timestamp('2013-03-01 12:00:00')): Sobol_m takes: 0.6851272583007812
Stats for ('MARI', Timestamp('2013-03-01 12:00:00')): Sobol_m2 takes: 1.2696352005004883
Stats for ('MARI', Timestamp('2013-03-01 12:00:00')): Sobol_t takes: 1.4882206916809082
Stats for ('MARI', Timestamp('2013-03-01 12:00:00')): P10 takes: 0.009649515151977539
Stats for ('MARI', Timestamp('2013-03-01 12:00:00')): P90 takes: 0.009608745574951172
Stats: gPCE takes: 0.0052068233489990234
Stats for ('MARI', Timestamp('2013-03-01 13:00:00')): E takes: 0.024205684661865234
Stats for ('MARI', Timestamp('2013-03-01 13:00:00')): Var takes: 0.5336132049560547
Stats for ('MARI', Timestamp('2013-03-01 13:00:00')): StdDev takes: 0.5331056118011475
Stats for ('MARI', Timestamp('2013-03-01 13:00:00')): Sobol_m takes: 0.6847236156463623
Stats for ('MARI', Timestamp('2013-03-01 13:00:00')): Sobol_m2 takes: 1.3061754703521729
Stats for ('MARI', Timestamp('2013-03-01 13:00:00')): Sobol_t takes: 1.4734082221984863
Stats for ('MARI', Timestamp('2013-03-01 13:00:00')): P10 takes: 0.009584665298461914
Stats for ('MARI', Timestamp('2013-03-01 13:00:00')): P90 takes: 0.009542226791381836
Stats: gPCE takes: 0.005154609680175781
Stats for ('MARI', Timestamp('2013-03-01 14:00:00')): E takes: 0.023919105529785156
Stats for ('MARI', Timestamp('2013-03-01 14:00:00')): Var takes: 0.5291144847869873
Stats for ('MARI', Timestamp('2013-03-01 14:00:00')): StdDev takes: 0.5307388305664062
Stats for ('MARI', Timestamp('2013-03-01 14:00:00')): Sobol_m takes: 0.682675838470459
Stats for ('MARI', Timestamp('2013-03-01 14:00:00')): Sobol_m2 takes: 1.2632496356964111
Stats for ('MARI', Timestamp('2013-03-01 14:00:00')): Sobol_t takes: 1.4839608669281006
Stats for ('MARI', Timestamp('2013-03-01 14:00:00')): P10 takes: 0.009505510330200195
Stats for ('MARI', Timestamp('2013-03-01 14:00:00')): P90 takes: 0.009694576263427734
Stats: gPCE takes: 0.005140066146850586
Stats for ('MARI', Timestamp('2013-03-01 15:00:00')): E takes: 0.024167299270629883
Stats for ('MARI', Timestamp('2013-03-01 15:00:00')): Var takes: 0.5323526859283447
Stats for ('MARI', Timestamp('2013-03-01 15:00:00')): StdDev takes: 0.5332579612731934
Stats for ('MARI', Timestamp('2013-03-01 15:00:00')): Sobol_m takes: 0.6832191944122314
Stats for ('MARI', Timestamp('2013-03-01 15:00:00')): Sobol_m2 takes: 1.2686212062835693
Stats for ('MARI', Timestamp('2013-03-01 15:00:00')): Sobol_t takes: 1.4836325645446777
Stats for ('MARI', Timestamp('2013-03-01 15:00:00')): P10 takes: 0.00999593734741211
Stats for ('MARI', Timestamp('2013-03-01 15:00:00')): P90 takes: 0.009673595428466797
Stats: gPCE takes: 0.0051572322845458984
Stats for ('MARI', Timestamp('2013-03-01 16:00:00')): E takes: 0.024335622787475586
Stats for ('MARI', Timestamp('2013-03-01 16:00:00')): Var takes: 0.5325818061828613
Stats for ('MARI', Timestamp('2013-03-01 16:00:00')): StdDev takes: 0.5768828392028809
Stats for ('MARI', Timestamp('2013-03-01 16:00:00')): Sobol_m takes: 0.6785094738006592
Stats for ('MARI', Timestamp('2013-03-01 16:00:00')): Sobol_m2 takes: 1.2574379444122314
Stats for ('MARI', Timestamp('2013-03-01 16:00:00')): Sobol_t takes: 1.4794955253601074
Stats for ('MARI', Timestamp('2013-03-01 16:00:00')): P10 takes: 0.00956583023071289
Stats for ('MARI', Timestamp('2013-03-01 16:00:00')): P90 takes: 0.009625911712646484
Stats: gPCE takes: 0.0052411556243896484
Stats for ('MARI', Timestamp('2013-03-01 17:00:00')): E takes: 0.0242002010345459
Stats for ('MARI', Timestamp('2013-03-01 17:00:00')): Var takes: 0.531444787979126
Stats for ('MARI', Timestamp('2013-03-01 17:00:00')): StdDev takes: 0.53212571144104
Stats for ('MARI', Timestamp('2013-03-01 17:00:00')): Sobol_m takes: 0.6856517791748047
Stats for ('MARI', Timestamp('2013-03-01 17:00:00')): Sobol_m2 takes: 1.2661173343658447
Stats for ('MARI', Timestamp('2013-03-01 17:00:00')): Sobol_t takes: 1.4864022731781006
Stats for ('MARI', Timestamp('2013-03-01 17:00:00')): P10 takes: 0.009484052658081055
Stats for ('MARI', Timestamp('2013-03-01 17:00:00')): P90 takes: 0.009566307067871094
Stats: gPCE takes: 0.005151271820068359
Stats for ('MARI', Timestamp('2013-03-01 18:00:00')): E takes: 0.02434253692626953
Stats for ('MARI', Timestamp('2013-03-01 18:00:00')): Var takes: 0.5327250957489014
Stats for ('MARI', Timestamp('2013-03-01 18:00:00')): StdDev takes: 0.5343244075775146
Stats for ('MARI', Timestamp('2013-03-01 18:00:00')): Sobol_m takes: 0.687842607498169
Stats for ('MARI', Timestamp('2013-03-01 18:00:00')): Sobol_m2 takes: 1.272871494293213
Stats for ('MARI', Timestamp('2013-03-01 18:00:00')): Sobol_t takes: 1.5123867988586426
Stats for ('MARI', Timestamp('2013-03-01 18:00:00')): P10 takes: 0.00974273681640625
Stats for ('MARI', Timestamp('2013-03-01 18:00:00')): P90 takes: 0.009640932083129883
Stats: gPCE takes: 0.005017757415771484
Stats for ('MARI', Timestamp('2013-03-01 19:00:00')): E takes: 0.022153139114379883
Stats for ('MARI', Timestamp('2013-03-01 19:00:00')): Var takes: 0.463165283203125
Stats for ('MARI', Timestamp('2013-03-01 19:00:00')): StdDev takes: 0.457167387008667
Stats for ('MARI', Timestamp('2013-03-01 19:00:00')): Sobol_m takes: 0.5992376804351807
Stats for ('MARI', Timestamp('2013-03-01 19:00:00')): Sobol_m2 takes: 1.1441388130187988
Stats for ('MARI', Timestamp('2013-03-01 19:00:00')): Sobol_t takes: 1.3081753253936768
Stats for ('MARI', Timestamp('2013-03-01 19:00:00')): P10 takes: 0.00944828987121582
Stats for ('MARI', Timestamp('2013-03-01 19:00:00')): P90 takes: 0.00933837890625
Stats: gPCE takes: 0.005178689956665039
Stats for ('MARI', Timestamp('2013-03-01 20:00:00')): E takes: 0.024274110794067383
Stats for ('MARI', Timestamp('2013-03-01 20:00:00')): Var takes: 0.5325591564178467
Stats for ('MARI', Timestamp('2013-03-01 20:00:00')): StdDev takes: 0.5312337875366211
Stats for ('MARI', Timestamp('2013-03-01 20:00:00')): Sobol_m takes: 0.6839959621429443
Stats for ('MARI', Timestamp('2013-03-01 20:00:00')): Sobol_m2 takes: 1.2651474475860596
Stats for ('MARI', Timestamp('2013-03-01 20:00:00')): Sobol_t takes: 1.4853777885437012
Stats for ('MARI', Timestamp('2013-03-01 20:00:00')): P10 takes: 0.009522199630737305
Stats for ('MARI', Timestamp('2013-03-01 20:00:00')): P90 takes: 0.009501934051513672
Stats: gPCE takes: 0.005038022994995117
Stats for ('MARI', Timestamp('2013-03-01 21:00:00')): E takes: 0.024235010147094727
Stats for ('MARI', Timestamp('2013-03-01 21:00:00')): Var takes: 0.534926176071167
Stats for ('MARI', Timestamp('2013-03-01 21:00:00')): StdDev takes: 0.5317487716674805
Stats for ('MARI', Timestamp('2013-03-01 21:00:00')): Sobol_m takes: 0.6852426528930664
Stats for ('MARI', Timestamp('2013-03-01 21:00:00')): Sobol_m2 takes: 1.2676301002502441
Stats for ('MARI', Timestamp('2013-03-01 21:00:00')): Sobol_t takes: 1.5206632614135742
Stats for ('MARI', Timestamp('2013-03-01 21:00:00')): P10 takes: 0.00974416732788086
Stats for ('MARI', Timestamp('2013-03-01 21:00:00')): P90 takes: 0.009592771530151367
Stats: gPCE takes: 0.0050776004791259766
Stats for ('MARI', Timestamp('2013-03-01 22:00:00')): E takes: 0.022243499755859375
Stats for ('MARI', Timestamp('2013-03-01 22:00:00')): Var takes: 0.45468640327453613
Stats for ('MARI', Timestamp('2013-03-01 22:00:00')): StdDev takes: 0.45519590377807617
Stats for ('MARI', Timestamp('2013-03-01 22:00:00')): Sobol_m takes: 0.6009249687194824
Stats for ('MARI', Timestamp('2013-03-01 22:00:00')): Sobol_m2 takes: 1.1462891101837158
Stats for ('MARI', Timestamp('2013-03-01 22:00:00')): Sobol_t takes: 1.309382677078247
Stats for ('MARI', Timestamp('2013-03-01 22:00:00')): P10 takes: 0.009470462799072266
Stats for ('MARI', Timestamp('2013-03-01 22:00:00')): P90 takes: 0.009379386901855469
Stats: gPCE takes: 0.0050640106201171875
Stats for ('MARI', Timestamp('2013-03-01 23:00:00')): E takes: 0.024257421493530273
Stats for ('MARI', Timestamp('2013-03-01 23:00:00')): Var takes: 0.5332393646240234
Stats for ('MARI', Timestamp('2013-03-01 23:00:00')): StdDev takes: 0.5337800979614258
Stats for ('MARI', Timestamp('2013-03-01 23:00:00')): Sobol_m takes: 0.687201738357544
Stats for ('MARI', Timestamp('2013-03-01 23:00:00')): Sobol_m2 takes: 1.2674882411956787
Stats for ('MARI', Timestamp('2013-03-01 23:00:00')): Sobol_t takes: 1.484513521194458
Stats for ('MARI', Timestamp('2013-03-01 23:00:00')): P10 takes: 0.009684085845947266
Stats for ('MARI', Timestamp('2013-03-01 23:00:00')): P90 takes: 0.009677648544311523
Stats: gPCE takes: 0.0050678253173828125
Stats for ('MARI', Timestamp('2013-03-02 00:00:00')): E takes: 0.022217988967895508
Stats for ('MARI', Timestamp('2013-03-02 00:00:00')): Var takes: 0.45885491371154785
Stats for ('MARI', Timestamp('2013-03-02 00:00:00')): StdDev takes: 0.4623904228210449
Stats for ('MARI', Timestamp('2013-03-02 00:00:00')): Sobol_m takes: 0.6065075397491455
Stats for ('MARI', Timestamp('2013-03-02 00:00:00')): Sobol_m2 takes: 1.1826398372650146
Stats for ('MARI', Timestamp('2013-03-02 00:00:00')): Sobol_t takes: 1.2999043464660645
Stats for ('MARI', Timestamp('2013-03-02 00:00:00')): P10 takes: 0.00950312614440918
Stats for ('MARI', Timestamp('2013-03-02 00:00:00')): P90 takes: 0.009182453155517578
Stats: gPCE takes: 0.005185127258300781
Stats for ('MARI', Timestamp('2013-03-02 01:00:00')): E takes: 0.024065017700195312
Stats for ('MARI', Timestamp('2013-03-02 01:00:00')): Var takes: 0.5297143459320068
Stats for ('MARI', Timestamp('2013-03-02 01:00:00')): StdDev takes: 0.5291182994842529
Stats for ('MARI', Timestamp('2013-03-02 01:00:00')): Sobol_m takes: 0.6831638813018799
Stats for ('MARI', Timestamp('2013-03-02 01:00:00')): Sobol_m2 takes: 1.2708396911621094
Stats for ('MARI', Timestamp('2013-03-02 01:00:00')): Sobol_t takes: 1.482527732849121
Stats for ('MARI', Timestamp('2013-03-02 01:00:00')): P10 takes: 0.009500503540039062
Stats for ('MARI', Timestamp('2013-03-02 01:00:00')): P90 takes: 0.009592771530151367
Stats: gPCE takes: 0.005284309387207031
Stats for ('MARI', Timestamp('2013-03-02 02:00:00')): E takes: 0.024331092834472656
Stats for ('MARI', Timestamp('2013-03-02 02:00:00')): Var takes: 0.5332298278808594
Stats for ('MARI', Timestamp('2013-03-02 02:00:00')): StdDev takes: 0.5328013896942139
Stats for ('MARI', Timestamp('2013-03-02 02:00:00')): Sobol_m takes: 0.6850554943084717
Stats for ('MARI', Timestamp('2013-03-02 02:00:00')): Sobol_m2 takes: 1.269594669342041
Stats for ('MARI', Timestamp('2013-03-02 02:00:00')): Sobol_t takes: 1.4882454872131348
Stats for ('MARI', Timestamp('2013-03-02 02:00:00')): P10 takes: 0.00960850715637207
Stats for ('MARI', Timestamp('2013-03-02 02:00:00')): P90 takes: 0.009687185287475586
Stats: gPCE takes: 0.005071878433227539
Stats for ('MARI', Timestamp('2013-03-02 03:00:00')): E takes: 0.024236440658569336
Stats for ('MARI', Timestamp('2013-03-02 03:00:00')): Var takes: 0.533888578414917
Stats for ('MARI', Timestamp('2013-03-02 03:00:00')): StdDev takes: 0.5343291759490967
Stats for ('MARI', Timestamp('2013-03-02 03:00:00')): Sobol_m takes: 0.6870677471160889
Stats for ('MARI', Timestamp('2013-03-02 03:00:00')): Sobol_m2 takes: 1.2925050258636475
Stats for ('MARI', Timestamp('2013-03-02 03:00:00')): Sobol_t takes: 1.4775967597961426
Stats for ('MARI', Timestamp('2013-03-02 03:00:00')): P10 takes: 0.009635448455810547
Stats for ('MARI', Timestamp('2013-03-02 03:00:00')): P90 takes: 0.009632349014282227
Stats: gPCE takes: 0.005167245864868164
Stats for ('MARI', Timestamp('2013-03-02 04:00:00')): E takes: 0.02470874786376953
Stats for ('MARI', Timestamp('2013-03-02 04:00:00')): Var takes: 0.5312075614929199
Stats for ('MARI', Timestamp('2013-03-02 04:00:00')): StdDev takes: 0.5367064476013184
Stats for ('MARI', Timestamp('2013-03-02 04:00:00')): Sobol_m takes: 0.6848914623260498
Stats for ('MARI', Timestamp('2013-03-02 04:00:00')): Sobol_m2 takes: 1.2671332359313965
Stats for ('MARI', Timestamp('2013-03-02 04:00:00')): Sobol_t takes: 1.4862446784973145
Stats for ('MARI', Timestamp('2013-03-02 04:00:00')): P10 takes: 0.010005950927734375
Stats for ('MARI', Timestamp('2013-03-02 04:00:00')): P90 takes: 0.009478092193603516
Stats: gPCE takes: 0.00525355339050293
Stats for ('MARI', Timestamp('2013-03-02 05:00:00')): E takes: 0.02441549301147461
Stats for ('MARI', Timestamp('2013-03-02 05:00:00')): Var takes: 0.532156229019165
Stats for ('MARI', Timestamp('2013-03-02 05:00:00')): StdDev takes: 0.5317203998565674
Stats for ('MARI', Timestamp('2013-03-02 05:00:00')): Sobol_m takes: 0.6843185424804688
Stats for ('MARI', Timestamp('2013-03-02 05:00:00')): Sobol_m2 takes: 1.2674896717071533
Stats for ('MARI', Timestamp('2013-03-02 05:00:00')): Sobol_t takes: 1.486295461654663
Stats for ('MARI', Timestamp('2013-03-02 05:00:00')): P10 takes: 0.00970149040222168
Stats for ('MARI', Timestamp('2013-03-02 05:00:00')): P90 takes: 0.009571075439453125
Stats: gPCE takes: 0.005111217498779297
Stats for ('MARI', Timestamp('2013-03-02 06:00:00')): E takes: 0.022369384765625
Stats for ('MARI', Timestamp('2013-03-02 06:00:00')): Var takes: 0.5017719268798828
Stats for ('MARI', Timestamp('2013-03-02 06:00:00')): StdDev takes: 0.4541645050048828
Stats for ('MARI', Timestamp('2013-03-02 06:00:00')): Sobol_m takes: 0.5988943576812744
Stats for ('MARI', Timestamp('2013-03-02 06:00:00')): Sobol_m2 takes: 1.1428766250610352
Stats for ('MARI', Timestamp('2013-03-02 06:00:00')): Sobol_t takes: 1.3087446689605713
Stats for ('MARI', Timestamp('2013-03-02 06:00:00')): P10 takes: 0.009540081024169922
Stats for ('MARI', Timestamp('2013-03-02 06:00:00')): P90 takes: 0.009471893310546875
Stats: gPCE takes: 0.005033969879150391
Stats for ('MARI', Timestamp('2013-03-02 07:00:00')): E takes: 0.024518966674804688
Stats for ('MARI', Timestamp('2013-03-02 07:00:00')): Var takes: 0.532221794128418
Stats for ('MARI', Timestamp('2013-03-02 07:00:00')): StdDev takes: 0.531069278717041
Stats for ('MARI', Timestamp('2013-03-02 07:00:00')): Sobol_m takes: 0.682802677154541
Stats for ('MARI', Timestamp('2013-03-02 07:00:00')): Sobol_m2 takes: 1.26556396484375
Stats for ('MARI', Timestamp('2013-03-02 07:00:00')): Sobol_t takes: 1.4858191013336182
Stats for ('MARI', Timestamp('2013-03-02 07:00:00')): P10 takes: 0.009481668472290039
Stats for ('MARI', Timestamp('2013-03-02 07:00:00')): P90 takes: 0.009578466415405273
Stats: gPCE takes: 0.005035877227783203
Stats for ('MARI', Timestamp('2013-03-02 08:00:00')): E takes: 0.024132251739501953
Stats for ('MARI', Timestamp('2013-03-02 08:00:00')): Var takes: 0.5335965156555176
Stats for ('MARI', Timestamp('2013-03-02 08:00:00')): StdDev takes: 0.5344126224517822
Stats for ('MARI', Timestamp('2013-03-02 08:00:00')): Sobol_m takes: 0.6871654987335205
Stats for ('MARI', Timestamp('2013-03-02 08:00:00')): Sobol_m2 takes: 1.2694180011749268
Stats for ('MARI', Timestamp('2013-03-02 08:00:00')): Sobol_t takes: 1.5120759010314941
Stats for ('MARI', Timestamp('2013-03-02 08:00:00')): P10 takes: 0.009832143783569336
Stats for ('MARI', Timestamp('2013-03-02 08:00:00')): P90 takes: 0.009598493576049805
Stats: gPCE takes: 0.005093574523925781
Stats for ('MARI', Timestamp('2013-03-02 09:00:00')): E takes: 0.02197432518005371
Stats for ('MARI', Timestamp('2013-03-02 09:00:00')): Var takes: 0.4536709785461426
Stats for ('MARI', Timestamp('2013-03-02 09:00:00')): StdDev takes: 0.45524168014526367
Stats for ('MARI', Timestamp('2013-03-02 09:00:00')): Sobol_m takes: 0.5995240211486816
Stats for ('MARI', Timestamp('2013-03-02 09:00:00')): Sobol_m2 takes: 1.1443557739257812
Stats for ('MARI', Timestamp('2013-03-02 09:00:00')): Sobol_t takes: 1.3090102672576904
Stats for ('MARI', Timestamp('2013-03-02 09:00:00')): P10 takes: 0.009403467178344727
Stats for ('MARI', Timestamp('2013-03-02 09:00:00')): P90 takes: 0.009202003479003906
Stats: gPCE takes: 0.004929304122924805
Stats for ('MARI', Timestamp('2013-03-02 10:00:00')): E takes: 0.020359039306640625
Stats for ('MARI', Timestamp('2013-03-02 10:00:00')): Var takes: 0.38854002952575684
Stats for ('MARI', Timestamp('2013-03-02 10:00:00')): StdDev takes: 0.3891181945800781
Stats for ('MARI', Timestamp('2013-03-02 10:00:00')): Sobol_m takes: 0.5281338691711426
Stats for ('MARI', Timestamp('2013-03-02 10:00:00')): Sobol_m2 takes: 1.0391027927398682
Stats for ('MARI', Timestamp('2013-03-02 10:00:00')): Sobol_t takes: 1.146498680114746
Stats for ('MARI', Timestamp('2013-03-02 10:00:00')): P10 takes: 0.00926661491394043
Stats for ('MARI', Timestamp('2013-03-02 10:00:00')): P90 takes: 0.009147167205810547
Stats: gPCE takes: 0.005142927169799805
Stats for ('MARI', Timestamp('2013-03-02 11:00:00')): E takes: 0.024268627166748047
Stats for ('MARI', Timestamp('2013-03-02 11:00:00')): Var takes: 0.53305983543396
Stats for ('MARI', Timestamp('2013-03-02 11:00:00')): StdDev takes: 0.5332775115966797
Stats for ('MARI', Timestamp('2013-03-02 11:00:00')): Sobol_m takes: 0.685051441192627
Stats for ('MARI', Timestamp('2013-03-02 11:00:00')): Sobol_m2 takes: 1.267237663269043
Stats for ('MARI', Timestamp('2013-03-02 11:00:00')): Sobol_t takes: 1.5125064849853516
Stats for ('MARI', Timestamp('2013-03-02 11:00:00')): P10 takes: 0.009587526321411133
Stats for ('MARI', Timestamp('2013-03-02 11:00:00')): P90 takes: 0.009549379348754883
Stats: gPCE takes: 0.005249738693237305
Stats for ('MARI', Timestamp('2013-03-02 12:00:00')): E takes: 0.023869037628173828
Stats for ('MARI', Timestamp('2013-03-02 12:00:00')): Var takes: 0.5281291007995605
Stats for ('MARI', Timestamp('2013-03-02 12:00:00')): StdDev takes: 0.5294079780578613
Stats for ('MARI', Timestamp('2013-03-02 12:00:00')): Sobol_m takes: 0.68157958984375
Stats for ('MARI', Timestamp('2013-03-02 12:00:00')): Sobol_m2 takes: 1.2673163414001465
Stats for ('MARI', Timestamp('2013-03-02 12:00:00')): Sobol_t takes: 1.4829435348510742
Stats for ('MARI', Timestamp('2013-03-02 12:00:00')): P10 takes: 0.009609222412109375
Stats for ('MARI', Timestamp('2013-03-02 12:00:00')): P90 takes: 0.00972127914428711
Stats: gPCE takes: 0.005173206329345703
Stats for ('MARI', Timestamp('2013-03-02 13:00:00')): E takes: 0.024397611618041992
Stats for ('MARI', Timestamp('2013-03-02 13:00:00')): Var takes: 0.5327751636505127
Stats for ('MARI', Timestamp('2013-03-02 13:00:00')): StdDev takes: 0.5328061580657959
Stats for ('MARI', Timestamp('2013-03-02 13:00:00')): Sobol_m takes: 0.6860353946685791
Stats for ('MARI', Timestamp('2013-03-02 13:00:00')): Sobol_m2 takes: 1.2682580947875977
Stats for ('MARI', Timestamp('2013-03-02 13:00:00')): Sobol_t takes: 1.4910805225372314
Stats for ('MARI', Timestamp('2013-03-02 13:00:00')): P10 takes: 0.010010719299316406
Stats for ('MARI', Timestamp('2013-03-02 13:00:00')): P90 takes: 0.009647130966186523
Stats: gPCE takes: 0.005202293395996094
Stats for ('MARI', Timestamp('2013-03-02 14:00:00')): E takes: 0.02418994903564453
Stats for ('MARI', Timestamp('2013-03-02 14:00:00')): Var takes: 0.5339927673339844
Stats for ('MARI', Timestamp('2013-03-02 14:00:00')): StdDev takes: 0.5334537029266357
Stats for ('MARI', Timestamp('2013-03-02 14:00:00')): Sobol_m takes: 0.685340404510498
Stats for ('MARI', Timestamp('2013-03-02 14:00:00')): Sobol_m2 takes: 1.310032844543457
Stats for ('MARI', Timestamp('2013-03-02 14:00:00')): Sobol_t takes: 1.4762728214263916
Stats for ('MARI', Timestamp('2013-03-02 14:00:00')): P10 takes: 0.00972127914428711
Stats for ('MARI', Timestamp('2013-03-02 14:00:00')): P90 takes: 0.009604930877685547
Stats: gPCE takes: 0.0050868988037109375
Stats for ('MARI', Timestamp('2013-03-02 15:00:00')): E takes: 0.023986339569091797
Stats for ('MARI', Timestamp('2013-03-02 15:00:00')): Var takes: 0.5302534103393555
Stats for ('MARI', Timestamp('2013-03-02 15:00:00')): StdDev takes: 0.5311746597290039
Stats for ('MARI', Timestamp('2013-03-02 15:00:00')): Sobol_m takes: 0.6825263500213623
Stats for ('MARI', Timestamp('2013-03-02 15:00:00')): Sobol_m2 takes: 1.2647383213043213
Stats for ('MARI', Timestamp('2013-03-02 15:00:00')): Sobol_t takes: 1.4828674793243408
Stats for ('MARI', Timestamp('2013-03-02 15:00:00')): P10 takes: 0.009596824645996094
Stats for ('MARI', Timestamp('2013-03-02 15:00:00')): P90 takes: 0.009520769119262695
Stats: gPCE takes: 0.005079984664916992
Stats for ('MARI', Timestamp('2013-03-02 16:00:00')): E takes: 0.024475574493408203
Stats for ('MARI', Timestamp('2013-03-02 16:00:00')): Var takes: 0.5332701206207275
Stats for ('MARI', Timestamp('2013-03-02 16:00:00')): StdDev takes: 0.5324218273162842
Stats for ('MARI', Timestamp('2013-03-02 16:00:00')): Sobol_m takes: 0.6835989952087402
Stats for ('MARI', Timestamp('2013-03-02 16:00:00')): Sobol_m2 takes: 1.2665116786956787
Stats for ('MARI', Timestamp('2013-03-02 16:00:00')): Sobol_t takes: 1.484450101852417
Stats for ('MARI', Timestamp('2013-03-02 16:00:00')): P10 takes: 0.009465456008911133
Stats for ('MARI', Timestamp('2013-03-02 16:00:00')): P90 takes: 0.009598016738891602
Stats: gPCE takes: 0.005194425582885742
Stats for ('MARI', Timestamp('2013-03-02 17:00:00')): E takes: 0.024658679962158203
Stats for ('MARI', Timestamp('2013-03-02 17:00:00')): Var takes: 0.5313653945922852
Stats for ('MARI', Timestamp('2013-03-02 17:00:00')): StdDev takes: 0.5325572490692139
Stats for ('MARI', Timestamp('2013-03-02 17:00:00')): Sobol_m takes: 0.7128965854644775
Stats for ('MARI', Timestamp('2013-03-02 17:00:00')): Sobol_m2 takes: 1.2572705745697021
Stats for ('MARI', Timestamp('2013-03-02 17:00:00')): Sobol_t takes: 1.475381851196289
Stats for ('MARI', Timestamp('2013-03-02 17:00:00')): P10 takes: 0.009560585021972656
Stats for ('MARI', Timestamp('2013-03-02 17:00:00')): P90 takes: 0.009611845016479492
Stats: gPCE takes: 0.005071878433227539
Stats for ('MARI', Timestamp('2013-03-02 18:00:00')): E takes: 0.02408313751220703
Stats for ('MARI', Timestamp('2013-03-02 18:00:00')): Var takes: 0.5309548377990723
Stats for ('MARI', Timestamp('2013-03-02 18:00:00')): StdDev takes: 0.5307872295379639
Stats for ('MARI', Timestamp('2013-03-02 18:00:00')): Sobol_m takes: 0.6841695308685303
Stats for ('MARI', Timestamp('2013-03-02 18:00:00')): Sobol_m2 takes: 1.2640373706817627
Stats for ('MARI', Timestamp('2013-03-02 18:00:00')): Sobol_t takes: 1.4817721843719482
Stats for ('MARI', Timestamp('2013-03-02 18:00:00')): P10 takes: 0.009550333023071289
Stats for ('MARI', Timestamp('2013-03-02 18:00:00')): P90 takes: 0.009652376174926758
Stats: gPCE takes: 0.005182981491088867
Stats for ('MARI', Timestamp('2013-03-02 19:00:00')): E takes: 0.024152517318725586
Stats for ('MARI', Timestamp('2013-03-02 19:00:00')): Var takes: 0.5326764583587646
Stats for ('MARI', Timestamp('2013-03-02 19:00:00')): StdDev takes: 0.5333454608917236
Stats for ('MARI', Timestamp('2013-03-02 19:00:00')): Sobol_m takes: 0.6862969398498535
Stats for ('MARI', Timestamp('2013-03-02 19:00:00')): Sobol_m2 takes: 1.269092082977295
Stats for ('MARI', Timestamp('2013-03-02 19:00:00')): Sobol_t takes: 1.514256238937378
Stats for ('MARI', Timestamp('2013-03-02 19:00:00')): P10 takes: 0.009864568710327148
Stats for ('MARI', Timestamp('2013-03-02 19:00:00')): P90 takes: 0.009679794311523438
Stats: gPCE takes: 0.005068302154541016
Stats for ('MARI', Timestamp('2013-03-02 20:00:00')): E takes: 0.02400660514831543
Stats for ('MARI', Timestamp('2013-03-02 20:00:00')): Var takes: 0.5263838768005371
Stats for ('MARI', Timestamp('2013-03-02 20:00:00')): StdDev takes: 0.5262794494628906
Stats for ('MARI', Timestamp('2013-03-02 20:00:00')): Sobol_m takes: 0.6776530742645264
Stats for ('MARI', Timestamp('2013-03-02 20:00:00')): Sobol_m2 takes: 1.2616727352142334
Stats for ('MARI', Timestamp('2013-03-02 20:00:00')): Sobol_t takes: 1.4788894653320312
Stats for ('MARI', Timestamp('2013-03-02 20:00:00')): P10 takes: 0.009578704833984375
Stats for ('MARI', Timestamp('2013-03-02 20:00:00')): P90 takes: 0.009579658508300781
Stats: gPCE takes: 0.005165576934814453
Stats for ('MARI', Timestamp('2013-03-02 21:00:00')): E takes: 0.02418684959411621
Stats for ('MARI', Timestamp('2013-03-02 21:00:00')): Var takes: 0.5312190055847168
Stats for ('MARI', Timestamp('2013-03-02 21:00:00')): StdDev takes: 0.5318722724914551
Stats for ('MARI', Timestamp('2013-03-02 21:00:00')): Sobol_m takes: 0.6852338314056396
Stats for ('MARI', Timestamp('2013-03-02 21:00:00')): Sobol_m2 takes: 1.2658259868621826
Stats for ('MARI', Timestamp('2013-03-02 21:00:00')): Sobol_t takes: 1.4840919971466064
Stats for ('MARI', Timestamp('2013-03-02 21:00:00')): P10 takes: 0.009631872177124023
Stats for ('MARI', Timestamp('2013-03-02 21:00:00')): P90 takes: 0.009559154510498047
Stats: gPCE takes: 0.005177497863769531
Stats for ('MARI', Timestamp('2013-03-02 22:00:00')): E takes: 0.024141788482666016
Stats for ('MARI', Timestamp('2013-03-02 22:00:00')): Var takes: 0.5313925743103027
Stats for ('MARI', Timestamp('2013-03-02 22:00:00')): StdDev takes: 0.5314598083496094
Stats for ('MARI', Timestamp('2013-03-02 22:00:00')): Sobol_m takes: 0.6835002899169922
Stats for ('MARI', Timestamp('2013-03-02 22:00:00')): Sobol_m2 takes: 1.2930028438568115
Stats for ('MARI', Timestamp('2013-03-02 22:00:00')): Sobol_t takes: 1.472970724105835
Stats for ('MARI', Timestamp('2013-03-02 22:00:00')): P10 takes: 0.009687662124633789
Stats for ('MARI', Timestamp('2013-03-02 22:00:00')): P90 takes: 0.009634256362915039
Stats: gPCE takes: 0.005076408386230469
Stats for ('MARI', Timestamp('2013-03-02 23:00:00')): E takes: 0.023984193801879883
Stats for ('MARI', Timestamp('2013-03-02 23:00:00')): Var takes: 0.5285699367523193
Stats for ('MARI', Timestamp('2013-03-02 23:00:00')): StdDev takes: 0.5297210216522217
Stats for ('MARI', Timestamp('2013-03-02 23:00:00')): Sobol_m takes: 0.6813428401947021
Stats for ('MARI', Timestamp('2013-03-02 23:00:00')): Sobol_m2 takes: 1.2616052627563477
Stats for ('MARI', Timestamp('2013-03-02 23:00:00')): Sobol_t takes: 1.4860105514526367
Stats for ('MARI', Timestamp('2013-03-02 23:00:00')): P10 takes: 0.009455204010009766
Stats for ('MARI', Timestamp('2013-03-02 23:00:00')): P90 takes: 0.009561300277709961
Stats: gPCE takes: 0.005203723907470703
Stats for ('MARI', Timestamp('2013-03-03 00:00:00')): E takes: 0.024327993392944336
Stats for ('MARI', Timestamp('2013-03-03 00:00:00')): Var takes: 0.5319886207580566
Stats for ('MARI', Timestamp('2013-03-03 00:00:00')): StdDev takes: 0.5311357975006104
Stats for ('MARI', Timestamp('2013-03-03 00:00:00')): Sobol_m takes: 0.6845645904541016
Stats for ('MARI', Timestamp('2013-03-03 00:00:00')): Sobol_m2 takes: 1.2679593563079834
Stats for ('MARI', Timestamp('2013-03-03 00:00:00')): Sobol_t takes: 1.4849579334259033
Stats for ('MARI', Timestamp('2013-03-03 00:00:00')): P10 takes: 0.009580612182617188
Stats for ('MARI', Timestamp('2013-03-03 00:00:00')): P90 takes: 0.009484052658081055
Stats: gPCE takes: 0.0051746368408203125
Stats for ('MARI', Timestamp('2013-03-03 01:00:00')): E takes: 0.024196624755859375
Stats for ('MARI', Timestamp('2013-03-03 01:00:00')): Var takes: 0.5329108238220215
Stats for ('MARI', Timestamp('2013-03-03 01:00:00')): StdDev takes: 0.5334904193878174
Stats for ('MARI', Timestamp('2013-03-03 01:00:00')): Sobol_m takes: 0.7143101692199707
Stats for ('MARI', Timestamp('2013-03-03 01:00:00')): Sobol_m2 takes: 1.2578365802764893
Stats for ('MARI', Timestamp('2013-03-03 01:00:00')): Sobol_t takes: 1.4763362407684326
Stats for ('MARI', Timestamp('2013-03-03 01:00:00')): P10 takes: 0.009931087493896484
Stats for ('MARI', Timestamp('2013-03-03 01:00:00')): P90 takes: 0.009667158126831055
Stats: gPCE takes: 0.005309104919433594
Stats for ('MARI', Timestamp('2013-03-03 02:00:00')): E takes: 0.024230480194091797
Stats for ('MARI', Timestamp('2013-03-03 02:00:00')): Var takes: 0.5319728851318359
Stats for ('MARI', Timestamp('2013-03-03 02:00:00')): StdDev takes: 0.532191276550293
Stats for ('MARI', Timestamp('2013-03-03 02:00:00')): Sobol_m takes: 0.6841380596160889
Stats for ('MARI', Timestamp('2013-03-03 02:00:00')): Sobol_m2 takes: 1.266634464263916
Stats for ('MARI', Timestamp('2013-03-03 02:00:00')): Sobol_t takes: 1.4833695888519287
Stats for ('MARI', Timestamp('2013-03-03 02:00:00')): P10 takes: 0.009637832641601562
Stats for ('MARI', Timestamp('2013-03-03 02:00:00')): P90 takes: 0.009583473205566406
Stats: gPCE takes: 0.005052328109741211
Stats for ('MARI', Timestamp('2013-03-03 03:00:00')): E takes: 0.02467060089111328
Stats for ('MARI', Timestamp('2013-03-03 03:00:00')): Var takes: 0.5348014831542969
Stats for ('MARI', Timestamp('2013-03-03 03:00:00')): StdDev takes: 0.5332767963409424
Stats for ('MARI', Timestamp('2013-03-03 03:00:00')): Sobol_m takes: 0.6847083568572998
Stats for ('MARI', Timestamp('2013-03-03 03:00:00')): Sobol_m2 takes: 1.2676565647125244
Stats for ('MARI', Timestamp('2013-03-03 03:00:00')): Sobol_t takes: 1.5306880474090576
Stats for ('MARI', Timestamp('2013-03-03 03:00:00')): P10 takes: 0.009599924087524414
Stats for ('MARI', Timestamp('2013-03-03 03:00:00')): P90 takes: 0.009559392929077148
Stats: gPCE takes: 0.005069255828857422
Stats for ('MARI', Timestamp('2013-03-03 04:00:00')): E takes: 0.02383136749267578
Stats for ('MARI', Timestamp('2013-03-03 04:00:00')): Var takes: 0.5259299278259277
Stats for ('MARI', Timestamp('2013-03-03 04:00:00')): StdDev takes: 0.5297777652740479
Stats for ('MARI', Timestamp('2013-03-03 04:00:00')): Sobol_m takes: 0.6804466247558594
Stats for ('MARI', Timestamp('2013-03-03 04:00:00')): Sobol_m2 takes: 1.2621684074401855
Stats for ('MARI', Timestamp('2013-03-03 04:00:00')): Sobol_t takes: 1.4821677207946777
Stats for ('MARI', Timestamp('2013-03-03 04:00:00')): P10 takes: 0.009588003158569336
Stats for ('MARI', Timestamp('2013-03-03 04:00:00')): P90 takes: 0.009587764739990234
Stats: gPCE takes: 0.00520014762878418
Stats for ('MARI', Timestamp('2013-03-03 05:00:00')): E takes: 0.02438044548034668
Stats for ('MARI', Timestamp('2013-03-03 05:00:00')): Var takes: 0.53346848487854
Stats for ('MARI', Timestamp('2013-03-03 05:00:00')): StdDev takes: 0.5327646732330322
Stats for ('MARI', Timestamp('2013-03-03 05:00:00')): Sobol_m takes: 0.6871054172515869
Stats for ('MARI', Timestamp('2013-03-03 05:00:00')): Sobol_m2 takes: 1.2677156925201416
Stats for ('MARI', Timestamp('2013-03-03 05:00:00')): Sobol_t takes: 1.4839122295379639
Stats for ('MARI', Timestamp('2013-03-03 05:00:00')): P10 takes: 0.00959014892578125
Stats for ('MARI', Timestamp('2013-03-03 05:00:00')): P90 takes: 0.009647369384765625
Stats: gPCE takes: 0.005078315734863281
Stats for ('MARI', Timestamp('2013-03-03 06:00:00')): E takes: 0.025748491287231445
Stats for ('MARI', Timestamp('2013-03-03 06:00:00')): Var takes: 0.5379669666290283
Stats for ('MARI', Timestamp('2013-03-03 06:00:00')): StdDev takes: 0.5332555770874023
Stats for ('MARI', Timestamp('2013-03-03 06:00:00')): Sobol_m takes: 0.6852993965148926
Stats for ('MARI', Timestamp('2013-03-03 06:00:00')): Sobol_m2 takes: 1.2680139541625977
Stats for ('MARI', Timestamp('2013-03-03 06:00:00')): Sobol_t takes: 1.5043883323669434
Stats for ('MARI', Timestamp('2013-03-03 06:00:00')): P10 takes: 0.00961923599243164
Stats for ('MARI', Timestamp('2013-03-03 06:00:00')): P90 takes: 0.009679555892944336
Stats: gPCE takes: 0.005042314529418945
Stats for ('MARI', Timestamp('2013-03-03 07:00:00')): E takes: 0.023877620697021484
Stats for ('MARI', Timestamp('2013-03-03 07:00:00')): Var takes: 0.5276260375976562
Stats for ('MARI', Timestamp('2013-03-03 07:00:00')): StdDev takes: 0.5285770893096924
Stats for ('MARI', Timestamp('2013-03-03 07:00:00')): Sobol_m takes: 0.6795814037322998
Stats for ('MARI', Timestamp('2013-03-03 07:00:00')): Sobol_m2 takes: 1.2623798847198486
Stats for ('MARI', Timestamp('2013-03-03 07:00:00')): Sobol_t takes: 1.4788765907287598
Stats for ('MARI', Timestamp('2013-03-03 07:00:00')): P10 takes: 0.009567975997924805
Stats for ('MARI', Timestamp('2013-03-03 07:00:00')): P90 takes: 0.009575128555297852
Stats: gPCE takes: 0.005034685134887695
Stats for ('MARI', Timestamp('2013-03-03 08:00:00')): E takes: 0.022184133529663086
Stats for ('MARI', Timestamp('2013-03-03 08:00:00')): Var takes: 0.4590740203857422
Stats for ('MARI', Timestamp('2013-03-03 08:00:00')): StdDev takes: 0.45923495292663574
Stats for ('MARI', Timestamp('2013-03-03 08:00:00')): Sobol_m takes: 0.6049611568450928
Stats for ('MARI', Timestamp('2013-03-03 08:00:00')): Sobol_m2 takes: 1.1501719951629639
Stats for ('MARI', Timestamp('2013-03-03 08:00:00')): Sobol_t takes: 1.3103160858154297
Stats for ('MARI', Timestamp('2013-03-03 08:00:00')): P10 takes: 0.009499549865722656
Stats for ('MARI', Timestamp('2013-03-03 08:00:00')): P90 takes: 0.009518861770629883
Stats: gPCE takes: 0.0051877498626708984
Stats for ('MARI', Timestamp('2013-03-03 09:00:00')): E takes: 0.024147510528564453
Stats for ('MARI', Timestamp('2013-03-03 09:00:00')): Var takes: 0.5324127674102783
Stats for ('MARI', Timestamp('2013-03-03 09:00:00')): StdDev takes: 0.5322914123535156
Stats for ('MARI', Timestamp('2013-03-03 09:00:00')): Sobol_m takes: 0.6863303184509277
Stats for ('MARI', Timestamp('2013-03-03 09:00:00')): Sobol_m2 takes: 1.2942757606506348
Stats for ('MARI', Timestamp('2013-03-03 09:00:00')): Sobol_t takes: 1.474855661392212
Stats for ('MARI', Timestamp('2013-03-03 09:00:00')): P10 takes: 0.009634733200073242
Stats for ('MARI', Timestamp('2013-03-03 09:00:00')): P90 takes: 0.009583473205566406
Stats: gPCE takes: 0.005228757858276367
Stats for ('MARI', Timestamp('2013-03-03 10:00:00')): E takes: 0.024098873138427734
Stats for ('MARI', Timestamp('2013-03-03 10:00:00')): Var takes: 0.5301992893218994
Stats for ('MARI', Timestamp('2013-03-03 10:00:00')): StdDev takes: 0.5313577651977539
Stats for ('MARI', Timestamp('2013-03-03 10:00:00')): Sobol_m takes: 0.6826572418212891
Stats for ('MARI', Timestamp('2013-03-03 10:00:00')): Sobol_m2 takes: 1.2644383907318115
Stats for ('MARI', Timestamp('2013-03-03 10:00:00')): Sobol_t takes: 1.4841558933258057
Stats for ('MARI', Timestamp('2013-03-03 10:00:00')): P10 takes: 0.009561300277709961
Stats for ('MARI', Timestamp('2013-03-03 10:00:00')): P90 takes: 0.009464740753173828
Stats: gPCE takes: 0.005041360855102539
Stats for ('MARI', Timestamp('2013-03-03 11:00:00')): E takes: 0.022545576095581055
Stats for ('MARI', Timestamp('2013-03-03 11:00:00')): Var takes: 0.4627976417541504
Stats for ('MARI', Timestamp('2013-03-03 11:00:00')): StdDev takes: 0.45868396759033203
Stats for ('MARI', Timestamp('2013-03-03 11:00:00')): Sobol_m takes: 0.6034719944000244
Stats for ('MARI', Timestamp('2013-03-03 11:00:00')): Sobol_m2 takes: 1.148946762084961
Stats for ('MARI', Timestamp('2013-03-03 11:00:00')): Sobol_t takes: 1.314260482788086
Stats for ('MARI', Timestamp('2013-03-03 11:00:00')): P10 takes: 0.009420394897460938
Stats for ('MARI', Timestamp('2013-03-03 11:00:00')): P90 takes: 0.009421110153198242
Stats: gPCE takes: 0.005192756652832031
Stats for ('MARI', Timestamp('2013-03-03 12:00:00')): E takes: 0.024590015411376953
Stats for ('MARI', Timestamp('2013-03-03 12:00:00')): Var takes: 0.5330302715301514
Stats for ('MARI', Timestamp('2013-03-03 12:00:00')): StdDev takes: 0.5325922966003418
Stats for ('MARI', Timestamp('2013-03-03 12:00:00')): Sobol_m takes: 0.7139191627502441
Stats for ('MARI', Timestamp('2013-03-03 12:00:00')): Sobol_m2 takes: 1.257669448852539
Stats for ('MARI', Timestamp('2013-03-03 12:00:00')): Sobol_t takes: 1.476663589477539
Stats for ('MARI', Timestamp('2013-03-03 12:00:00')): P10 takes: 0.009688854217529297
Stats for ('MARI', Timestamp('2013-03-03 12:00:00')): P90 takes: 0.00953984260559082
Stats: gPCE takes: 0.005086183547973633
Stats for ('MARI', Timestamp('2013-03-03 13:00:00')): E takes: 0.02567911148071289
Stats for ('MARI', Timestamp('2013-03-03 13:00:00')): Var takes: 0.5337517261505127
Stats for ('MARI', Timestamp('2013-03-03 13:00:00')): StdDev takes: 0.5324726104736328
Stats for ('MARI', Timestamp('2013-03-03 13:00:00')): Sobol_m takes: 0.6825473308563232
Stats for ('MARI', Timestamp('2013-03-03 13:00:00')): Sobol_m2 takes: 1.265038251876831
Stats for ('MARI', Timestamp('2013-03-03 13:00:00')): Sobol_t takes: 1.4848487377166748
Stats for ('MARI', Timestamp('2013-03-03 13:00:00')): P10 takes: 0.009478569030761719
Stats for ('MARI', Timestamp('2013-03-03 13:00:00')): P90 takes: 0.009656429290771484
Stats: gPCE takes: 0.005084991455078125
Stats for ('MARI', Timestamp('2013-03-03 14:00:00')): E takes: 0.024186134338378906
Stats for ('MARI', Timestamp('2013-03-03 14:00:00')): Var takes: 0.5327713489532471
Stats for ('MARI', Timestamp('2013-03-03 14:00:00')): StdDev takes: 0.5332274436950684
Stats for ('MARI', Timestamp('2013-03-03 14:00:00')): Sobol_m takes: 0.685997724533081
Stats for ('MARI', Timestamp('2013-03-03 14:00:00')): Sobol_m2 takes: 1.2679712772369385
Stats for ('MARI', Timestamp('2013-03-03 14:00:00')): Sobol_t takes: 1.4871571063995361
Stats for ('MARI', Timestamp('2013-03-03 14:00:00')): P10 takes: 0.009862899780273438
Stats for ('MARI', Timestamp('2013-03-03 14:00:00')): P90 takes: 0.00959157943725586
Stats: gPCE takes: 0.0051746368408203125
Stats for ('MARI', Timestamp('2013-03-03 15:00:00')): E takes: 0.06923079490661621
Stats for ('MARI', Timestamp('2013-03-03 15:00:00')): Var takes: 0.5265977382659912
Stats for ('MARI', Timestamp('2013-03-03 15:00:00')): StdDev takes: 0.5273494720458984
Stats for ('MARI', Timestamp('2013-03-03 15:00:00')): Sobol_m takes: 0.6799962520599365
Stats for ('MARI', Timestamp('2013-03-03 15:00:00')): Sobol_m2 takes: 1.2786650657653809
Stats for ('MARI', Timestamp('2013-03-03 15:00:00')): Sobol_t takes: 1.4789302349090576
Stats for ('MARI', Timestamp('2013-03-03 15:00:00')): P10 takes: 0.009593725204467773
Stats for ('MARI', Timestamp('2013-03-03 15:00:00')): P90 takes: 0.00965261459350586
Stats: gPCE takes: 0.0051915645599365234
Stats for ('MARI', Timestamp('2013-03-03 16:00:00')): E takes: 0.02423381805419922
Stats for ('MARI', Timestamp('2013-03-03 16:00:00')): Var takes: 0.5306761264801025
Stats for ('MARI', Timestamp('2013-03-03 16:00:00')): StdDev takes: 0.5318610668182373
Stats for ('MARI', Timestamp('2013-03-03 16:00:00')): Sobol_m takes: 0.6840648651123047
Stats for ('MARI', Timestamp('2013-03-03 16:00:00')): Sobol_m2 takes: 1.2681314945220947
Stats for ('MARI', Timestamp('2013-03-03 16:00:00')): Sobol_t takes: 1.4824597835540771
Stats for ('MARI', Timestamp('2013-03-03 16:00:00')): P10 takes: 0.009502172470092773
Stats for ('MARI', Timestamp('2013-03-03 16:00:00')): P90 takes: 0.009586334228515625
Stats: gPCE takes: 0.004982709884643555
Stats for ('MARI', Timestamp('2013-03-03 17:00:00')): E takes: 0.024198532104492188
Stats for ('MARI', Timestamp('2013-03-03 17:00:00')): Var takes: 0.5327548980712891
Stats for ('MARI', Timestamp('2013-03-03 17:00:00')): StdDev takes: 0.5332467555999756
Stats for ('MARI', Timestamp('2013-03-03 17:00:00')): Sobol_m takes: 0.6864674091339111
Stats for ('MARI', Timestamp('2013-03-03 17:00:00')): Sobol_m2 takes: 1.2997324466705322
Stats for ('MARI', Timestamp('2013-03-03 17:00:00')): Sobol_t takes: 1.467604160308838
Stats for ('MARI', Timestamp('2013-03-03 17:00:00')): P10 takes: 0.009662628173828125
Stats for ('MARI', Timestamp('2013-03-03 17:00:00')): P90 takes: 0.009595155715942383
Stats: gPCE takes: 0.005055665969848633
Stats for ('MARI', Timestamp('2013-03-03 18:00:00')): E takes: 0.02391529083251953
Stats for ('MARI', Timestamp('2013-03-03 18:00:00')): Var takes: 0.52773118019104
Stats for ('MARI', Timestamp('2013-03-03 18:00:00')): StdDev takes: 0.5285654067993164
Stats for ('MARI', Timestamp('2013-03-03 18:00:00')): Sobol_m takes: 0.6800682544708252
Stats for ('MARI', Timestamp('2013-03-03 18:00:00')): Sobol_m2 takes: 1.2618677616119385
Stats for ('MARI', Timestamp('2013-03-03 18:00:00')): Sobol_t takes: 1.4807565212249756
Stats for ('MARI', Timestamp('2013-03-03 18:00:00')): P10 takes: 0.00945425033569336
Stats for ('MARI', Timestamp('2013-03-03 18:00:00')): P90 takes: 0.009615659713745117
Stats: gPCE takes: 0.005103111267089844
Stats for ('MARI', Timestamp('2013-03-03 19:00:00')): E takes: 0.02411508560180664
Stats for ('MARI', Timestamp('2013-03-03 19:00:00')): Var takes: 0.5326964855194092
Stats for ('MARI', Timestamp('2013-03-03 19:00:00')): StdDev takes: 0.5327432155609131
Stats for ('MARI', Timestamp('2013-03-03 19:00:00')): Sobol_m takes: 0.6846153736114502
Stats for ('MARI', Timestamp('2013-03-03 19:00:00')): Sobol_m2 takes: 1.266993522644043
Stats for ('MARI', Timestamp('2013-03-03 19:00:00')): Sobol_t takes: 1.485572338104248
Stats for ('MARI', Timestamp('2013-03-03 19:00:00')): P10 takes: 0.009488105773925781
Stats for ('MARI', Timestamp('2013-03-03 19:00:00')): P90 takes: 0.009686708450317383
Stats: gPCE takes: 0.005132198333740234
Stats for ('MARI', Timestamp('2013-03-03 20:00:00')): E takes: 0.02507495880126953
Stats for ('MARI', Timestamp('2013-03-03 20:00:00')): Var takes: 0.5326483249664307
Stats for ('MARI', Timestamp('2013-03-03 20:00:00')): StdDev takes: 0.5322756767272949
Stats for ('MARI', Timestamp('2013-03-03 20:00:00')): Sobol_m takes: 0.7157182693481445
Stats for ('MARI', Timestamp('2013-03-03 20:00:00')): Sobol_m2 takes: 1.2544660568237305
Stats for ('MARI', Timestamp('2013-03-03 20:00:00')): Sobol_t takes: 1.4754638671875
Stats for ('MARI', Timestamp('2013-03-03 20:00:00')): P10 takes: 0.009686708450317383
Stats for ('MARI', Timestamp('2013-03-03 20:00:00')): P90 takes: 0.009530782699584961
Stats: gPCE takes: 0.004967927932739258
Stats for ('MARI', Timestamp('2013-03-03 21:00:00')): E takes: 0.023531436920166016
Stats for ('MARI', Timestamp('2013-03-03 21:00:00')): Var takes: 0.45699381828308105
Stats for ('MARI', Timestamp('2013-03-03 21:00:00')): StdDev takes: 0.4566004276275635
Stats for ('MARI', Timestamp('2013-03-03 21:00:00')): Sobol_m takes: 0.6016104221343994
Stats for ('MARI', Timestamp('2013-03-03 21:00:00')): Sobol_m2 takes: 1.148242473602295
Stats for ('MARI', Timestamp('2013-03-03 21:00:00')): Sobol_t takes: 1.3126871585845947
Stats for ('MARI', Timestamp('2013-03-03 21:00:00')): P10 takes: 0.009387016296386719
Stats for ('MARI', Timestamp('2013-03-03 21:00:00')): P90 takes: 0.009404659271240234
Stats: gPCE takes: 0.0050809383392333984
Stats for ('MARI', Timestamp('2013-03-03 22:00:00')): E takes: 0.02419257164001465
Stats for ('MARI', Timestamp('2013-03-03 22:00:00')): Var takes: 0.5334951877593994
Stats for ('MARI', Timestamp('2013-03-03 22:00:00')): StdDev takes: 0.5377762317657471
Stats for ('MARI', Timestamp('2013-03-03 22:00:00')): Sobol_m takes: 0.6839478015899658
Stats for ('MARI', Timestamp('2013-03-03 22:00:00')): Sobol_m2 takes: 1.268324613571167
Stats for ('MARI', Timestamp('2013-03-03 22:00:00')): Sobol_t takes: 1.485853672027588
Stats for ('MARI', Timestamp('2013-03-03 22:00:00')): P10 takes: 0.009479761123657227
Stats for ('MARI', Timestamp('2013-03-03 22:00:00')): P90 takes: 0.009607553482055664
Stats: gPCE takes: 0.00496363639831543
Stats for ('MARI', Timestamp('2013-03-03 23:00:00')): E takes: 0.02420806884765625
Stats for ('MARI', Timestamp('2013-03-03 23:00:00')): Var takes: 0.5340874195098877
Stats for ('MARI', Timestamp('2013-03-03 23:00:00')): StdDev takes: 0.5657086372375488
Stats for ('MARI', Timestamp('2013-03-03 23:00:00')): Sobol_m takes: 0.677922248840332
Stats for ('MARI', Timestamp('2013-03-03 23:00:00')): Sobol_m2 takes: 1.2586686611175537
Stats for ('MARI', Timestamp('2013-03-03 23:00:00')): Sobol_t takes: 1.4801816940307617
Stats for ('MARI', Timestamp('2013-03-03 23:00:00')): P10 takes: 0.0096893310546875
Stats for ('MARI', Timestamp('2013-03-03 23:00:00')): P90 takes: 0.009489059448242188
Stats: gPCE takes: 0.0051805973052978516
Stats for ('MARI', Timestamp('2013-03-04 00:00:00')): E takes: 0.024167537689208984
Stats for ('MARI', Timestamp('2013-03-04 00:00:00')): Var takes: 0.5324110984802246
Stats for ('MARI', Timestamp('2013-03-04 00:00:00')): StdDev takes: 0.532433032989502
Stats for ('MARI', Timestamp('2013-03-04 00:00:00')): Sobol_m takes: 0.6853396892547607
Stats for ('MARI', Timestamp('2013-03-04 00:00:00')): Sobol_m2 takes: 1.2692012786865234
Stats for ('MARI', Timestamp('2013-03-04 00:00:00')): Sobol_t takes: 1.4850115776062012
Stats for ('MARI', Timestamp('2013-03-04 00:00:00')): P10 takes: 0.009598970413208008
Stats for ('MARI', Timestamp('2013-03-04 00:00:00')): P90 takes: 0.00957179069519043
Stats: gPCE takes: 0.005242586135864258
Stats for ('MARI', Timestamp('2013-03-04 01:00:00')): E takes: 0.024684667587280273
Stats for ('MARI', Timestamp('2013-03-04 01:00:00')): Var takes: 0.5317988395690918
Stats for ('MARI', Timestamp('2013-03-04 01:00:00')): StdDev takes: 0.5324041843414307
Stats for ('MARI', Timestamp('2013-03-04 01:00:00')): Sobol_m takes: 0.6846251487731934
Stats for ('MARI', Timestamp('2013-03-04 01:00:00')): Sobol_m2 takes: 1.2652008533477783
Stats for ('MARI', Timestamp('2013-03-04 01:00:00')): Sobol_t takes: 1.511040449142456
Stats for ('MARI', Timestamp('2013-03-04 01:00:00')): P10 takes: 0.009674072265625
Stats for ('MARI', Timestamp('2013-03-04 01:00:00')): P90 takes: 0.009529352188110352
Stats: gPCE takes: 0.005167722702026367
Stats for ('MARI', Timestamp('2013-03-04 02:00:00')): E takes: 0.024011850357055664
Stats for ('MARI', Timestamp('2013-03-04 02:00:00')): Var takes: 0.5281376838684082
Stats for ('MARI', Timestamp('2013-03-04 02:00:00')): StdDev takes: 0.5286602973937988
Stats for ('MARI', Timestamp('2013-03-04 02:00:00')): Sobol_m takes: 0.6808419227600098
Stats for ('MARI', Timestamp('2013-03-04 02:00:00')): Sobol_m2 takes: 1.2638142108917236
Stats for ('MARI', Timestamp('2013-03-04 02:00:00')): Sobol_t takes: 1.4821863174438477
Stats for ('MARI', Timestamp('2013-03-04 02:00:00')): P10 takes: 0.009592294692993164
Stats for ('MARI', Timestamp('2013-03-04 02:00:00')): P90 takes: 0.009572267532348633
Stats: gPCE takes: 0.005275249481201172
Stats for ('MARI', Timestamp('2013-03-04 03:00:00')): E takes: 0.024216175079345703
Stats for ('MARI', Timestamp('2013-03-04 03:00:00')): Var takes: 0.5335702896118164
Stats for ('MARI', Timestamp('2013-03-04 03:00:00')): StdDev takes: 0.5334649085998535
Stats for ('MARI', Timestamp('2013-03-04 03:00:00')): Sobol_m takes: 0.6865873336791992
Stats for ('MARI', Timestamp('2013-03-04 03:00:00')): Sobol_m2 takes: 1.2694735527038574
Stats for ('MARI', Timestamp('2013-03-04 03:00:00')): Sobol_t takes: 1.485316514968872
Stats for ('MARI', Timestamp('2013-03-04 03:00:00')): P10 takes: 0.009577512741088867
Stats for ('MARI', Timestamp('2013-03-04 03:00:00')): P90 takes: 0.009694814682006836
Stats: gPCE takes: 0.00504302978515625
Stats for ('MARI', Timestamp('2013-03-04 04:00:00')): E takes: 0.024723052978515625
Stats for ('MARI', Timestamp('2013-03-04 04:00:00')): Var takes: 0.5341920852661133
Stats for ('MARI', Timestamp('2013-03-04 04:00:00')): StdDev takes: 0.536247968673706
Stats for ('MARI', Timestamp('2013-03-04 04:00:00')): Sobol_m takes: 0.6875205039978027
Stats for ('MARI', Timestamp('2013-03-04 04:00:00')): Sobol_m2 takes: 1.311701774597168
Stats for ('MARI', Timestamp('2013-03-04 04:00:00')): Sobol_t takes: 1.4731905460357666
Stats for ('MARI', Timestamp('2013-03-04 04:00:00')): P10 takes: 0.0095977783203125
Stats for ('MARI', Timestamp('2013-03-04 04:00:00')): P90 takes: 0.009592533111572266
Stats: gPCE takes: 0.005202293395996094
Stats for ('MARI', Timestamp('2013-03-04 05:00:00')): E takes: 0.024139404296875
Stats for ('MARI', Timestamp('2013-03-04 05:00:00')): Var takes: 0.5299913883209229
Stats for ('MARI', Timestamp('2013-03-04 05:00:00')): StdDev takes: 0.531644344329834
Stats for ('MARI', Timestamp('2013-03-04 05:00:00')): Sobol_m takes: 0.6833453178405762
Stats for ('MARI', Timestamp('2013-03-04 05:00:00')): Sobol_m2 takes: 1.2640113830566406
Stats for ('MARI', Timestamp('2013-03-04 05:00:00')): Sobol_t takes: 1.5416157245635986
Stats for ('MARI', Timestamp('2013-03-04 05:00:00')): P10 takes: 0.009679794311523438
Stats for ('MARI', Timestamp('2013-03-04 05:00:00')): P90 takes: 0.009623527526855469
Stats: gPCE takes: 0.005178213119506836
Stats for ('MARI', Timestamp('2013-03-04 06:00:00')): E takes: 0.024303197860717773
Stats for ('MARI', Timestamp('2013-03-04 06:00:00')): Var takes: 0.5353755950927734
Stats for ('MARI', Timestamp('2013-03-04 06:00:00')): StdDev takes: 0.5346057415008545
Stats for ('MARI', Timestamp('2013-03-04 06:00:00')): Sobol_m takes: 0.6872317790985107
Stats for ('MARI', Timestamp('2013-03-04 06:00:00')): Sobol_m2 takes: 1.2724034786224365
Stats for ('MARI', Timestamp('2013-03-04 06:00:00')): Sobol_t takes: 1.4932291507720947
Stats for ('MARI', Timestamp('2013-03-04 06:00:00')): P10 takes: 0.009604454040527344
Stats for ('MARI', Timestamp('2013-03-04 06:00:00')): P90 takes: 0.009721040725708008
Stats: gPCE takes: 0.005185604095458984
Stats for ('MARI', Timestamp('2013-03-04 07:00:00')): E takes: 0.024250268936157227
Stats for ('MARI', Timestamp('2013-03-04 07:00:00')): Var takes: 0.5353953838348389
Stats for ('MARI', Timestamp('2013-03-04 07:00:00')): StdDev takes: 0.5345752239227295
Stats for ('MARI', Timestamp('2013-03-04 07:00:00')): Sobol_m takes: 0.7154340744018555
Stats for ('MARI', Timestamp('2013-03-04 07:00:00')): Sobol_m2 takes: 1.259601354598999
Stats for ('MARI', Timestamp('2013-03-04 07:00:00')): Sobol_t takes: 1.4850990772247314
Stats for ('MARI', Timestamp('2013-03-04 07:00:00')): P10 takes: 0.009717941284179688
Stats for ('MARI', Timestamp('2013-03-04 07:00:00')): P90 takes: 0.00975656509399414
Stats: gPCE takes: 0.0052318572998046875
Stats for ('MARI', Timestamp('2013-03-04 08:00:00')): E takes: 0.02504420280456543
Stats for ('MARI', Timestamp('2013-03-04 08:00:00')): Var takes: 0.5332510471343994
Stats for ('MARI', Timestamp('2013-03-04 08:00:00')): StdDev takes: 0.5338616371154785
Stats for ('MARI', Timestamp('2013-03-04 08:00:00')): Sobol_m takes: 0.6867477893829346
Stats for ('MARI', Timestamp('2013-03-04 08:00:00')): Sobol_m2 takes: 1.2719230651855469
Stats for ('MARI', Timestamp('2013-03-04 08:00:00')): Sobol_t takes: 1.4919848442077637
Stats for ('MARI', Timestamp('2013-03-04 08:00:00')): P10 takes: 0.009663581848144531
Stats for ('MARI', Timestamp('2013-03-04 08:00:00')): P90 takes: 0.009759902954101562
Stats: gPCE takes: 0.0050830841064453125
Stats for ('MARI', Timestamp('2013-03-04 09:00:00')): E takes: 0.024365663528442383
Stats for ('MARI', Timestamp('2013-03-04 09:00:00')): Var takes: 0.5351862907409668
Stats for ('MARI', Timestamp('2013-03-04 09:00:00')): StdDev takes: 0.5337371826171875
Stats for ('MARI', Timestamp('2013-03-04 09:00:00')): Sobol_m takes: 0.686701774597168
Stats for ('MARI', Timestamp('2013-03-04 09:00:00')): Sobol_m2 takes: 1.2680573463439941
Stats for ('MARI', Timestamp('2013-03-04 09:00:00')): Sobol_t takes: 1.513862133026123
Stats for ('MARI', Timestamp('2013-03-04 09:00:00')): P10 takes: 0.009862661361694336
Stats for ('MARI', Timestamp('2013-03-04 09:00:00')): P90 takes: 0.009442329406738281
Stats: gPCE takes: 0.00510406494140625
Stats for ('MARI', Timestamp('2013-03-04 10:00:00')): E takes: 0.023999452590942383
Stats for ('MARI', Timestamp('2013-03-04 10:00:00')): Var takes: 0.5288445949554443
Stats for ('MARI', Timestamp('2013-03-04 10:00:00')): StdDev takes: 0.5284156799316406
Stats for ('MARI', Timestamp('2013-03-04 10:00:00')): Sobol_m takes: 0.6797511577606201
Stats for ('MARI', Timestamp('2013-03-04 10:00:00')): Sobol_m2 takes: 1.2612221240997314
Stats for ('MARI', Timestamp('2013-03-04 10:00:00')): Sobol_t takes: 1.4867136478424072
Stats for ('MARI', Timestamp('2013-03-04 10:00:00')): P10 takes: 0.0101318359375
Stats for ('MARI', Timestamp('2013-03-04 10:00:00')): P90 takes: 0.009622335433959961
Stats: gPCE takes: 0.005226612091064453
Stats for ('MARI', Timestamp('2013-03-04 11:00:00')): E takes: 0.02413463592529297
Stats for ('MARI', Timestamp('2013-03-04 11:00:00')): Var takes: 0.532177209854126
Stats for ('MARI', Timestamp('2013-03-04 11:00:00')): StdDev takes: 0.5351929664611816
Stats for ('MARI', Timestamp('2013-03-04 11:00:00')): Sobol_m takes: 0.6860537528991699
Stats for ('MARI', Timestamp('2013-03-04 11:00:00')): Sobol_m2 takes: 1.2720632553100586
Stats for ('MARI', Timestamp('2013-03-04 11:00:00')): Sobol_t takes: 1.4876887798309326
Stats for ('MARI', Timestamp('2013-03-04 11:00:00')): P10 takes: 0.010006189346313477
Stats for ('MARI', Timestamp('2013-03-04 11:00:00')): P90 takes: 0.009697914123535156
Stats: gPCE takes: 0.0052945613861083984
Stats for ('MARI', Timestamp('2013-03-04 12:00:00')): E takes: 0.02445507049560547
Stats for ('MARI', Timestamp('2013-03-04 12:00:00')): Var takes: 0.5359499454498291
Stats for ('MARI', Timestamp('2013-03-04 12:00:00')): StdDev takes: 0.5380265712738037
Stats for ('MARI', Timestamp('2013-03-04 12:00:00')): Sobol_m takes: 0.6883904933929443
Stats for ('MARI', Timestamp('2013-03-04 12:00:00')): Sobol_m2 takes: 1.314662218093872
Stats for ('MARI', Timestamp('2013-03-04 12:00:00')): Sobol_t takes: 1.4760689735412598
Stats for ('MARI', Timestamp('2013-03-04 12:00:00')): P10 takes: 0.010156393051147461
Stats for ('MARI', Timestamp('2013-03-04 12:00:00')): P90 takes: 0.009669303894042969
Stats: gPCE takes: 0.005297422409057617
Stats for ('MARI', Timestamp('2013-03-04 13:00:00')): E takes: 0.024189472198486328
Stats for ('MARI', Timestamp('2013-03-04 13:00:00')): Var takes: 0.5308678150177002
Stats for ('MARI', Timestamp('2013-03-04 13:00:00')): StdDev takes: 0.5321893692016602
Stats for ('MARI', Timestamp('2013-03-04 13:00:00')): Sobol_m takes: 0.6854739189147949
Stats for ('MARI', Timestamp('2013-03-04 13:00:00')): Sobol_m2 takes: 1.269554615020752
Stats for ('MARI', Timestamp('2013-03-04 13:00:00')): Sobol_t takes: 1.5011348724365234
Stats for ('MARI', Timestamp('2013-03-04 13:00:00')): P10 takes: 0.010330915451049805
Stats for ('MARI', Timestamp('2013-03-04 13:00:00')): P90 takes: 0.009828567504882812
Stats: gPCE takes: 0.0052912235260009766
Stats for ('MARI', Timestamp('2013-03-04 14:00:00')): E takes: 0.026271343231201172
Stats for ('MARI', Timestamp('2013-03-04 14:00:00')): Var takes: 0.5420854091644287
Stats for ('MARI', Timestamp('2013-03-04 14:00:00')): StdDev takes: 0.5342776775360107
Stats for ('MARI', Timestamp('2013-03-04 14:00:00')): Sobol_m takes: 0.6875705718994141
Stats for ('MARI', Timestamp('2013-03-04 14:00:00')): Sobol_m2 takes: 1.2710847854614258
Stats for ('MARI', Timestamp('2013-03-04 14:00:00')): Sobol_t takes: 1.4892425537109375
Stats for ('MARI', Timestamp('2013-03-04 14:00:00')): P10 takes: 0.009720087051391602
Stats for ('MARI', Timestamp('2013-03-04 14:00:00')): P90 takes: 0.009695768356323242
Stats: gPCE takes: 0.005177021026611328
Stats for ('MARI', Timestamp('2013-03-04 15:00:00')): E takes: 0.02518486976623535
Stats for ('MARI', Timestamp('2013-03-04 15:00:00')): Var takes: 0.5366413593292236
Stats for ('MARI', Timestamp('2013-03-04 15:00:00')): StdDev takes: 0.5350661277770996
Stats for ('MARI', Timestamp('2013-03-04 15:00:00')): Sobol_m takes: 0.7326581478118896
Stats for ('MARI', Timestamp('2013-03-04 15:00:00')): Sobol_m2 takes: 1.2587106227874756
Stats for ('MARI', Timestamp('2013-03-04 15:00:00')): Sobol_t takes: 1.4831337928771973
Stats for ('MARI', Timestamp('2013-03-04 15:00:00')): P10 takes: 0.009838581085205078
Stats for ('MARI', Timestamp('2013-03-04 15:00:00')): P90 takes: 0.009576797485351562
Stats: gPCE takes: 0.005301952362060547
Stats for ('MARI', Timestamp('2013-03-04 16:00:00')): E takes: 0.02416396141052246
Stats for ('MARI', Timestamp('2013-03-04 16:00:00')): Var takes: 0.5322244167327881
Stats for ('MARI', Timestamp('2013-03-04 16:00:00')): StdDev takes: 0.5335938930511475
Stats for ('MARI', Timestamp('2013-03-04 16:00:00')): Sobol_m takes: 0.6856899261474609
Stats for ('MARI', Timestamp('2013-03-04 16:00:00')): Sobol_m2 takes: 1.2711975574493408
Stats for ('MARI', Timestamp('2013-03-04 16:00:00')): Sobol_t takes: 1.4888463020324707
Stats for ('MARI', Timestamp('2013-03-04 16:00:00')): P10 takes: 0.010078907012939453
Stats for ('MARI', Timestamp('2013-03-04 16:00:00')): P90 takes: 0.009678125381469727
Stats: gPCE takes: 0.005209684371948242
Stats for ('MARI', Timestamp('2013-03-04 17:00:00')): E takes: 0.024318218231201172
Stats for ('MARI', Timestamp('2013-03-04 17:00:00')): Var takes: 0.535130500793457
Stats for ('MARI', Timestamp('2013-03-04 17:00:00')): StdDev takes: 0.5357191562652588
Stats for ('MARI', Timestamp('2013-03-04 17:00:00')): Sobol_m takes: 0.6864690780639648
Stats for ('MARI', Timestamp('2013-03-04 17:00:00')): Sobol_m2 takes: 1.2661004066467285
Stats for ('MARI', Timestamp('2013-03-04 17:00:00')): Sobol_t takes: 1.4883625507354736
Stats for ('MARI', Timestamp('2013-03-04 17:00:00')): P10 takes: 0.009493350982666016
Stats for ('MARI', Timestamp('2013-03-04 17:00:00')): P90 takes: 0.009536981582641602
Stats: gPCE takes: 0.004955291748046875
Stats for ('MARI', Timestamp('2013-03-04 18:00:00')): E takes: 0.0254366397857666
Stats for ('MARI', Timestamp('2013-03-04 18:00:00')): Var takes: 0.5760600566864014
Stats for ('MARI', Timestamp('2013-03-04 18:00:00')): StdDev takes: 0.5288174152374268
Stats for ('MARI', Timestamp('2013-03-04 18:00:00')): Sobol_m takes: 0.6794900894165039
Stats for ('MARI', Timestamp('2013-03-04 18:00:00')): Sobol_m2 takes: 1.2622761726379395
Stats for ('MARI', Timestamp('2013-03-04 18:00:00')): Sobol_t takes: 1.4867849349975586
Stats for ('MARI', Timestamp('2013-03-04 18:00:00')): P10 takes: 0.009900808334350586
Stats for ('MARI', Timestamp('2013-03-04 18:00:00')): P90 takes: 0.00946354866027832
Stats: gPCE takes: 0.00506901741027832
Stats for ('MARI', Timestamp('2013-03-04 19:00:00')): E takes: 0.024312496185302734
Stats for ('MARI', Timestamp('2013-03-04 19:00:00')): Var takes: 0.5323119163513184
Stats for ('MARI', Timestamp('2013-03-04 19:00:00')): StdDev takes: 0.5319967269897461
Stats for ('MARI', Timestamp('2013-03-04 19:00:00')): Sobol_m takes: 0.6844618320465088
Stats for ('MARI', Timestamp('2013-03-04 19:00:00')): Sobol_m2 takes: 1.2665576934814453
Stats for ('MARI', Timestamp('2013-03-04 19:00:00')): Sobol_t takes: 1.4861936569213867
Stats for ('MARI', Timestamp('2013-03-04 19:00:00')): P10 takes: 0.009485006332397461
Stats for ('MARI', Timestamp('2013-03-04 19:00:00')): P90 takes: 0.009498357772827148
Stats: gPCE takes: 0.005013942718505859
Stats for ('MARI', Timestamp('2013-03-04 20:00:00')): E takes: 0.02484273910522461
Stats for ('MARI', Timestamp('2013-03-04 20:00:00')): Var takes: 0.5360174179077148
Stats for ('MARI', Timestamp('2013-03-04 20:00:00')): StdDev takes: 0.5403554439544678
Stats for ('MARI', Timestamp('2013-03-04 20:00:00')): Sobol_m takes: 0.6867861747741699
Stats for ('MARI', Timestamp('2013-03-04 20:00:00')): Sobol_m2 takes: 1.267742395401001
Stats for ('MARI', Timestamp('2013-03-04 20:00:00')): Sobol_t takes: 1.518254041671753
Stats for ('MARI', Timestamp('2013-03-04 20:00:00')): P10 takes: 0.009506464004516602
Stats for ('MARI', Timestamp('2013-03-04 20:00:00')): P90 takes: 0.009432792663574219
Stats: gPCE takes: 0.005022287368774414
Stats for ('MARI', Timestamp('2013-03-04 21:00:00')): E takes: 0.023967742919921875
Stats for ('MARI', Timestamp('2013-03-04 21:00:00')): Var takes: 0.5293843746185303
Stats for ('MARI', Timestamp('2013-03-04 21:00:00')): StdDev takes: 0.528733491897583
Stats for ('MARI', Timestamp('2013-03-04 21:00:00')): Sobol_m takes: 0.6818838119506836
Stats for ('MARI', Timestamp('2013-03-04 21:00:00')): Sobol_m2 takes: 1.2611918449401855
Stats for ('MARI', Timestamp('2013-03-04 21:00:00')): Sobol_t takes: 1.480196475982666
Stats for ('MARI', Timestamp('2013-03-04 21:00:00')): P10 takes: 0.009776115417480469
Stats for ('MARI', Timestamp('2013-03-04 21:00:00')): P90 takes: 0.009518861770629883
Stats: gPCE takes: 0.005033254623413086
Stats for ('MARI', Timestamp('2013-03-04 22:00:00')): E takes: 0.024292945861816406
Stats for ('MARI', Timestamp('2013-03-04 22:00:00')): Var takes: 0.5316152572631836
Stats for ('MARI', Timestamp('2013-03-04 22:00:00')): StdDev takes: 0.5330870151519775
Stats for ('MARI', Timestamp('2013-03-04 22:00:00')): Sobol_m takes: 0.6836438179016113
Stats for ('MARI', Timestamp('2013-03-04 22:00:00')): Sobol_m2 takes: 1.2652645111083984
Stats for ('MARI', Timestamp('2013-03-04 22:00:00')): Sobol_t takes: 1.4842112064361572
Stats for ('MARI', Timestamp('2013-03-04 22:00:00')): P10 takes: 0.009448766708374023
Stats for ('MARI', Timestamp('2013-03-04 22:00:00')): P90 takes: 0.00944209098815918
Stats: gPCE takes: 0.0049533843994140625
Stats for ('MARI', Timestamp('2013-03-04 23:00:00')): E takes: 0.024512529373168945
Stats for ('MARI', Timestamp('2013-03-04 23:00:00')): Var takes: 0.5337014198303223
Stats for ('MARI', Timestamp('2013-03-04 23:00:00')): StdDev takes: 0.5326945781707764
Stats for ('MARI', Timestamp('2013-03-04 23:00:00')): Sobol_m takes: 0.6856727600097656
Stats for ('MARI', Timestamp('2013-03-04 23:00:00')): Sobol_m2 takes: 1.3033480644226074
Stats for ('MARI', Timestamp('2013-03-04 23:00:00')): Sobol_t takes: 1.4726166725158691
Stats for ('MARI', Timestamp('2013-03-04 23:00:00')): P10 takes: 0.009512662887573242
Stats for ('MARI', Timestamp('2013-03-04 23:00:00')): P90 takes: 0.009424448013305664
Stats: gPCE takes: 0.0049822330474853516
Stats for ('MARI', Timestamp('2013-03-05 00:00:00')): E takes: 0.024041414260864258
Stats for ('MARI', Timestamp('2013-03-05 00:00:00')): Var takes: 0.5320558547973633
Stats for ('MARI', Timestamp('2013-03-05 00:00:00')): StdDev takes: 0.5318000316619873
Stats for ('MARI', Timestamp('2013-03-05 00:00:00')): Sobol_m takes: 0.6848466396331787
Stats for ('MARI', Timestamp('2013-03-05 00:00:00')): Sobol_m2 takes: 1.2634551525115967
Stats for ('MARI', Timestamp('2013-03-05 00:00:00')): Sobol_t takes: 1.4859623908996582
Stats for ('MARI', Timestamp('2013-03-05 00:00:00')): P10 takes: 0.009869575500488281
Stats for ('MARI', Timestamp('2013-03-05 00:00:00')): P90 takes: 0.009467601776123047
Stats: gPCE takes: 0.0050907135009765625
Stats for ('MARI', Timestamp('2013-03-05 01:00:00')): E takes: 0.0241546630859375
Stats for ('MARI', Timestamp('2013-03-05 01:00:00')): Var takes: 0.5318026542663574
Stats for ('MARI', Timestamp('2013-03-05 01:00:00')): StdDev takes: 0.532381534576416
Stats for ('MARI', Timestamp('2013-03-05 01:00:00')): Sobol_m takes: 0.685328483581543
Stats for ('MARI', Timestamp('2013-03-05 01:00:00')): Sobol_m2 takes: 1.2670073509216309
Stats for ('MARI', Timestamp('2013-03-05 01:00:00')): Sobol_t takes: 1.481208086013794
Stats for ('MARI', Timestamp('2013-03-05 01:00:00')): P10 takes: 0.009437322616577148
Stats for ('MARI', Timestamp('2013-03-05 01:00:00')): P90 takes: 0.009493350982666016
Stats: gPCE takes: 0.004956483840942383
Stats for ('MARI', Timestamp('2013-03-05 02:00:00')): E takes: 0.025749683380126953
Stats for ('MARI', Timestamp('2013-03-05 02:00:00')): Var takes: 0.5327403545379639
Stats for ('MARI', Timestamp('2013-03-05 02:00:00')): StdDev takes: 0.5748584270477295
Stats for ('MARI', Timestamp('2013-03-05 02:00:00')): Sobol_m takes: 0.6776630878448486
Stats for ('MARI', Timestamp('2013-03-05 02:00:00')): Sobol_m2 takes: 1.258497714996338
Stats for ('MARI', Timestamp('2013-03-05 02:00:00')): Sobol_t takes: 1.4807178974151611
Stats for ('MARI', Timestamp('2013-03-05 02:00:00')): P10 takes: 0.009560346603393555
Stats for ('MARI', Timestamp('2013-03-05 02:00:00')): P90 takes: 0.009508848190307617
Stats: gPCE takes: 0.004970073699951172
Stats for ('MARI', Timestamp('2013-03-05 03:00:00')): E takes: 0.024595022201538086
Stats for ('MARI', Timestamp('2013-03-05 03:00:00')): Var takes: 0.5308825969696045
Stats for ('MARI', Timestamp('2013-03-05 03:00:00')): StdDev takes: 0.5397951602935791
Stats for ('MARI', Timestamp('2013-03-05 03:00:00')): Sobol_m takes: 0.683729887008667
Stats for ('MARI', Timestamp('2013-03-05 03:00:00')): Sobol_m2 takes: 1.2664103507995605
Stats for ('MARI', Timestamp('2013-03-05 03:00:00')): Sobol_t takes: 1.484980583190918
Stats for ('MARI', Timestamp('2013-03-05 03:00:00')): P10 takes: 0.009469270706176758
Stats for ('MARI', Timestamp('2013-03-05 03:00:00')): P90 takes: 0.009477376937866211
Stats: gPCE takes: 0.004954814910888672
Stats for ('MARI', Timestamp('2013-03-05 04:00:00')): E takes: 0.02418804168701172
Stats for ('MARI', Timestamp('2013-03-05 04:00:00')): Var takes: 0.533275842666626
Stats for ('MARI', Timestamp('2013-03-05 04:00:00')): StdDev takes: 0.5338566303253174
Stats for ('MARI', Timestamp('2013-03-05 04:00:00')): Sobol_m takes: 0.6968047618865967
Stats for ('MARI', Timestamp('2013-03-05 04:00:00')): Sobol_m2 takes: 1.2669780254364014
Stats for ('MARI', Timestamp('2013-03-05 04:00:00')): Sobol_t takes: 1.5113401412963867
Stats for ('MARI', Timestamp('2013-03-05 04:00:00')): P10 takes: 0.009498119354248047
Stats for ('MARI', Timestamp('2013-03-05 04:00:00')): P90 takes: 0.009432315826416016
Stats: gPCE takes: 0.004963874816894531
Stats for ('MARI', Timestamp('2013-03-05 05:00:00')): E takes: 0.024016141891479492
Stats for ('MARI', Timestamp('2013-03-05 05:00:00')): Var takes: 0.5290505886077881
Stats for ('MARI', Timestamp('2013-03-05 05:00:00')): StdDev takes: 0.5300905704498291
Stats for ('MARI', Timestamp('2013-03-05 05:00:00')): Sobol_m takes: 0.6817116737365723
Stats for ('MARI', Timestamp('2013-03-05 05:00:00')): Sobol_m2 takes: 1.2672600746154785
Stats for ('MARI', Timestamp('2013-03-05 05:00:00')): Sobol_t takes: 1.4838249683380127
Stats for ('MARI', Timestamp('2013-03-05 05:00:00')): P10 takes: 0.009805917739868164
Stats for ('MARI', Timestamp('2013-03-05 05:00:00')): P90 takes: 0.009508132934570312
Stats: gPCE takes: 0.005060672760009766
Stats for ('MARI', Timestamp('2013-03-05 06:00:00')): E takes: 0.024170637130737305
Stats for ('MARI', Timestamp('2013-03-05 06:00:00')): Var takes: 0.5321793556213379
Stats for ('MARI', Timestamp('2013-03-05 06:00:00')): StdDev takes: 0.5324835777282715
Stats for ('MARI', Timestamp('2013-03-05 06:00:00')): Sobol_m takes: 0.6839308738708496
Stats for ('MARI', Timestamp('2013-03-05 06:00:00')): Sobol_m2 takes: 1.2660760879516602
Stats for ('MARI', Timestamp('2013-03-05 06:00:00')): Sobol_t takes: 1.4847385883331299
Stats for ('MARI', Timestamp('2013-03-05 06:00:00')): P10 takes: 0.009397268295288086
Stats for ('MARI', Timestamp('2013-03-05 06:00:00')): P90 takes: 0.009475469589233398
Stats: gPCE takes: 0.00496220588684082
Stats for ('MARI', Timestamp('2013-03-05 07:00:00')): E takes: 0.0242307186126709
Stats for ('MARI', Timestamp('2013-03-05 07:00:00')): Var takes: 0.5315392017364502
Stats for ('MARI', Timestamp('2013-03-05 07:00:00')): StdDev takes: 0.5319139957427979
Stats for ('MARI', Timestamp('2013-03-05 07:00:00')): Sobol_m takes: 0.6838247776031494
Stats for ('MARI', Timestamp('2013-03-05 07:00:00')): Sobol_m2 takes: 1.3049087524414062
Stats for ('MARI', Timestamp('2013-03-05 07:00:00')): Sobol_t takes: 1.475649118423462
Stats for ('MARI', Timestamp('2013-03-05 07:00:00')): P10 takes: 0.00953054428100586
Stats for ('MARI', Timestamp('2013-03-05 07:00:00')): P90 takes: 0.009414911270141602
Stats: gPCE takes: 0.005025625228881836
Stats for ('MARI', Timestamp('2013-03-05 08:00:00')): E takes: 0.02559638023376465
Stats for ('MARI', Timestamp('2013-03-05 08:00:00')): Var takes: 0.5326106548309326
Stats for ('MARI', Timestamp('2013-03-05 08:00:00')): StdDev takes: 0.5312824249267578
Stats for ('MARI', Timestamp('2013-03-05 08:00:00')): Sobol_m takes: 0.6828393936157227
Stats for ('MARI', Timestamp('2013-03-05 08:00:00')): Sobol_m2 takes: 1.2618892192840576
Stats for ('MARI', Timestamp('2013-03-05 08:00:00')): Sobol_t takes: 1.4842300415039062
Stats for ('MARI', Timestamp('2013-03-05 08:00:00')): P10 takes: 0.009371280670166016
Stats for ('MARI', Timestamp('2013-03-05 08:00:00')): P90 takes: 0.009471416473388672
Stats: gPCE takes: 0.004945993423461914
Stats for ('MARI', Timestamp('2013-03-05 09:00:00')): E takes: 0.024165630340576172
Stats for ('MARI', Timestamp('2013-03-05 09:00:00')): Var takes: 0.5342679023742676
Stats for ('MARI', Timestamp('2013-03-05 09:00:00')): StdDev takes: 0.5353434085845947
Stats for ('MARI', Timestamp('2013-03-05 09:00:00')): Sobol_m takes: 0.6899640560150146
Stats for ('MARI', Timestamp('2013-03-05 09:00:00')): Sobol_m2 takes: 1.2686586380004883
Stats for ('MARI', Timestamp('2013-03-05 09:00:00')): Sobol_t takes: 1.4868366718292236
Stats for ('MARI', Timestamp('2013-03-05 09:00:00')): P10 takes: 0.00941157341003418
Stats for ('MARI', Timestamp('2013-03-05 09:00:00')): P90 takes: 0.009487152099609375
Stats: gPCE takes: 0.0049571990966796875
Stats for ('MARI', Timestamp('2013-03-05 10:00:00')): E takes: 0.024319171905517578
Stats for ('MARI', Timestamp('2013-03-05 10:00:00')): Var takes: 0.5346846580505371
Stats for ('MARI', Timestamp('2013-03-05 10:00:00')): StdDev takes: 0.5356199741363525
Stats for ('MARI', Timestamp('2013-03-05 10:00:00')): Sobol_m takes: 0.7139720916748047
Stats for ('MARI', Timestamp('2013-03-05 10:00:00')): Sobol_m2 takes: 1.2579190731048584
Stats for ('MARI', Timestamp('2013-03-05 10:00:00')): Sobol_t takes: 1.4771854877471924
Stats for ('MARI', Timestamp('2013-03-05 10:00:00')): P10 takes: 0.009588479995727539
Stats for ('MARI', Timestamp('2013-03-05 10:00:00')): P90 takes: 0.009463310241699219
Stats: gPCE takes: 0.0049517154693603516
Stats for ('MARI', Timestamp('2013-03-05 11:00:00')): E takes: 0.024102449417114258
Stats for ('MARI', Timestamp('2013-03-05 11:00:00')): Var takes: 0.5328073501586914
Stats for ('MARI', Timestamp('2013-03-05 11:00:00')): StdDev takes: 0.533250093460083
Stats for ('MARI', Timestamp('2013-03-05 11:00:00')): Sobol_m takes: 0.6873013973236084
Stats for ('MARI', Timestamp('2013-03-05 11:00:00')): Sobol_m2 takes: 1.2629082202911377
Stats for ('MARI', Timestamp('2013-03-05 11:00:00')): Sobol_t takes: 1.4800355434417725
Stats for ('MARI', Timestamp('2013-03-05 11:00:00')): P10 takes: 0.009779214859008789
Stats for ('MARI', Timestamp('2013-03-05 11:00:00')): P90 takes: 0.009426116943359375
Stats: gPCE takes: 0.005075216293334961
Stats for ('MARI', Timestamp('2013-03-05 12:00:00')): E takes: 0.024240732192993164
Stats for ('MARI', Timestamp('2013-03-05 12:00:00')): Var takes: 0.5321922302246094
Stats for ('MARI', Timestamp('2013-03-05 12:00:00')): StdDev takes: 0.531944990158081
Stats for ('MARI', Timestamp('2013-03-05 12:00:00')): Sobol_m takes: 0.6837711334228516
Stats for ('MARI', Timestamp('2013-03-05 12:00:00')): Sobol_m2 takes: 1.2664687633514404
Stats for ('MARI', Timestamp('2013-03-05 12:00:00')): Sobol_t takes: 1.524064540863037
Stats for ('MARI', Timestamp('2013-03-05 12:00:00')): P10 takes: 0.009478092193603516
Stats for ('MARI', Timestamp('2013-03-05 12:00:00')): P90 takes: 0.009404897689819336
Stats: gPCE takes: 0.004956483840942383
Stats for ('MARI', Timestamp('2013-03-05 13:00:00')): E takes: 0.023859024047851562
Stats for ('MARI', Timestamp('2013-03-05 13:00:00')): Var takes: 0.5270919799804688
Stats for ('MARI', Timestamp('2013-03-05 13:00:00')): StdDev takes: 0.5281870365142822
Stats for ('MARI', Timestamp('2013-03-05 13:00:00')): Sobol_m takes: 0.6800074577331543
Stats for ('MARI', Timestamp('2013-03-05 13:00:00')): Sobol_m2 takes: 1.2626614570617676
Stats for ('MARI', Timestamp('2013-03-05 13:00:00')): Sobol_t takes: 1.4816241264343262
Stats for ('MARI', Timestamp('2013-03-05 13:00:00')): P10 takes: 0.009389877319335938
Stats for ('MARI', Timestamp('2013-03-05 13:00:00')): P90 takes: 0.009438037872314453
Stats: gPCE takes: 0.00497126579284668
Stats for ('MARI', Timestamp('2013-03-05 14:00:00')): E takes: 0.0246884822845459
Stats for ('MARI', Timestamp('2013-03-05 14:00:00')): Var takes: 0.530667781829834
Stats for ('MARI', Timestamp('2013-03-05 14:00:00')): StdDev takes: 0.5312514305114746
Stats for ('MARI', Timestamp('2013-03-05 14:00:00')): Sobol_m takes: 0.6839642524719238
Stats for ('MARI', Timestamp('2013-03-05 14:00:00')): Sobol_m2 takes: 1.2661104202270508
Stats for ('MARI', Timestamp('2013-03-05 14:00:00')): Sobol_t takes: 1.4846155643463135
Stats for ('MARI', Timestamp('2013-03-05 14:00:00')): P10 takes: 0.009441852569580078
Stats for ('MARI', Timestamp('2013-03-05 14:00:00')): P90 takes: 0.009416818618774414
Stats: gPCE takes: 0.0049610137939453125
Stats for ('MARI', Timestamp('2013-03-05 15:00:00')): E takes: 0.024281024932861328
Stats for ('MARI', Timestamp('2013-03-05 15:00:00')): Var takes: 0.53466796875
Stats for ('MARI', Timestamp('2013-03-05 15:00:00')): StdDev takes: 0.5337417125701904
Stats for ('MARI', Timestamp('2013-03-05 15:00:00')): Sobol_m takes: 0.6855604648590088
Stats for ('MARI', Timestamp('2013-03-05 15:00:00')): Sobol_m2 takes: 1.2972071170806885
Stats for ('MARI', Timestamp('2013-03-05 15:00:00')): Sobol_t takes: 1.4700021743774414
Stats for ('MARI', Timestamp('2013-03-05 15:00:00')): P10 takes: 0.009474039077758789
Stats for ('MARI', Timestamp('2013-03-05 15:00:00')): P90 takes: 0.009438753128051758
Stats: gPCE takes: 0.004960536956787109
Stats for ('MARI', Timestamp('2013-03-05 16:00:00')): E takes: 0.024332284927368164
Stats for ('MARI', Timestamp('2013-03-05 16:00:00')): Var takes: 0.528435230255127
Stats for ('MARI', Timestamp('2013-03-05 16:00:00')): StdDev takes: 0.5290839672088623
Stats for ('MARI', Timestamp('2013-03-05 16:00:00')): Sobol_m takes: 0.6819310188293457
Stats for ('MARI', Timestamp('2013-03-05 16:00:00')): Sobol_m2 takes: 1.2621850967407227
Stats for ('MARI', Timestamp('2013-03-05 16:00:00')): Sobol_t takes: 1.4814794063568115
Stats for ('MARI', Timestamp('2013-03-05 16:00:00')): P10 takes: 0.009478092193603516
Stats for ('MARI', Timestamp('2013-03-05 16:00:00')): P90 takes: 0.009468317031860352
Stats: gPCE takes: 0.0049588680267333984
Stats for ('MARI', Timestamp('2013-03-05 17:00:00')): E takes: 0.024200916290283203
Stats for ('MARI', Timestamp('2013-03-05 17:00:00')): Var takes: 0.5331466197967529
Stats for ('MARI', Timestamp('2013-03-05 17:00:00')): StdDev takes: 0.5337157249450684
Stats for ('MARI', Timestamp('2013-03-05 17:00:00')): Sobol_m takes: 0.6848123073577881
Stats for ('MARI', Timestamp('2013-03-05 17:00:00')): Sobol_m2 takes: 1.2652771472930908
Stats for ('MARI', Timestamp('2013-03-05 17:00:00')): Sobol_t takes: 1.4853205680847168
Stats for ('MARI', Timestamp('2013-03-05 17:00:00')): P10 takes: 0.009379386901855469
Stats for ('MARI', Timestamp('2013-03-05 17:00:00')): P90 takes: 0.009452104568481445
Stats: gPCE takes: 0.004953861236572266
Stats for ('MARI', Timestamp('2013-03-05 18:00:00')): E takes: 0.02574920654296875
Stats for ('MARI', Timestamp('2013-03-05 18:00:00')): Var takes: 0.5342161655426025
Stats for ('MARI', Timestamp('2013-03-05 18:00:00')): StdDev takes: 0.536794900894165
Stats for ('MARI', Timestamp('2013-03-05 18:00:00')): Sobol_m takes: 0.7136690616607666
Stats for ('MARI', Timestamp('2013-03-05 18:00:00')): Sobol_m2 takes: 1.2529520988464355
Stats for ('MARI', Timestamp('2013-03-05 18:00:00')): Sobol_t takes: 1.4786627292633057
Stats for ('MARI', Timestamp('2013-03-05 18:00:00')): P10 takes: 0.010008811950683594
Stats for ('MARI', Timestamp('2013-03-05 18:00:00')): P90 takes: 0.00947427749633789
Stats: gPCE takes: 0.005086660385131836
Stats for ('MARI', Timestamp('2013-03-05 19:00:00')): E takes: 0.024262666702270508
Stats for ('MARI', Timestamp('2013-03-05 19:00:00')): Var takes: 0.5315592288970947
Stats for ('MARI', Timestamp('2013-03-05 19:00:00')): StdDev takes: 0.5308308601379395
Stats for ('MARI', Timestamp('2013-03-05 19:00:00')): Sobol_m takes: 0.682835578918457
Stats for ('MARI', Timestamp('2013-03-05 19:00:00')): Sobol_m2 takes: 1.2640841007232666
Stats for ('MARI', Timestamp('2013-03-05 19:00:00')): Sobol_t takes: 1.4836957454681396
Stats for ('MARI', Timestamp('2013-03-05 19:00:00')): P10 takes: 0.00935983657836914
Stats for ('MARI', Timestamp('2013-03-05 19:00:00')): P90 takes: 0.009504556655883789
Stats: gPCE takes: 0.004967927932739258
Stats for ('MARI', Timestamp('2013-03-05 20:00:00')): E takes: 0.02571558952331543
Stats for ('MARI', Timestamp('2013-03-05 20:00:00')): Var takes: 0.5363025665283203
Stats for ('MARI', Timestamp('2013-03-05 20:00:00')): StdDev takes: 0.5326066017150879
Stats for ('MARI', Timestamp('2013-03-05 20:00:00')): Sobol_m takes: 0.6846764087677002
Stats for ('MARI', Timestamp('2013-03-05 20:00:00')): Sobol_m2 takes: 1.2651715278625488
Stats for ('MARI', Timestamp('2013-03-05 20:00:00')): Sobol_t takes: 1.4824066162109375
Stats for ('MARI', Timestamp('2013-03-05 20:00:00')): P10 takes: 0.009437799453735352
Stats for ('MARI', Timestamp('2013-03-05 20:00:00')): P90 takes: 0.009483575820922852
Stats: gPCE takes: 0.004959583282470703
Stats for ('MARI', Timestamp('2013-03-05 21:00:00')): E takes: 0.02420520782470703
Stats for ('MARI', Timestamp('2013-03-05 21:00:00')): Var takes: 0.5746443271636963
Stats for ('MARI', Timestamp('2013-03-05 21:00:00')): StdDev takes: 0.5297183990478516
Stats for ('MARI', Timestamp('2013-03-05 21:00:00')): Sobol_m takes: 0.6788694858551025
Stats for ('MARI', Timestamp('2013-03-05 21:00:00')): Sobol_m2 takes: 1.2673344612121582
Stats for ('MARI', Timestamp('2013-03-05 21:00:00')): Sobol_t takes: 1.516746997833252
Stats for ('MARI', Timestamp('2013-03-05 21:00:00')): P10 takes: 0.012440204620361328
Stats for ('MARI', Timestamp('2013-03-05 21:00:00')): P90 takes: 0.011445999145507812
Stats: gPCE takes: 0.005263566970825195
Stats for ('MARI', Timestamp('2013-03-05 22:00:00')): E takes: 0.024822473526000977
Stats for ('MARI', Timestamp('2013-03-05 22:00:00')): Var takes: 0.5353856086730957
Stats for ('MARI', Timestamp('2013-03-05 22:00:00')): StdDev takes: 0.5359210968017578
Stats for ('MARI', Timestamp('2013-03-05 22:00:00')): Sobol_m takes: 0.6913533210754395
Stats for ('MARI', Timestamp('2013-03-05 22:00:00')): Sobol_m2 takes: 1.277923822402954
Stats for ('MARI', Timestamp('2013-03-05 22:00:00')): Sobol_t takes: 1.4926528930664062
Stats for ('MARI', Timestamp('2013-03-05 22:00:00')): P10 takes: 0.009557723999023438
Stats for ('MARI', Timestamp('2013-03-05 22:00:00')): P90 takes: 0.009760618209838867
Stats: gPCE takes: 0.0051114559173583984
Stats for ('MARI', Timestamp('2013-03-05 23:00:00')): E takes: 0.024346351623535156
Stats for ('MARI', Timestamp('2013-03-05 23:00:00')): Var takes: 0.5373809337615967
Stats for ('MARI', Timestamp('2013-03-05 23:00:00')): StdDev takes: 0.5372965335845947
Stats for ('MARI', Timestamp('2013-03-05 23:00:00')): Sobol_m takes: 0.690868616104126
Stats for ('MARI', Timestamp('2013-03-05 23:00:00')): Sobol_m2 takes: 1.2810649871826172
Stats for ('MARI', Timestamp('2013-03-05 23:00:00')): Sobol_t takes: 1.533994436264038
Stats for ('MARI', Timestamp('2013-03-05 23:00:00')): P10 takes: 0.01026010513305664
Stats for ('MARI', Timestamp('2013-03-05 23:00:00')): P90 takes: 0.009728193283081055
Stats: gPCE takes: 0.0052242279052734375
Stats for ('MARI', Timestamp('2013-03-06 00:00:00')): E takes: 0.024210214614868164
Stats for ('MARI', Timestamp('2013-03-06 00:00:00')): Var takes: 0.5328323841094971
Stats for ('MARI', Timestamp('2013-03-06 00:00:00')): StdDev takes: 0.5350973606109619
Stats for ('MARI', Timestamp('2013-03-06 00:00:00')): Sobol_m takes: 0.6871521472930908
Stats for ('MARI', Timestamp('2013-03-06 00:00:00')): Sobol_m2 takes: 1.2747876644134521
Stats for ('MARI', Timestamp('2013-03-06 00:00:00')): Sobol_t takes: 1.4953863620758057
Stats for ('MARI', Timestamp('2013-03-06 00:00:00')): P10 takes: 0.010187149047851562
Stats for ('MARI', Timestamp('2013-03-06 00:00:00')): P90 takes: 0.00968790054321289
Stats: gPCE takes: 0.005394458770751953
Stats for ('MARI', Timestamp('2013-03-06 01:00:00')): E takes: 0.02432417869567871
Stats for ('MARI', Timestamp('2013-03-06 01:00:00')): Var takes: 0.5393359661102295
Stats for ('MARI', Timestamp('2013-03-06 01:00:00')): StdDev takes: 0.5372779369354248
Stats for ('MARI', Timestamp('2013-03-06 01:00:00')): Sobol_m takes: 0.6899306774139404
Stats for ('MARI', Timestamp('2013-03-06 01:00:00')): Sobol_m2 takes: 1.2806951999664307
Stats for ('MARI', Timestamp('2013-03-06 01:00:00')): Sobol_t takes: 1.4953179359436035
Stats for ('MARI', Timestamp('2013-03-06 01:00:00')): P10 takes: 0.010091543197631836
Stats for ('MARI', Timestamp('2013-03-06 01:00:00')): P90 takes: 0.00977325439453125
Stats: gPCE takes: 0.005312681198120117
Stats for ('MARI', Timestamp('2013-03-06 02:00:00')): E takes: 0.024408578872680664
Stats for ('MARI', Timestamp('2013-03-06 02:00:00')): Var takes: 0.5366916656494141
Stats for ('MARI', Timestamp('2013-03-06 02:00:00')): StdDev takes: 0.5359783172607422
Stats for ('MARI', Timestamp('2013-03-06 02:00:00')): Sobol_m takes: 0.6914463043212891
Stats for ('MARI', Timestamp('2013-03-06 02:00:00')): Sobol_m2 takes: 1.3212676048278809
Stats for ('MARI', Timestamp('2013-03-06 02:00:00')): Sobol_t takes: 1.4858906269073486
Stats for ('MARI', Timestamp('2013-03-06 02:00:00')): P10 takes: 0.009838581085205078
Stats for ('MARI', Timestamp('2013-03-06 02:00:00')): P90 takes: 0.009748697280883789
Stats: gPCE takes: 0.005202054977416992
Stats for ('MARI', Timestamp('2013-03-06 03:00:00')): E takes: 0.025896072387695312
Stats for ('MARI', Timestamp('2013-03-06 03:00:00')): Var takes: 0.534965991973877
Stats for ('MARI', Timestamp('2013-03-06 03:00:00')): StdDev takes: 0.5355057716369629
Stats for ('MARI', Timestamp('2013-03-06 03:00:00')): Sobol_m takes: 0.6899292469024658
Stats for ('MARI', Timestamp('2013-03-06 03:00:00')): Sobol_m2 takes: 1.2779405117034912
Stats for ('MARI', Timestamp('2013-03-06 03:00:00')): Sobol_t takes: 1.4969959259033203
Stats for ('MARI', Timestamp('2013-03-06 03:00:00')): P10 takes: 0.010114431381225586
Stats for ('MARI', Timestamp('2013-03-06 03:00:00')): P90 takes: 0.00971841812133789
Stats: gPCE takes: 0.005228757858276367
Stats for ('MARI', Timestamp('2013-03-06 04:00:00')): E takes: 0.024836063385009766
Stats for ('MARI', Timestamp('2013-03-06 04:00:00')): Var takes: 0.5361404418945312
Stats for ('MARI', Timestamp('2013-03-06 04:00:00')): StdDev takes: 0.5371119976043701
Stats for ('MARI', Timestamp('2013-03-06 04:00:00')): Sobol_m takes: 0.6897377967834473
Stats for ('MARI', Timestamp('2013-03-06 04:00:00')): Sobol_m2 takes: 1.2777795791625977
Stats for ('MARI', Timestamp('2013-03-06 04:00:00')): Sobol_t takes: 1.4984865188598633
Stats for ('MARI', Timestamp('2013-03-06 04:00:00')): P10 takes: 0.009872198104858398
Stats for ('MARI', Timestamp('2013-03-06 04:00:00')): P90 takes: 0.009719610214233398
Stats: gPCE takes: 0.005245685577392578
Stats for ('MARI', Timestamp('2013-03-06 05:00:00')): E takes: 0.026089191436767578
Stats for ('MARI', Timestamp('2013-03-06 05:00:00')): Var takes: 0.554865837097168
Stats for ('MARI', Timestamp('2013-03-06 05:00:00')): StdDev takes: 0.5905694961547852
Stats for ('MARI', Timestamp('2013-03-06 05:00:00')): Sobol_m takes: 0.6878476142883301
Stats for ('MARI', Timestamp('2013-03-06 05:00:00')): Sobol_m2 takes: 1.2709636688232422
Stats for ('MARI', Timestamp('2013-03-06 05:00:00')): Sobol_t takes: 1.4960224628448486
Stats for ('MARI', Timestamp('2013-03-06 05:00:00')): P10 takes: 0.010191679000854492
Stats for ('MARI', Timestamp('2013-03-06 05:00:00')): P90 takes: 0.009745597839355469
Stats: gPCE takes: 0.0053441524505615234
Stats for ('MARI', Timestamp('2013-03-06 06:00:00')): E takes: 0.02479100227355957
Stats for ('MARI', Timestamp('2013-03-06 06:00:00')): Var takes: 0.5359220504760742
Stats for ('MARI', Timestamp('2013-03-06 06:00:00')): StdDev takes: 0.5363521575927734
Stats for ('MARI', Timestamp('2013-03-06 06:00:00')): Sobol_m takes: 0.6901862621307373
Stats for ('MARI', Timestamp('2013-03-06 06:00:00')): Sobol_m2 takes: 1.2771360874176025
Stats for ('MARI', Timestamp('2013-03-06 06:00:00')): Sobol_t takes: 1.4962162971496582
Stats for ('MARI', Timestamp('2013-03-06 06:00:00')): P10 takes: 0.009753227233886719
Stats for ('MARI', Timestamp('2013-03-06 06:00:00')): P90 takes: 0.00980997085571289
Stats: gPCE takes: 0.005259037017822266
Stats for ('MARI', Timestamp('2013-03-06 07:00:00')): E takes: 0.02528238296508789
Stats for ('MARI', Timestamp('2013-03-06 07:00:00')): Var takes: 0.5379810333251953
Stats for ('MARI', Timestamp('2013-03-06 07:00:00')): StdDev takes: 0.5384163856506348
Stats for ('MARI', Timestamp('2013-03-06 07:00:00')): Sobol_m takes: 0.693979024887085
Stats for ('MARI', Timestamp('2013-03-06 07:00:00')): Sobol_m2 takes: 1.2788636684417725
Stats for ('MARI', Timestamp('2013-03-06 07:00:00')): Sobol_t takes: 1.5396978855133057
Stats for ('MARI', Timestamp('2013-03-06 07:00:00')): P10 takes: 0.009827852249145508
Stats for ('MARI', Timestamp('2013-03-06 07:00:00')): P90 takes: 0.009650230407714844
Stats: gPCE takes: 0.00516510009765625
Stats for ('MARI', Timestamp('2013-03-06 08:00:00')): E takes: 0.024716854095458984
Stats for ('MARI', Timestamp('2013-03-06 08:00:00')): Var takes: 0.5340116024017334
Stats for ('MARI', Timestamp('2013-03-06 08:00:00')): StdDev takes: 0.5335755348205566
Stats for ('MARI', Timestamp('2013-03-06 08:00:00')): Sobol_m takes: 0.6863875389099121
Stats for ('MARI', Timestamp('2013-03-06 08:00:00')): Sobol_m2 takes: 1.2741179466247559
Stats for ('MARI', Timestamp('2013-03-06 08:00:00')): Sobol_t takes: 1.4943041801452637
Stats for ('MARI', Timestamp('2013-03-06 08:00:00')): P10 takes: 0.009758949279785156
Stats for ('MARI', Timestamp('2013-03-06 08:00:00')): P90 takes: 0.00978994369506836
Stats: gPCE takes: 0.0051267147064208984
Stats for ('MARI', Timestamp('2013-03-06 09:00:00')): E takes: 0.024347305297851562
Stats for ('MARI', Timestamp('2013-03-06 09:00:00')): Var takes: 0.537193775177002
Stats for ('MARI', Timestamp('2013-03-06 09:00:00')): StdDev takes: 0.5384869575500488
Stats for ('MARI', Timestamp('2013-03-06 09:00:00')): Sobol_m takes: 0.6993334293365479
Stats for ('MARI', Timestamp('2013-03-06 09:00:00')): Sobol_m2 takes: 1.2813165187835693
Stats for ('MARI', Timestamp('2013-03-06 09:00:00')): Sobol_t takes: 1.5017399787902832
Stats for ('MARI', Timestamp('2013-03-06 09:00:00')): P10 takes: 0.010260820388793945
Stats for ('MARI', Timestamp('2013-03-06 09:00:00')): P90 takes: 0.00969076156616211
Stats: gPCE takes: 0.005362033843994141
Stats for ('MARI', Timestamp('2013-03-06 10:00:00')): E takes: 0.02457427978515625
Stats for ('MARI', Timestamp('2013-03-06 10:00:00')): Var takes: 0.5373694896697998
Stats for ('MARI', Timestamp('2013-03-06 10:00:00')): StdDev takes: 0.5367436408996582
Stats for ('MARI', Timestamp('2013-03-06 10:00:00')): Sobol_m takes: 0.6949663162231445
Stats for ('MARI', Timestamp('2013-03-06 10:00:00')): Sobol_m2 takes: 1.3185744285583496
Stats for ('MARI', Timestamp('2013-03-06 10:00:00')): Sobol_t takes: 1.488783836364746
Stats for ('MARI', Timestamp('2013-03-06 10:00:00')): P10 takes: 0.009798049926757812
Stats for ('MARI', Timestamp('2013-03-06 10:00:00')): P90 takes: 0.009747505187988281
Stats: gPCE takes: 0.005257368087768555
Stats for ('MARI', Timestamp('2013-03-06 11:00:00')): E takes: 0.025406599044799805
Stats for ('MARI', Timestamp('2013-03-06 11:00:00')): Var takes: 0.5342791080474854
Stats for ('MARI', Timestamp('2013-03-06 11:00:00')): StdDev takes: 0.5356214046478271
Stats for ('MARI', Timestamp('2013-03-06 11:00:00')): Sobol_m takes: 0.6894605159759521
Stats for ('MARI', Timestamp('2013-03-06 11:00:00')): Sobol_m2 takes: 1.2805004119873047
Stats for ('MARI', Timestamp('2013-03-06 11:00:00')): Sobol_tslurmstepd: error: *** JOB 366167 ON mpp2r04c01s05 CANCELLED AT 2020-01-11T14:15:32 DUE TO TIME LIMIT ***
