python/3.6_intel (INFO):
    Loading this module may cause the environment generated by other
    modules to become inconsistent; however it should work together
    with the Intel compilers, tools and libraries.
intel-mpi/2018.4.274: using intel wrappers for mpicc, mpif77, etc
# conda environments:
#
campus_utilisation       /dss/dsshome1/lxc01/di73wal/.conda/envs/campus_utilisation
larsim_uq             *  /dss/dsshome1/lxc01/di73wal/.conda/envs/larsim_uq
vadere_cm2_scenario3     /dss/dsshome1/lxc01/di73wal/.conda/envs/vadere_cm2_scenario3
pyforge                  /lrz/sys/intel/studio2019_u4/intelpython3/envs/pyforge
root                     /lrz/sys/intel/studio2019_u4/intelpython3

# packages in environment at /dss/dsshome1/lxc01/di73wal/.conda/envs/larsim_uq:
#
bzip2                     1.0.6                        17    file:///lrz/sys/intel/studio2019_u4/conda_channel
chaospy                   3.0.4                     <pip>
cycler                    0.10.0                    <pip>
dill                      0.2.8.2                   <pip>
intelpython               2019.4                        0    file:///lrz/sys/intel/studio2019_u4/conda_channel
kiwisolver                1.2.0                     <pip>
libgcc-ng                 9.1.0                hdf63c60_0    intel
matplotlib                3.2.1                     <pip>
mpi4py                    3.0.3                     <pip>
numpy                     1.18.2                    <pip>
openssl                   1.0.2r                        2    file:///lrz/sys/intel/studio2019_u4/conda_channel
pandas                    1.0.3                     <pip>
pip                       10.0.1                   py36_0    file:///lrz/sys/intel/studio2019_u4/conda_channel
pyparsing                 2.4.6                     <pip>
python                    3.6.9                         5    intel
python-dateutil           2.8.1                     <pip>
pytz                      2019.3                    <pip>
scipy                     1.2.1                     <pip>
setuptools                27.2.0                   py36_0  
six                       1.14.0                    <pip>
sqlite                    3.28.0                        0    intel
tcl                       8.6.4                        24    file:///lrz/sys/intel/studio2019_u4/conda_channel
tk                        8.6.4                        29    file:///lrz/sys/intel/studio2019_u4/conda_channel
wheel                     0.31.0                   py36_3    file:///lrz/sys/intel/studio2019_u4/conda_channel
xz                        5.2.4                h14c3975_7    intel
zlib                      1.2.11                        5    file:///lrz/sys/intel/studio2019_u4/conda_channel
---- start sim: Sat May 2 10:16:36 CEST 2020
---- end sim: Sat May 2 10:16:36 CEST 2020
