python/3.6_intel (INFO):
    Loading this module may cause the environment generated by other
    modules to become inconsistent; however it should work together
    with the Intel compilers, tools and libraries.
---- start sim: Sat Dec 21 07:08:23 CET 2019
MPI version: Intel(R) MPI Library 2018 Update 4 for Linux* OS

MPI2 version: (3, 1)
MPI3 version: 3
mpi4py version: 3.0.3
rank 0: starttime: 2019.12.21 07:08:34
dir: /dss/dsshome1/lxc01/di73wal/work/simulation/diss.larsim/Larsim-UQ.git/../larsim_runs/0121_sim
dir: /dss/dsshome1/lxc01/di73wal/work/simulation/diss.larsim/Larsim-UQ.git/../larsim_runs/0121_sim
['/dss/dsshome1/lxc01/di73wal/work/simulation/diss.larsim/Larsim-UQ.git/../larsim_runs/0121_sim/uqsim.saved']
parsing args...
rank: 0 is master!
rank: 0 is master!
UQsim: restore from file: True
rank: 0 exit
uqsim.args.disable_statistics: True
calculate statistics [LarsimStatistics]...
Stats: samplesData Frame with All the simulation results : Index_run                   int64
Stationskennung            object
Type                       object
TimeStamp          datetime64[ns]
Value                     float64
dtype: object
Stationskennung            object
Type                       object
TimeStamp          datetime64[ns]
Index_run                   int64
Value                     float64
dtype: object
 takes: 0.30606770515441895
timesteps Info
<class 'numpy.ndarray'>
numbTimesteps is: 60
Stats: gPCE takes: 0.002179861068725586
Stats for ('LOHB', Timestamp('2013-03-01 00:00:00')): E takes: 0.0033109188079833984
Stats for ('LOHB', Timestamp('2013-03-01 00:00:00')): Var takes: 0.06740498542785645
Stats for ('LOHB', Timestamp('2013-03-01 00:00:00')): StdDev takes: 0.015947580337524414
Stats for ('LOHB', Timestamp('2013-03-01 00:00:00')): Sobol_m takes: 0.04146742820739746
Stats for ('LOHB', Timestamp('2013-03-01 00:00:00')): Sobol_m2 takes: 0.10033512115478516
Stats for ('LOHB', Timestamp('2013-03-01 00:00:00')): Sobol_t takes: 0.0672905445098877
Stats for ('LOHB', Timestamp('2013-03-01 00:00:00')): P10 takes: 0.008259296417236328
Stats for ('LOHB', Timestamp('2013-03-01 00:00:00')): P90 takes: 0.007515907287597656
Stats: gPCE takes: 0.0020720958709716797
Stats for ('LOHB', Timestamp('2013-03-02 00:00:00')): E takes: 0.0030770301818847656
Stats for ('LOHB', Timestamp('2013-03-02 00:00:00')): Var takes: 0.01579570770263672
Stats for ('LOHB', Timestamp('2013-03-02 00:00:00')): StdDev takes: 0.015882492065429688
Stats for ('LOHB', Timestamp('2013-03-02 00:00:00')): Sobol_m takes: 0.0413966178894043
Stats for ('LOHB', Timestamp('2013-03-02 00:00:00')): Sobol_m2 takes: 0.09968805313110352
Stats for ('LOHB', Timestamp('2013-03-02 00:00:00')): Sobol_t takes: 0.06886434555053711
Stats for ('LOHB', Timestamp('2013-03-02 00:00:00')): P10 takes: 0.00762939453125
Stats for ('LOHB', Timestamp('2013-03-02 00:00:00')): P90 takes: 0.007481098175048828
Stats: gPCE takes: 0.002008199691772461
Stats for ('LOHB', Timestamp('2013-03-03 00:00:00')): E takes: 0.0031256675720214844
Stats for ('LOHB', Timestamp('2013-03-03 00:00:00')): Var takes: 0.015794038772583008
Stats for ('LOHB', Timestamp('2013-03-03 00:00:00')): StdDev takes: 0.01569986343383789
Stats for ('LOHB', Timestamp('2013-03-03 00:00:00')): Sobol_m takes: 0.04138684272766113
Stats for ('LOHB', Timestamp('2013-03-03 00:00:00')): Sobol_m2 takes: 0.09989309310913086
Stats for ('LOHB', Timestamp('2013-03-03 00:00:00')): Sobol_t takes: 0.06695675849914551
Stats for ('LOHB', Timestamp('2013-03-03 00:00:00')): P10 takes: 0.007631778717041016
Stats for ('LOHB', Timestamp('2013-03-03 00:00:00')): P90 takes: 0.00745391845703125
Stats: gPCE takes: 0.002074718475341797
Stats for ('LOHB', Timestamp('2013-03-04 00:00:00')): E takes: 0.0031273365020751953
Stats for ('LOHB', Timestamp('2013-03-04 00:00:00')): Var takes: 0.015829801559448242
Stats for ('LOHB', Timestamp('2013-03-04 00:00:00')): StdDev takes: 0.015727996826171875
Stats for ('LOHB', Timestamp('2013-03-04 00:00:00')): Sobol_m takes: 0.0601041316986084
Stats for ('LOHB', Timestamp('2013-03-04 00:00:00')): Sobol_m2 takes: 0.09995412826538086
Stats for ('LOHB', Timestamp('2013-03-04 00:00:00')): Sobol_t takes: 0.06719803810119629
Stats for ('LOHB', Timestamp('2013-03-04 00:00:00')): P10 takes: 0.007780551910400391
Stats for ('LOHB', Timestamp('2013-03-04 00:00:00')): P90 takes: 0.07591629028320312
Stats: gPCE takes: 0.002126932144165039
Stats for ('LOHB', Timestamp('2013-03-05 00:00:00')): E takes: 0.0032269954681396484
Stats for ('LOHB', Timestamp('2013-03-05 00:00:00')): Var takes: 0.016435861587524414
Stats for ('LOHB', Timestamp('2013-03-05 00:00:00')): StdDev takes: 0.015845298767089844
Stats for ('LOHB', Timestamp('2013-03-05 00:00:00')): Sobol_m takes: 0.04102301597595215
Stats for ('LOHB', Timestamp('2013-03-05 00:00:00')): Sobol_m2 takes: 0.10015201568603516
Stats for ('LOHB', Timestamp('2013-03-05 00:00:00')): Sobol_t takes: 0.06725883483886719
Stats for ('LOHB', Timestamp('2013-03-05 00:00:00')): P10 takes: 0.007489681243896484
Stats for ('LOHB', Timestamp('2013-03-05 00:00:00')): P90 takes: 0.0075833797454833984
Stats: gPCE takes: 0.0020432472229003906
Stats for ('LOHB', Timestamp('2013-03-06 00:00:00')): E takes: 0.002988576889038086
Stats for ('LOHB', Timestamp('2013-03-06 00:00:00')): Var takes: 0.015900373458862305
Stats for ('LOHB', Timestamp('2013-03-06 00:00:00')): StdDev takes: 0.015839338302612305
Stats for ('LOHB', Timestamp('2013-03-06 00:00:00')): Sobol_m takes: 0.041403770446777344
Stats for ('LOHB', Timestamp('2013-03-06 00:00:00')): Sobol_m2 takes: 0.09993195533752441
Stats for ('LOHB', Timestamp('2013-03-06 00:00:00')): Sobol_t takes: 0.06701445579528809
Stats for ('LOHB', Timestamp('2013-03-06 00:00:00')): P10 takes: 0.007478952407836914
Stats for ('LOHB', Timestamp('2013-03-06 00:00:00')): P90 takes: 0.007484912872314453
Stats: gPCE takes: 0.002079486846923828
Stats for ('LOHB', Timestamp('2013-03-07 00:00:00')): E takes: 0.0031003952026367188
Stats for ('LOHB', Timestamp('2013-03-07 00:00:00')): Var takes: 0.015827417373657227
Stats for ('LOHB', Timestamp('2013-03-07 00:00:00')): StdDev takes: 0.015877246856689453
Stats for ('LOHB', Timestamp('2013-03-07 00:00:00')): Sobol_m takes: 0.04125356674194336
Stats for ('LOHB', Timestamp('2013-03-07 00:00:00')): Sobol_m2 takes: 0.10002446174621582
Stats for ('LOHB', Timestamp('2013-03-07 00:00:00')): Sobol_t takes: 0.06770038604736328
Stats for ('LOHB', Timestamp('2013-03-07 00:00:00')): P10 takes: 0.00748896598815918
Stats for ('LOHB', Timestamp('2013-03-07 00:00:00')): P90 takes: 0.0075495243072509766
Stats: gPCE takes: 0.002061605453491211
Stats for ('LOHB', Timestamp('2013-03-08 00:00:00')): E takes: 0.0030279159545898438
Stats for ('LOHB', Timestamp('2013-03-08 00:00:00')): Var takes: 0.015897035598754883
Stats for ('LOHB', Timestamp('2013-03-08 00:00:00')): StdDev takes: 0.015802621841430664
Stats for ('LOHB', Timestamp('2013-03-08 00:00:00')): Sobol_m takes: 0.041426658630371094
Stats for ('LOHB', Timestamp('2013-03-08 00:00:00')): Sobol_m2 takes: 0.10025715827941895
Stats for ('LOHB', Timestamp('2013-03-08 00:00:00')): Sobol_t takes: 0.06716585159301758
Stats for ('LOHB', Timestamp('2013-03-08 00:00:00')): P10 takes: 0.007488727569580078
Stats for ('LOHB', Timestamp('2013-03-08 00:00:00')): P90 takes: 0.007584095001220703
Stats: gPCE takes: 0.0023441314697265625
Stats for ('LOHB', Timestamp('2013-03-09 00:00:00')): E takes: 0.005861043930053711
Stats for ('LOHB', Timestamp('2013-03-09 00:00:00')): Var takes: 0.04630088806152344
Stats for ('LOHB', Timestamp('2013-03-09 00:00:00')): StdDev takes: 0.0463259220123291
Stats for ('LOHB', Timestamp('2013-03-09 00:00:00')): Sobol_m takes: 0.09263229370117188
Stats for ('LOHB', Timestamp('2013-03-09 00:00:00')): Sobol_m2 takes: 0.21868538856506348
Stats for ('LOHB', Timestamp('2013-03-09 00:00:00')): Sobol_t takes: 0.17452073097229004
Stats for ('LOHB', Timestamp('2013-03-09 00:00:00')): P10 takes: 0.007751941680908203
Stats for ('LOHB', Timestamp('2013-03-09 00:00:00')): P90 takes: 0.007928609848022461
Stats: gPCE takes: 0.002312898635864258
Stats for ('LOHB', Timestamp('2013-03-10 00:00:00')): E takes: 0.005883216857910156
Stats for ('LOHB', Timestamp('2013-03-10 00:00:00')): Var takes: 0.04622697830200195
Stats for ('LOHB', Timestamp('2013-03-10 00:00:00')): StdDev takes: 0.04646730422973633
Stats for ('LOHB', Timestamp('2013-03-10 00:00:00')): Sobol_m takes: 0.09288501739501953
Stats for ('LOHB', Timestamp('2013-03-10 00:00:00')): Sobol_m2 takes: 0.21818947792053223
Stats for ('LOHB', Timestamp('2013-03-10 00:00:00')): Sobol_t takes: 0.1747288703918457
Stats for ('LOHB', Timestamp('2013-03-10 00:00:00')): P10 takes: 0.007835149765014648
Stats for ('LOHB', Timestamp('2013-03-10 00:00:00')): P90 takes: 0.00793147087097168
Stats: gPCE takes: 0.002332448959350586
Stats for ('LOHB', Timestamp('2013-03-11 00:00:00')): E takes: 0.005945920944213867
Stats for ('LOHB', Timestamp('2013-03-11 00:00:00')): Var takes: 0.04641294479370117
Stats for ('LOHB', Timestamp('2013-03-11 00:00:00')): StdDev takes: 0.04642963409423828
Stats for ('LOHB', Timestamp('2013-03-11 00:00:00')): Sobol_m takes: 0.09293293952941895
Stats for ('LOHB', Timestamp('2013-03-11 00:00:00')): Sobol_m2 takes: 0.21825265884399414
Stats for ('LOHB', Timestamp('2013-03-11 00:00:00')): Sobol_t takes: 0.17491984367370605
Stats for ('LOHB', Timestamp('2013-03-11 00:00:00')): P10 takes: 0.007707118988037109
Stats for ('LOHB', Timestamp('2013-03-11 00:00:00')): P90 takes: 0.007771730422973633
Stats: gPCE takes: 0.0022804737091064453
Stats for ('LOHB', Timestamp('2013-03-12 00:00:00')): E takes: 0.0059795379638671875
Stats for ('LOHB', Timestamp('2013-03-12 00:00:00')): Var takes: 0.046247005462646484
Stats for ('LOHB', Timestamp('2013-03-12 00:00:00')): StdDev takes: 0.04640913009643555
Stats for ('LOHB', Timestamp('2013-03-12 00:00:00')): Sobol_m takes: 0.09284400939941406
Stats for ('LOHB', Timestamp('2013-03-12 00:00:00')): Sobol_m2 takes: 0.21811342239379883
Stats for ('LOHB', Timestamp('2013-03-12 00:00:00')): Sobol_t takes: 0.17473554611206055
Stats for ('LOHB', Timestamp('2013-03-12 00:00:00')): P10 takes: 0.007838249206542969
Stats for ('LOHB', Timestamp('2013-03-12 00:00:00')): P90 takes: 0.007817506790161133
Stats: gPCE takes: 0.0023598670959472656
Stats for ('LOHB', Timestamp('2013-03-13 00:00:00')): E takes: 0.006042003631591797
Stats for ('LOHB', Timestamp('2013-03-13 00:00:00')): Var takes: 0.04634213447570801
Stats for ('LOHB', Timestamp('2013-03-13 00:00:00')): StdDev takes: 0.04690408706665039
Stats for ('LOHB', Timestamp('2013-03-13 00:00:00')): Sobol_m takes: 0.09289884567260742
Stats for ('LOHB', Timestamp('2013-03-13 00:00:00')): Sobol_m2 takes: 0.2182939052581787
Stats for ('LOHB', Timestamp('2013-03-13 00:00:00')): Sobol_t takes: 0.17508840560913086
Stats for ('LOHB', Timestamp('2013-03-13 00:00:00')): P10 takes: 0.007883071899414062
Stats for ('LOHB', Timestamp('2013-03-13 00:00:00')): P90 takes: 0.007892131805419922
Stats: gPCE takes: 0.0023086071014404297
Stats for ('LOHB', Timestamp('2013-03-14 00:00:00')): E takes: 0.005869626998901367
Stats for ('LOHB', Timestamp('2013-03-14 00:00:00')): Var takes: 0.04646587371826172
Stats for ('LOHB', Timestamp('2013-03-14 00:00:00')): StdDev takes: 0.04657101631164551
Stats for ('LOHB', Timestamp('2013-03-14 00:00:00')): Sobol_m takes: 0.09289026260375977
Stats for ('LOHB', Timestamp('2013-03-14 00:00:00')): Sobol_m2 takes: 0.21886157989501953
Stats for ('LOHB', Timestamp('2013-03-14 00:00:00')): Sobol_t takes: 0.17470026016235352
Stats for ('LOHB', Timestamp('2013-03-14 00:00:00')): P10 takes: 0.007807254791259766
Stats for ('LOHB', Timestamp('2013-03-14 00:00:00')): P90 takes: 0.0077288150787353516
Stats: gPCE takes: 0.002329587936401367
Stats for ('LOHB', Timestamp('2013-03-15 00:00:00')): E takes: 0.006218433380126953
Stats for ('LOHB', Timestamp('2013-03-15 00:00:00')): Var takes: 0.04664492607116699
Stats for ('LOHB', Timestamp('2013-03-15 00:00:00')): StdDev takes: 0.04642343521118164
Stats for ('LOHB', Timestamp('2013-03-15 00:00:00')): Sobol_m takes: 0.09300756454467773
Stats for ('LOHB', Timestamp('2013-03-15 00:00:00')): Sobol_m2 takes: 0.2186717987060547
Stats for ('LOHB', Timestamp('2013-03-15 00:00:00')): Sobol_t takes: 0.17490148544311523
Stats for ('LOHB', Timestamp('2013-03-15 00:00:00')): P10 takes: 0.00782632827758789
Stats for ('LOHB', Timestamp('2013-03-15 00:00:00')): P90 takes: 0.007973670959472656
Stats: gPCE takes: 0.0023453235626220703
Stats for ('LOHB', Timestamp('2013-03-16 00:00:00')): E takes: 0.0058596134185791016
Stats for ('LOHB', Timestamp('2013-03-16 00:00:00')): Var takes: 0.04643583297729492
Stats for ('LOHB', Timestamp('2013-03-16 00:00:00')): StdDev takes: 0.04658102989196777
Stats for ('LOHB', Timestamp('2013-03-16 00:00:00')): Sobol_m takes: 0.0929405689239502
Stats for ('LOHB', Timestamp('2013-03-16 00:00:00')): Sobol_m2 takes: 0.2185196876525879
Stats for ('LOHB', Timestamp('2013-03-16 00:00:00')): Sobol_t takes: 0.17515158653259277
Stats for ('LOHB', Timestamp('2013-03-16 00:00:00')): P10 takes: 0.007862329483032227
Stats for ('LOHB', Timestamp('2013-03-16 00:00:00')): P90 takes: 0.007781028747558594
Stats: gPCE takes: 0.0023670196533203125
Stats for ('LOHB', Timestamp('2013-03-17 00:00:00')): E takes: 0.0063419342041015625
Stats for ('LOHB', Timestamp('2013-03-17 00:00:00')): Var takes: 0.046430110931396484
Stats for ('LOHB', Timestamp('2013-03-17 00:00:00')): StdDev takes: 0.04656505584716797
Stats for ('LOHB', Timestamp('2013-03-17 00:00:00')): Sobol_m takes: 0.09306168556213379
Stats for ('LOHB', Timestamp('2013-03-17 00:00:00')): Sobol_m2 takes: 0.21828651428222656
Stats for ('LOHB', Timestamp('2013-03-17 00:00:00')): Sobol_t takes: 0.17476987838745117
Stats for ('LOHB', Timestamp('2013-03-17 00:00:00')): P10 takes: 0.007821798324584961
Stats for ('LOHB', Timestamp('2013-03-17 00:00:00')): P90 takes: 0.0078029632568359375
Stats: gPCE takes: 0.0023467540740966797
Stats for ('LOHB', Timestamp('2013-03-18 00:00:00')): E takes: 0.006033658981323242
Stats for ('LOHB', Timestamp('2013-03-18 00:00:00')): Var takes: 0.0464177131652832
Stats for ('LOHB', Timestamp('2013-03-18 00:00:00')): StdDev takes: 0.046500444412231445
Stats for ('LOHB', Timestamp('2013-03-18 00:00:00')): Sobol_m takes: 0.09304404258728027
Stats for ('LOHB', Timestamp('2013-03-18 00:00:00')): Sobol_m2 takes: 0.21869921684265137
Stats for ('LOHB', Timestamp('2013-03-18 00:00:00')): Sobol_t takes: 0.174896240234375
Stats for ('LOHB', Timestamp('2013-03-18 00:00:00')): P10 takes: 0.00784158706665039
Stats for ('LOHB', Timestamp('2013-03-18 00:00:00')): P90 takes: 0.007940292358398438
Stats: gPCE takes: 0.002170562744140625
Stats for ('LOHB', Timestamp('2013-03-19 00:00:00')): E takes: 0.005853176116943359
Stats for ('LOHB', Timestamp('2013-03-19 00:00:00')): Var takes: 0.04628324508666992
Stats for ('LOHB', Timestamp('2013-03-19 00:00:00')): StdDev takes: 0.04657101631164551
Stats for ('LOHB', Timestamp('2013-03-19 00:00:00')): Sobol_m takes: 0.09284758567810059
Stats for ('LOHB', Timestamp('2013-03-19 00:00:00')): Sobol_m2 takes: 0.21912026405334473
Stats for ('LOHB', Timestamp('2013-03-19 00:00:00')): Sobol_t takes: 0.1751878261566162
Stats for ('LOHB', Timestamp('2013-03-19 00:00:00')): P10 takes: 0.007825136184692383
Stats for ('LOHB', Timestamp('2013-03-19 00:00:00')): P90 takes: 0.007818222045898438
Stats: gPCE takes: 0.002269268035888672
Stats for ('LOHB', Timestamp('2013-03-20 00:00:00')): E takes: 0.005971431732177734
Stats for ('LOHB', Timestamp('2013-03-20 00:00:00')): Var takes: 0.04639482498168945
Stats for ('LOHB', Timestamp('2013-03-20 00:00:00')): StdDev takes: 0.046633005142211914
Stats for ('LOHB', Timestamp('2013-03-20 00:00:00')): Sobol_m takes: 0.09318423271179199
Stats for ('LOHB', Timestamp('2013-03-20 00:00:00')): Sobol_m2 takes: 0.25635218620300293
Stats for ('LOHB', Timestamp('2013-03-20 00:00:00')): Sobol_t takes: 0.17316889762878418
Stats for ('LOHB', Timestamp('2013-03-20 00:00:00')): P10 takes: 0.008054733276367188
Stats for ('LOHB', Timestamp('2013-03-20 00:00:00')): P90 takes: 0.007868766784667969
Stats: gPCE takes: 0.002354860305786133
Stats for ('LOHB', Timestamp('2013-03-21 00:00:00')): E takes: 0.005826234817504883
Stats for ('LOHB', Timestamp('2013-03-21 00:00:00')): Var takes: 0.04619789123535156
Stats for ('LOHB', Timestamp('2013-03-21 00:00:00')): StdDev takes: 0.04601764678955078
Stats for ('LOHB', Timestamp('2013-03-21 00:00:00')): Sobol_m takes: 0.09211301803588867
Stats for ('LOHB', Timestamp('2013-03-21 00:00:00')): Sobol_m2 takes: 0.21691441535949707
Stats for ('LOHB', Timestamp('2013-03-21 00:00:00')): Sobol_t takes: 0.173492431640625
Stats for ('LOHB', Timestamp('2013-03-21 00:00:00')): P10 takes: 0.007825136184692383
Stats for ('LOHB', Timestamp('2013-03-21 00:00:00')): P90 takes: 0.007815122604370117
Stats: gPCE takes: 0.002375364303588867
Stats for ('LOHB', Timestamp('2013-03-22 00:00:00')): E takes: 0.005824565887451172
Stats for ('LOHB', Timestamp('2013-03-22 00:00:00')): Var takes: 0.04606795310974121
Stats for ('LOHB', Timestamp('2013-03-22 00:00:00')): StdDev takes: 0.04620814323425293
Stats for ('LOHB', Timestamp('2013-03-22 00:00:00')): Sobol_m takes: 0.0924217700958252
Stats for ('LOHB', Timestamp('2013-03-22 00:00:00')): Sobol_m2 takes: 0.21727371215820312
Stats for ('LOHB', Timestamp('2013-03-22 00:00:00')): Sobol_t takes: 0.1740412712097168
Stats for ('LOHB', Timestamp('2013-03-22 00:00:00')): P10 takes: 0.007832765579223633
Stats for ('LOHB', Timestamp('2013-03-22 00:00:00')): P90 takes: 0.007875204086303711
Stats: gPCE takes: 0.0023441314697265625
Stats for ('LOHB', Timestamp('2013-03-23 00:00:00')): E takes: 0.00590825080871582
Stats for ('LOHB', Timestamp('2013-03-23 00:00:00')): Var takes: 0.04602622985839844
Stats for ('LOHB', Timestamp('2013-03-23 00:00:00')): StdDev takes: 0.04622697830200195
Stats for ('LOHB', Timestamp('2013-03-23 00:00:00')): Sobol_m takes: 0.0923609733581543
Stats for ('LOHB', Timestamp('2013-03-23 00:00:00')): Sobol_m2 takes: 0.21769452095031738
Stats for ('LOHB', Timestamp('2013-03-23 00:00:00')): Sobol_t takes: 0.17429876327514648
Stats for ('LOHB', Timestamp('2013-03-23 00:00:00')): P10 takes: 0.007868289947509766
Stats for ('LOHB', Timestamp('2013-03-23 00:00:00')): P90 takes: 0.0079345703125
Stats: gPCE takes: 0.0023469924926757812
Stats for ('LOHB', Timestamp('2013-03-24 00:00:00')): E takes: 0.005890846252441406
Stats for ('LOHB', Timestamp('2013-03-24 00:00:00')): Var takes: 0.046304941177368164
Stats for ('LOHB', Timestamp('2013-03-24 00:00:00')): StdDev takes: 0.046361446380615234
Stats for ('LOHB', Timestamp('2013-03-24 00:00:00')): Sobol_m takes: 0.0925436019897461
Stats for ('LOHB', Timestamp('2013-03-24 00:00:00')): Sobol_m2 takes: 0.21973490715026855
Stats for ('LOHB', Timestamp('2013-03-24 00:00:00')): Sobol_t takes: 0.17420125007629395
Stats for ('LOHB', Timestamp('2013-03-24 00:00:00')): P10 takes: 0.007842302322387695
Stats for ('LOHB', Timestamp('2013-03-24 00:00:00')): P90 takes: 0.007823705673217773
Stats: gPCE takes: 0.00238037109375
Stats for ('LOHB', Timestamp('2013-03-25 00:00:00')): E takes: 0.006031513214111328
Stats for ('LOHB', Timestamp('2013-03-25 00:00:00')): Var takes: 0.046251773834228516
Stats for ('LOHB', Timestamp('2013-03-25 00:00:00')): StdDev takes: 0.046395301818847656
Stats for ('LOHB', Timestamp('2013-03-25 00:00:00')): Sobol_m takes: 0.09262776374816895
Stats for ('LOHB', Timestamp('2013-03-25 00:00:00')): Sobol_m2 takes: 0.21763372421264648
Stats for ('LOHB', Timestamp('2013-03-25 00:00:00')): Sobol_t takes: 0.17431926727294922
Stats for ('LOHB', Timestamp('2013-03-25 00:00:00')): P10 takes: 0.007899999618530273
Stats for ('LOHB', Timestamp('2013-03-25 00:00:00')): P90 takes: 0.00792694091796875
Stats: gPCE takes: 0.0023589134216308594
Stats for ('LOHB', Timestamp('2013-03-26 00:00:00')): E takes: 0.0058498382568359375
Stats for ('LOHB', Timestamp('2013-03-26 00:00:00')): Var takes: 0.04633212089538574
Stats for ('LOHB', Timestamp('2013-03-26 00:00:00')): StdDev takes: 0.046466827392578125
Stats for ('LOHB', Timestamp('2013-03-26 00:00:00')): Sobol_m takes: 0.09278559684753418
Stats for ('LOHB', Timestamp('2013-03-26 00:00:00')): Sobol_m2 takes: 0.2181863784790039
Stats for ('LOHB', Timestamp('2013-03-26 00:00:00')): Sobol_t takes: 0.17653441429138184
Stats for ('LOHB', Timestamp('2013-03-26 00:00:00')): P10 takes: 0.007822275161743164
Stats for ('LOHB', Timestamp('2013-03-26 00:00:00')): P90 takes: 0.008197546005249023
Stats: gPCE takes: 0.0023088455200195312
Stats for ('LOHB', Timestamp('2013-03-27 00:00:00')): E takes: 0.006321430206298828
Stats for ('LOHB', Timestamp('2013-03-27 00:00:00')): Var takes: 0.04720449447631836
Stats for ('LOHB', Timestamp('2013-03-27 00:00:00')): StdDev takes: 0.04655885696411133
Stats for ('LOHB', Timestamp('2013-03-27 00:00:00')): Sobol_m takes: 0.09310698509216309
Stats for ('LOHB', Timestamp('2013-03-27 00:00:00')): Sobol_m2 takes: 0.2185511589050293
Stats for ('LOHB', Timestamp('2013-03-27 00:00:00')): Sobol_t takes: 0.17596793174743652
Stats for ('LOHB', Timestamp('2013-03-27 00:00:00')): P10 takes: 0.0077610015869140625
Stats for ('LOHB', Timestamp('2013-03-27 00:00:00')): P90 takes: 0.007993221282958984
Stats: gPCE takes: 0.0023505687713623047
Stats for ('LOHB', Timestamp('2013-03-28 00:00:00')): E takes: 0.005888700485229492
Stats for ('LOHB', Timestamp('2013-03-28 00:00:00')): Var takes: 0.04653334617614746
Stats for ('LOHB', Timestamp('2013-03-28 00:00:00')): StdDev takes: 0.04666447639465332
Stats for ('LOHB', Timestamp('2013-03-28 00:00:00')): Sobol_m takes: 0.09312796592712402
Stats for ('LOHB', Timestamp('2013-03-28 00:00:00')): Sobol_m2 takes: 0.21903276443481445
Stats for ('LOHB', Timestamp('2013-03-28 00:00:00')): Sobol_t takes: 0.1752774715423584
Stats for ('LOHB', Timestamp('2013-03-28 00:00:00')): P10 takes: 0.007840633392333984
Stats for ('LOHB', Timestamp('2013-03-28 00:00:00')): P90 takes: 0.007847070693969727
Stats: gPCE takes: 0.0022957324981689453
Stats for ('LOHB', Timestamp('2013-03-29 00:00:00')): E takes: 0.005997180938720703
Stats for ('LOHB', Timestamp('2013-03-29 00:00:00')): Var takes: 0.04643416404724121
Stats for ('LOHB', Timestamp('2013-03-29 00:00:00')): StdDev takes: 0.046657562255859375
Stats for ('LOHB', Timestamp('2013-03-29 00:00:00')): Sobol_m takes: 0.09323692321777344
Stats for ('LOHB', Timestamp('2013-03-29 00:00:00')): Sobol_m2 takes: 0.2193441390991211
Stats for ('LOHB', Timestamp('2013-03-29 00:00:00')): Sobol_t takes: 0.1752161979675293
Stats for ('LOHB', Timestamp('2013-03-29 00:00:00')): P10 takes: 0.007825613021850586
Stats for ('LOHB', Timestamp('2013-03-29 00:00:00')): P90 takes: 0.007829904556274414
Stats: gPCE takes: 0.0023696422576904297
Stats for ('LOHB', Timestamp('2013-03-30 00:00:00')): E takes: 0.006272792816162109
Stats for ('LOHB', Timestamp('2013-03-30 00:00:00')): Var takes: 0.046759605407714844
Stats for ('LOHB', Timestamp('2013-03-30 00:00:00')): StdDev takes: 0.04664945602416992
Stats for ('LOHB', Timestamp('2013-03-30 00:00:00')): Sobol_m takes: 0.09324502944946289
Stats for ('LOHB', Timestamp('2013-03-30 00:00:00')): Sobol_m2 takes: 0.2191462516784668
Stats for ('LOHB', Timestamp('2013-03-30 00:00:00')): Sobol_t takes: 0.17499399185180664
Stats for ('LOHB', Timestamp('2013-03-30 00:00:00')): P10 takes: 0.007824420928955078
Stats for ('LOHB', Timestamp('2013-03-30 00:00:00')): P90 takes: 0.007939338684082031
Stats: gPCE takes: 0.0023353099822998047
Stats for ('LOHB', Timestamp('2013-03-31 00:00:00')): E takes: 0.0058956146240234375
Stats for ('LOHB', Timestamp('2013-03-31 00:00:00')): Var takes: 0.04636216163635254
Stats for ('LOHB', Timestamp('2013-03-31 00:00:00')): StdDev takes: 0.04663395881652832
Stats for ('LOHB', Timestamp('2013-03-31 00:00:00')): Sobol_m takes: 0.09305119514465332
Stats for ('LOHB', Timestamp('2013-03-31 00:00:00')): Sobol_m2 takes: 0.21864962577819824
Stats for ('LOHB', Timestamp('2013-03-31 00:00:00')): Sobol_t takes: 0.1750025749206543
Stats for ('LOHB', Timestamp('2013-03-31 00:00:00')): P10 takes: 0.007823467254638672
Stats for ('LOHB', Timestamp('2013-03-31 00:00:00')): P90 takes: 0.007828712463378906
Stats: gPCE takes: 0.0023605823516845703
Stats for ('LOHB', Timestamp('2013-04-01 00:00:00')): E takes: 0.006020307540893555
Stats for ('LOHB', Timestamp('2013-04-01 00:00:00')): Var takes: 0.0464327335357666
Stats for ('LOHB', Timestamp('2013-04-01 00:00:00')): StdDev takes: 0.04657292366027832
Stats for ('LOHB', Timestamp('2013-04-01 00:00:00')): Sobol_m takes: 0.09452581405639648
Stats for ('LOHB', Timestamp('2013-04-01 00:00:00')): Sobol_m2 takes: 0.21798992156982422
Stats for ('LOHB', Timestamp('2013-04-01 00:00:00')): Sobol_t takes: 0.17478585243225098
Stats for ('LOHB', Timestamp('2013-04-01 00:00:00')): P10 takes: 0.007833003997802734
Stats for ('LOHB', Timestamp('2013-04-01 00:00:00')): P90 takes: 0.007880449295043945
Stats: gPCE takes: 0.0023572444915771484
Stats for ('LOHB', Timestamp('2013-04-02 00:00:00')): E takes: 0.005995988845825195
Stats for ('LOHB', Timestamp('2013-04-02 00:00:00')): Var takes: 0.046459197998046875
Stats for ('LOHB', Timestamp('2013-04-02 00:00:00')): StdDev takes: 0.04655933380126953
Stats for ('LOHB', Timestamp('2013-04-02 00:00:00')): Sobol_m takes: 0.0930778980255127
Stats for ('LOHB', Timestamp('2013-04-02 00:00:00')): Sobol_m2 takes: 0.21882295608520508
Stats for ('LOHB', Timestamp('2013-04-02 00:00:00')): Sobol_t takes: 0.17485427856445312
Stats for ('LOHB', Timestamp('2013-04-02 00:00:00')): P10 takes: 0.007847070693969727
Stats for ('LOHB', Timestamp('2013-04-02 00:00:00')): P90 takes: 0.007941007614135742
Stats: gPCE takes: 0.0023343563079833984
Stats for ('LOHB', Timestamp('2013-04-03 00:00:00')): E takes: 0.0058727264404296875
Stats for ('LOHB', Timestamp('2013-04-03 00:00:00')): Var takes: 0.04644155502319336
Stats for ('LOHB', Timestamp('2013-04-03 00:00:00')): StdDev takes: 0.04655289649963379
Stats for ('LOHB', Timestamp('2013-04-03 00:00:00')): Sobol_m takes: 0.0930941104888916
Stats for ('LOHB', Timestamp('2013-04-03 00:00:00')): Sobol_m2 takes: 0.21893000602722168
Stats for ('LOHB', Timestamp('2013-04-03 00:00:00')): Sobol_t takes: 0.17506790161132812
Stats for ('LOHB', Timestamp('2013-04-03 00:00:00')): P10 takes: 0.00782012939453125
Stats for ('LOHB', Timestamp('2013-04-03 00:00:00')): P90 takes: 0.007902145385742188
Stats: gPCE takes: 0.002339601516723633
Stats for ('LOHB', Timestamp('2013-04-04 00:00:00')): E takes: 0.006018161773681641
Stats for ('LOHB', Timestamp('2013-04-04 00:00:00')): Var takes: 0.04667210578918457
Stats for ('LOHB', Timestamp('2013-04-04 00:00:00')): StdDev takes: 0.04661250114440918
Stats for ('LOHB', Timestamp('2013-04-04 00:00:00')): Sobol_m takes: 0.13193368911743164
Stats for ('LOHB', Timestamp('2013-04-04 00:00:00')): Sobol_m2 takes: 0.2174854278564453
Stats for ('LOHB', Timestamp('2013-04-04 00:00:00')): Sobol_t takes: 0.17382383346557617
Stats for ('LOHB', Timestamp('2013-04-04 00:00:00')): P10 takes: 0.008062601089477539
Stats for ('LOHB', Timestamp('2013-04-04 00:00:00')): P90 takes: 0.007834911346435547
Stats: gPCE takes: 0.0023565292358398438
Stats for ('LOHB', Timestamp('2013-04-05 00:00:00')): E takes: 0.005834102630615234
Stats for ('LOHB', Timestamp('2013-04-05 00:00:00')): Var takes: 0.04634857177734375
Stats for ('LOHB', Timestamp('2013-04-05 00:00:00')): StdDev takes: 0.04619264602661133
Stats for ('LOHB', Timestamp('2013-04-05 00:00:00')): Sobol_m takes: 0.09450912475585938
Stats for ('LOHB', Timestamp('2013-04-05 00:00:00')): Sobol_m2 takes: 0.2179737091064453
Stats for ('LOHB', Timestamp('2013-04-05 00:00:00')): Sobol_t takes: 0.17435455322265625
Stats for ('LOHB', Timestamp('2013-04-05 00:00:00')): P10 takes: 0.007966995239257812
Stats for ('LOHB', Timestamp('2013-04-05 00:00:00')): P90 takes: 0.007829666137695312
Stats: gPCE takes: 0.0023543834686279297
Stats for ('LOHB', Timestamp('2013-04-06 00:00:00')): E takes: 0.005850315093994141
Stats for ('LOHB', Timestamp('2013-04-06 00:00:00')): Var takes: 0.046399831771850586
Stats for ('LOHB', Timestamp('2013-04-06 00:00:00')): StdDev takes: 0.046338796615600586
Stats for ('LOHB', Timestamp('2013-04-06 00:00:00')): Sobol_m takes: 0.09286832809448242
Stats for ('LOHB', Timestamp('2013-04-06 00:00:00')): Sobol_m2 takes: 0.21813058853149414
Stats for ('LOHB', Timestamp('2013-04-06 00:00:00')): Sobol_t takes: 0.17458677291870117
Stats for ('LOHB', Timestamp('2013-04-06 00:00:00')): P10 takes: 0.008028507232666016
Stats for ('LOHB', Timestamp('2013-04-06 00:00:00')): P90 takes: 0.008350372314453125
Stats: gPCE takes: 0.0023572444915771484
Stats for ('LOHB', Timestamp('2013-04-07 00:00:00')): E takes: 0.006207942962646484
Stats for ('LOHB', Timestamp('2013-04-07 00:00:00')): Var takes: 0.04795432090759277
Stats for ('LOHB', Timestamp('2013-04-07 00:00:00')): StdDev takes: 0.04628610610961914
Stats for ('LOHB', Timestamp('2013-04-07 00:00:00')): Sobol_m takes: 0.09268569946289062
Stats for ('LOHB', Timestamp('2013-04-07 00:00:00')): Sobol_m2 takes: 0.21820521354675293
Stats for ('LOHB', Timestamp('2013-04-07 00:00:00')): Sobol_t takes: 0.1746046543121338
Stats for ('LOHB', Timestamp('2013-04-07 00:00:00')): P10 takes: 0.007832050323486328
Stats for ('LOHB', Timestamp('2013-04-07 00:00:00')): P90 takes: 0.007937908172607422
Stats: gPCE takes: 0.002276897430419922
Stats for ('LOHB', Timestamp('2013-04-08 00:00:00')): E takes: 0.005872964859008789
Stats for ('LOHB', Timestamp('2013-04-08 00:00:00')): Var takes: 0.046479225158691406
Stats for ('LOHB', Timestamp('2013-04-08 00:00:00')): StdDev takes: 0.0465388298034668
Stats for ('LOHB', Timestamp('2013-04-08 00:00:00')): Sobol_m takes: 0.09294891357421875
Stats for ('LOHB', Timestamp('2013-04-08 00:00:00')): Sobol_m2 takes: 0.21802616119384766
Stats for ('LOHB', Timestamp('2013-04-08 00:00:00')): Sobol_t takes: 0.17511296272277832
Stats for ('LOHB', Timestamp('2013-04-08 00:00:00')): P10 takes: 0.007891178131103516
Stats for ('LOHB', Timestamp('2013-04-08 00:00:00')): P90 takes: 0.008020162582397461
Stats: gPCE takes: 0.0023567676544189453
Stats for ('LOHB', Timestamp('2013-04-09 00:00:00')): E takes: 0.005857229232788086
Stats for ('LOHB', Timestamp('2013-04-09 00:00:00')): Var takes: 0.04651498794555664
Stats for ('LOHB', Timestamp('2013-04-09 00:00:00')): StdDev takes: 0.04656410217285156
Stats for ('LOHB', Timestamp('2013-04-09 00:00:00')): Sobol_m takes: 0.0927739143371582
Stats for ('LOHB', Timestamp('2013-04-09 00:00:00')): Sobol_m2 takes: 0.2183856964111328
Stats for ('LOHB', Timestamp('2013-04-09 00:00:00')): Sobol_t takes: 0.1747910976409912
Stats for ('LOHB', Timestamp('2013-04-09 00:00:00')): P10 takes: 0.007836580276489258
Stats for ('LOHB', Timestamp('2013-04-09 00:00:00')): P90 takes: 0.007828950881958008
Stats: gPCE takes: 0.002353191375732422
Stats for ('LOHB', Timestamp('2013-04-10 00:00:00')): E takes: 0.0059642791748046875
Stats for ('LOHB', Timestamp('2013-04-10 00:00:00')): Var takes: 0.0463719367980957
Stats for ('LOHB', Timestamp('2013-04-10 00:00:00')): StdDev takes: 0.046575307846069336
Stats for ('LOHB', Timestamp('2013-04-10 00:00:00')): Sobol_m takes: 0.09299421310424805
Stats for ('LOHB', Timestamp('2013-04-10 00:00:00')): Sobol_m2 takes: 0.21812915802001953
Stats for ('LOHB', Timestamp('2013-04-10 00:00:00')): Sobol_t takes: 0.17476558685302734
Stats for ('LOHB', Timestamp('2013-04-10 00:00:00')): P10 takes: 0.007821798324584961
Stats for ('LOHB', Timestamp('2013-04-10 00:00:00')): P90 takes: 0.007813692092895508
Stats: gPCE takes: 0.002371072769165039
Stats for ('LOHB', Timestamp('2013-04-11 00:00:00')): E takes: 0.006030082702636719
Stats for ('LOHB', Timestamp('2013-04-11 00:00:00')): Var takes: 0.04619550704956055
Stats for ('LOHB', Timestamp('2013-04-11 00:00:00')): StdDev takes: 0.04651904106140137
Stats for ('LOHB', Timestamp('2013-04-11 00:00:00')): Sobol_m takes: 0.09292721748352051
Stats for ('LOHB', Timestamp('2013-04-11 00:00:00')): Sobol_m2 takes: 0.2181999683380127
Stats for ('LOHB', Timestamp('2013-04-11 00:00:00')): Sobol_t takes: 0.17462563514709473
Stats for ('LOHB', Timestamp('2013-04-11 00:00:00')): P10 takes: 0.007816553115844727
Stats for ('LOHB', Timestamp('2013-04-11 00:00:00')): P90 takes: 0.007972240447998047
Stats: gPCE takes: 0.0023567676544189453
Stats for ('LOHB', Timestamp('2013-04-12 00:00:00')): E takes: 0.005876779556274414
Stats for ('LOHB', Timestamp('2013-04-12 00:00:00')): Var takes: 0.04644942283630371
Stats for ('LOHB', Timestamp('2013-04-12 00:00:00')): StdDev takes: 0.0465700626373291
Stats for ('LOHB', Timestamp('2013-04-12 00:00:00')): Sobol_m takes: 0.09298443794250488
Stats for ('LOHB', Timestamp('2013-04-12 00:00:00')): Sobol_m2 takes: 0.21933412551879883
Stats for ('LOHB', Timestamp('2013-04-12 00:00:00')): Sobol_t takes: 0.17491841316223145
Stats for ('LOHB', Timestamp('2013-04-12 00:00:00')): P10 takes: 0.007834434509277344
Stats for ('LOHB', Timestamp('2013-04-12 00:00:00')): P90 takes: 0.007726430892944336
Stats: gPCE takes: 0.002298593521118164
Stats for ('LOHB', Timestamp('2013-04-13 00:00:00')): E takes: 0.006306171417236328
Stats for ('LOHB', Timestamp('2013-04-13 00:00:00')): Var takes: 0.04645371437072754
Stats for ('LOHB', Timestamp('2013-04-13 00:00:00')): StdDev takes: 0.0465850830078125
Stats for ('LOHB', Timestamp('2013-04-13 00:00:00')): Sobol_m takes: 0.09302926063537598
Stats for ('LOHB', Timestamp('2013-04-13 00:00:00')): Sobol_m2 takes: 0.21847295761108398
Stats for ('LOHB', Timestamp('2013-04-13 00:00:00')): Sobol_t takes: 0.17492127418518066
Stats for ('LOHB', Timestamp('2013-04-13 00:00:00')): P10 takes: 0.007821321487426758
Stats for ('LOHB', Timestamp('2013-04-13 00:00:00')): P90 takes: 0.007831096649169922
Stats: gPCE takes: 0.0023338794708251953
Stats for ('LOHB', Timestamp('2013-04-14 00:00:00')): E takes: 0.0060002803802490234
Stats for ('LOHB', Timestamp('2013-04-14 00:00:00')): Var takes: 0.04628109931945801
Stats for ('LOHB', Timestamp('2013-04-14 00:00:00')): StdDev takes: 0.04649925231933594
Stats for ('LOHB', Timestamp('2013-04-14 00:00:00')): Sobol_m takes: 0.09292840957641602
Stats for ('LOHB', Timestamp('2013-04-14 00:00:00')): Sobol_m2 takes: 0.21886968612670898
Stats for ('LOHB', Timestamp('2013-04-14 00:00:00')): Sobol_t takes: 0.17482542991638184
Stats for ('LOHB', Timestamp('2013-04-14 00:00:00')): P10 takes: 0.007816076278686523
Stats for ('LOHB', Timestamp('2013-04-14 00:00:00')): P90 takes: 0.00791311264038086
Stats: gPCE takes: 0.0023336410522460938
Stats for ('LOHB', Timestamp('2013-04-15 00:00:00')): E takes: 0.00590968132019043
Stats for ('LOHB', Timestamp('2013-04-15 00:00:00')): Var takes: 0.04627799987792969
Stats for ('LOHB', Timestamp('2013-04-15 00:00:00')): StdDev takes: 0.04694938659667969
Stats for ('LOHB', Timestamp('2013-04-15 00:00:00')): Sobol_m takes: 0.09303641319274902
Stats for ('LOHB', Timestamp('2013-04-15 00:00:00')): Sobol_m2 takes: 0.21824312210083008
Stats for ('LOHB', Timestamp('2013-04-15 00:00:00')): Sobol_t takes: 0.1747429370880127
Stats for ('LOHB', Timestamp('2013-04-15 00:00:00')): P10 takes: 0.007825374603271484
Stats for ('LOHB', Timestamp('2013-04-15 00:00:00')): P90 takes: 0.00777888298034668
Stats: gPCE takes: 0.0023360252380371094
Stats for ('LOHB', Timestamp('2013-04-16 00:00:00')): E takes: 0.005934476852416992
Stats for ('LOHB', Timestamp('2013-04-16 00:00:00')): Var takes: 0.04646492004394531
Stats for ('LOHB', Timestamp('2013-04-16 00:00:00')): StdDev takes: 0.04651021957397461
Stats for ('LOHB', Timestamp('2013-04-16 00:00:00')): Sobol_m takes: 0.09302783012390137
Stats for ('LOHB', Timestamp('2013-04-16 00:00:00')): Sobol_m2 takes: 0.21820759773254395
Stats for ('LOHB', Timestamp('2013-04-16 00:00:00')): Sobol_t takes: 0.17467641830444336
Stats for ('LOHB', Timestamp('2013-04-16 00:00:00')): P10 takes: 0.007816791534423828
Stats for ('LOHB', Timestamp('2013-04-16 00:00:00')): P90 takes: 0.007773160934448242
Stats: gPCE takes: 0.0023374557495117188
Stats for ('LOHB', Timestamp('2013-04-17 00:00:00')): E takes: 0.00598454475402832
Stats for ('LOHB', Timestamp('2013-04-17 00:00:00')): Var takes: 0.046454668045043945
Stats for ('LOHB', Timestamp('2013-04-17 00:00:00')): StdDev takes: 0.046564579010009766
Stats for ('LOHB', Timestamp('2013-04-17 00:00:00')): Sobol_m takes: 0.0929405689239502
Stats for ('LOHB', Timestamp('2013-04-17 00:00:00')): Sobol_m2 takes: 0.2194690704345703
Stats for ('LOHB', Timestamp('2013-04-17 00:00:00')): Sobol_t takes: 0.17485809326171875
Stats for ('LOHB', Timestamp('2013-04-17 00:00:00')): P10 takes: 0.007843494415283203
Stats for ('LOHB', Timestamp('2013-04-17 00:00:00')): P90 takes: 0.007826089859008789
Stats: gPCE takes: 0.00235748291015625
Stats for ('LOHB', Timestamp('2013-04-18 00:00:00')): E takes: 0.00690913200378418
Stats for ('LOHB', Timestamp('2013-04-18 00:00:00')): Var takes: 0.048444271087646484
Stats for ('LOHB', Timestamp('2013-04-18 00:00:00')): StdDev takes: 0.04663896560668945
Stats for ('LOHB', Timestamp('2013-04-18 00:00:00')): Sobol_m takes: 0.09302687644958496
Stats for ('LOHB', Timestamp('2013-04-18 00:00:00')): Sobol_m2 takes: 0.2186427116394043
Stats for ('LOHB', Timestamp('2013-04-18 00:00:00')): Sobol_t takes: 0.17520642280578613
Stats for ('LOHB', Timestamp('2013-04-18 00:00:00')): P10 takes: 0.007899045944213867
Stats for ('LOHB', Timestamp('2013-04-18 00:00:00')): P90 takes: 0.007930278778076172
Stats: gPCE takes: 0.0022819042205810547
Stats for ('LOHB', Timestamp('2013-04-19 00:00:00')): E takes: 0.005965709686279297
Stats for ('LOHB', Timestamp('2013-04-19 00:00:00')): Var takes: 0.04655098915100098
Stats for ('LOHB', Timestamp('2013-04-19 00:00:00')): StdDev takes: 0.046706438064575195
Stats for ('LOHB', Timestamp('2013-04-19 00:00:00')): Sobol_m takes: 0.0930478572845459
Stats for ('LOHB', Timestamp('2013-04-19 00:00:00')): Sobol_m2 takes: 0.2558021545410156
Stats for ('LOHB', Timestamp('2013-04-19 00:00:00')): Sobol_t takes: 0.17347025871276855
Stats for ('LOHB', Timestamp('2013-04-19 00:00:00')): P10 takes: 0.00805354118347168
Stats for ('LOHB', Timestamp('2013-04-19 00:00:00')): P90 takes: 0.00781559944152832
Stats: gPCE takes: 0.0023577213287353516
Stats for ('LOHB', Timestamp('2013-04-20 00:00:00')): E takes: 0.0058345794677734375
Stats for ('LOHB', Timestamp('2013-04-20 00:00:00')): Var takes: 0.04606270790100098
Stats for ('LOHB', Timestamp('2013-04-20 00:00:00')): StdDev takes: 0.0460512638092041
Stats for ('LOHB', Timestamp('2013-04-20 00:00:00')): Sobol_m takes: 0.0922079086303711
Stats for ('LOHB', Timestamp('2013-04-20 00:00:00')): Sobol_m2 takes: 0.21642088890075684
Stats for ('LOHB', Timestamp('2013-04-20 00:00:00')): Sobol_t takes: 0.17352628707885742
Stats for ('LOHB', Timestamp('2013-04-20 00:00:00')): P10 takes: 0.007842063903808594
Stats for ('LOHB', Timestamp('2013-04-20 00:00:00')): P90 takes: 0.007845640182495117
Stats: gPCE takes: 0.0023567676544189453
Stats for ('LOHB', Timestamp('2013-04-21 00:00:00')): E takes: 0.005826711654663086
Stats for ('LOHB', Timestamp('2013-04-21 00:00:00')): Var takes: 0.04606032371520996
Stats for ('LOHB', Timestamp('2013-04-21 00:00:00')): StdDev takes: 0.04624581336975098
Stats for ('LOHB', Timestamp('2013-04-21 00:00:00')): Sobol_m takes: 0.09247446060180664
Stats for ('LOHB', Timestamp('2013-04-21 00:00:00')): Sobol_m2 takes: 0.21727490425109863
Stats for ('LOHB', Timestamp('2013-04-21 00:00:00')): Sobol_t takes: 0.17396187782287598
Stats for ('LOHB', Timestamp('2013-04-21 00:00:00')): P10 takes: 0.007804393768310547
Stats for ('LOHB', Timestamp('2013-04-21 00:00:00')): P90 takes: 0.007786750793457031
Stats: gPCE takes: 0.002437114715576172
Stats for ('LOHB', Timestamp('2013-04-22 00:00:00')): E takes: 0.005833864212036133
Stats for ('LOHB', Timestamp('2013-04-22 00:00:00')): Var takes: 0.0460507869720459
Stats for ('LOHB', Timestamp('2013-04-22 00:00:00')): StdDev takes: 0.0462491512298584
Stats for ('LOHB', Timestamp('2013-04-22 00:00:00')): Sobol_m takes: 0.0924081802368164
Stats for ('LOHB', Timestamp('2013-04-22 00:00:00')): Sobol_m2 takes: 0.217301607131958
Stats for ('LOHB', Timestamp('2013-04-22 00:00:00')): Sobol_t takes: 0.1740434169769287
Stats for ('LOHB', Timestamp('2013-04-22 00:00:00')): P10 takes: 0.007798910140991211
Stats for ('LOHB', Timestamp('2013-04-22 00:00:00')): P90 takes: 0.007790803909301758
Stats: gPCE takes: 0.0024595260620117188
Stats for ('LOHB', Timestamp('2013-04-23 00:00:00')): E takes: 0.005888700485229492
Stats for ('LOHB', Timestamp('2013-04-23 00:00:00')): Var takes: 0.04616904258728027
Stats for ('LOHB', Timestamp('2013-04-23 00:00:00')): StdDev takes: 0.04630780220031738
Stats for ('LOHB', Timestamp('2013-04-23 00:00:00')): Sobol_m takes: 0.09262824058532715
Stats for ('LOHB', Timestamp('2013-04-23 00:00:00')): Sobol_m2 takes: 0.2176375389099121
Stats for ('LOHB', Timestamp('2013-04-23 00:00:00')): Sobol_t takes: 0.17572593688964844
Stats for ('LOHB', Timestamp('2013-04-23 00:00:00')): P10 takes: 0.007866382598876953
Stats for ('LOHB', Timestamp('2013-04-23 00:00:00')): P90 takes: 0.007946491241455078
Stats: gPCE takes: 0.0023598670959472656
Stats for ('LOHB', Timestamp('2013-04-24 00:00:00')): E takes: 0.005995988845825195
Stats for ('LOHB', Timestamp('2013-04-24 00:00:00')): Var takes: 0.04656219482421875
Stats for ('LOHB', Timestamp('2013-04-24 00:00:00')): StdDev takes: 0.046511173248291016
Stats for ('LOHB', Timestamp('2013-04-24 00:00:00')): Sobol_m takes: 0.09287548065185547
Stats for ('LOHB', Timestamp('2013-04-24 00:00:00')): Sobol_m2 takes: 0.2181415557861328
Stats for ('LOHB', Timestamp('2013-04-24 00:00:00')): Sobol_t takes: 0.1746375560760498
Stats for ('LOHB', Timestamp('2013-04-24 00:00:00')): P10 takes: 0.007816076278686523
Stats for ('LOHB', Timestamp('2013-04-24 00:00:00')): P90 takes: 0.007814168930053711
Stats: gPCE takes: 0.0022635459899902344
Stats for ('LOHB', Timestamp('2013-04-25 00:00:00')): E takes: 0.005977630615234375
Stats for ('LOHB', Timestamp('2013-04-25 00:00:00')): Var takes: 0.046427249908447266
Stats for ('LOHB', Timestamp('2013-04-25 00:00:00')): StdDev takes: 0.04643511772155762
Stats for ('LOHB', Timestamp('2013-04-25 00:00:00')): Sobol_m takes: 0.09302067756652832
Stats for ('LOHB', Timestamp('2013-04-25 00:00:00')): Sobol_m2 takes: 0.21860265731811523
Stats for ('LOHB', Timestamp('2013-04-25 00:00:00')): Sobol_t takes: 0.1750657558441162
Stats for ('LOHB', Timestamp('2013-04-25 00:00:00')): P10 takes: 0.007835149765014648
Stats for ('LOHB', Timestamp('2013-04-25 00:00:00')): P90 takes: 0.007886409759521484
Stats: gPCE takes: 0.002363920211791992
Stats for ('LOHB', Timestamp('2013-04-26 00:00:00')): E takes: 0.005997419357299805
Stats for ('LOHB', Timestamp('2013-04-26 00:00:00')): Var takes: 0.04630255699157715
Stats for ('LOHB', Timestamp('2013-04-26 00:00:00')): StdDev takes: 0.04647397994995117
Stats for ('LOHB', Timestamp('2013-04-26 00:00:00')): Sobol_m takes: 0.09304070472717285
Stats for ('LOHB', Timestamp('2013-04-26 00:00:00')): Sobol_m2 takes: 0.21819138526916504
Stats for ('LOHB', Timestamp('2013-04-26 00:00:00')): Sobol_t takes: 0.17487525939941406
Stats for ('LOHB', Timestamp('2013-04-26 00:00:00')): P10 takes: 0.007849931716918945
Stats for ('LOHB', Timestamp('2013-04-26 00:00:00')): P90 takes: 0.007925033569335938
Stats: gPCE takes: 0.0023474693298339844
Stats for ('LOHB', Timestamp('2013-04-27 00:00:00')): E takes: 0.005894184112548828
Stats for ('LOHB', Timestamp('2013-04-27 00:00:00')): Var takes: 0.04639840126037598
Stats for ('LOHB', Timestamp('2013-04-27 00:00:00')): StdDev takes: 0.04655790328979492
Stats for ('LOHB', Timestamp('2013-04-27 00:00:00')): Sobol_m takes: 0.09308290481567383
Stats for ('LOHB', Timestamp('2013-04-27 00:00:00')): Sobol_m2 takes: 0.21869778633117676
Stats for ('LOHB', Timestamp('2013-04-27 00:00:00')): Sobol_t takes: 0.17527055740356445
Stats for ('LOHB', Timestamp('2013-04-27 00:00:00')): P10 takes: 0.00786280632019043
Stats for ('LOHB', Timestamp('2013-04-27 00:00:00')): P90 takes: 0.007900714874267578
Stats: gPCE takes: 0.0023391246795654297
Stats for ('LOHB', Timestamp('2013-04-28 00:00:00')): E takes: 0.0059452056884765625
Stats for ('LOHB', Timestamp('2013-04-28 00:00:00')): Var takes: 0.0464937686920166
Stats for ('LOHB', Timestamp('2013-04-28 00:00:00')): StdDev takes: 0.0466156005859375
Stats for ('LOHB', Timestamp('2013-04-28 00:00:00')): Sobol_m takes: 0.09310650825500488
Stats for ('LOHB', Timestamp('2013-04-28 00:00:00')): Sobol_m2 takes: 0.21827220916748047
Stats for ('LOHB', Timestamp('2013-04-28 00:00:00')): Sobol_t takes: 0.17502808570861816
Stats for ('LOHB', Timestamp('2013-04-28 00:00:00')): P10 takes: 0.007858753204345703
Stats for ('LOHB', Timestamp('2013-04-28 00:00:00')): P90 takes: 0.007828712463378906
Stats: gPCE takes: 0.0023267269134521484
Stats for ('LOHB', Timestamp('2013-04-29 00:00:00')): E takes: 0.005999565124511719
Stats for ('LOHB', Timestamp('2013-04-29 00:00:00')): Var takes: 0.04720807075500488
Stats for ('LOHB', Timestamp('2013-04-29 00:00:00')): StdDev takes: 0.04665231704711914
Stats for ('LOHB', Timestamp('2013-04-29 00:00:00')): Sobol_m takes: 0.093170166015625
Stats for ('LOHB', Timestamp('2013-04-29 00:00:00')): Sobol_m2 takes: 0.21879887580871582
Stats for ('LOHB', Timestamp('2013-04-29 00:00:00')): Sobol_t takes: 0.17507243156433105
Stats for ('LOHB', Timestamp('2013-04-29 00:00:00')): P10 takes: 0.007825136184692383
Stats for ('LOHB', Timestamp('2013-04-29 00:00:00')): P90/lrz/sys/intel/studio2019_u4/intelpython3/lib/python3.6/site-packages/pandas/plotting/_converter.py:129: FutureWarning: Using an implicitly registered datetime converter for a matplotlib plotting method. The converter was registered by pandas on import. Future versions of pandas will require you to explicitly register matplotlib converters.

To register the converters:
	>>> from pandas.plotting import register_matplotlib_converters
	>>> register_matplotlib_converters()
  warnings.warn(msg, FutureWarning)
 takes: 0.007803201675415039
calculate statistics [RuntimeStatistics]...
[79.66923356 79.67089308 79.6725526  ... 96.25946663 96.26112615
 96.26278567]
print statistics...
None
QoI                E    StdDev       Var         P5        P95
---------  ---------  --------  --------  ---------  ---------
E_runtime  88.935729  2.957429  8.746386  84.036500  93.820477

Sensitivity Indices:
Index                    value
-----------------------  -------------------------------------------------------------------
First order              [0.47172675 0.35010656 0.12282336 0.05534332]
First order_Interaction  0.0
Second order             [[ 0.00000000e+00  0.00000000e+00 -2.53870128e-17 -2.53870128e-17]
                          [ 0.00000000e+00  0.00000000e+00 -2.53870128e-17 -2.53870128e-17]
                          [-2.53870128e-17 -2.53870128e-17  0.00000000e+00  0.00000000e+00]
                          [-2.53870128e-17 -2.53870128e-17  0.00000000e+00  0.00000000e+00]]
Total order              [0.47172675 0.35010656 0.12282336 0.05534332]

type            runtime                                                                   estimated                                                                 org_estimated                                                             diff: T-E                                                                 diff: T-OE
--------------  ------------------------------------------------------------------------  ------------------------------------------------------------------------  ------------------------------------------------------------------------  ------------------------------------------------------------------------  ------------------------------------------------------------------------
sum(T_i_S)      1422.9716680049896                                                        1422.9716680049896                                                        1422.9716680049896                                                        0.0                                                                       0.0
T_i_SWP_worker  [94.26278567 92.8211267  91.05842662 90.67129278 88.92228389 94.26126623  [94.4490716  93.05759172 92.37614082 90.98466094 90.94926189 89.55778201  [94.4490716  93.05759172 92.37614082 90.98466094 90.94926189 89.55778201  [-0.18628593 -0.23646502 -1.3177142  -0.31336816 -2.026978    4.70348422  [-0.18628593 -0.23646502 -1.3177142  -0.31336816 -2.026978    4.70348422
                 89.4670155  86.27149391 89.47969198 87.98459125 89.18422842 90.02292943   88.87633111 87.48485123 90.38660727 88.99512739 88.31367649 86.92219661   88.87633111 87.48485123 90.38660727 88.99512739 88.31367649 86.92219661    0.5906844  -1.21335731 -0.90691529 -1.01053615  0.87055193  3.10073282    0.5906844  -1.21335731 -0.90691529 -1.01053615  0.87055193  3.10073282
                 89.82783079 82.21798062 84.84949064 81.66923356  0.          0.           86.88679756 85.49531768 84.81386678 83.4223869   0.          0.           86.88679756 85.49531768 84.81386678 83.4223869   0.          0.            2.94103323 -3.27733706  0.03562386 -1.75315334  0.          0.            2.94103323 -3.27733706  0.03562386 -1.75315334  0.          0.
                  0.          0.          0.          0.          0.          0.            0.          0.          0.          0.          0.          0.            0.          0.          0.          0.          0.          0.            0.          0.          0.          0.          0.          0.            0.          0.          0.          0.          0.          0.
                  0.          0.          0.          0.          0.          0.            0.          0.          0.          0.          0.          0.            0.          0.          0.          0.          0.          0.            0.          0.          0.          0.          0.          0.            0.          0.          0.          0.          0.          0.
                  0.          0.          0.          0.          0.          0.            0.          0.          0.          0.          0.          0.            0.          0.          0.          0.          0.          0.            0.          0.          0.          0.          0.          0.            0.          0.          0.          0.          0.          0.
                  0.          0.          0.          0.          0.          0.            0.          0.          0.          0.          0.          0.            0.          0.          0.          0.          0.          0.            0.          0.          0.          0.          0.          0.            0.          0.          0.          0.          0.          0.
                  0.          0.          0.          0.          0.          0.            0.          0.          0.          0.          0.          0.            0.          0.          0.          0.          0.          0.            0.          0.          0.          0.          0.          0.            0.          0.          0.          0.          0.          0.
                  0.          0.          0.          0.          0.          0.            0.          0.          0.          0.          0.          0.            0.          0.          0.          0.          0.          0.            0.          0.          0.          0.          0.          0.            0.          0.          0.          0.          0.          0.
                  0.          0.        ]                                                   0.          0.        ]                                                   0.          0.        ]                                                   0.          0.        ]                                                   0.          0.        ]
T_SWP_worker    94.26278567314148                                                         94.44907160103321                                                         94.44907160103321                                                         -0.18628592789173126                                                      -0.18628592789173126
T_Prop          95.19904065132141                                                         95.38532657921314                                                         95.38532657921314                                                         -0.18628592789173126                                                      -0.18628592789173126
T_I             94.26278567314148                                                         94.26278567314148                                                         94.26278567314148                                                         0.0                                                                       0.0
T_C             0.9362549781799316                                                        0.9362549781799316                                                        0.9362549781799316                                                        0.0                                                                       0.0
T_S_overhead    0.0                                                                       0.0                                                                       0.0                                                                       0.0                                                                       0.0

Errors:
Error                         ET       OET
----------------------  --------  --------
aboslute error min      0.035624  0.035624
aboslute error max      4.703484  4.703484
aboslute error mean     1.530264  1.530264
aboslute error l2 norm  2.010274  8.041098
relative error min      0.000420  0.000420
relative error max      0.049898  0.049898
relative error mean     0.017061  0.017061
relative error l2 norm  0.022280  0.022280

type                        runtime
------------------------  ---------
t_estimate_runtime         0.000018
t_wp_creation              0.001467
t_estimate_restore_order   0.000020


generate stat plots...
[0.02101538 0.00041985 0.03833353 0.03274078 0.03444381 0.00976128
 0.01135496 0.01003374 0.01386934 0.00660226 0.04989838 0.02228691
 0.00344419 0.01426466 0.00254106 0.00197234]
[0.02101538 0.00041985 0.03833353 0.03274078 0.03444381 0.00976128
 0.01135496 0.01003374 0.01386934 0.00660226 0.04989838 0.02228691
 0.00344419 0.01426466 0.00254106 0.00197234]
save statistics...
UQsim: save to file: /dss/dsshome1/lxc01/di73wal/work/simulation/diss.larsim/Larsim-UQ.git/../larsim_runs/0121_sim/uqsim.saved
---- end sim: Sat Dec 21 07:09:31 CET 2019
