python/3.6_intel (INFO):
    Loading this module may cause the environment generated by other
    modules to become inconsistent; however it should work together
    with the Intel compilers, tools and libraries.
---- start sim: Sat Jan 11 14:36:50 CET 2020
MPI version: Intel(R) MPI Library 2018 Update 4 for Linux* OS

MPI2 version: (3, 1)
MPI3 version: 3
mpi4py version: 3.0.3
rank 0: starttime: 2020.01.11 14:36:55
dir: /dss/dsshome1/lxc01/di73wal/work/simulation/diss.larsim/Larsim-UQ.git/../larsim_runs/0122_sim
dir: /dss/dsshome1/lxc01/di73wal/work/simulation/diss.larsim/Larsim-UQ.git/../larsim_runs/0122_sim
['/dss/dsshome1/lxc01/di73wal/work/simulation/diss.larsim/Larsim-UQ.git/../larsim_runs/0122_sim/uqsim.saved']
parsing args...
rank: 0 is master!
rank: 0 is master!
UQsim: restore from file: True
rank: 0 exit
uqsim.args.disable_statistics: False
calculate statistics [LarsimStatistics]...
Stats: samplesData Frame with All the simulation results : Index_run                   int64
Stationskennung            object
Type                       object
TimeStamp          datetime64[ns]
Value                     float64
dtype: object
Stationskennung            object
Type                       object
TimeStamp          datetime64[ns]
Index_run                   int64
Value                     float64
dtype: object
 takes: 1.319000244140625
timesteps Info
<class 'numpy.ndarray'>
numbTimesteps is: 60
Stats: gPCE takes: 0.004658699035644531
Stats for ('MARI', Timestamp('2013-03-01 00:00:00')): E takes: 0.025691747665405273
Stats for ('MARI', Timestamp('2013-03-01 00:00:00')): Var takes: 0.5342371463775635
Stats for ('MARI', Timestamp('2013-03-01 00:00:00')): StdDev takes: 0.5315213203430176
Stats for ('MARI', Timestamp('2013-03-01 00:00:00')): Sobol_m takes: 0.6775593757629395
Stats for ('MARI', Timestamp('2013-03-01 00:00:00')): Sobol_m2 takes: 1.249636173248291
Stats for ('MARI', Timestamp('2013-03-01 00:00:00')): Sobol_t takes: 1.5160613059997559
Stats for ('MARI', Timestamp('2013-03-01 00:00:00')): P10 takes: 0.011647939682006836
Stats for ('MARI', Timestamp('2013-03-01 00:00:00')): P90 takes: 0.009315252304077148
Stats: gPCE takes: 0.004653215408325195
Stats for ('MARI', Timestamp('2013-03-02 00:00:00')): E takes: 0.023809194564819336
Stats for ('MARI', Timestamp('2013-03-02 00:00:00')): Var takes: 0.5215928554534912
Stats for ('MARI', Timestamp('2013-03-02 00:00:00')): StdDev takes: 0.5240347385406494
Stats for ('MARI', Timestamp('2013-03-02 00:00:00')): Sobol_m takes: 0.6730215549468994
Stats for ('MARI', Timestamp('2013-03-02 00:00:00')): Sobol_m2 takes: 1.2537827491760254
Stats for ('MARI', Timestamp('2013-03-02 00:00:00')): Sobol_t takes: 1.4608657360076904
Stats for ('MARI', Timestamp('2013-03-02 00:00:00')): P10 takes: 0.009690999984741211
Stats for ('MARI', Timestamp('2013-03-02 00:00:00')): P90 takes: 0.009292125701904297
Stats: gPCE takes: 0.004801273345947266
Stats for ('MARI', Timestamp('2013-03-03 00:00:00')): E takes: 0.02403712272644043
Stats for ('MARI', Timestamp('2013-03-03 00:00:00')): Var takes: 0.5259065628051758
Stats for ('MARI', Timestamp('2013-03-03 00:00:00')): StdDev takes: 0.5296657085418701
Stats for ('MARI', Timestamp('2013-03-03 00:00:00')): Sobol_m takes: 0.6748831272125244
Stats for ('MARI', Timestamp('2013-03-03 00:00:00')): Sobol_m2 takes: 1.25223970413208
Stats for ('MARI', Timestamp('2013-03-03 00:00:00')): Sobol_t takes: 1.4673304557800293
Stats for ('MARI', Timestamp('2013-03-03 00:00:00')): P10 takes: 0.00991368293762207
Stats for ('MARI', Timestamp('2013-03-03 00:00:00')): P90 takes: 0.009387969970703125
Stats: gPCE takes: 0.0047571659088134766
Stats for ('MARI', Timestamp('2013-03-04 00:00:00')): E takes: 0.023996353149414062
Stats for ('MARI', Timestamp('2013-03-04 00:00:00')): Var takes: 0.52640700340271
Stats for ('MARI', Timestamp('2013-03-04 00:00:00')): StdDev takes: 0.5256235599517822
Stats for ('MARI', Timestamp('2013-03-04 00:00:00')): Sobol_m takes: 0.6764163970947266
Stats for ('MARI', Timestamp('2013-03-04 00:00:00')): Sobol_m2 takes: 1.2893941402435303
Stats for ('MARI', Timestamp('2013-03-04 00:00:00')): Sobol_t takes: 1.4530086517333984
Stats for ('MARI', Timestamp('2013-03-04 00:00:00')): P10 takes: 0.009388208389282227
Stats for ('MARI', Timestamp('2013-03-04 00:00:00')): P90 takes: 0.009240388870239258
Stats: gPCE takes: 0.004739284515380859
Stats for ('MARI', Timestamp('2013-03-05 00:00:00')): E takes: 0.024907350540161133
Stats for ('MARI', Timestamp('2013-03-05 00:00:00')): Var takes: 0.5236780643463135
Stats for ('MARI', Timestamp('2013-03-05 00:00:00')): StdDev takes: 0.5245640277862549
Stats for ('MARI', Timestamp('2013-03-05 00:00:00')): Sobol_m takes: 0.6752166748046875
Stats for ('MARI', Timestamp('2013-03-05 00:00:00')): Sobol_m2 takes: 1.2442686557769775
Stats for ('MARI', Timestamp('2013-03-05 00:00:00')): Sobol_t takes: 1.4626226425170898
Stats for ('MARI', Timestamp('2013-03-05 00:00:00')): P10 takes: 0.009588956832885742
Stats for ('MARI', Timestamp('2013-03-05 00:00:00')): P90 takes: 0.009238004684448242
Stats: gPCE takes: 0.004720211029052734
Stats for ('MARI', Timestamp('2013-03-06 00:00:00')): E takes: 0.023844003677368164
Stats for ('MARI', Timestamp('2013-03-06 00:00:00')): Var takes: 0.5252957344055176
Stats for ('MARI', Timestamp('2013-03-06 00:00:00')): StdDev takes: 0.5247750282287598
Stats for ('MARI', Timestamp('2013-03-06 00:00:00')): Sobol_m takes: 0.6767146587371826
Stats for ('MARI', Timestamp('2013-03-06 00:00:00')): Sobol_m2 takes: 1.248659372329712
Stats for ('MARI', Timestamp('2013-03-06 00:00:00')): Sobol_t takes: 1.4622983932495117
Stats for ('MARI', Timestamp('2013-03-06 00:00:00')): P10 takes: 0.009224891662597656
Stats for ('MARI', Timestamp('2013-03-06 00:00:00')): P90 takes: 0.009308338165283203
Stats: gPCE takes: 0.004620075225830078
Stats for ('MARI', Timestamp('2013-03-07 00:00:00')): E takes: 0.023914098739624023
Stats for ('MARI', Timestamp('2013-03-07 00:00:00')): Var takes: 0.568584680557251
Stats for ('MARI', Timestamp('2013-03-07 00:00:00')): StdDev takes: 0.5225851535797119
Stats for ('MARI', Timestamp('2013-03-07 00:00:00')): Sobol_m takes: 0.6684980392456055
Stats for ('MARI', Timestamp('2013-03-07 00:00:00')): Sobol_m2 takes: 1.24025559425354
Stats for ('MARI', Timestamp('2013-03-07 00:00:00')): Sobol_t takes: 1.4567997455596924
Stats for ('MARI', Timestamp('2013-03-07 00:00:00')): P10 takes: 0.009640693664550781
Stats for ('MARI', Timestamp('2013-03-07 00:00:00')): P90 takes: 0.009263038635253906
Stats: gPCE takes: 0.004695892333984375
Stats for ('MARI', Timestamp('2013-03-08 00:00:00')): E takes: 0.02389049530029297
Stats for ('MARI', Timestamp('2013-03-08 00:00:00')): Var takes: 0.5254223346710205
Stats for ('MARI', Timestamp('2013-03-08 00:00:00')): StdDev takes: 0.5259008407592773
Stats for ('MARI', Timestamp('2013-03-08 00:00:00')): Sobol_m takes: 0.6736612319946289
Stats for ('MARI', Timestamp('2013-03-08 00:00:00')): Sobol_m2 takes: 1.2477242946624756
Stats for ('MARI', Timestamp('2013-03-08 00:00:00')): Sobol_t takes: 1.4614613056182861
Stats for ('MARI', Timestamp('2013-03-08 00:00:00')): P10 takes: 0.009230613708496094
Stats for ('MARI', Timestamp('2013-03-08 00:00:00')): P90 takes: 0.009356260299682617
Stats: gPCE takes: 0.0046558380126953125
Stats for ('MARI', Timestamp('2013-03-09 00:00:00')): E takes: 0.024491548538208008
Stats for ('MARI', Timestamp('2013-03-09 00:00:00')): Var takes: 0.5256547927856445
Stats for ('MARI', Timestamp('2013-03-09 00:00:00')): StdDev takes: 0.5256893634796143
Stats for ('MARI', Timestamp('2013-03-09 00:00:00')): Sobol_m takes: 0.6749882698059082
Stats for ('MARI', Timestamp('2013-03-09 00:00:00')): Sobol_m2 takes: 1.2955610752105713
Stats for ('MARI', Timestamp('2013-03-09 00:00:00')): Sobol_t takes: 1.4474294185638428
Stats for ('MARI', Timestamp('2013-03-09 00:00:00')): P10 takes: 0.00931096076965332
Stats for ('MARI', Timestamp('2013-03-09 00:00:00')): P90 takes: 0.009224414825439453
Stats: gPCE takes: 0.00464320182800293
Stats for ('MARI', Timestamp('2013-03-10 00:00:00')): E takes: 0.023700952529907227
Stats for ('MARI', Timestamp('2013-03-10 00:00:00')): Var takes: 0.522179365158081
Stats for ('MARI', Timestamp('2013-03-10 00:00:00')): StdDev takes: 0.5224673748016357
Stats for ('MARI', Timestamp('2013-03-10 00:00:00')): Sobol_m takes: 0.67215895652771
Stats for ('MARI', Timestamp('2013-03-10 00:00:00')): Sobol_m2 takes: 1.2433013916015625
Stats for ('MARI', Timestamp('2013-03-10 00:00:00')): Sobol_t takes: 1.4577927589416504
Stats for ('MARI', Timestamp('2013-03-10 00:00:00')): P10 takes: 0.009119987487792969
Stats for ('MARI', Timestamp('2013-03-10 00:00:00')): P90 takes: 0.009334802627563477
Stats: gPCE takes: 0.0046176910400390625
Stats for ('MARI', Timestamp('2013-03-11 00:00:00')): E takes: 0.023861169815063477
Stats for ('MARI', Timestamp('2013-03-11 00:00:00')): Var takes: 0.5259275436401367
Stats for ('MARI', Timestamp('2013-03-11 00:00:00')): StdDev takes: 0.5255424976348877
Stats for ('MARI', Timestamp('2013-03-11 00:00:00')): Sobol_m takes: 0.6740105152130127
Stats for ('MARI', Timestamp('2013-03-11 00:00:00')): Sobol_m2 takes: 1.2483773231506348
Stats for ('MARI', Timestamp('2013-03-11 00:00:00')): Sobol_t takes: 1.4607484340667725
Stats for ('MARI', Timestamp('2013-03-11 00:00:00')): P10 takes: 0.009192943572998047
Stats for ('MARI', Timestamp('2013-03-11 00:00:00')): P90 takes: 0.009341955184936523
Stats: gPCE takes: 0.0046558380126953125
Stats for ('MARI', Timestamp('2013-03-12 00:00:00')): E takes: 0.02391672134399414
Stats for ('MARI', Timestamp('2013-03-12 00:00:00')): Var takes: 0.5256147384643555
Stats for ('MARI', Timestamp('2013-03-12 00:00:00')): StdDev takes: 0.5257582664489746
Stats for ('MARI', Timestamp('2013-03-12 00:00:00')): Sobol_m takes: 0.7005918025970459
Stats for ('MARI', Timestamp('2013-03-12 00:00:00')): Sobol_m2 takes: 1.2367703914642334
Stats for ('MARI', Timestamp('2013-03-12 00:00:00')): Sobol_t takes: 1.4555115699768066
Stats for ('MARI', Timestamp('2013-03-12 00:00:00')): P10 takes: 0.009782552719116211
Stats for ('MARI', Timestamp('2013-03-12 00:00:00')): P90 takes: 0.009237289428710938
Stats: gPCE takes: 0.0049207210540771484
Stats for ('MARI', Timestamp('2013-03-13 00:00:00')): E takes: 0.024413108825683594
Stats for ('MARI', Timestamp('2013-03-13 00:00:00')): Var takes: 0.5225448608398438
Stats for ('MARI', Timestamp('2013-03-13 00:00:00')): StdDev takes: 0.5236046314239502
Stats for ('MARI', Timestamp('2013-03-13 00:00:00')): Sobol_m takes: 0.6719470024108887
Stats for ('MARI', Timestamp('2013-03-13 00:00:00')): Sobol_m2 takes: 1.243790626525879
Stats for ('MARI', Timestamp('2013-03-13 00:00:00')): Sobol_t takes: 1.4574968814849854
Stats for ('MARI', Timestamp('2013-03-13 00:00:00')): P10 takes: 0.009122371673583984
Stats for ('MARI', Timestamp('2013-03-13 00:00:00')): P90 takes: 0.009227275848388672
Stats: gPCE takes: 0.004637002944946289
Stats for ('MARI', Timestamp('2013-03-14 00:00:00')): E takes: 0.023978471755981445
Stats for ('MARI', Timestamp('2013-03-14 00:00:00')): Var takes: 0.5253942012786865
Stats for ('MARI', Timestamp('2013-03-14 00:00:00')): StdDev takes: 0.5248582363128662
Stats for ('MARI', Timestamp('2013-03-14 00:00:00')): Sobol_m takes: 0.6738662719726562
Stats for ('MARI', Timestamp('2013-03-14 00:00:00')): Sobol_m2 takes: 1.2467031478881836
Stats for ('MARI', Timestamp('2013-03-14 00:00:00')): Sobol_t takes: 1.4993062019348145
Stats for ('MARI', Timestamp('2013-03-14 00:00:00')): P10 takes: 0.009246110916137695
Stats for ('MARI', Timestamp('2013-03-14 00:00:00')): P90 takes: 0.009223699569702148
Stats: gPCE takes: 0.0046346187591552734
Stats for ('MARI', Timestamp('2013-03-15 00:00:00')): E takes: 0.023591279983520508
Stats for ('MARI', Timestamp('2013-03-15 00:00:00')): Var takes: 0.5195589065551758
Stats for ('MARI', Timestamp('2013-03-15 00:00:00')): StdDev takes: 0.520688533782959
Stats for ('MARI', Timestamp('2013-03-15 00:00:00')): Sobol_m takes: 0.6686244010925293
Stats for ('MARI', Timestamp('2013-03-15 00:00:00')): Sobol_m2 takes: 1.2407591342926025
Stats for ('MARI', Timestamp('2013-03-15 00:00:00')): Sobol_t takes: 1.4541652202606201
Stats for ('MARI', Timestamp('2013-03-15 00:00:00')): P10 takes: 0.009140253067016602
Stats for ('MARI', Timestamp('2013-03-15 00:00:00')): P90 takes: 0.009247541427612305
Stats: gPCE takes: 0.0046346187591552734
Stats for ('MARI', Timestamp('2013-03-16 00:00:00')): E takes: 0.023755788803100586
Stats for ('MARI', Timestamp('2013-03-16 00:00:00')): Var takes: 0.5227093696594238
Stats for ('MARI', Timestamp('2013-03-16 00:00:00')): StdDev takes: 0.5227396488189697
Stats for ('MARI', Timestamp('2013-03-16 00:00:00')): Sobol_m takes: 0.6723155975341797
Stats for ('MARI', Timestamp('2013-03-16 00:00:00')): Sobol_m2 takes: 1.2453694343566895
Stats for ('MARI', Timestamp('2013-03-16 00:00:00')): Sobol_t takes: 1.460024118423462
Stats for ('MARI', Timestamp('2013-03-16 00:00:00')): P10 takes: 0.009291887283325195
Stats for ('MARI', Timestamp('2013-03-16 00:00:00')): P90 takes: 0.009374141693115234
Stats: gPCE takes: 0.004642009735107422
Stats for ('MARI', Timestamp('2013-03-17 00:00:00')): E takes: 0.023819923400878906
Stats for ('MARI', Timestamp('2013-03-17 00:00:00')): Var takes: 0.5263674259185791
Stats for ('MARI', Timestamp('2013-03-17 00:00:00')): StdDev takes: 0.5244102478027344
Stats for ('MARI', Timestamp('2013-03-17 00:00:00')): Sobol_m takes: 0.6735553741455078
Stats for ('MARI', Timestamp('2013-03-17 00:00:00')): Sobol_m2 takes: 1.2849407196044922
Stats for ('MARI', Timestamp('2013-03-17 00:00:00')): Sobol_t takes: 1.4472649097442627
Stats for ('MARI', Timestamp('2013-03-17 00:00:00')): P10 takes: 0.009289026260375977
Stats for ('MARI', Timestamp('2013-03-17 00:00:00')): P90 takes: 0.009264707565307617
Stats: gPCE takes: 0.00465703010559082
Stats for ('MARI', Timestamp('2013-03-18 00:00:00')): E takes: 0.023681163787841797
Stats for ('MARI', Timestamp('2013-03-18 00:00:00')): Var takes: 0.5210304260253906
Stats for ('MARI', Timestamp('2013-03-18 00:00:00')): StdDev takes: 0.5219614505767822
Stats for ('MARI', Timestamp('2013-03-18 00:00:00')): Sobol_m takes: 0.6708908081054688
Stats for ('MARI', Timestamp('2013-03-18 00:00:00')): Sobol_m2 takes: 1.2435758113861084
Stats for ('MARI', Timestamp('2013-03-18 00:00:00')): Sobol_t takes: 1.455888032913208
Stats for ('MARI', Timestamp('2013-03-18 00:00:00')): P10 takes: 0.009138822555541992
Stats for ('MARI', Timestamp('2013-03-18 00:00:00')): P90 takes: 0.00921630859375
Stats: gPCE takes: 0.004617214202880859
Stats for ('MARI', Timestamp('2013-03-19 00:00:00')): E takes: 0.023822784423828125
Stats for ('MARI', Timestamp('2013-03-19 00:00:00')): Var takes: 0.5232000350952148
Stats for ('MARI', Timestamp('2013-03-19 00:00:00')): StdDev takes: 0.5253539085388184
Stats for ('MARI', Timestamp('2013-03-19 00:00:00')): Sobol_m takes: 0.6737215518951416
Stats for ('MARI', Timestamp('2013-03-19 00:00:00')): Sobol_m2 takes: 1.2503387928009033
Stats for ('MARI', Timestamp('2013-03-19 00:00:00')): Sobol_t takes: 1.4692225456237793
Stats for ('MARI', Timestamp('2013-03-19 00:00:00')): P10 takes: 0.009217500686645508
Stats for ('MARI', Timestamp('2013-03-19 00:00:00')): P90 takes: 0.009242534637451172
Stats: gPCE takes: 0.004637002944946289
Stats for ('MARI', Timestamp('2013-03-20 00:00:00')): E takes: 0.023926258087158203
Stats for ('MARI', Timestamp('2013-03-20 00:00:00')): Var takes: 0.5264542102813721
Stats for ('MARI', Timestamp('2013-03-20 00:00:00')): StdDev takes: 0.5541901588439941
Stats for ('MARI', Timestamp('2013-03-20 00:00:00')): Sobol_m takes: 0.6672477722167969
Stats for ('MARI', Timestamp('2013-03-20 00:00:00')): Sobol_m2 takes: 1.2398960590362549
Stats for ('MARI', Timestamp('2013-03-20 00:00:00')): Sobol_t takes: 1.4544320106506348
Stats for ('MARI', Timestamp('2013-03-20 00:00:00')): P10 takes: 0.00936436653137207
Stats for ('MARI', Timestamp('2013-03-20 00:00:00')): P90 takes: 0.00918436050415039
Stats: gPCE takes: 0.004624128341674805
Stats for ('MARI', Timestamp('2013-03-21 00:00:00')): E takes: 0.023961544036865234
Stats for ('MARI', Timestamp('2013-03-21 00:00:00')): Var takes: 0.5253696441650391
Stats for ('MARI', Timestamp('2013-03-21 00:00:00')): StdDev takes: 0.5239260196685791
Stats for ('MARI', Timestamp('2013-03-21 00:00:00')): Sobol_m takes: 0.673314094543457
Stats for ('MARI', Timestamp('2013-03-21 00:00:00')): Sobol_m2 takes: 1.246187448501587
Stats for ('MARI', Timestamp('2013-03-21 00:00:00')): Sobol_t takes: 1.4594848155975342
Stats for ('MARI', Timestamp('2013-03-21 00:00:00')): P10 takes: 0.009156227111816406
Stats for ('MARI', Timestamp('2013-03-21 00:00:00')): P90 takes: 0.00919961929321289
Stats: gPCE takes: 0.004601716995239258
Stats for ('MARI', Timestamp('2013-03-22 00:00:00')): E takes: 0.02379322052001953
Stats for ('MARI', Timestamp('2013-03-22 00:00:00')): Var takes: 0.5248196125030518
Stats for ('MARI', Timestamp('2013-03-22 00:00:00')): StdDev takes: 0.5247585773468018
Stats for ('MARI', Timestamp('2013-03-22 00:00:00')): Sobol_m takes: 0.6737139225006104
Stats for ('MARI', Timestamp('2013-03-22 00:00:00')): Sobol_m2 takes: 1.2500879764556885
Stats for ('MARI', Timestamp('2013-03-22 00:00:00')): Sobol_t takes: 1.4928474426269531
Stats for ('MARI', Timestamp('2013-03-22 00:00:00')): P10 takes: 0.009445428848266602
Stats for ('MARI', Timestamp('2013-03-22 00:00:00')): P90 takes: 0.009240388870239258
Stats: gPCE takes: 0.004632472991943359
Stats for ('MARI', Timestamp('2013-03-23 00:00:00')): E takes: 0.02396678924560547
Stats for ('MARI', Timestamp('2013-03-23 00:00:00')): Var takes: 0.5208873748779297
Stats for ('MARI', Timestamp('2013-03-23 00:00:00')): StdDev takes: 0.5227606296539307
Stats for ('MARI', Timestamp('2013-03-23 00:00:00')): Sobol_m takes: 0.6709251403808594
Stats for ('MARI', Timestamp('2013-03-23 00:00:00')): Sobol_m2 takes: 1.2449450492858887
Stats for ('MARI', Timestamp('2013-03-23 00:00:00')): Sobol_t takes: 1.4569802284240723
Stats for ('MARI', Timestamp('2013-03-23 00:00:00')): P10 takes: 0.009140491485595703
Stats for ('MARI', Timestamp('2013-03-23 00:00:00')): P90 takes: 0.00924372673034668
Stats: gPCE takes: 0.004703044891357422
Stats for ('MARI', Timestamp('2013-03-24 00:00:00')): E takes: 0.02377033233642578
Stats for ('MARI', Timestamp('2013-03-24 00:00:00')): Var takes: 0.5251650810241699
Stats for ('MARI', Timestamp('2013-03-24 00:00:00')): StdDev takes: 0.5244948863983154
Stats for ('MARI', Timestamp('2013-03-24 00:00:00')): Sobol_m takes: 0.673858642578125
Stats for ('MARI', Timestamp('2013-03-24 00:00:00')): Sobol_m2 takes: 1.247615098953247
Stats for ('MARI', Timestamp('2013-03-24 00:00:00')): Sobol_t takes: 1.461911916732788
Stats for ('MARI', Timestamp('2013-03-24 00:00:00')): P10 takes: 0.009168148040771484
Stats for ('MARI', Timestamp('2013-03-24 00:00:00')): P90 takes: 0.009185075759887695
Stats: gPCE takes: 0.004756450653076172
Stats for ('MARI', Timestamp('2013-03-25 00:00:00')): E takes: 0.023893117904663086
Stats for ('MARI', Timestamp('2013-03-25 00:00:00')): Var takes: 0.5255541801452637
Stats for ('MARI', Timestamp('2013-03-25 00:00:00')): StdDev takes: 0.5262939929962158
Stats for ('MARI', Timestamp('2013-03-25 00:00:00')): Sobol_m takes: 0.7304561138153076
Stats for ('MARI', Timestamp('2013-03-25 00:00:00')): Sobol_m2 takes: 1.2357203960418701
Stats for ('MARI', Timestamp('2013-03-25 00:00:00')): Sobol_t takes: 1.4567010402679443
Stats for ('MARI', Timestamp('2013-03-25 00:00:00')): P10 takes: 0.009392023086547852
Stats for ('MARI', Timestamp('2013-03-25 00:00:00')): P90 takes: 0.009212970733642578
Stats: gPCE takes: 0.0046215057373046875
Stats for ('MARI', Timestamp('2013-03-26 00:00:00')): E takes: 0.023850202560424805
Stats for ('MARI', Timestamp('2013-03-26 00:00:00')): Var takes: 0.5250489711761475
Stats for ('MARI', Timestamp('2013-03-26 00:00:00')): StdDev takes: 0.5244615077972412
Stats for ('MARI', Timestamp('2013-03-26 00:00:00')): Sobol_m takes: 0.6748991012573242
Stats for ('MARI', Timestamp('2013-03-26 00:00:00')): Sobol_m2 takes: 1.2489540576934814
Stats for ('MARI', Timestamp('2013-03-26 00:00:00')): Sobol_t takes: 1.4620904922485352
Stats for ('MARI', Timestamp('2013-03-26 00:00:00')): P10 takes: 0.009151697158813477
Stats for ('MARI', Timestamp('2013-03-26 00:00:00')): P90 takes: 0.009250640869140625
Stats: gPCE takes: 0.004641294479370117
Stats for ('MARI', Timestamp('2013-03-27 00:00:00')): E takes: 0.02381157875061035
Stats for ('MARI', Timestamp('2013-03-27 00:00:00')): Var takes: 0.5250527858734131
Stats for ('MARI', Timestamp('2013-03-27 00:00:00')): StdDev takes: 0.5255341529846191
Stats for ('MARI', Timestamp('2013-03-27 00:00:00')): Sobol_m takes: 0.673414945602417
Stats for ('MARI', Timestamp('2013-03-27 00:00:00')): Sobol_m2 takes: 1.2465417385101318
Stats for ('MARI', Timestamp('2013-03-27 00:00:00')): Sobol_t takes: 1.486619472503662
Stats for ('MARI', Timestamp('2013-03-27 00:00:00')): P10 takes: 0.009305000305175781
Stats for ('MARI', Timestamp('2013-03-27 00:00:00')): P90 takes: 0.009282588958740234
Stats: gPCE takes: 0.004652738571166992
Stats for ('MARI', Timestamp('2013-03-28 00:00:00')): E takes: 0.023655176162719727
Stats for ('MARI', Timestamp('2013-03-28 00:00:00')): Var takes: 0.5222845077514648
Stats for ('MARI', Timestamp('2013-03-28 00:00:00')): StdDev takes: 0.5232264995574951
Stats for ('MARI', Timestamp('2013-03-28 00:00:00')): Sobol_m takes: 0.6756024360656738
Stats for ('MARI', Timestamp('2013-03-28 00:00:00')): Sobol_m2 takes: 1.243023157119751
Stats for ('MARI', Timestamp('2013-03-28 00:00:00')): Sobol_t takes: 1.455322504043579
Stats for ('MARI', Timestamp('2013-03-28 00:00:00')): P10 takes: 0.009238719940185547
Stats for ('MARI', Timestamp('2013-03-28 00:00:00')): P90 takes: 0.009232521057128906
Stats: gPCE takes: 0.0047032833099365234
Stats for ('MARI', Timestamp('2013-03-29 00:00:00')): E takes: 0.023781776428222656
Stats for ('MARI', Timestamp('2013-03-29 00:00:00')): Var takes: 0.5239288806915283
Stats for ('MARI', Timestamp('2013-03-29 00:00:00')): StdDev takes: 0.5239613056182861
Stats for ('MARI', Timestamp('2013-03-29 00:00:00')): Sobol_m takes: 0.6726408004760742
Stats for ('MARI', Timestamp('2013-03-29 00:00:00')): Sobol_m2 takes: 1.2497859001159668
Stats for ('MARI', Timestamp('2013-03-29 00:00:00')): Sobol_t takes: 1.4596669673919678
Stats for ('MARI', Timestamp('2013-03-29 00:00:00')): P10 takes: 0.009584426879882812
Stats for ('MARI', Timestamp('2013-03-29 00:00:00')): P90 takes: 0.009215831756591797
Stats: gPCE takes: 0.004899501800537109
Stats for ('MARI', Timestamp('2013-03-30 00:00:00')): E takes: 0.0240175724029541
Stats for ('MARI', Timestamp('2013-03-30 00:00:00')): Var takes: 0.524956464767456
Stats for ('MARI', Timestamp('2013-03-30 00:00:00')): StdDev takes: 0.5254213809967041
Stats for ('MARI', Timestamp('2013-03-30 00:00:00')): Sobol_m takes: 0.6754388809204102
Stats for ('MARI', Timestamp('2013-03-30 00:00:00')): Sobol_m2 takes: 1.2828998565673828
Stats for ('MARI', Timestamp('2013-03-30 00:00:00')): Sobol_t takes: 1.4479584693908691
Stats for ('MARI', Timestamp('2013-03-30 00:00:00')): P10 takes: 0.00927591323852539
Stats for ('MARI', Timestamp('2013-03-30 00:00:00')): P90 takes: 0.009334325790405273
Stats: gPCE takes: 0.004735231399536133
Stats for ('MARI', Timestamp('2013-03-31 00:00:00')): E takes: 0.02368617057800293
Stats for ('MARI', Timestamp('2013-03-31 00:00:00')): Var takes: 0.5213866233825684
Stats for ('MARI', Timestamp('2013-03-31 00:00:00')): StdDev takes: 0.5228674411773682
Stats for ('MARI', Timestamp('2013-03-31 00:00:00')): Sobol_m takes: 0.6718103885650635
Stats for ('MARI', Timestamp('2013-03-31 00:00:00')): Sobol_m2 takes: 1.2434303760528564
Stats for ('MARI', Timestamp('2013-03-31 00:00:00')): Sobol_t takes: 1.459984302520752
Stats for ('MARI', Timestamp('2013-03-31 00:00:00')): P10 takes: 0.009137868881225586
Stats for ('MARI', Timestamp('2013-03-31 00:00:00')): P90 takes: 0.009319067001342773
Stats: gPCE takes: 0.004670619964599609
Stats for ('MARI', Timestamp('2013-04-01 00:00:00')): E takes: 0.023818492889404297
Stats for ('MARI', Timestamp('2013-04-01 00:00:00')): Var takes: 0.5248739719390869
Stats for ('MARI', Timestamp('2013-04-01 00:00:00')): StdDev takes: 0.5243103504180908
Stats for ('MARI', Timestamp('2013-04-01 00:00:00')): Sobol_m takes: 0.6727561950683594
Stats for ('MARI', Timestamp('2013-04-01 00:00:00')): Sobol_m2 takes: 1.2485175132751465
Stats for ('MARI', Timestamp('2013-04-01 00:00:00')): Sobol_t takes: 1.459334373474121
Stats for ('MARI', Timestamp('2013-04-01 00:00:00')): P10 takes: 0.00916147232055664
Stats for ('MARI', Timestamp('2013-04-01 00:00:00')): P90 takes: 0.009238719940185547
Stats: gPCE takes: 0.004633426666259766
Stats for ('MARI', Timestamp('2013-04-02 00:00:00')): E takes: 0.023955106735229492
Stats for ('MARI', Timestamp('2013-04-02 00:00:00')): Var takes: 0.5579533576965332
Stats for ('MARI', Timestamp('2013-04-02 00:00:00')): StdDev takes: 0.5195131301879883
Stats for ('MARI', Timestamp('2013-04-02 00:00:00')): Sobol_m takes: 0.6681573390960693
Stats for ('MARI', Timestamp('2013-04-02 00:00:00')): Sobol_m2 takes: 1.2419993877410889
Stats for ('MARI', Timestamp('2013-04-02 00:00:00')): Sobol_t takes: 1.456099510192871
Stats for ('MARI', Timestamp('2013-04-02 00:00:00')): P10 takes: 0.009267568588256836
Stats for ('MARI', Timestamp('2013-04-02 00:00:00')): P90 takes: 0.009301900863647461
Stats: gPCE takes: 0.004647970199584961
Stats for ('MARI', Timestamp('2013-04-03 00:00:00')): E takes: 0.023758888244628906
Stats for ('MARI', Timestamp('2013-04-03 00:00:00')): Var takes: 0.524648904800415
Stats for ('MARI', Timestamp('2013-04-03 00:00:00')): StdDev takes: 0.525702714920044
Stats for ('MARI', Timestamp('2013-04-03 00:00:00')): Sobol_m takes: 0.6746320724487305
Stats for ('MARI', Timestamp('2013-04-03 00:00:00')): Sobol_m2 takes: 1.247253656387329
Stats for ('MARI', Timestamp('2013-04-03 00:00:00')): Sobol_t takes: 1.461205244064331
Stats for ('MARI', Timestamp('2013-04-03 00:00:00')): P10 takes: 0.009192228317260742
Stats for ('MARI', Timestamp('2013-04-03 00:00:00')): P90 takes: 0.009241342544555664
Stats: gPCE takes: 0.004633426666259766
Stats for ('MARI', Timestamp('2013-04-04 00:00:00')): E takes: 0.023888349533081055
Stats for ('MARI', Timestamp('2013-04-04 00:00:00')): Var takes: 0.5244057178497314
Stats for ('MARI', Timestamp('2013-04-04 00:00:00')): StdDev takes: 0.5248367786407471
Stats for ('MARI', Timestamp('2013-04-04 00:00:00')): Sobol_m takes: 0.6752855777740479
Stats for ('MARI', Timestamp('2013-04-04 00:00:00')): Sobol_m2 takes: 1.246856689453125
Stats for ('MARI', Timestamp('2013-04-04 00:00:00')): Sobol_t takes: 1.4787802696228027
Stats for ('MARI', Timestamp('2013-04-04 00:00:00')): P10 takes: 0.009258508682250977
Stats for ('MARI', Timestamp('2013-04-04 00:00:00')): P90 takes: 0.009219884872436523
Stats: gPCE takes: 0.0046503543853759766
Stats for ('MARI', Timestamp('2013-04-05 00:00:00')): E takes: 0.023787736892700195
Stats for ('MARI', Timestamp('2013-04-05 00:00:00')): Var takes: 0.5225000381469727
Stats for ('MARI', Timestamp('2013-04-05 00:00:00')): StdDev takes: 0.5213496685028076
Stats for ('MARI', Timestamp('2013-04-05 00:00:00')): Sobol_m takes: 0.6727113723754883
Stats for ('MARI', Timestamp('2013-04-05 00:00:00')): Sobol_m2 takes: 1.2457542419433594
Stats for ('MARI', Timestamp('2013-04-05 00:00:00')): Sobol_t takes: 1.4618852138519287
Stats for ('MARI', Timestamp('2013-04-05 00:00:00')): P10 takes: 0.00916290283203125
Stats for ('MARI', Timestamp('2013-04-05 00:00:00')): P90 takes: 0.009270668029785156
Stats: gPCE takes: 0.004642009735107422
Stats for ('MARI', Timestamp('2013-04-06 00:00:00')): E takes: 0.02389812469482422
Stats for ('MARI', Timestamp('2013-04-06 00:00:00')): Var takes: 0.5249059200286865
Stats for ('MARI', Timestamp('2013-04-06 00:00:00')): StdDev takes: 0.5245969295501709
Stats for ('MARI', Timestamp('2013-04-06 00:00:00')): Sobol_m takes: 0.6747405529022217
Stats for ('MARI', Timestamp('2013-04-06 00:00:00')): Sobol_m2 takes: 1.247694969177246
Stats for ('MARI', Timestamp('2013-04-06 00:00:00')): Sobol_t takes: 1.4604263305664062
Stats for ('MARI', Timestamp('2013-04-06 00:00:00')): P10 takes: 0.009182929992675781
Stats for ('MARI', Timestamp('2013-04-06 00:00:00')): P90 takes: 0.009296894073486328
Stats: gPCE takes: 0.004602909088134766
Stats for ('MARI', Timestamp('2013-04-07 00:00:00')): E takes: 0.02397632598876953
Stats for ('MARI', Timestamp('2013-04-07 00:00:00')): Var takes: 0.5251660346984863
Stats for ('MARI', Timestamp('2013-04-07 00:00:00')): StdDev takes: 0.5246291160583496
Stats for ('MARI', Timestamp('2013-04-07 00:00:00')): Sobol_m takes: 0.7000858783721924
Stats for ('MARI', Timestamp('2013-04-07 00:00:00')): Sobol_m2 takes: 1.2374563217163086
Stats for ('MARI', Timestamp('2013-04-07 00:00:00')): Sobol_t takes: 1.4576075077056885
Stats for ('MARI', Timestamp('2013-04-07 00:00:00')): P10 takes: 0.009742498397827148
Stats for ('MARI', Timestamp('2013-04-07 00:00:00')): P90 takes: 0.009420394897460938
Stats: gPCE takes: 0.00475311279296875
Stats for ('MARI', Timestamp('2013-04-08 00:00:00')): E takes: 0.023746728897094727
Stats for ('MARI', Timestamp('2013-04-08 00:00:00')): Var takes: 0.5236392021179199
Stats for ('MARI', Timestamp('2013-04-08 00:00:00')): StdDev takes: 0.5232396125793457
Stats for ('MARI', Timestamp('2013-04-08 00:00:00')): Sobol_m takes: 0.673206090927124
Stats for ('MARI', Timestamp('2013-04-08 00:00:00')): Sobol_m2 takes: 1.246917963027954
Stats for ('MARI', Timestamp('2013-04-08 00:00:00')): Sobol_t takes: 1.4614293575286865
Stats for ('MARI', Timestamp('2013-04-08 00:00:00')): P10 takes: 0.009197711944580078
Stats for ('MARI', Timestamp('2013-04-08 00:00:00')): P90 takes: 0.009314537048339844
Stats: gPCE takes: 0.0047299861907958984
Stats for ('MARI', Timestamp('2013-04-09 00:00:00')): E takes: 0.024150609970092773
Stats for ('MARI', Timestamp('2013-04-09 00:00:00')): Var takes: 0.5252859592437744
Stats for ('MARI', Timestamp('2013-04-09 00:00:00')): StdDev takes: 0.5251481533050537
Stats for ('MARI', Timestamp('2013-04-09 00:00:00')): Sobol_m takes: 0.6748042106628418
Stats for ('MARI', Timestamp('2013-04-09 00:00:00')): Sobol_m2 takes: 1.2506253719329834
Stats for ('MARI', Timestamp('2013-04-09 00:00:00')): Sobol_t takes: 1.4990406036376953
Stats for ('MARI', Timestamp('2013-04-09 00:00:00')): P10 takes: 0.009225130081176758
Stats for ('MARI', Timestamp('2013-04-09 00:00:00')): P90 takes: 0.009198904037475586
Stats: gPCE takes: 0.004720926284790039
Stats for ('MARI', Timestamp('2013-04-10 00:00:00')): E takes: 0.024744033813476562
Stats for ('MARI', Timestamp('2013-04-10 00:00:00')): Var takes: 0.520195722579956
Stats for ('MARI', Timestamp('2013-04-10 00:00:00')): StdDev takes: 0.5199601650238037
Stats for ('MARI', Timestamp('2013-04-10 00:00:00')): Sobol_m takes: 0.6693480014801025
Stats for ('MARI', Timestamp('2013-04-10 00:00:00')): Sobol_m2 takes: 1.242246389389038
Stats for ('MARI', Timestamp('2013-04-10 00:00:00')): Sobol_t takes: 1.4598827362060547
Stats for ('MARI', Timestamp('2013-04-10 00:00:00')): P10 takes: 0.009139537811279297
Stats for ('MARI', Timestamp('2013-04-10 00:00:00')): P90 takes: 0.009330272674560547
Stats: gPCE takes: 0.004726886749267578
Stats for ('MARI', Timestamp('2013-04-11 00:00:00')): E takes: 0.023849964141845703
Stats for ('MARI', Timestamp('2013-04-11 00:00:00')): Var takes: 0.5236458778381348
Stats for ('MARI', Timestamp('2013-04-11 00:00:00')): StdDev takes: 0.5239889621734619
Stats for ('MARI', Timestamp('2013-04-11 00:00:00')): Sobol_m takes: 0.6735167503356934
Stats for ('MARI', Timestamp('2013-04-11 00:00:00')): Sobol_m2 takes: 1.248375654220581
Stats for ('MARI', Timestamp('2013-04-11 00:00:00')): Sobol_t takes: 1.4612069129943848
Stats for ('MARI', Timestamp('2013-04-11 00:00:00')): P10 takes: 0.009149789810180664
Stats for ('MARI', Timestamp('2013-04-11 00:00:00')): P90 takes: 0.00926828384399414
Stats: gPCE takes: 0.004734039306640625
Stats for ('MARI', Timestamp('2013-04-12 00:00:00')): E takes: 0.023879289627075195
Stats for ('MARI', Timestamp('2013-04-12 00:00:00')): Var takes: 0.5254302024841309
Stats for ('MARI', Timestamp('2013-04-12 00:00:00')): StdDev takes: 0.5256164073944092
Stats for ('MARI', Timestamp('2013-04-12 00:00:00')): Sobol_m takes: 0.6747035980224609
Stats for ('MARI', Timestamp('2013-04-12 00:00:00')): Sobol_m2 takes: 1.266756534576416
Stats for ('MARI', Timestamp('2013-04-12 00:00:00')): Sobol_t takes: 1.4489901065826416
Stats for ('MARI', Timestamp('2013-04-12 00:00:00')): P10 takes: 0.009838342666625977
Stats for ('MARI', Timestamp('2013-04-12 00:00:00')): P90 takes: 0.009295225143432617
Stats: gPCE takes: 0.0046541690826416016
Stats for ('MARI', Timestamp('2013-04-13 00:00:00')): E takes: 0.02546405792236328
Stats for ('MARI', Timestamp('2013-04-13 00:00:00')): Var takes: 0.5643296241760254
Stats for ('MARI', Timestamp('2013-04-13 00:00:00')): StdDev takes: 0.5500895977020264
Stats for ('MARI', Timestamp('2013-04-13 00:00:00')): Sobol_m takes: 0.7210981845855713
Stats for ('MARI', Timestamp('2013-04-13 00:00:00')): Sobol_m2 takes: 1.2481136322021484
Stats for ('MARI', Timestamp('2013-04-13 00:00:00')): Sobol_t takes: 1.4627118110656738
Stats for ('MARI', Timestamp('2013-04-13 00:00:00')): P10 takes: 0.009238958358764648
Stats for ('MARI', Timestamp('2013-04-13 00:00:00')): P90 takes: 0.009334325790405273
Stats: gPCE takes: 0.004887580871582031
Stats for ('MARI', Timestamp('2013-04-14 00:00:00')): E takes: 0.024579286575317383
Stats for ('MARI', Timestamp('2013-04-14 00:00:00')): Var takes: 0.5261340141296387
Stats for ('MARI', Timestamp('2013-04-14 00:00:00')): StdDev takes: 0.5256226062774658
Stats for ('MARI', Timestamp('2013-04-14 00:00:00')): Sobol_m takes: 0.6745386123657227
Stats for ('MARI', Timestamp('2013-04-14 00:00:00')): Sobol_m2 takes: 1.269791603088379
Stats for ('MARI', Timestamp('2013-04-14 00:00:00')): Sobol_t takes: 1.4791150093078613
Stats for ('MARI', Timestamp('2013-04-14 00:00:00')): P10 takes: 0.009267568588256836
Stats for ('MARI', Timestamp('2013-04-14 00:00:00')): P90 takes: 0.009451866149902344
Stats: gPCE takes: 0.004784107208251953
Stats for ('MARI', Timestamp('2013-04-15 00:00:00')): E takes: 0.02406024932861328
Stats for ('MARI', Timestamp('2013-04-15 00:00:00')): Var takes: 0.559882402420044
Stats for ('MARI', Timestamp('2013-04-15 00:00:00')): StdDev takes: 0.5233714580535889
Stats for ('MARI', Timestamp('2013-04-15 00:00:00')): Sobol_m takes: 0.6762282848358154
Stats for ('MARI', Timestamp('2013-04-15 00:00:00')): Sobol_m2 takes: 1.2555925846099854
Stats for ('MARI', Timestamp('2013-04-15 00:00:00')): Sobol_t takes: 1.4712460041046143
Stats for ('MARI', Timestamp('2013-04-15 00:00:00')): P10 takes: 0.00943136215209961
Stats for ('MARI', Timestamp('2013-04-15 00:00:00')): P90 takes: 0.009332418441772461
Stats: gPCE takes: 0.004803657531738281
Stats for ('MARI', Timestamp('2013-04-16 00:00:00')): E takes: 0.02401423454284668
Stats for ('MARI', Timestamp('2013-04-16 00:00:00')): Var takes: 0.5294034481048584
Stats for ('MARI', Timestamp('2013-04-16 00:00:00')): StdDev takes: 0.530545711517334
Stats for ('MARI', Timestamp('2013-04-16 00:00:00')): Sobol_m takes: 0.681696891784668
Stats for ('MARI', Timestamp('2013-04-16 00:00:00')): Sobol_m2 takes: 1.264526605606079
Stats for ('MARI', Timestamp('2013-04-16 00:00:00')): Sobol_t takes: 1.4776225090026855
Stats for ('MARI', Timestamp('2013-04-16 00:00:00')): P10 takes: 0.00937032699584961
Stats for ('MARI', Timestamp('2013-04-16 00:00:00')): P90 takes: 0.009484291076660156
Stats: gPCE takes: 0.004797220230102539
Stats for ('MARI', Timestamp('2013-04-17 00:00:00')): E takes: 0.025281429290771484
Stats for ('MARI', Timestamp('2013-04-17 00:00:00')): Var takes: 0.5318529605865479
Stats for ('MARI', Timestamp('2013-04-17 00:00:00')): StdDev takes: 0.5324797630310059
Stats for ('MARI', Timestamp('2013-04-17 00:00:00')): Sobol_m takes: 0.682309627532959
Stats for ('MARI', Timestamp('2013-04-17 00:00:00')): Sobol_m2 takes: 1.2934942245483398
Stats for ('MARI', Timestamp('2013-04-17 00:00:00')): Sobol_t takes: 1.462989091873169
Stats for ('MARI', Timestamp('2013-04-17 00:00:00')): P10 takes: 0.009417057037353516
Stats for ('MARI', Timestamp('2013-04-17 00:00:00')): P90 takes: 0.009496450424194336
Stats: gPCE takes: 0.004884958267211914
Stats for ('MARI', Timestamp('2013-04-18 00:00:00')): E takes: 0.023901700973510742
Stats for ('MARI', Timestamp('2013-04-18 00:00:00')): Var takes: 0.52695631980896
Stats for ('MARI', Timestamp('2013-04-18 00:00:00')): StdDev takes: 0.5324273109436035
Stats for ('MARI', Timestamp('2013-04-18 00:00:00')): Sobol_m takes: 0.6794881820678711
Stats for ('MARI', Timestamp('2013-04-18 00:00:00')): Sobol_m2 takes: 1.2635035514831543
Stats for ('MARI', Timestamp('2013-04-18 00:00:00')): Sobol_t takes: 1.4766404628753662
Stats for ('MARI', Timestamp('2013-04-18 00:00:00')): P10 takes: 0.010007381439208984
Stats for ('MARI', Timestamp('2013-04-18 00:00:00')): P90 takes: 0.009461402893066406
Stats: gPCE takes: 0.005014657974243164
Stats for ('MARI', Timestamp('2013-04-19 00:00:00')): E takes: 0.02410149574279785
Stats for ('MARI', Timestamp('2013-04-19 00:00:00')): Var takes: 0.5294444561004639
Stats for ('MARI', Timestamp('2013-04-19 00:00:00')): StdDev takes: 0.529700517654419
Stats for ('MARI', Timestamp('2013-04-19 00:00:00')): Sobol_m takes: 0.6809115409851074
Stats for ('MARI', Timestamp('2013-04-19 00:00:00')): Sobol_m2 takes: 1.2713944911956787
Stats for ('MARI', Timestamp('2013-04-19 00:00:00')): Sobol_t takes: 1.4813659191131592
Stats for ('MARI', Timestamp('2013-04-19 00:00:00')): P10 takes: 0.009873628616333008
Stats for ('MARI', Timestamp('2013-04-19 00:00:00')): P90 takes: 0.009472131729125977
Stats: gPCE takes: 0.005045175552368164
Stats for ('MARI', Timestamp('2013-04-20 00:00:00')): E takes: 0.02443385124206543
Stats for ('MARI', Timestamp('2013-04-20 00:00:00')): Var takes: 0.5312674045562744
Stats for ('MARI', Timestamp('2013-04-20 00:00:00')): StdDev takes: 0.5320537090301514
Stats for ('MARI', Timestamp('2013-04-20 00:00:00')): Sobol_m takes: 0.7239422798156738
Stats for ('MARI', Timestamp('2013-04-20 00:00:00')): Sobol_m2 takes: 1.271432876586914
Stats for ('MARI', Timestamp('2013-04-20 00:00:00')): Sobol_t takes: 1.4720571041107178
Stats for ('MARI', Timestamp('2013-04-20 00:00:00')): P10 takes: 0.009598016738891602
Stats for ('MARI', Timestamp('2013-04-20 00:00:00')): P90 takes: 0.009484052658081055
Stats: gPCE takes: 0.004929065704345703
Stats for ('MARI', Timestamp('2013-04-21 00:00:00')): E takes: 0.02415776252746582
Stats for ('MARI', Timestamp('2013-04-21 00:00:00')): Var takes: 0.5294127464294434
Stats for ('MARI', Timestamp('2013-04-21 00:00:00')): StdDev takes: 0.5329325199127197
Stats for ('MARI', Timestamp('2013-04-21 00:00:00')): Sobol_m takes: 0.6819095611572266
Stats for ('MARI', Timestamp('2013-04-21 00:00:00')): Sobol_m2 takes: 1.2644267082214355
Stats for ('MARI', Timestamp('2013-04-21 00:00:00')): Sobol_t takes: 1.4815778732299805
Stats for ('MARI', Timestamp('2013-04-21 00:00:00')): P10 takes: 0.009905099868774414
Stats for ('MARI', Timestamp('2013-04-21 00:00:00')): P90 takes: 0.009477615356445312
Stats: gPCE takes: 0.004912614822387695
Stats for ('MARI', Timestamp('2013-04-22 00:00:00')): E takes: 0.024169445037841797
Stats for ('MARI', Timestamp('2013-04-22 00:00:00')): Var takes: 0.5312514305114746
Stats for ('MARI', Timestamp('2013-04-22 00:00:00')): StdDev takes: 0.5314257144927979
Stats for ('MARI', Timestamp('2013-04-22 00:00:00')): Sobol_m takes: 0.6828756332397461
Stats for ('MARI', Timestamp('2013-04-22 00:00:00')): Sobol_m2 takes: 1.2670536041259766
Stats for ('MARI', Timestamp('2013-04-22 00:00:00')): Sobol_t takes: 1.5161826610565186
Stats for ('MARI', Timestamp('2013-04-22 00:00:00')): P10 takes: 0.009529590606689453
Stats for ('MARI', Timestamp('2013-04-22 00:00:00')): P90 takes: 0.009491682052612305
Stats: gPCE takes: 0.004924297332763672
Stats for ('MARI', Timestamp('2013-04-23 00:00:00')): E takes: 0.023873329162597656
Stats for ('MARI', Timestamp('2013-04-23 00:00:00')): Var takes: 0.5278773307800293
Stats for ('MARI', Timestamp('2013-04-23 00:00:00')): StdDev takes: 0.5281736850738525
Stats for ('MARI', Timestamp('2013-04-23 00:00:00')): Sobol_m takes: 0.678077220916748
Stats for ('MARI', Timestamp('2013-04-23 00:00:00')): Sobol_m2 takes: 1.2592847347259521
Stats for ('MARI', Timestamp('2013-04-23 00:00:00')): Sobol_t takes: 1.4770903587341309
Stats for ('MARI', Timestamp('2013-04-23 00:00:00')): P10 takes: 0.009313106536865234
Stats for ('MARI', Timestamp('2013-04-23 00:00:00')): P90 takes: 0.009447336196899414
Stats: gPCE takes: 0.004788875579833984
Stats for ('MARI', Timestamp('2013-04-24 00:00:00')): E takes: 0.025084257125854492
Stats for ('MARI', Timestamp('2013-04-24 00:00:00')): Var takes: 0.5294880867004395
Stats for ('MARI', Timestamp('2013-04-24 00:00:00')): StdDev takes: 0.530026912689209
Stats for ('MARI', Timestamp('2013-04-24 00:00:00')): Sobol_m takes: 0.6812398433685303
Stats for ('MARI', Timestamp('2013-04-24 00:00:00')): Sobol_m2 takes: 1.262902021408081
Stats for ('MARI', Timestamp('2013-04-24 00:00:00')): Sobol_t takes: 1.4787280559539795
Stats for ('MARI', Timestamp('2013-04-24 00:00:00')): P10 takes: 0.009726524353027344
Stats for ('MARI', Timestamp('2013-04-24 00:00:00')): P90 takes: 0.00941920280456543
Stats: gPCE takes: 0.00493621826171875
Stats for ('MARI', Timestamp('2013-04-25 00:00:00')): E takes: 0.02428746223449707
Stats for ('MARI', Timestamp('2013-04-25 00:00:00')): Var takes: 0.532386064529419
Stats for ('MARI', Timestamp('2013-04-25 00:00:00')): StdDev takes: 0.5315463542938232
Stats for ('MARI', Timestamp('2013-04-25 00:00:00')): Sobol_m takes: 0.6836738586425781
Stats for ('MARI', Timestamp('2013-04-25 00:00:00')): Sobol_m2 takes: 1.2969698905944824
Stats for ('MARI', Timestamp('2013-04-25 00:00:00')): Sobol_t takes: 1.4682157039642334
Stats for ('MARI', Timestamp('2013-04-25 00:00:00')): P10 takes: 0.009464025497436523
Stats for ('MARI', Timestamp('2013-04-25 00:00:00')): P90 takes: 0.009407281875610352
Stats: gPCE takes: 0.004839897155761719
Stats for ('MARI', Timestamp('2013-04-26 00:00:00')): E takes: 0.024024486541748047
Stats for ('MARI', Timestamp('2013-04-26 00:00:00')): Var takes: 0.531510591506958
Stats for ('MARI', Timestamp('2013-04-26 00:00:00')): StdDev takes: 0.5295705795288086
Stats for ('MARI', Timestamp('2013-04-26 00:00:00')): Sobol_m takes: 0.6810548305511475
Stats for ('MARI', Timestamp('2013-04-26 00:00:00')): Sobol_m2 takes: 1.2612228393554688
Stats for ('MARI', Timestamp('2013-04-26 00:00:00')): Sobol_t takes: 1.4760754108428955
Stats for ('MARI', Timestamp('2013-04-26 00:00:00')): P10 takes: 0.009775161743164062
Stats for ('MARI', Timestamp('2013-04-26 00:00:00')): P90 takes: 0.00946807861328125
Stats: gPCE takes: 0.004879951477050781
Stats for ('MARI', Timestamp('2013-04-27 00:00:00')): E takes: 0.024129867553710938
Stats for ('MARI', Timestamp('2013-04-27 00:00:00')): Var takes: 0.5307345390319824
Stats for ('MARI', Timestamp('2013-04-27 00:00:00')): StdDev takes: 0.5306127071380615
Stats for ('MARI', Timestamp('2013-04-27 00:00:00')): Sobol_m takes: 0.6831080913543701
Stats for ('MARI', Timestamp('2013-04-27 00:00:00')): Sobol_m2 takes: 1.262073278427124
Stats for ('MARI', Timestamp('2013-04-27 00:00:00')): Sobol_t takes: 1.5221312046051025
Stats for ('MARI', Timestamp('2013-04-27 00:00:00')): P10 takes: 0.009520530700683594
Stats for ('MARI', Timestamp('2013-04-27 00:00:00')): P90 takes: 0.0092926025390625
Stats: gPCE takes: 0.004863739013671875
Stats for ('MARI', Timestamp('2013-04-28 00:00:00')): E takes: 0.024183988571166992
Stats for ('MARI', Timestamp('2013-04-28 00:00:00')): Var takes: 0.5252947807312012
Stats for ('MARI', Timestamp('2013-04-28 00:00:00')): StdDev takes: 0.5247819423675537
Stats for ('MARI', Timestamp('2013-04-28 00:00:00')): Sobol_m takes: 0.6766858100891113
Stats for ('MARI', Timestamp('2013-04-28 00:00:00')): Sobol_m2 takes: 1.2601964473724365
Stats for ('MARI', Timestamp('2013-04-28 00:00:00')): Sobol_t takes: 1.4775731563568115
Stats for ('MARI', Timestamp('2013-04-28 00:00:00')): P10 takes: 0.0097503662109375
Stats for ('MARI', Timestamp('2013-04-28 00:00:00')): P90 takes: 0.00941610336303711
Stats: gPCE takes: 0.004902362823486328
Stats for ('MARI', Timestamp('2013-04-29 00:00:00')): E takes: 0.024145841598510742
Stats for ('MARI', Timestamp('2013-04-29 00:00:00')): Var takes: 0.5303859710693359
Stats for ('MARI', Timestamp('2013-04-29 00:00:00')): StdDev takes: 0.5305995941162109
Stats for ('MARI', Timestamp('2013-04-29 00:00:00')): Sobol_m takes: 0.6808927059173584
Stats for ('MARI', Timestamp('2013-04-29 00:00:00')): Sobol_m2 takes: 1.2606875896453857
Stats for ('MARI', Timestamp('2013-04-29 00:00:00')): Sobol_t takes: 1.4799318313598633
Stats for ('MARI', Timestamp('2013-04-29 00:00:00')): P10 takes: 0.009396791458129883
Stats for ('MARI', Timestamp('2013-04-29 00:00:00')): P90/lrz/sys/intel/studio2019_u4/intelpython3/lib/python3.6/site-packages/pandas/plotting/_converter.py:129: FutureWarning: Using an implicitly registered datetime converter for a matplotlib plotting method. The converter was registered by pandas on import. Future versions of pandas will require you to explicitly register matplotlib converters.

To register the converters:
	>>> from pandas.plotting import register_matplotlib_converters
	>>> register_matplotlib_converters()
  warnings.warn(msg, FutureWarning)
 takes: 0.009468555450439453
calculate statistics [RuntimeStatistics]...
[ 62.93858814  62.94912132  62.95965451 ... 168.23881418 168.24934736
 168.25988054]
print statistics...
None
QoI                 E     StdDev         Var         P5         P95
---------  ----------  ---------  ----------  ---------  ----------
E_runtime  127.696545  22.261048  495.554243  79.475799  151.811929

Sensitivity Indices:
Index                    value
-----------------------  -----------------------------------------------
First order              [0.93315909 0.0203906  0.01040759 0.00446848]
First order_Interaction  0.03157424119200214
Second order             [[0.         0.0015112  0.00018819 0.01119485]
                          [0.0015112  0.         0.01622496 0.00202737]
                          [0.00018819 0.01622496 0.         0.00042768]
                          [0.01119485 0.00202737 0.00042768 0.        ]]
Total order              [0.94605333 0.04015412 0.02724841 0.01811838]

type            runtime                                                            estimated                                                          org_estimated                                                      diff: T-E                                                          diff: T-OE
--------------  -----------------------------------------------------------------  -----------------------------------------------------------------  -----------------------------------------------------------------  -----------------------------------------------------------------  -----------------------------------------------------------------
sum(T_i_S)      10167.103160381317                                                 10150.667624288139                                                 10150.667624288139                                                 16.435536093178598                                                 16.435536093178598
T_i_SWP_worker  [267.10546708 252.13174486 212.82796192 217.12917542 233.71179652  [250.25191001 251.58976817 247.47599436 229.07513268 236.89677306  [250.25191001 251.58976817 247.47599436 229.07513268 236.89677306  [ 1.68535571e+01  5.41976693e-01 -3.46480324e+01 -1.19459573e+01   [ 1.68535571e+01  5.41976693e-01 -3.46480324e+01 -1.19459573e+01
                 255.28716493 237.0954771  231.50949287 247.7641573  237.40404367   234.44032291 222.52324345 235.19369025 233.71277657 232.37621141   234.44032291 222.52324345 235.19369025 233.71277657 232.37621141   -3.18497654e+00  2.08468420e+01  1.45722337e+01 -3.68419737e+00    -3.18497654e+00  2.08468420e+01  1.45722337e+01 -3.68419737e+00
                 237.16993141 239.5196414  197.60379839 237.14795852 241.74279213   237.01386211 236.50848491 221.40741577 232.52884869 233.68079514   237.01386211 236.50848491 221.40741577 232.52884869 233.68079514    1.40513807e+01  5.02783227e+00  1.56069299e-01  3.01115649e+00     1.40513807e+01  5.02783227e+00  1.56069299e-01  3.01115649e+00
                 238.96338415 202.04416108 200.63854957 239.43423104 225.2237885    225.06350822 224.87847547 227.00595839 212.81391368 220.75135693   225.06350822 224.87847547 227.00595839 212.81391368 220.75135693   -2.38036174e+01  4.61910983e+00  8.06199699e+00  1.38998759e+01    -2.38036174e+01  4.61910983e+00  8.06199699e+00  1.38998759e+01
                 204.20363069 236.19055891 235.54771113 239.2541945  204.22766805   223.85437632 212.05309972 226.47432519 231.23466824 225.91717386   223.85437632 212.05309972 226.47432519 231.23466824 225.91717386   -2.28343144e+01 -2.63674088e+01  2.66203174e+01  4.47243157e+00    -2.28343144e+01 -2.63674088e+01  2.66203174e+01  4.47243157e+00
                 136.77592373 140.15293956 160.26198745 166.25988054 145.61755967   137.42319557 147.44218744 159.47317808 154.01709376 154.53074245   137.42319557 147.44218744 159.47317808 154.01709376 154.53074245   -1.96507456e+01  2.41374592e+01  9.07338595e+00  8.01952626e+00    -1.96507456e+01  2.41374592e+01  9.07338595e+00  8.01952626e+00
                 136.71976328 144.56283855 145.17891073 142.63575554 144.52065015   148.05612759 143.4287051  144.77101561 143.95152115 140.15276049   148.05612759 143.4287051  144.77101561 143.95152115 140.15276049   -2.16895058e+01 -6.47271836e-01 -7.28924788e+00  7.88809367e-01    -2.16895058e+01 -6.47271836e-01 -7.28924788e+00  7.88809367e-01
                 145.59443116 145.52890038 144.02502465 143.87285042 142.43840432   142.32373283 148.73113048 145.07924446 147.39709145 142.41807083   142.32373283 148.73113048 145.07924446 147.39709145 142.41807083    1.22427868e+01 -8.91318278e+00 -1.13363643e+01  1.13413345e+00     1.22427868e+01 -8.91318278e+00 -1.13363643e+01  1.13413345e+00
                 145.16402578 147.52549124 130.3691957  137.693573   140.65008736   139.59484664 142.74135545 143.41745523 141.42289287 145.39806351   139.59484664 142.74135545 143.41745523 141.42289287 145.39806351    4.07895121e-01 -1.31576561e+00  4.36788966e+00  3.27069834e+00     4.07895121e-01 -1.31576561e+00  4.36788966e+00  3.27069834e+00
                 141.38425589 135.778615   147.08292913 137.00368929 130.07791042   137.14578332 135.2980956  139.42014088 135.93671451 134.91768862   137.14578332 135.2980956  139.42014088 135.93671451 134.91768862   -3.20223010e+00 -1.05421981e+00 -3.52424103e+00  2.03334890e-02    -3.20223010e+00 -1.05421981e+00 -3.52424103e+00  2.03334890e-02
                 144.81171608 143.20837045 143.77949977 144.02236438 140.13540745   139.86839573 142.04008975 141.84972569 147.62909463 114.88255315   139.86839573 142.04008975 141.84972569 147.62909463 114.88255315    5.56917914e+00  4.78413578e+00 -1.30482595e+01 -3.72931987e+00     5.56917914e+00  4.78413578e+00 -1.30482595e+01 -3.72931987e+00
                 103.39172816]                                                      105.1868459 ]                                                      105.1868459 ]                                                      -4.74797616e+00  4.23847257e+00  4.80519397e-01  7.66278825e+00    -4.74797616e+00  4.23847257e+00  4.80519397e-01  7.66278825e+00
                                                                                                                                                                                                                           1.06697478e+00 -4.83977820e+00  4.94332035e+00  1.16828070e+00     1.06697478e+00 -4.83977820e+00  4.94332035e+00  1.16828070e+00
                                                                                                                                                                                                                           1.92977408e+00 -3.60673025e+00  2.52528543e+01 -1.79511774e+00]    1.92977408e+00 -3.60673025e+00  2.52528543e+01 -1.79511774e+00]
T_SWP_worker    267.10546708106995                                                 251.5897681682174                                                  251.5897681682174                                                  15.515698912852542                                                 15.515698912852542
T_Prop          241.71937608718872                                                 226.20367717433618                                                 226.20367717433618                                                 15.515698912852542                                                 15.515698912852542
T_I             163.71373891830444                                                 163.71373891830444                                                 163.71373891830444                                                 0.0                                                                0.0
T_C             -25.386090993881226                                                -25.386090993881226                                                -25.386090993881226                                                0.0                                                                0.0
T_S_overhead    0.0                                                                0.0                                                                0.0                                                                0.0                                                                0.0

Errors:
Error                          ET        OET
----------------------  ---------  ---------
aboslute error min       0.020333   0.020333
aboslute error max      25.329758  25.329758
aboslute error mean      6.935294   6.935294
aboslute error l2 norm   9.174112  82.567009
relative error min       0.000143   0.000143
relative error max       0.266214   0.266214
relative error mean      0.060187   0.060187
relative error l2 norm   0.086411   0.086411

type                        runtime
------------------------  ---------
t_estimate_runtime         0.000026
t_wp_creation              0.005489
t_estimate_restore_order   0.000035


generate stat plots...
plot: mean + percentiles
plot: simulation absolute error
plot: simulation relative error
plot: standard deviation
plot: sobol indices t (total order)
plot: sobol indices m (first order)
[2.62483477e-01 9.01189240e-02 1.72012929e-02 1.47099150e-01
 1.74425650e-01 8.52888117e-02 1.83796630e-01 2.20915982e-01
 2.33330881e-01 1.05610407e-01 5.82847911e-02 2.38557228e-02
 1.94807066e-01 1.10402526e-01 6.19891359e-02 9.61796202e-02
 6.29628040e-02 5.03461489e-02 1.23618536e-01 5.14383445e-02
 3.67389922e-02 1.71506153e-01 2.66213890e-01 3.72355313e-04
 5.84950599e-02 1.70659907e-02 1.80203239e-01 2.44310260e-02
 1.34217610e-02 8.15790789e-03 3.41361906e-02 3.58720806e-02
 7.78792736e-03 5.20984202e-02 3.53899174e-03 2.99783915e-02
 3.26550164e-02 2.63699872e-02 9.09809724e-02 3.24292144e-02
 3.83647333e-02 1.42752856e-04 2.39098411e-02 7.26651022e-03
 2.15303285e-02 2.24644467e-02 3.02232910e-02 9.14033835e-03
 2.80960312e-03 7.84526277e-03 7.65680185e-02 5.76790264e-02
 7.36364464e-02 4.92199915e-03 4.94380069e-02 4.71006247e-03
 1.91325997e-02 7.08750953e-03 5.34734578e-02 6.99256010e-02
 3.62168664e-02 2.88363854e-02 5.73061413e-02 5.53659634e-02
 1.45102441e-02 2.23992041e-02 1.63968315e-02 1.62427230e-02
 4.92025743e-02 5.53859299e-02 4.45261352e-02 3.46988753e-02
 5.24076734e-02 1.10406307e-02 1.36375848e-02 1.00314648e-01
 5.14272504e-02 2.75453465e-02 6.11724940e-02 3.39842723e-03
 6.62093804e-02]
[2.62483477e-01 9.01189240e-02 1.72012929e-02 1.47099150e-01
 1.74425650e-01 8.52888117e-02 1.83796630e-01 2.20915982e-01
 2.33330881e-01 1.05610407e-01 5.82847911e-02 2.38557228e-02
 1.94807066e-01 1.10402526e-01 6.19891359e-02 9.61796202e-02
 6.29628040e-02 5.03461489e-02 1.23618536e-01 5.14383445e-02
 3.67389922e-02 1.71506153e-01 2.66213890e-01 3.72355313e-04
 5.84950599e-02 1.70659907e-02 1.80203239e-01 2.44310260e-02
 1.34217610e-02 8.15790789e-03 3.41361906e-02 3.58720806e-02
 7.78792736e-03 5.20984202e-02 3.53899174e-03 2.99783915e-02
 3.26550164e-02 2.63699872e-02 9.09809724e-02 3.24292144e-02
 3.83647333e-02 1.42752856e-04 2.39098411e-02 7.26651022e-03
 2.15303285e-02 2.24644467e-02 3.02232910e-02 9.14033835e-03
 2.80960312e-03 7.84526277e-03 7.65680185e-02 5.76790264e-02
 7.36364464e-02 4.92199915e-03 4.94380069e-02 4.71006247e-03
 1.91325997e-02 7.08750953e-03 5.34734578e-02 6.99256010e-02
 3.62168664e-02 2.88363854e-02 5.73061413e-02 5.53659634e-02
 1.45102441e-02 2.23992041e-02 1.63968315e-02 1.62427230e-02
 4.92025743e-02 5.53859299e-02 4.45261352e-02 3.46988753e-02
 5.24076734e-02 1.10406307e-02 1.36375848e-02 1.00314648e-01
 5.14272504e-02 2.75453465e-02 6.11724940e-02 3.39842723e-03
 6.62093804e-02]
save statistics...
UQsim: save to file: /dss/dsshome1/lxc01/di73wal/work/simulation/diss.larsim/Larsim-UQ.git/../larsim_runs/0122_sim/uqsim.saved
rank: 0 exit
---- end sim: Sat Jan 11 14:42:28 CET 2020
