python/3.6_intel (INFO):
    Loading this module may cause the environment generated by other
    modules to become inconsistent; however it should work together
    with the Intel compilers, tools and libraries.
---- start sim: Sat Jan 11 02:03:04 CET 2020
MPI version: Intel(R) MPI Library 2018 Update 4 for Linux* OS

MPI2 version: (3, 1)
MPI3 version: 3
mpi4py version: 3.0.3
rank 0: starttime: 2020.01.11 02:03:12
dir: /dss/dsshome1/lxc01/di73wal/work/simulation/diss.larsim/Larsim-UQ.git/../larsim_runs/0125_sim
dir: /dss/dsshome1/lxc01/di73wal/work/simulation/diss.larsim/Larsim-UQ.git/../larsim_runs/0125_sim
['/dss/dsshome1/lxc01/di73wal/work/simulation/diss.larsim/Larsim-UQ.git/../larsim_runs/0125_sim/uqsim.saved']
parsing args...
rank: 0 is master!
rank: 0 is master!
UQsim: restore from file: True
rank: 0 exit
uqsim.args.disable_statistics: False
calculate statistics [LarsimStatistics]...
Stats: samplesData Frame with All the simulation results : Index_run                   int64
Stationskennung            object
Type                       object
TimeStamp          datetime64[ns]
Value                     float64
dtype: object
 takes: 13.012310981750488
timesteps Info
<class 'numpy.ndarray'>
numbTimesteps is: 1440
Stats: gPCE takes: 0.10793304443359375
Stats for ('MARI', Timestamp('2013-03-01 00:00:00')): E takes: 0.31125664710998535
Stats for ('MARI', Timestamp('2013-03-01 00:00:00')): Var takes: 59.262051820755005
Stats for ('MARI', Timestamp('2013-03-01 00:00:00')): StdDev takes: 59.284581422805786
Stats for ('MARI', Timestamp('2013-03-01 00:00:00')): Sobol_m takes: 60.73485517501831
Stats for ('MARI', Timestamp('2013-03-01 00:00:00')): Sobol_m2 takes: 70.48132705688477
Stats for ('MARI', Timestamp('2013-03-01 00:00:00')): Sobol_t takes: 103.44898176193237
Stats for ('MARI', Timestamp('2013-03-01 00:00:00')): P10 takes: 0.032269954681396484
Stats for ('MARI', Timestamp('2013-03-01 00:00:00')): P90 takes: 0.03143501281738281
Stats: gPCE takes: 0.10792946815490723
Stats for ('MARI', Timestamp('2013-03-01 01:00:00')): E takes: 0.312455415725708
Stats for ('MARI', Timestamp('2013-03-01 01:00:00')): Var takes: 59.44508123397827
Stats for ('MARI', Timestamp('2013-03-01 01:00:00')): StdDev takes: 59.37551236152649
Stats for ('MARI', Timestamp('2013-03-01 01:00:00')): Sobol_m takes: 60.77162170410156
Stats for ('MARI', Timestamp('2013-03-01 01:00:00')): Sobol_m2 takes: 70.7749719619751
Stats for ('MARI', Timestamp('2013-03-01 01:00:00')): Sobol_t takes: 103.5818498134613
Stats for ('MARI', Timestamp('2013-03-01 01:00:00')): P10 takes: 0.031871795654296875
Stats for ('MARI', Timestamp('2013-03-01 01:00:00')): P90 takes: 0.03130078315734863
Stats: gPCE takes: 0.10801839828491211
Stats for ('MARI', Timestamp('2013-03-01 02:00:00')): E takes: 0.3101184368133545
Stats for ('MARI', Timestamp('2013-03-01 02:00:00')): Var takes: 59.51558017730713
Stats for ('MARI', Timestamp('2013-03-01 02:00:00')): StdDev takes: 59.39297819137573
Stats for ('MARI', Timestamp('2013-03-01 02:00:00')): Sobol_m takes: 60.90188026428223
Stats for ('MARI', Timestamp('2013-03-01 02:00:00')): Sobol_m2 takes: 70.89804005622864
Stats for ('MARI', Timestamp('2013-03-01 02:00:00')): Sobol_t takes: 102.16156005859375
Stats for ('MARI', Timestamp('2013-03-01 02:00:00')): P10 takes: 0.03171730041503906
Stats for ('MARI', Timestamp('2013-03-01 02:00:00')): P90 takes: 0.031133413314819336
Stats: gPCE takes: 0.10776376724243164
Stats for ('MARI', Timestamp('2013-03-01 03:00:00')): E takes: 0.35550403594970703
Stats for ('MARI', Timestamp('2013-03-01 03:00:00')): Var takes: 58.260502576828
Stats for ('MARI', Timestamp('2013-03-01 03:00:00')): StdDev takes: 58.38158559799194
Stats for ('MARI', Timestamp('2013-03-01 03:00:00')): Sobol_m takes: 59.74925398826599
Stats for ('MARI', Timestamp('2013-03-01 03:00:00')): Sobol_m2 takes: 69.44566559791565
Stats for ('MARI', Timestamp('2013-03-01 03:00:00')): Sobol_t takes: 101.64556550979614
Stats for ('MARI', Timestamp('2013-03-01 03:00:00')): P10 takes: 0.035825252532958984
Stats for ('MARI', Timestamp('2013-03-01 03:00:00')): P90 takes: 0.03116321563720703
Stats: gPCE takes: 0.11031556129455566
Stats for ('MARI', Timestamp('2013-03-01 04:00:00')): E takes: 0.30851030349731445
Stats for ('MARI', Timestamp('2013-03-01 04:00:00')): Var takes: 58.39816617965698
Stats for ('MARI', Timestamp('2013-03-01 04:00:00')): StdDev takes: 58.34344959259033
Stats for ('MARI', Timestamp('2013-03-01 04:00:00')): Sobol_m takes: 59.72263169288635
Stats for ('MARI', Timestamp('2013-03-01 04:00:00')): Sobol_m2 takes: 69.45803952217102
Stats for ('MARI', Timestamp('2013-03-01 04:00:00')): Sobol_t takes: 101.75330138206482
Stats for ('MARI', Timestamp('2013-03-01 04:00:00')): P10 takes: 0.031337738037109375
Stats for ('MARI', Timestamp('2013-03-01 04:00:00')): P90 takes: 0.03166937828063965
Stats: gPCE takes: 0.1062166690826416
Stats for ('MARI', Timestamp('2013-03-01 05:00:00')): E takes: 0.30692434310913086
Stats for ('MARI', Timestamp('2013-03-01 05:00:00')): Var takes: 57.79243302345276
Stats for ('MARI', Timestamp('2013-03-01 05:00:00')): StdDev takes: 57.961050033569336
Stats for ('MARI', Timestamp('2013-03-01 05:00:00')): Sobol_m takes: 59.7645480632782
Stats for ('MARI', Timestamp('2013-03-01 05:00:00')): Sobol_m2 takes: 69.50943517684937
Stats for ('MARI', Timestamp('2013-03-01 05:00:00')): Sobol_t takes: 101.59953284263611
Stats for ('MARI', Timestamp('2013-03-01 05:00:00')): P10 takes: 0.03187298774719238
Stats for ('MARI', Timestamp('2013-03-01 05:00:00')): P90 takes: 0.03118157386779785
Stats: gPCE takes: 0.10683465003967285
Stats for ('MARI', Timestamp('2013-03-01 06:00:00')): E takes: 0.305617094039917
Stats for ('MARI', Timestamp('2013-03-01 06:00:00')): Var takes: 58.302123069763184
Stats for ('MARI', Timestamp('2013-03-01 06:00:00')): StdDev takes: 58.246713638305664
Stats for ('MARI', Timestamp('2013-03-01 06:00:00')): Sobol_m takes: 59.67127251625061
Stats for ('MARI', Timestamp('2013-03-01 06:00:00')): Sobol_m2 takes: 69.41612410545349
Stats for ('MARI', Timestamp('2013-03-01 06:00:00')): Sobol_t takes: 101.49932050704956
Stats for ('MARI', Timestamp('2013-03-01 06:00:00')): P10 takes: 0.03156709671020508
Stats for ('MARI', Timestamp('2013-03-01 06:00:00')): P90 takes: 0.031145095825195312
Stats: gPCE takes: 0.10624170303344727
Stats for ('MARI', Timestamp('2013-03-01 07:00:00')): E takes: 0.3573009967803955
Stats for ('MARI', Timestamp('2013-03-01 07:00:00')): Var takes: 58.193806648254395
Stats for ('MARI', Timestamp('2013-03-01 07:00:00')): StdDev takes: 58.22069811820984
Stats for ('MARI', Timestamp('2013-03-01 07:00:00')): Sobol_m takes: 59.609896659851074
Stats for ('MARI', Timestamp('2013-03-01 07:00:00')): Sobol_m2 takes: 69.42786931991577
Stats for ('MARI', Timestamp('2013-03-01 07:00:00')): Sobol_t takes: 101.57490944862366
Stats for ('MARI', Timestamp('2013-03-01 07:00:00')): P10 takes: 0.03231549263000488
Stats for ('MARI', Timestamp('2013-03-01 07:00:00')): P90 takes: 0.03127908706665039
Stats: gPCE takes: 0.10576057434082031
Stats for ('MARI', Timestamp('2013-03-01 08:00:00')): E takes: 0.30837082862854004
Stats for ('MARI', Timestamp('2013-03-01 08:00:00')): Var takes: 58.35297632217407
Stats for ('MARI', Timestamp('2013-03-01 08:00:00')): StdDev takes: 58.26095509529114
Stats for ('MARI', Timestamp('2013-03-01 08:00:00')): Sobol_m takes: 59.60505700111389
Stats for ('MARI', Timestamp('2013-03-01 08:00:00')): Sobol_m2 takes: 69.2832977771759
Stats for ('MARI', Timestamp('2013-03-01 08:00:00')): Sobol_t takes: 101.61598086357117
Stats for ('MARI', Timestamp('2013-03-01 08:00:00')): P10 takes: 0.031664371490478516
Stats for ('MARI', Timestamp('2013-03-01 08:00:00')): P90 takes: 0.03144359588623047
Stats: gPCE takes: 0.10411906242370605
Stats for ('MARI', Timestamp('2013-03-01 09:00:00')): E takes: 0.3073439598083496
Stats for ('MARI', Timestamp('2013-03-01 09:00:00')): Var takes: 58.3500611782074
Stats for ('MARI', Timestamp('2013-03-01 09:00:00')): StdDev takes: 58.392027854919434
Stats for ('MARI', Timestamp('2013-03-01 09:00:00')): Sobol_m takes: 59.714812994003296
Stats for ('MARI', Timestamp('2013-03-01 09:00:00')): Sobol_m2 takes: 69.41411328315735
Stats for ('MARI', Timestamp('2013-03-01 09:00:00')): Sobol_t takes: 101.54024624824524
Stats for ('MARI', Timestamp('2013-03-01 09:00:00')): P10 takes: 0.031542062759399414
Stats for ('MARI', Timestamp('2013-03-01 09:00:00')): P90 takes: 0.03113532066345215
Stats: gPCE takes: 0.10450053215026855
Stats for ('MARI', Timestamp('2013-03-01 10:00:00')): E takes: 0.30683231353759766
Stats for ('MARI', Timestamp('2013-03-01 10:00:00')): Var takes: 58.27150821685791
Stats for ('MARI', Timestamp('2013-03-01 10:00:00')): StdDev takes: 58.23203086853027
Stats for ('MARI', Timestamp('2013-03-01 10:00:00')): Sobol_m takes: 59.639591455459595
Stats for ('MARI', Timestamp('2013-03-01 10:00:00')): Sobol_m2 takes: 69.35740685462952
Stats for ('MARI', Timestamp('2013-03-01 10:00:00')): Sobol_t takes: 101.38602185249329
Stats for ('MARI', Timestamp('2013-03-01 10:00:00')): P10 takes: 0.03153061866760254
Stats for ('MARI', Timestamp('2013-03-01 10:00:00')): P90 takes: 0.03110957145690918
Stats: gPCE takes: 0.10428237915039062
Stats for ('MARI', Timestamp('2013-03-01 11:00:00')): E takes: 0.3554527759552002
Stats for ('MARI', Timestamp('2013-03-01 11:00:00')): Var takes: 58.22671127319336
Stats for ('MARI', Timestamp('2013-03-01 11:00:00')): StdDev takes: 58.15436506271362
Stats for ('MARI', Timestamp('2013-03-01 11:00:00')): Sobol_m takes: 59.584662199020386
Stats for ('MARI', Timestamp('2013-03-01 11:00:00')): Sobol_m2 takes: 69.30855011940002
Stats for ('MARI', Timestamp('2013-03-01 11:00:00')): Sobol_t takes: 101.5630898475647
Stats for ('MARI', Timestamp('2013-03-01 11:00:00')): P10 takes: 0.03163599967956543
Stats for ('MARI', Timestamp('2013-03-01 11:00:00')): P90 takes: 0.031176328659057617
Stats: gPCE takes: 0.10480356216430664
Stats for ('MARI', Timestamp('2013-03-01 12:00:00')): E takes: 0.3067896366119385
Stats for ('MARI', Timestamp('2013-03-01 12:00:00')): Var takes: 58.26823568344116
Stats for ('MARI', Timestamp('2013-03-01 12:00:00')): StdDev takes: 58.30750298500061
Stats for ('MARI', Timestamp('2013-03-01 12:00:00')): Sobol_m takes: 59.68361854553223
Stats for ('MARI', Timestamp('2013-03-01 12:00:00')): Sobol_m2 takes: 69.23677492141724
Stats for ('MARI', Timestamp('2013-03-01 12:00:00')): Sobol_t takes: 101.39769911766052
Stats for ('MARI', Timestamp('2013-03-01 12:00:00')): P10 takes: 0.031537771224975586
Stats for ('MARI', Timestamp('2013-03-01 12:00:00')): P90 takes: 0.031170129776000977
Stats: gPCE takes: 0.10416316986083984
Stats for ('MARI', Timestamp('2013-03-01 13:00:00')): E takes: 0.30564022064208984
Stats for ('MARI', Timestamp('2013-03-01 13:00:00')): Var takes: 58.20768618583679
Stats for ('MARI', Timestamp('2013-03-01 13:00:00')): StdDev takes: 58.30990290641785
Stats for ('MARI', Timestamp('2013-03-01 13:00:00')): Sobol_m takes: 59.52409052848816
Stats for ('MARI', Timestamp('2013-03-01 13:00:00')): Sobol_m2 takes: 69.31776690483093
Stats for ('MARI', Timestamp('2013-03-01 13:00:00')): Sobol_t takes: 101.50209403038025
Stats for ('MARI', Timestamp('2013-03-01 13:00:00')): P10 takes: 0.0313868522644043
Stats for ('MARI', Timestamp('2013-03-01 13:00:00')): P90 takes: 0.03102588653564453
Stats: gPCE takes: 0.10421538352966309
Stats for ('MARI', Timestamp('2013-03-01 14:00:00')): E takes: 0.30651402473449707
Stats for ('MARI', Timestamp('2013-03-01 14:00:00')): Var takes: 58.25933599472046
Stats for ('MARI', Timestamp('2013-03-01 14:00:00')): StdDev takes: 58.166476249694824
Stats for ('MARI', Timestamp('2013-03-01 14:00:00')): Sobol_m takes: 59.66524648666382
Stats for ('MARI', Timestamp('2013-03-01 14:00:00')): Sobol_m2 takes: 69.34017372131348
Stats for ('MARI', Timestamp('2013-03-01 14:00:00')): Sobol_t takes: 101.35724425315857
Stats for ('MARI', Timestamp('2013-03-01 14:00:00')): P10 takes: 0.03203320503234863
Stats for ('MARI', Timestamp('2013-03-01 14:00:00')): P90 takes: 0.031171083450317383
Stats: gPCE takes: 0.10462403297424316
Stats for ('MARI', Timestamp('2013-03-01 15:00:00')): E takes: 0.36430835723876953
Stats for ('MARI', Timestamp('2013-03-01 15:00:00')): Var takes: 58.20096826553345
Stats for ('MARI', Timestamp('2013-03-01 15:00:00')): StdDev takes: 58.21210741996765
Stats for ('MARI', Timestamp('2013-03-01 15:00:00')): Sobol_m takes: 59.6834933757782
Stats for ('MARI', Timestamp('2013-03-01 15:00:00')): Sobol_m2 takes: 69.23727989196777
Stats for ('MARI', Timestamp('2013-03-01 15:00:00')): Sobol_t takes: 101.42043280601501
Stats for ('MARI', Timestamp('2013-03-01 15:00:00')): P10 takes: 0.031777143478393555
Stats for ('MARI', Timestamp('2013-03-01 15:00:00')): P90 takes: 0.031178712844848633
Stats: gPCE takes: 0.10454082489013672
Stats for ('MARI', Timestamp('2013-03-01 16:00:00')): E takes: 0.30625295639038086
Stats for ('MARI', Timestamp('2013-03-01 16:00:00')): Var takes: 58.18472480773926
Stats for ('MARI', Timestamp('2013-03-01 16:00:00')): StdDev takes: 58.238672971725464
Stats for ('MARI', Timestamp('2013-03-01 16:00:00')): Sobol_m takes: 59.589805603027344
Stats for ('MARI', Timestamp('2013-03-01 16:00:00')): Sobol_m2 takes: 69.2912483215332
Stats for ('MARI', Timestamp('2013-03-01 16:00:00')): Sobol_t takes: 101.42967796325684
Stats for ('MARI', Timestamp('2013-03-01 16:00:00')): P10 takes: 0.03172755241394043
Stats for ('MARI', Timestamp('2013-03-01 16:00:00')): P90 takes: 0.03142857551574707
Stats: gPCE takes: 0.1047818660736084
Stats for ('MARI', Timestamp('2013-03-01 17:00:00')): E takes: 0.3056800365447998
Stats for ('MARI', Timestamp('2013-03-01 17:00:00')): Var takes: 58.277299642562866
Stats for ('MARI', Timestamp('2013-03-01 17:00:00')): StdDev takes: 58.31458020210266
Stats for ('MARI', Timestamp('2013-03-01 17:00:00')): Sobol_m takes: 59.641536474227905
Stats for ('MARI', Timestamp('2013-03-01 17:00:00')): Sobol_m2 takes: 69.32098579406738
Stats for ('MARI', Timestamp('2013-03-01 17:00:00')): Sobol_t takes: 101.5377550125122
Stats for ('MARI', Timestamp('2013-03-01 17:00:00')): P10 takes: 0.03166651725769043
Stats for ('MARI', Timestamp('2013-03-01 17:00:00')): P90 takes: 0.031114578247070312
Stats: gPCE takes: 0.10458564758300781
Stats for ('MARI', Timestamp('2013-03-01 18:00:00')): E takes: 0.3060789108276367
Stats for ('MARI', Timestamp('2013-03-01 18:00:00')): Var takes: 58.26659440994263
Stats for ('MARI', Timestamp('2013-03-01 18:00:00')): StdDev takes: 58.19384407997131
Stats for ('MARI', Timestamp('2013-03-01 18:00:00')): Sobol_m takes: 59.62902617454529
Stats for ('MARI', Timestamp('2013-03-01 18:00:00')): Sobol_m2 takes: 69.28423738479614
Stats for ('MARI', Timestamp('2013-03-01 18:00:00')): Sobol_t takes: 101.38732981681824
Stats for ('MARI', Timestamp('2013-03-01 18:00:00')): P10 takes: 0.03153038024902344
Stats for ('MARI', Timestamp('2013-03-01 18:00:00')): P90 takes: 0.03125429153442383
Stats: gPCE takes: 0.10478663444519043
Stats for ('MARI', Timestamp('2013-03-01 19:00:00')): E takes: 0.30688905715942383
Stats for ('MARI', Timestamp('2013-03-01 19:00:00')): Var takes: 58.285704612731934
Stats for ('MARI', Timestamp('2013-03-01 19:00:00')): StdDev takes: 58.25615191459656
Stats for ('MARI', Timestamp('2013-03-01 19:00:00')): Sobol_m takes: 59.70226979255676
Stats for ('MARI', Timestamp('2013-03-01 19:00:00')): Sobol_m2 takes: 69.3855893611908
Stats for ('MARI', Timestamp('2013-03-01 19:00:00')): Sobol_t takes: 101.5542688369751
Stats for ('MARI', Timestamp('2013-03-01 19:00:00')): P10 takes: 0.03149151802062988
Stats for ('MARI', Timestamp('2013-03-01 19:00:00')): P90 takes: 0.03159761428833008
Stats: gPCE takes: 0.10447549819946289
Stats for ('MARI', Timestamp('2013-03-01 20:00:00')): E takes: 0.3072519302368164
Stats for ('MARI', Timestamp('2013-03-01 20:00:00')): Var takes: 58.172977685928345
Stats for ('MARI', Timestamp('2013-03-01 20:00:00')): StdDev takes: 58.30169081687927
Stats for ('MARI', Timestamp('2013-03-01 20:00:00')): Sobol_m takes: 59.704914808273315
Stats for ('MARI', Timestamp('2013-03-01 20:00:00')): Sobol_m2 takes: 69.41051244735718
Stats for ('MARI', Timestamp('2013-03-01 20:00:00')): Sobol_t takes: 101.61307334899902
Stats for ('MARI', Timestamp('2013-03-01 20:00:00')): P10 takes: 0.03163623809814453
Stats for ('MARI', Timestamp('2013-03-01 20:00:00')): P90 takes: 0.0313720703125
Stats: gPCE takes: 0.10458922386169434
Stats for ('MARI', Timestamp('2013-03-01 21:00:00')): E takes: 0.30777621269226074
Stats for ('MARI', Timestamp('2013-03-01 21:00:00')): Var takes: 58.364657402038574
Stats for ('MARI', Timestamp('2013-03-01 21:00:00')): StdDev takes: 58.29301428794861
Stats for ('MARI', Timestamp('2013-03-01 21:00:00')): Sobol_m takes: 59.686951875686646
Stats for ('MARI', Timestamp('2013-03-01 21:00:00')): Sobol_m2 takes: 69.4453535079956
Stats for ('MARI', Timestamp('2013-03-01 21:00:00')): Sobol_t takes: 101.55161547660828
Stats for ('MARI', Timestamp('2013-03-01 21:00:00')): P10 takes: 0.031703948974609375
Stats for ('MARI', Timestamp('2013-03-01 21:00:00')): P90 takes: 0.03140854835510254
Stats: gPCE takes: 0.1042637825012207
Stats for ('MARI', Timestamp('2013-03-01 22:00:00')): E takes: 0.3052220344543457
Stats for ('MARI', Timestamp('2013-03-01 22:00:00')): Var takes: 58.33406853675842
Stats for ('MARI', Timestamp('2013-03-01 22:00:00')): StdDev takes: 58.225465059280396
Stats for ('MARI', Timestamp('2013-03-01 22:00:00')): Sobol_m takes: 59.56243014335632
Stats for ('MARI', Timestamp('2013-03-01 22:00:00')): Sobol_m2 takes: 69.33361840248108
Stats for ('MARI', Timestamp('2013-03-01 22:00:00')): Sobol_t takes: 101.42919421195984
Stats for ('MARI', Timestamp('2013-03-01 22:00:00')): P10 takes: 0.03167366981506348
Stats for ('MARI', Timestamp('2013-03-01 22:00:00')): P90 takes: 0.03144383430480957
Stats: gPCE takes: 0.10436415672302246
Stats for ('MARI', Timestamp('2013-03-01 23:00:00')): E takes: 0.30555295944213867
Stats for ('MARI', Timestamp('2013-03-01 23:00:00')): Var takes: 58.325145959854126
Stats for ('MARI', Timestamp('2013-03-01 23:00:00')): StdDev takes: 58.22416305541992
Stats for ('MARI', Timestamp('2013-03-01 23:00:00')): Sobol_m takes: 59.67117738723755
Stats for ('MARI', Timestamp('2013-03-01 23:00:00')): Sobol_m2 takes: 69.35760045051575
Stats for ('MARI', Timestamp('2013-03-01 23:00:00')): Sobol_t takes: 101.39282894134521
Stats for ('MARI', Timestamp('2013-03-01 23:00:00')): P10 takes: 0.03164935111999512
Stats for ('MARI', Timestamp('2013-03-01 23:00:00')): P90 takes: 0.0315554141998291
Stats: gPCE takes: 0.10435843467712402
Stats for ('MARI', Timestamp('2013-03-02 00:00:00')): E takes: 0.3063325881958008
Stats for ('MARI', Timestamp('2013-03-02 00:00:00')): Var takes: 58.29376554489136
Stats for ('MARI', Timestamp('2013-03-02 00:00:00')): StdDev takes: 58.30792713165283
Stats for ('MARI', Timestamp('2013-03-02 00:00:00')): Sobol_m takes: 59.73520350456238
Stats for ('MARI', Timestamp('2013-03-02 00:00:00')): Sobol_m2 takes: 69.40997505187988
Stats for ('MARI', Timestamp('2013-03-02 00:00:00')): Sobol_t takes: 101.65731167793274
Stats for ('MARI', Timestamp('2013-03-02 00:00:00')): P10 takes: 0.03162646293640137
Stats for ('MARI', Timestamp('2013-03-02 00:00:00')): P90 takes: 0.03117680549621582
Stats: gPCE takes: 0.10431027412414551
Stats for ('MARI', Timestamp('2013-03-02 01:00:00')): E takes: 0.30750083923339844
Stats for ('MARI', Timestamp('2013-03-02 01:00:00')): Var takes: 58.30310416221619
Stats for ('MARI', Timestamp('2013-03-02 01:00:00')): StdDev takes: 58.377336502075195
Stats for ('MARI', Timestamp('2013-03-02 01:00:00')): Sobol_m takes: 59.71737289428711
Stats for ('MARI', Timestamp('2013-03-02 01:00:00')): Sobol_m2 takes: 69.27281785011292
Stats for ('MARI', Timestamp('2013-03-02 01:00:00')): Sobol_t takes: 101.54082727432251
Stats for ('MARI', Timestamp('2013-03-02 01:00:00')): P10 takes: 0.031520843505859375
Stats for ('MARI', Timestamp('2013-03-02 01:00:00')): P90 takes: 0.03112006187438965
Stats: gPCE takes: 0.10440778732299805
Stats for ('MARI', Timestamp('2013-03-02 02:00:00')): E takes: 0.3063771724700928
Stats for ('MARI', Timestamp('2013-03-02 02:00:00')): Var takes: 58.323026180267334
Stats for ('MARI', Timestamp('2013-03-02 02:00:00')): StdDev takes: 58.348411321640015
Stats for ('MARI', Timestamp('2013-03-02 02:00:00')): Sobol_m takes: 59.75062346458435
Stats for ('MARI', Timestamp('2013-03-02 02:00:00')): Sobol_m2 takes: 69.484543800354
Stats for ('MARI', Timestamp('2013-03-02 02:00:00')): Sobol_t takes: 101.54042673110962
Stats for ('MARI', Timestamp('2013-03-02 02:00:00')): P10 takes: 0.03165245056152344
Stats for ('MARI', Timestamp('2013-03-02 02:00:00')): P90 takes: 0.03112053871154785
Stats: gPCE takes: 0.1050724983215332
Stats for ('MARI', Timestamp('2013-03-02 03:00:00')): E takes: 0.30384159088134766
Stats for ('MARI', Timestamp('2013-03-02 03:00:00')): Var takes: 58.16943049430847
Stats for ('MARI', Timestamp('2013-03-02 03:00:00')): StdDev takes: 58.24536609649658
Stats for ('MARI', Timestamp('2013-03-02 03:00:00')): Sobol_m takes: 59.70638728141785
Stats for ('MARI', Timestamp('2013-03-02 03:00:00')): Sobol_m2 takes: 69.36780858039856
Stats for ('MARI', Timestamp('2013-03-02 03:00:00')): Sobol_t takes: 101.60921835899353
Stats for ('MARI', Timestamp('2013-03-02 03:00:00')): P10 takes: 0.031871795654296875
Stats for ('MARI', Timestamp('2013-03-02 03:00:00')): P90 takes: 0.0311434268951416
Stats: gPCE takes: 0.10439872741699219
Stats for ('MARI', Timestamp('2013-03-02 04:00:00')): E takes: 0.30862927436828613
Stats for ('MARI', Timestamp('2013-03-02 04:00:00')): Var takes: 58.264394760131836
Stats for ('MARI', Timestamp('2013-03-02 04:00:00')): StdDev takes: 58.33626580238342
Stats for ('MARI', Timestamp('2013-03-02 04:00:00')): Sobol_m takes: 59.70288443565369
Stats for ('MARI', Timestamp('2013-03-02 04:00:00')): Sobol_m2 takes: 69.4079761505127
Stats for ('MARI', Timestamp('2013-03-02 04:00:00')): Sobol_t takes: 101.61332058906555
Stats for ('MARI', Timestamp('2013-03-02 04:00:00')): P10 takes: 0.031565189361572266
Stats for ('MARI', Timestamp('2013-03-02 04:00:00')): P90 takes: 0.03116893768310547
Stats: gPCE takes: 0.10413980484008789
Stats for ('MARI', Timestamp('2013-03-02 05:00:00')): E takes: 0.3071622848510742
Stats for ('MARI', Timestamp('2013-03-02 05:00:00')): Var takes: 58.26292181015015
Stats for ('MARI', Timestamp('2013-03-02 05:00:00')): StdDev takes: 58.23971366882324
Stats for ('MARI', Timestamp('2013-03-02 05:00:00')): Sobol_m takes: 59.60395050048828
Stats for ('MARI', Timestamp('2013-03-02 05:00:00')): Sobol_m2 takes: 69.2838397026062
Stats for ('MARI', Timestamp('2013-03-02 05:00:00')): Sobol_t takes: 101.49362564086914
Stats for ('MARI', Timestamp('2013-03-02 05:00:00')): P10 takes: 0.03177642822265625
Stats for ('MARI', Timestamp('2013-03-02 05:00:00')): P90 takes: 0.0327301025390625
Stats: gPCE takes: 0.10482549667358398
Stats for ('MARI', Timestamp('2013-03-02 06:00:00')): E takes: 0.30768918991088867
Stats for ('MARI', Timestamp('2013-03-02 06:00:00')): Var takes: 58.30015158653259
Stats for ('MARI', Timestamp('2013-03-02 06:00:00')): StdDev takes: 58.32240152359009
Stats for ('MARI', Timestamp('2013-03-02 06:00:00')): Sobol_m takes: 59.729841470718384
Stats for ('MARI', Timestamp('2013-03-02 06:00:00')): Sobol_m2 takes: 69.40171670913696
Stats for ('MARI', Timestamp('2013-03-02 06:00:00')): Sobol_t takes: 101.63140392303467
Stats for ('MARI', Timestamp('2013-03-02 06:00:00')): P10 takes: 0.03158903121948242
Stats for ('MARI', Timestamp('2013-03-02 06:00:00')): P90 takes: 0.03125739097595215
Stats: gPCE takes: 0.1042327880859375
Stats for ('MARI', Timestamp('2013-03-02 07:00:00')): E takes: 0.3121962547302246
Stats for ('MARI', Timestamp('2013-03-02 07:00:00')): Var takes: 58.33676218986511
Stats for ('MARI', Timestamp('2013-03-02 07:00:00')): StdDev takes: 58.28878378868103
Stats for ('MARI', Timestamp('2013-03-02 07:00:00')): Sobol_m takes: 59.74838137626648
Stats for ('MARI', Timestamp('2013-03-02 07:00:00')): Sobol_m2 takes: 69.50646829605103
Stats for ('MARI', Timestamp('2013-03-02 07:00:00')): Sobol_t takes: 101.58327436447144
Stats for ('MARI', Timestamp('2013-03-02 07:00:00')): P10 takes: 0.031694650650024414
Stats for ('MARI', Timestamp('2013-03-02 07:00:00')): P90 takes: 0.031267404556274414
Stats: gPCE takes: 0.10442447662353516
Stats for ('MARI', Timestamp('2013-03-02 08:00:00')): E takes: 0.36701178550720215
Stats for ('MARI', Timestamp('2013-03-02 08:00:00')): Var takes: 58.19896745681763
Stats for ('MARI', Timestamp('2013-03-02 08:00:00')): StdDev takes: 58.26605987548828
Stats for ('MARI', Timestamp('2013-03-02 08:00:00')): Sobol_m takes: 59.68219351768494
Stats for ('MARI', Timestamp('2013-03-02 08:00:00')): Sobol_m2 takes: 69.43015193939209
Stats for ('MARI', Timestamp('2013-03-02 08:00:00')): Sobol_t takes: 101.50340366363525
Stats for ('MARI', Timestamp('2013-03-02 08:00:00')): P10 takes: 0.03187394142150879
Stats for ('MARI', Timestamp('2013-03-02 08:00:00')): P90 takes: 0.0311737060546875
Stats: gPCE takes: 0.1046755313873291
Stats for ('MARI', Timestamp('2013-03-02 09:00:00')): E takes: 0.30765819549560547
Stats for ('MARI', Timestamp('2013-03-02 09:00:00')): Var takes: 58.25428771972656
Stats for ('MARI', Timestamp('2013-03-02 09:00:00')): StdDev takes: 58.303046464920044
Stats for ('MARI', Timestamp('2013-03-02 09:00:00')): Sobol_m takes: 59.746623039245605
Stats for ('MARI', Timestamp('2013-03-02 09:00:00')): Sobol_m2 takes: 69.36333274841309
Stats for ('MARI', Timestamp('2013-03-02 09:00:00')): Sobol_t takes: 101.66388654708862
Stats for ('MARI', Timestamp('2013-03-02 09:00:00')): P10 takes: 0.03203558921813965
Stats for ('MARI', Timestamp('2013-03-02 09:00:00')): P90 takes: 0.03131461143493652
Stats: gPCE takes: 0.10534787178039551
Stats for ('MARI', Timestamp('2013-03-02 10:00:00')): E takes: 0.30571746826171875
Stats for ('MARI', Timestamp('2013-03-02 10:00:00')): Var takes: 58.2968966960907
Stats for ('MARI', Timestamp('2013-03-02 10:00:00')): StdDev takes: 58.19693636894226
Stats for ('MARI', Timestamp('2013-03-02 10:00:00')): Sobol_m takes: 59.62557768821716
Stats for ('MARI', Timestamp('2013-03-02 10:00:00')): Sobol_m2 takes: 69.31029939651489
Stats for ('MARI', Timestamp('2013-03-02 10:00:00')): Sobol_t takes: 101.53267168998718
Stats for ('MARI', Timestamp('2013-03-02 10:00:00')): P10 takes: 0.0315859317779541
Stats for ('MARI', Timestamp('2013-03-02 10:00:00')): P90 takes: 0.031154394149780273
Stats: gPCE takes: 0.10430240631103516
Stats for ('MARI', Timestamp('2013-03-02 11:00:00')): E takes: 0.30553197860717773
Stats for ('MARI', Timestamp('2013-03-02 11:00:00')): Var takes: 58.31001925468445
Stats for ('MARI', Timestamp('2013-03-02 11:00:00')): StdDev takes: 58.33339738845825
Stats for ('MARI', Timestamp('2013-03-02 11:00:00')): Sobol_m takes: 59.66520977020264
Stats for ('MARI', Timestamp('2013-03-02 11:00:00')): Sobol_m2 takes: 69.33619046211243
Stats for ('MARI', Timestamp('2013-03-02 11:00:00')): Sobol_t takes: 101.53672766685486
Stats for ('MARI', Timestamp('2013-03-02 11:00:00')): P10 takes: 0.03161907196044922
Stats for ('MARI', Timestamp('2013-03-02 11:00:00')): P90 takes: 0.031407833099365234
Stats: gPCE takes: 0.10424661636352539
Stats for ('MARI', Timestamp('2013-03-02 12:00:00')): E takes: 0.30382776260375977
Stats for ('MARI', Timestamp('2013-03-02 12:00:00')): Var takes: 58.28064227104187
Stats for ('MARI', Timestamp('2013-03-02 12:00:00')): StdDev takes: 58.3301637172699
Stats for ('MARI', Timestamp('2013-03-02 12:00:00')): Sobol_m takes: 59.70178174972534
Stats for ('MARI', Timestamp('2013-03-02 12:00:00')): Sobol_m2 takes: 69.32951402664185
Stats for ('MARI', Timestamp('2013-03-02 12:00:00')): Sobol_t takes: 101.56620740890503
Stats for ('MARI', Timestamp('2013-03-02 12:00:00')): P10 takes: 0.031533241271972656
Stats for ('MARI', Timestamp('2013-03-02 12:00:00')): P90 takes: 0.03146529197692871
Stats: gPCE takes: 0.10401535034179688
Stats for ('MARI', Timestamp('2013-03-02 13:00:00')): E takes: 0.3064579963684082
Stats for ('MARI', Timestamp('2013-03-02 13:00:00')): Var takes: 58.27738857269287
Stats for ('MARI', Timestamp('2013-03-02 13:00:00')): StdDev takes: 58.32886481285095
Stats for ('MARI', Timestamp('2013-03-02 13:00:00')): Sobol_m takes: 59.79454731941223
Stats for ('MARI', Timestamp('2013-03-02 13:00:00')): Sobol_m2 takes: 69.32424521446228
Stats for ('MARI', Timestamp('2013-03-02 13:00:00')): Sobol_t takes: 101.75242161750793
Stats for ('MARI', Timestamp('2013-03-02 13:00:00')): P10 takes: 0.031700849533081055
Stats for ('MARI', Timestamp('2013-03-02 13:00:00')): P90 takes: 0.0313410758972168
Stats: gPCE takes: 0.10481953620910645
Stats for ('MARI', Timestamp('2013-03-02 14:00:00')): E takes: 0.3075594902038574
Stats for ('MARI', Timestamp('2013-03-02 14:00:00')): Var takes: 58.36057734489441
Stats for ('MARI', Timestamp('2013-03-02 14:00:00')): StdDev takes: 58.36375021934509
Stats for ('MARI', Timestamp('2013-03-02 14:00:00')): Sobol_m takes: 59.58777713775635
Stats for ('MARI', Timestamp('2013-03-02 14:00:00')): Sobol_m2 takes: 69.35294079780579
Stats for ('MARI', Timestamp('2013-03-02 14:00:00')): Sobol_t takes: 101.6025938987732
Stats for ('MARI', Timestamp('2013-03-02 14:00:00')): P10 takes: 0.03133964538574219
Stats for ('MARI', Timestamp('2013-03-02 14:00:00')): P90 takes: 0.0312955379486084
Stats: gPCE takes: 0.10478043556213379
Stats for ('MARI', Timestamp('2013-03-02 15:00:00')): E takes: 0.30597424507141113
Stats for ('MARI', Timestamp('2013-03-02 15:00:00')): Var takes: 58.37555551528931
Stats for ('MARI', Timestamp('2013-03-02 15:00:00')): StdDev takes: 58.28873133659363
Stats for ('MARI', Timestamp('2013-03-02 15:00:00')): Sobol_m takes: 59.699204444885254
Stats for ('MARI', Timestamp('2013-03-02 15:00:00')): Sobol_m2 takes: 69.48314642906189
Stats for ('MARI', Timestamp('2013-03-02 15:00:00')): Sobol_t takes: 101.6551661491394
Stats for ('MARI', Timestamp('2013-03-02 15:00:00')): P10 takes: 0.031540632247924805
Stats for ('MARI', Timestamp('2013-03-02 15:00:00')): P90 takes: 0.03142094612121582
Stats: gPCE takes: 0.10431504249572754
Stats for ('MARI', Timestamp('2013-03-02 16:00:00')): E takes: 0.30417847633361816
Stats for ('MARI', Timestamp('2013-03-02 16:00:00')): Var takes: 58.27210760116577
Stats for ('MARI', Timestamp('2013-03-02 16:00:00')): StdDev takes: 58.33644485473633
Stats for ('MARI', Timestamp('2013-03-02 16:00:00')): Sobol_m takes: 59.77707099914551
Stats for ('MARI', Timestamp('2013-03-02 16:00:00')): Sobol_m2 takes: 69.26331996917725
Stats for ('MARI', Timestamp('2013-03-02 16:00:00')): Sobol_t takes: 101.47186207771301
Stats for ('MARI', Timestamp('2013-03-02 16:00:00')): P10 takes: 0.03148818016052246
Stats for ('MARI', Timestamp('2013-03-02 16:00:00')): P90 takes: 0.031096935272216797
Stats: gPCE takes: 0.10434961318969727
Stats for ('MARI', Timestamp('2013-03-02 17:00:00')): E takes: 0.30663037300109863
Stats for ('MARI', Timestamp('2013-03-02 17:00:00')): Var takes: 58.2073769569397
Stats for ('MARI', Timestamp('2013-03-02 17:00:00')): StdDev takes: 58.175577878952026
Stats for ('MARI', Timestamp('2013-03-02 17:00:00')): Sobol_m takes: 59.672616720199585
Stats for ('MARI', Timestamp('2013-03-02 17:00:00')): Sobol_m2 takes: 69.42101573944092
Stats for ('MARI', Timestamp('2013-03-02 17:00:00')): Sobol_t takes: 101.62798428535461
Stats for ('MARI', Timestamp('2013-03-02 17:00:00')): P10 takes: 0.031673431396484375
Stats for ('MARI', Timestamp('2013-03-02 17:00:00')): P90 takes: 0.031466007232666016
Stats: gPCE takes: 0.10429191589355469
Stats for ('MARI', Timestamp('2013-03-02 18:00:00')): E takes: 0.305983304977417
Stats for ('MARI', Timestamp('2013-03-02 18:00:00')): Var takes: 58.308799743652344
Stats for ('MARI', Timestamp('2013-03-02 18:00:00')): StdDev takes: 58.34298777580261
Stats for ('MARI', Timestamp('2013-03-02 18:00:00')): Sobol_m takes: 59.73323202133179
Stats for ('MARI', Timestamp('2013-03-02 18:00:00')): Sobol_m2 takes: 69.39519691467285
Stats for ('MARI', Timestamp('2013-03-02 18:00:00')): Sobol_t takes: 101.58330702781677
Stats for ('MARI', Timestamp('2013-03-02 18:00:00')): P10 takes: 0.03151297569274902
Stats for ('MARI', Timestamp('2013-03-02 18:00:00')): P90 takes: 0.031430959701538086
Stats: gPCE takes: 0.10464096069335938
Stats for ('MARI', Timestamp('2013-03-02 19:00:00')): E takes: 0.3170790672302246
Stats for ('MARI', Timestamp('2013-03-02 19:00:00')): Var takes: 58.356258153915405
Stats for ('MARI', Timestamp('2013-03-02 19:00:00')): StdDev takes: 58.27223825454712
Stats for ('MARI', Timestamp('2013-03-02 19:00:00')): Sobol_m takes: 59.682202100753784
Stats for ('MARI', Timestamp('2013-03-02 19:00:00')): Sobol_m2 takes: 69.2532753944397
Stats for ('MARI', Timestamp('2013-03-02 19:00:00')): Sobol_t takes: 101.5019166469574
Stats for ('MARI', Timestamp('2013-03-02 19:00:00')): P10 takes: 0.03179049491882324
Stats for ('MARI', Timestamp('2013-03-02 19:00:00')): P90 takes: 0.031407833099365234
Stats: gPCE takes: 0.10392403602600098
Stats for ('MARI', Timestamp('2013-03-02 20:00:00')): E takes: 0.3064002990722656
Stats for ('MARI', Timestamp('2013-03-02 20:00:00')): Var takes: 58.248422384262085
Stats for ('MARI', Timestamp('2013-03-02 20:00:00')): StdDev takes: 58.31495404243469
Stats for ('MARI', Timestamp('2013-03-02 20:00:00')): Sobol_m takes: 59.72655773162842
Stats for ('MARI', Timestamp('2013-03-02 20:00:00')): Sobol_m2 takes: 69.37924766540527
Stats for ('MARI', Timestamp('2013-03-02 20:00:00')): Sobol_t takes: 101.65456914901733
Stats for ('MARI', Timestamp('2013-03-02 20:00:00')): P10 takes: 0.03182840347290039
Stats for ('MARI', Timestamp('2013-03-02 20:00:00')): P90 takes: 0.031426429748535156
Stats: gPCE takes: 0.1043696403503418
Stats for ('MARI', Timestamp('2013-03-02 21:00:00')): E takes: 0.30698227882385254
Stats for ('MARI', Timestamp('2013-03-02 21:00:00')): Var takes: 58.264371156692505
Stats for ('MARI', Timestamp('2013-03-02 21:00:00')): StdDev takes: 58.329352378845215
Stats for ('MARI', Timestamp('2013-03-02 21:00:00')): Sobol_m takes: 59.751445293426514
Stats for ('MARI', Timestamp('2013-03-02 21:00:00')): Sobol_m2 takes: 69.41868162155151
Stats for ('MARI', Timestamp('2013-03-02 21:00:00')): Sobol_t takes: 101.51152539253235
Stats for ('MARI', Timestamp('2013-03-02 21:00:00')): P10 takes: 0.03187060356140137
Stats for ('MARI', Timestamp('2013-03-02 21:00:00')): P90 takes: 0.03124856948852539
Stats: gPCE takes: 0.10423445701599121
Stats for ('MARI', Timestamp('2013-03-02 22:00:00')): E takes: 0.30977463722229004
Stats for ('MARI', Timestamp('2013-03-02 22:00:00')): Var takes: 58.263625144958496
Stats for ('MARI', Timestamp('2013-03-02 22:00:00')): StdDev takes: 58.260018825531006
Stats for ('MARI', Timestamp('2013-03-02 22:00:00')): Sobol_m takes: 59.620537996292114
Stats for ('MARI', Timestamp('2013-03-02 22:00:00')): Sobol_m2 takes: 69.30894994735718
Stats for ('MARI', Timestamp('2013-03-02 22:00:00')): Sobol_t takes: 101.46253943443298
Stats for ('MARI', Timestamp('2013-03-02 22:00:00')): P10 takes: 0.03156256675720215
Stats for ('MARI', Timestamp('2013-03-02 22:00:00')): P90 takes: 0.03125953674316406
Stats: gPCE takes: 0.1046743392944336
Stats for ('MARI', Timestamp('2013-03-02 23:00:00')): E takes: 0.3048102855682373
Stats for ('MARI', Timestamp('2013-03-02 23:00:00')): Var takes: 58.235135316848755
Stats for ('MARI', Timestamp('2013-03-02 23:00:00')): StdDev takes: 58.19448781013489
Stats for ('MARI', Timestamp('2013-03-02 23:00:00')): Sobol_m takes: 59.723085165023804
Stats for ('MARI', Timestamp('2013-03-02 23:00:00')): Sobol_m2 takes: 69.37558174133301
Stats for ('MARI', Timestamp('2013-03-02 23:00:00')): Sobol_t takes: 101.56569910049438
Stats for ('MARI', Timestamp('2013-03-02 23:00:00')): P10 takes: 0.03165006637573242
Stats for ('MARI', Timestamp('2013-03-02 23:00:00')): P90 takes: 0.03137993812561035
Stats: gPCE takes: 0.10389447212219238
Stats for ('MARI', Timestamp('2013-03-03 00:00:00')): E takes: 0.3046557903289795
Stats for ('MARI', Timestamp('2013-03-03 00:00:00')): Var takes: 58.243860483169556
Stats for ('MARI', Timestamp('2013-03-03 00:00:00')): StdDev takes: 58.381751537323
Stats for ('MARI', Timestamp('2013-03-03 00:00:00')): Sobol_m takes: 59.828449010849
Stats for ('MARI', Timestamp('2013-03-03 00:00:00')): Sobol_m2 takes: 69.29047513008118
Stats for ('MARI', Timestamp('2013-03-03 00:00:00')): Sobol_t takes: 101.58672666549683
Stats for ('MARI', Timestamp('2013-03-03 00:00:00')): P10 takes: 0.03208756446838379
Stats for ('MARI', Timestamp('2013-03-03 00:00:00')): P90 takes: 0.031354427337646484
Stats: gPCE takes: 0.10459494590759277
Stats for ('MARI', Timestamp('2013-03-03 01:00:00')): E takes: 0.30747413635253906
Stats for ('MARI', Timestamp('2013-03-03 01:00:00')): Var takes: 58.377827644348145
Stats for ('MARI', Timestamp('2013-03-03 01:00:00')): StdDev takes: 58.3267776966095
Stats for ('MARI', Timestamp('2013-03-03 01:00:00')): Sobol_m takes: 59.72837781906128
Stats for ('MARI', Timestamp('2013-03-03 01:00:00')): Sobol_m2 takes: 69.34378933906555
Stats for ('MARI', Timestamp('2013-03-03 01:00:00')): Sobol_t takes: 101.62941074371338
Stats for ('MARI', Timestamp('2013-03-03 01:00:00')): P10 takes: 0.031653404235839844
Stats for ('MARI', Timestamp('2013-03-03 01:00:00')): P90 takes: 0.03157758712768555
Stats: gPCE takes: 0.10490250587463379
Stats for ('MARI', Timestamp('2013-03-03 02:00:00')): E takes: 0.30709314346313477
Stats for ('MARI', Timestamp('2013-03-03 02:00:00')): Var takes: 58.25764036178589
Stats for ('MARI', Timestamp('2013-03-03 02:00:00')): StdDev takes: 58.36127734184265
Stats for ('MARI', Timestamp('2013-03-03 02:00:00')): Sobol_m takes: 59.60770845413208
Stats for ('MARI', Timestamp('2013-03-03 02:00:00')): Sobol_m2 takes: 69.37273621559143
Stats for ('MARI', Timestamp('2013-03-03 02:00:00')): Sobol_t takes: 101.6279730796814
Stats for ('MARI', Timestamp('2013-03-03 02:00:00')): P10 takes: 0.031577110290527344
Stats for ('MARI', Timestamp('2013-03-03 02:00:00')): P90 takes: 0.031162023544311523
Stats: gPCE takes: 0.10458898544311523
Stats for ('MARI', Timestamp('2013-03-03 03:00:00')): E takes: 0.306077241897583
Stats for ('MARI', Timestamp('2013-03-03 03:00:00')): Var takes: 58.31964182853699
Stats for ('MARI', Timestamp('2013-03-03 03:00:00')): StdDev takes: 58.243558406829834
Stats for ('MARI', Timestamp('2013-03-03 03:00:00')): Sobol_m takes: 59.683788776397705
Stats for ('MARI', Timestamp('2013-03-03 03:00:00')): Sobol_m2 takes: 69.42542243003845
Stats for ('MARI', Timestamp('2013-03-03 03:00:00')): Sobol_t takes: 101.55016541481018
Stats for ('MARI', Timestamp('2013-03-03 03:00:00')): P10 takes: 0.031577348709106445
Stats for ('MARI', Timestamp('2013-03-03 03:00:00')): P90 takes: 0.03143167495727539
Stats: gPCE takes: 0.1041252613067627
Stats for ('MARI', Timestamp('2013-03-03 04:00:00')): E takes: 0.3057560920715332
Stats for ('MARI', Timestamp('2013-03-03 04:00:00')): Var takes: 58.334757566452026
Stats for ('MARI', Timestamp('2013-03-03 04:00:00')): StdDev takes: 58.21479153633118
Stats for ('MARI', Timestamp('2013-03-03 04:00:00')): Sobol_m takes: 59.60262942314148
Stats for ('MARI', Timestamp('2013-03-03 04:00:00')): Sobol_m2 takes: 69.38424587249756
Stats for ('MARI', Timestamp('2013-03-03 04:00:00')): Sobol_t takes: 101.52796745300293
Stats for ('MARI', Timestamp('2013-03-03 04:00:00')): P10 takes: 0.03160905838012695
Stats for ('MARI', Timestamp('2013-03-03 04:00:00')): P90 takes: 0.031672000885009766
Stats: gPCE takes: 0.10468840599060059
Stats for ('MARI', Timestamp('2013-03-03 05:00:00')): E takes: 0.30705809593200684
Stats for ('MARI', Timestamp('2013-03-03 05:00:00')): Var takes: 58.2951135635376
Stats for ('MARI', Timestamp('2013-03-03 05:00:00')): StdDev takes: 58.29538631439209
Stats for ('MARI', Timestamp('2013-03-03 05:00:00')): Sobol_m takes: 59.69962239265442
Stats for ('MARI', Timestamp('2013-03-03 05:00:00')): Sobol_m2 takes: 69.39452075958252
Stats for ('MARI', Timestamp('2013-03-03 05:00:00')): Sobol_t takes: 101.59800958633423
Stats for ('MARI', Timestamp('2013-03-03 05:00:00')): P10 takes: 0.03190922737121582
Stats for ('MARI', Timestamp('2013-03-03 05:00:00')): P90 takes: 0.03137493133544922
Stats: gPCE takes: 0.10450267791748047
Stats for ('MARI', Timestamp('2013-03-03 06:00:00')): E takes: 0.3074519634246826
Stats for ('MARI', Timestamp('2013-03-03 06:00:00')): Var takes: 58.395742416381836
Stats for ('MARI', Timestamp('2013-03-03 06:00:00')): StdDev takes: 58.41528344154358
Stats for ('MARI', Timestamp('2013-03-03 06:00:00')): Sobol_m takes: 59.67746090888977
Stats for ('MARI', Timestamp('2013-03-03 06:00:00')): Sobol_m2 takes: 69.4961199760437
Stats for ('MARI', Timestamp('2013-03-03 06:00:00')): Sobol_t takes: 101.55949449539185
Stats for ('MARI', Timestamp('2013-03-03 06:00:00')): P10 takes: 0.031642913818359375
Stats for ('MARI', Timestamp('2013-03-03 06:00:00')): P90 takes: 0.031221389770507812
Stats: gPCE takes: 0.10447025299072266
Stats for ('MARI', Timestamp('2013-03-03 07:00:00')): E takes: 0.3044912815093994
Stats for ('MARI', Timestamp('2013-03-03 07:00:00')): Var takes: 58.34545111656189
Stats for ('MARI', Timestamp('2013-03-03 07:00:00')): StdDev takes: 58.275487661361694
Stats for ('MARI', Timestamp('2013-03-03 07:00:00')): Sobol_m takes: 59.66153621673584
Stats for ('MARI', Timestamp('2013-03-03 07:00:00')): Sobol_m2 takes: 69.39051938056946
Stats for ('MARI', Timestamp('2013-03-03 07:00:00')): Sobol_t takes: 101.5659728050232
Stats for ('MARI', Timestamp('2013-03-03 07:00:00')): P10 takes: 0.031932830810546875
Stats for ('MARI', Timestamp('2013-03-03 07:00:00')): P90 takes: 0.03133988380432129
Stats: gPCE takes: 0.10431170463562012
Stats for ('MARI', Timestamp('2013-03-03 08:00:00')): E takes: 0.3059573173522949
Stats for ('MARI', Timestamp('2013-03-03 08:00:00')): Var takes: 58.18452191352844
Stats for ('MARI', Timestamp('2013-03-03 08:00:00')): StdDev takes: 58.85549354553223
Stats for ('MARI', Timestamp('2013-03-03 08:00:00')): Sobol_m takes: 59.73551797866821
Stats for ('MARI', Timestamp('2013-03-03 08:00:00')): Sobol_m2 takes: 69.29693651199341
Stats for ('MARI', Timestamp('2013-03-03 08:00:00')): Sobol_t takes: 101.70343112945557
Stats for ('MARI', Timestamp('2013-03-03 08:00:00')): P10 takes: 0.03126096725463867
Stats for ('MARI', Timestamp('2013-03-03 08:00:00')): P90 takes: 0.03184247016906738
Stats: gPCE takes: 0.10385251045227051
Stats for ('MARI', Timestamp('2013-03-03 09:00:00')): E takes: 0.30773138999938965
Stats for ('MARI', Timestamp('2013-03-03 09:00:00')): Var takes: 58.4170298576355
Stats for ('MARI', Timestamp('2013-03-03 09:00:00')): StdDev takes: 58.28365111351013
Stats for ('MARI', Timestamp('2013-03-03 09:00:00')): Sobol_m takes: 59.6750431060791
Stats for ('MARI', Timestamp('2013-03-03 09:00:00')): Sobol_m2 takes: 69.33871960639954
Stats for ('MARI', Timestamp('2013-03-03 09:00:00')): Sobol_t takes: 101.6644504070282
Stats for ('MARI', Timestamp('2013-03-03 09:00:00')): P10 takes: 0.0314486026763916
Stats for ('MARI', Timestamp('2013-03-03 09:00:00')): P90 takes: 0.03117084503173828
Stats: gPCE takes: 0.10376429557800293
Stats for ('MARI', Timestamp('2013-03-03 10:00:00')): E takes: 0.3095359802246094
Stats for ('MARI', Timestamp('2013-03-03 10:00:00')): Var takes: 58.3274040222168
Stats for ('MARI', Timestamp('2013-03-03 10:00:00')): StdDev takes: 58.36334538459778
Stats for ('MARI', Timestamp('2013-03-03 10:00:00')): Sobol_m takes: 59.59363389015198
Stats for ('MARI', Timestamp('2013-03-03 10:00:00')): Sobol_m2 takes: 69.3424859046936
Stats for ('MARI', Timestamp('2013-03-03 10:00:00')): Sobol_t takes: 101.5624623298645
Stats for ('MARI', Timestamp('2013-03-03 10:00:00')): P10 takes: 0.03127455711364746
Stats for ('MARI', Timestamp('2013-03-03 10:00:00')): P90 takes: 0.030978918075561523
Stats: gPCE takes: 0.10402631759643555
Stats for ('MARI', Timestamp('2013-03-03 11:00:00')): E takes: 0.3056340217590332
Stats for ('MARI', Timestamp('2013-03-03 11:00:00')): Var takes: 58.30505990982056
Stats for ('MARI', Timestamp('2013-03-03 11:00:00')): StdDev takes: 58.15910625457764
Stats for ('MARI', Timestamp('2013-03-03 11:00:00')): Sobol_m takes: 59.58444380760193
Stats for ('MARI', Timestamp('2013-03-03 11:00:00')): Sobol_m2 takes: 69.22103714942932
Stats for ('MARI', Timestamp('2013-03-03 11:00:00')): Sobol_t takes: 101.71389937400818
Stats for ('MARI', Timestamp('2013-03-03 11:00:00')): P10 takes: 0.03139162063598633
Stats for ('MARI', Timestamp('2013-03-03 11:00:00')): P90 takes: 0.031198978424072266
Stats: gPCE takes: 0.10386300086975098
Stats for ('MARI', Timestamp('2013-03-03 12:00:00')): E takes: 0.30479931831359863
Stats for ('MARI', Timestamp('2013-03-03 12:00:00')): Var takes: 58.246575355529785
Stats for ('MARI', Timestamp('2013-03-03 12:00:00')): StdDev takes: 58.31922268867493
Stats for ('MARI', Timestamp('2013-03-03 12:00:00')): Sobol_m takes: 59.623605251312256
Stats for ('MARI', Timestamp('2013-03-03 12:00:00')): Sobol_m2 takes: 69.34831476211548
Stats for ('MARI', Timestamp('2013-03-03 12:00:00')): Sobol_t takes: 101.60705494880676
Stats for ('MARI', Timestamp('2013-03-03 12:00:00')): P10 takes: 0.03128981590270996
Stats for ('MARI', Timestamp('2013-03-03 12:00:00')): P90 takes: 0.03131985664367676
Stats: gPCE takes: 0.10398340225219727
Stats for ('MARI', Timestamp('2013-03-03 13:00:00')): E takes: 0.3067171573638916
Stats for ('MARI', Timestamp('2013-03-03 13:00:00')): Var takes: 58.39855217933655
Stats for ('MARI', Timestamp('2013-03-03 13:00:00')): StdDev takes: 58.321534156799316
Stats for ('MARI', Timestamp('2013-03-03 13:00:00')): Sobol_m takes: 59.63425660133362
Stats for ('MARI', Timestamp('2013-03-03 13:00:00')): Sobol_m2 takes: 69.26477575302124
Stats for ('MARI', Timestamp('2013-03-03 13:00:00')): Sobol_t takes: 101.49741983413696
Stats for ('MARI', Timestamp('2013-03-03 13:00:00')): P10 takes: 0.031377315521240234
Stats for ('MARI', Timestamp('2013-03-03 13:00:00')): P90 takes: 0.03097844123840332
Stats: gPCE takes: 0.10658407211303711
Stats for ('MARI', Timestamp('2013-03-03 14:00:00')): E takes: 0.3176591396331787
Stats for ('MARI', Timestamp('2013-03-03 14:00:00')): Var takes: 58.194565296173096
Stats for ('MARI', Timestamp('2013-03-03 14:00:00')): StdDev takes: 58.24893832206726
Stats for ('MARI', Timestamp('2013-03-03 14:00:00')): Sobol_m takes: 59.63651776313782
Stats for ('MARI', Timestamp('2013-03-03 14:00:00')): Sobol_m2 takes: 69.2421669960022
Stats for ('MARI', Timestamp('2013-03-03 14:00:00')): Sobol_t takes: 101.60802865028381
Stats for ('MARI', Timestamp('2013-03-03 14:00:00')): P10 takes: 0.031352996826171875
Stats for ('MARI', Timestamp('2013-03-03 14:00:00')): P90 takes: 0.0312042236328125
Stats: gPCE takes: 0.1037142276763916
Stats for ('MARI', Timestamp('2013-03-03 15:00:00')): E takes: 0.3062703609466553
Stats for ('MARI', Timestamp('2013-03-03 15:00:00')): Var takes: 58.32029604911804
Stats for ('MARI', Timestamp('2013-03-03 15:00:00')): StdDev takes: 58.26032042503357
Stats for ('MARI', Timestamp('2013-03-03 15:00:00')): Sobol_m takes: 59.66742777824402
Stats for ('MARI', Timestamp('2013-03-03 15:00:00')): Sobol_m2 takes: 69.41888165473938
Stats for ('MARI', Timestamp('2013-03-03 15:00:00')): Sobol_t takes: 101.67691087722778
Stats for ('MARI', Timestamp('2013-03-03 15:00:00')): P10 takes: 0.03146719932556152
Stats for ('MARI', Timestamp('2013-03-03 15:00:00')): P90 takes: 0.03164172172546387
Stats: gPCE takes: 0.10371613502502441
Stats for ('MARI', Timestamp('2013-03-03 16:00:00')): E takes: 0.30414724349975586
Stats for ('MARI', Timestamp('2013-03-03 16:00:00')): Var takes: 58.26921987533569
Stats for ('MARI', Timestamp('2013-03-03 16:00:00')): StdDev takes: 58.3145866394043
Stats for ('MARI', Timestamp('2013-03-03 16:00:00')): Sobol_m takes: 59.72149920463562
Stats for ('MARI', Timestamp('2013-03-03 16:00:00')): Sobol_m2 takes: 69.42960381507874
Stats for ('MARI', Timestamp('2013-03-03 16:00:00')): Sobol_t takes: 101.65947461128235
Stats for ('MARI', Timestamp('2013-03-03 16:00:00')): P10 takes: 0.032099246978759766
Stats for ('MARI', Timestamp('2013-03-03 16:00:00')): P90 takes: 0.031138181686401367
Stats: gPCE takes: 0.10419726371765137
Stats for ('MARI', Timestamp('2013-03-03 17:00:00')): E takes: 0.3071753978729248
Stats for ('MARI', Timestamp('2013-03-03 17:00:00')): Var takes: 58.313191413879395
Stats for ('MARI', Timestamp('2013-03-03 17:00:00')): StdDev takes: 58.25288105010986
Stats for ('MARI', Timestamp('2013-03-03 17:00:00')): Sobol_m takes: 59.58942985534668
Stats for ('MARI', Timestamp('2013-03-03 17:00:00')): Sobol_m2 takes: 69.33107042312622
Stats for ('MARI', Timestamp('2013-03-03 17:00:00')): Sobol_t takes: 101.5520806312561
Stats for ('MARI', Timestamp('2013-03-03 17:00:00')): P10 takes: 0.03158235549926758
Stats for ('MARI', Timestamp('2013-03-03 17:00:00')): P90 takes: 0.030989408493041992
Stats: gPCE takes: 0.10413479804992676
Stats for ('MARI', Timestamp('2013-03-03 18:00:00')): E takes: 0.30665135383605957
Stats for ('MARI', Timestamp('2013-03-03 18:00:00')): Var takes: 58.30122709274292
Stats for ('MARI', Timestamp('2013-03-03 18:00:00')): StdDev takes: 58.39543962478638
Stats for ('MARI', Timestamp('2013-03-03 18:00:00')): Sobol_m takes: 59.65822219848633
Stats for ('MARI', Timestamp('2013-03-03 18:00:00')): Sobol_m2 takes: 69.44752621650696
Stats for ('MARI', Timestamp('2013-03-03 18:00:00')): Sobol_t takes: 101.5705451965332
Stats for ('MARI', Timestamp('2013-03-03 18:00:00')): P10 takes: 0.03159451484680176
Stats for ('MARI', Timestamp('2013-03-03 18:00:00')): P90 takes: 0.030858755111694336
Stats: gPCE takes: 0.10386991500854492
Stats for ('MARI', Timestamp('2013-03-03 19:00:00')): E takes: 0.306380033493042
Stats for ('MARI', Timestamp('2013-03-03 19:00:00')): Var takes: 58.21320557594299
Stats for ('MARI', Timestamp('2013-03-03 19:00:00')): StdDev takes: 58.199536085128784
Stats for ('MARI', Timestamp('2013-03-03 19:00:00')): Sobol_m takes: 59.63001561164856
Stats for ('MARI', Timestamp('2013-03-03 19:00:00')): Sobol_m2 takes: 69.29297876358032
Stats for ('MARI', Timestamp('2013-03-03 19:00:00')): Sobol_t takes: 101.51512360572815
Stats for ('MARI', Timestamp('2013-03-03 19:00:00')): P10 takes: 0.03137826919555664
Stats for ('MARI', Timestamp('2013-03-03 19:00:00')): P90 takes: 0.03101658821105957
Stats: gPCE takes: 0.10418009757995605
Stats for ('MARI', Timestamp('2013-03-03 20:00:00')): E takes: 0.3042609691619873
Stats for ('MARI', Timestamp('2013-03-03 20:00:00')): Var takes: 58.25513243675232
Stats for ('MARI', Timestamp('2013-03-03 20:00:00')): StdDev takes: 58.307984828948975
Stats for ('MARI', Timestamp('2013-03-03 20:00:00')): Sobol_m takes: 59.718496799468994
Stats for ('MARI', Timestamp('2013-03-03 20:00:00')): Sobol_m2 takes: 69.35538268089294
Stats for ('MARI', Timestamp('2013-03-03 20:00:00')): Sobol_t takes: 101.58110785484314
Stats for ('MARI', Timestamp('2013-03-03 20:00:00')): P10 takes: 0.03181004524230957
Stats for ('MARI', Timestamp('2013-03-03 20:00:00')): P90 takes: 0.031049728393554688
Stats: gPCE takes: 0.10392570495605469
Stats for ('MARI', Timestamp('2013-03-03 21:00:00')): E takes: 0.3072211742401123
Stats for ('MARI', Timestamp('2013-03-03 21:00:00')): Var takes: 58.26538300514221
Stats for ('MARI', Timestamp('2013-03-03 21:00:00')): StdDev takes: 58.150147438049316
Stats for ('MARI', Timestamp('2013-03-03 21:00:00')): Sobol_m takes: 59.54375886917114
Stats for ('MARI', Timestamp('2013-03-03 21:00:00')): Sobol_m2 takes: 69.28590250015259
Stats for ('MARI', Timestamp('2013-03-03 21:00:00')): Sobol_t takes: 101.57664108276367
Stats for ('MARI', Timestamp('2013-03-03 21:00:00')): P10 takes: 0.031202077865600586
Stats for ('MARI', Timestamp('2013-03-03 21:00:00')): P90 takes: 0.03093433380126953
Stats: gPCE takes: 0.10374116897583008
Stats for ('MARI', Timestamp('2013-03-03 22:00:00')): E takes: 0.3095517158508301
Stats for ('MARI', Timestamp('2013-03-03 22:00:00')): Var takes: 58.213979721069336
Stats for ('MARI', Timestamp('2013-03-03 22:00:00')): StdDev takes: 58.31223797798157
Stats for ('MARI', Timestamp('2013-03-03 22:00:00')): Sobol_m takes: 59.608503580093384
Stats for ('MARI', Timestamp('2013-03-03 22:00:00')): Sobol_m2 takes: 69.3668601512909
Stats for ('MARI', Timestamp('2013-03-03 22:00:00')): Sobol_t takes: 101.41211986541748
Stats for ('MARI', Timestamp('2013-03-03 22:00:00')): P10 takes: 0.031446218490600586
Stats for ('MARI', Timestamp('2013-03-03 22:00:00')): P90 takes: 0.031092166900634766
Stats: gPCE takes: 0.10376763343811035
Stats for ('MARI', Timestamp('2013-03-03 23:00:00')): E takes: 0.3075740337371826
Stats for ('MARI', Timestamp('2013-03-03 23:00:00')): Var takes: 58.28223752975464
Stats for ('MARI', Timestamp('2013-03-03 23:00:00')): StdDev takes: 58.104676485061646
Stats for ('MARI', Timestamp('2013-03-03 23:00:00')): Sobol_m takes: 59.58808922767639
Stats for ('MARI', Timestamp('2013-03-03 23:00:00')): Sobol_m2 takes: 69.24068593978882
Stats for ('MARI', Timestamp('2013-03-03 23:00:00')): Sobol_t takes: 101.70973253250122
Stats for ('MARI', Timestamp('2013-03-03 23:00:00')): P10 takes: 0.031348228454589844
Stats for ('MARI', Timestamp('2013-03-03 23:00:00')): P90 takes: 0.031201601028442383
Stats: gPCE takes: 0.10489320755004883
Stats for ('MARI', Timestamp('2013-03-04 00:00:00')): E takes: 0.30658698081970215
Stats for ('MARI', Timestamp('2013-03-04 00:00:00')): Var takes: 58.2445752620697
Stats for ('MARI', Timestamp('2013-03-04 00:00:00')): StdDev takes: 58.21959447860718
Stats for ('MARI', Timestamp('2013-03-04 00:00:00')): Sobol_m takes: 59.61250925064087
Stats for ('MARI', Timestamp('2013-03-04 00:00:00')): Sobol_m2 takes: 69.22642517089844
Stats for ('MARI', Timestamp('2013-03-04 00:00:00')): Sobol_t takes: 101.55633473396301
Stats for ('MARI', Timestamp('2013-03-04 00:00:00')): P10 takes: 0.031227588653564453
Stats for ('MARI', Timestamp('2013-03-04 00:00:00')): P90 takes: 0.030955791473388672
Stats: gPCE takes: 0.1038675308227539
Stats for ('MARI', Timestamp('2013-03-04 01:00:00')): E takes: 0.3074333667755127
Stats for ('MARI', Timestamp('2013-03-04 01:00:00')): Var takes: 58.18985390663147
Stats for ('MARI', Timestamp('2013-03-04 01:00:00')): StdDev takes: 58.383915424346924
Stats for ('MARI', Timestamp('2013-03-04 01:00:00')): Sobol_m takes: 59.71976971626282
Stats for ('MARI', Timestamp('2013-03-04 01:00:00')): Sobol_m2 takes: 69.35101008415222
Stats for ('MARI', Timestamp('2013-03-04 01:00:00')): Sobol_t takes: 101.57736349105835
Stats for ('MARI', Timestamp('2013-03-04 01:00:00')): P10 takes: 0.03150177001953125
Stats for ('MARI', Timestamp('2013-03-04 01:00:00')): P90 takes: 0.031054973602294922
Stats: gPCE takes: 0.10390472412109375
Stats for ('MARI', Timestamp('2013-03-04 02:00:00')): E takes: 0.3075404167175293
Stats for ('MARI', Timestamp('2013-03-04 02:00:00')): Var takes: 58.43726825714111
Stats for ('MARI', Timestamp('2013-03-04 02:00:00')): StdDev takes: 58.2617666721344
Stats for ('MARI', Timestamp('2013-03-04 02:00:00')): Sobol_m takes: 59.81467127799988
Stats for ('MARI', Timestamp('2013-03-04 02:00:00')): Sobol_m2 takes: 69.36423420906067
Stats for ('MARI', Timestamp('2013-03-04 02:00:00')): Sobol_t takes: 101.50157809257507
Stats for ('MARI', Timestamp('2013-03-04 02:00:00')): P10 takes: 0.03168678283691406
Stats for ('MARI', Timestamp('2013-03-04 02:00:00')): P90 takes: 0.03125119209289551
Stats: gPCE takes: 0.10425472259521484
Stats for ('MARI', Timestamp('2013-03-04 03:00:00')): E takes: 0.3073563575744629
Stats for ('MARI', Timestamp('2013-03-04 03:00:00')): Var takes: 58.27387452125549
Stats for ('MARI', Timestamp('2013-03-04 03:00:00')): StdDev takes: 58.258204221725464
Stats for ('MARI', Timestamp('2013-03-04 03:00:00')): Sobol_m takes: 59.67980194091797
Stats for ('MARI', Timestamp('2013-03-04 03:00:00')): Sobol_m2 takes: 69.21258044242859
Stats for ('MARI', Timestamp('2013-03-04 03:00:00')): Sobol_t takes: 101.53524971008301
Stats for ('MARI', Timestamp('2013-03-04 03:00:00')): P10 takes: 0.03129696846008301
Stats for ('MARI', Timestamp('2013-03-04 03:00:00')): P90 takes: 0.03115057945251465
Stats: gPCE takes: 0.10382604598999023
Stats for ('MARI', Timestamp('2013-03-04 04:00:00')): E takes: 0.30497002601623535
Stats for ('MARI', Timestamp('2013-03-04 04:00:00')): Var takes: 58.20623230934143
Stats for ('MARI', Timestamp('2013-03-04 04:00:00')): StdDev takes: 58.28197479248047
Stats for ('MARI', Timestamp('2013-03-04 04:00:00')): Sobol_m takes: 59.65261268615723
Stats for ('MARI', Timestamp('2013-03-04 04:00:00')): Sobol_m2 takes: 69.41596865653992
Stats for ('MARI', Timestamp('2013-03-04 04:00:00')): Sobol_t takes: 101.70637059211731
Stats for ('MARI', Timestamp('2013-03-04 04:00:00')): P10 takes: 0.03170323371887207
Stats for ('MARI', Timestamp('2013-03-04 04:00:00')): P90 takes: 0.03127646446228027
Stats: gPCE takes: 0.10442972183227539
Stats for ('MARI', Timestamp('2013-03-04 05:00:00')): E takes: 0.3060624599456787
Stats for ('MARI', Timestamp('2013-03-04 05:00:00')): Var takes: 58.313661098480225
Stats for ('MARI', Timestamp('2013-03-04 05:00:00')): StdDev takes: 58.163392782211304
Stats for ('MARI', Timestamp('2013-03-04 05:00:00')): Sobol_m takes: 59.60308361053467
Stats for ('MARI', Timestamp('2013-03-04 05:00:00')): Sobol_m2 takes: 68.84907650947571
Stats for ('MARI', Timestamp('2013-03-04 05:00:00')): Sobol_t takes: 100.75774264335632
Stats for ('MARI', Timestamp('2013-03-04 05:00:00')): P10 takes: 0.031069517135620117
Stats for ('MARI', Timestamp('2013-03-04 05:00:00')): P90 takes: 0.03093242645263672
Stats: gPCE takes: 0.10376310348510742
Stats for ('MARI', Timestamp('2013-03-04 06:00:00')): E takes: 0.3042769432067871
Stats for ('MARI', Timestamp('2013-03-04 06:00:00')): Var takes: 57.804375886917114
Stats for ('MARI', Timestamp('2013-03-04 06:00:00')): StdDev takes: 57.795196771621704
Stats for ('MARI', Timestamp('2013-03-04 06:00:00')): Sobol_m takes: 59.243149518966675
Stats for ('MARI', Timestamp('2013-03-04 06:00:00')): Sobol_m2 takes: 68.70446014404297
Stats for ('MARI', Timestamp('2013-03-04 06:00:00')): Sobol_t takes: 100.59429836273193
Stats for ('MARI', Timestamp('2013-03-04 06:00:00')): P10 takes: 0.03129768371582031
Stats for ('MARI', Timestamp('2013-03-04 06:00:00')): P90 takes: 0.030866146087646484
Stats: gPCE takes: 0.10357189178466797
Stats for ('MARI', Timestamp('2013-03-04 07:00:00')): E takes: 0.30382609367370605
Stats for ('MARI', Timestamp('2013-03-04 07:00:00')): Var takes: 57.76558971405029
Stats for ('MARI', Timestamp('2013-03-04 07:00:00')): StdDev takes: 57.83964729309082
Stats for ('MARI', Timestamp('2013-03-04 07:00:00')): Sobol_m takes: 59.051435470581055
Stats for ('MARI', Timestamp('2013-03-04 07:00:00')): Sobol_m2 takes: 68.59316182136536
Stats for ('MARI', Timestamp('2013-03-04 07:00:00')): Sobol_t takes: 100.56899094581604
Stats for ('MARI', Timestamp('2013-03-04 07:00:00')): P10 takes: 0.031049251556396484
Stats for ('MARI', Timestamp('2013-03-04 07:00:00')): P90 takes: 0.03103780746459961
Stats: gPCE takes: 0.10377979278564453
Stats for ('MARI', Timestamp('2013-03-04 08:00:00')): E takes: 0.30252671241760254
Stats for ('MARI', Timestamp('2013-03-04 08:00:00')): Var takes: 57.90169835090637
Stats for ('MARI', Timestamp('2013-03-04 08:00:00')): StdDev takes: 57.791608810424805
Stats for ('MARI', Timestamp('2013-03-04 08:00:00')): Sobol_m takes: 59.1884286403656
Stats for ('MARI', Timestamp('2013-03-04 08:00:00')): Sobol_m2 takes: 68.91885924339294
Stats for ('MARI', Timestamp('2013-03-04 08:00:00')): Sobol_t takes: 100.56145977973938
Stats for ('MARI', Timestamp('2013-03-04 08:00:00')): P10 takes: 0.031691789627075195
Stats for ('MARI', Timestamp('2013-03-04 08:00:00')): P90 takes: 0.031072378158569336
Stats: gPCE takes: 0.10359835624694824
Stats for ('MARI', Timestamp('2013-03-04 09:00:00')): E takes: 0.36266517639160156
Stats for ('MARI', Timestamp('2013-03-04 09:00:00')): Var takes: 57.8410758972168
Stats for ('MARI', Timestamp('2013-03-04 09:00:00')): StdDev takes: 57.84908151626587
Stats for ('MARI', Timestamp('2013-03-04 09:00:00')): Sobol_m takes: 59.225491523742676
Stats for ('MARI', Timestamp('2013-03-04 09:00:00')): Sobol_m2 takes: 68.85490012168884
Stats for ('MARI', Timestamp('2013-03-04 09:00:00')): Sobol_t takes: 100.73644495010376
Stats for ('MARI', Timestamp('2013-03-04 09:00:00')): P10 takes: 0.031679391860961914
Stats for ('MARI', Timestamp('2013-03-04 09:00:00')): P90 takes: 0.031115293502807617
Stats: gPCE takes: 0.10363459587097168
Stats for ('MARI', Timestamp('2013-03-04 10:00:00')): E takes: 0.30501532554626465
Stats for ('MARI', Timestamp('2013-03-04 10:00:00')): Var takes: 57.769896030426025
Stats for ('MARI', Timestamp('2013-03-04 10:00:00')): StdDev takes: 57.794116497039795
Stats for ('MARI', Timestamp('2013-03-04 10:00:00')): Sobol_m takes: 59.14137649536133
Stats for ('MARI', Timestamp('2013-03-04 10:00:00')): Sobol_m2 takes: 68.61129951477051
Stats for ('MARI', Timestamp('2013-03-04 10:00:00')): Sobol_t takes: 100.68559861183167
Stats for ('MARI', Timestamp('2013-03-04 10:00:00')): P10 takes: 0.03146791458129883
Stats for ('MARI', Timestamp('2013-03-04 10:00:00')): P90 takes: 0.03066110610961914
Stats: gPCE takes: 0.1036381721496582
Stats for ('MARI', Timestamp('2013-03-04 11:00:00')): E takes: 0.30295300483703613
Stats for ('MARI', Timestamp('2013-03-04 11:00:00')): Var takes: 57.81395697593689
Stats for ('MARI', Timestamp('2013-03-04 11:00:00')): StdDev takes: 57.87635922431946
Stats for ('MARI', Timestamp('2013-03-04 11:00:00')): Sobol_m takes: 59.208412647247314
Stats for ('MARI', Timestamp('2013-03-04 11:00:00')): Sobol_m2 takes: 68.86346077919006
Stats for ('MARI', Timestamp('2013-03-04 11:00:00')): Sobol_t takes: 100.57041811943054
Stats for ('MARI', Timestamp('2013-03-04 11:00:00')): P10 takes: 0.031019926071166992
Stats for ('MARI', Timestamp('2013-03-04 11:00:00')): P90 takes: 0.030826091766357422
Stats: gPCE takes: 0.10338306427001953
Stats for ('MARI', Timestamp('2013-03-04 12:00:00')): E takes: 0.3036062717437744
Stats for ('MARI', Timestamp('2013-03-04 12:00:00')): Var takes: 57.78956460952759
Stats for ('MARI', Timestamp('2013-03-04 12:00:00')): StdDev takes: 57.7922899723053
Stats for ('MARI', Timestamp('2013-03-04 12:00:00')): Sobol_m takes: 59.24471187591553
Stats for ('MARI', Timestamp('2013-03-04 12:00:00')): Sobol_m2 takes: 68.86295080184937
Stats for ('MARI', Timestamp('2013-03-04 12:00:00')): Sobol_t takes: 100.6803081035614
Stats for ('MARI', Timestamp('2013-03-04 12:00:00')): P10 takes: 0.031406402587890625
Stats for ('MARI', Timestamp('2013-03-04 12:00:00')): P90 takes: 0.03090500831604004
Stats: gPCE takes: 0.1041252613067627
Stats for ('MARI', Timestamp('2013-03-04 13:00:00')): E takes: 0.3528938293457031
Stats for ('MARI', Timestamp('2013-03-04 13:00:00')): Var takes: 57.74833130836487
Stats for ('MARI', Timestamp('2013-03-04 13:00:00')): StdDev takes: 57.78321695327759
Stats for ('MARI', Timestamp('2013-03-04 13:00:00')): Sobol_m takes: 59.25742197036743
Stats for ('MARI', Timestamp('2013-03-04 13:00:00')): Sobol_m2 takes: 68.76328992843628
Stats for ('MARI', Timestamp('2013-03-04 13:00:00')): Sobol_t takes: 100.68949699401855
Stats for ('MARI', Timestamp('2013-03-04 13:00:00')): P10 takes: 0.0312960147857666
Stats for ('MARI', Timestamp('2013-03-04 13:00:00')): P90 takes: 0.031116724014282227
Stats: gPCE takes: 0.10360240936279297
Stats for ('MARI', Timestamp('2013-03-04 14:00:00')): E takes: 0.30341076850891113
Stats for ('MARI', Timestamp('2013-03-04 14:00:00')): Var takes: 57.77930235862732
Stats for ('MARI', Timestamp('2013-03-04 14:00:00')): StdDev takes: 57.69550442695618
Stats for ('MARI', Timestamp('2013-03-04 14:00:00')): Sobol_m takes: 59.05911111831665
Stats for ('MARI', Timestamp('2013-03-04 14:00:00')): Sobol_m2 takes: 68.61254358291626
Stats for ('MARI', Timestamp('2013-03-04 14:00:00')): Sobol_t takes: 100.66897225379944
Stats for ('MARI', Timestamp('2013-03-04 14:00:00')): P10 takes: 0.03129911422729492
Stats for ('MARI', Timestamp('2013-03-04 14:00:00')): P90 takes: 0.03101325035095215
Stats: gPCE takes: 0.10336136817932129
Stats for ('MARI', Timestamp('2013-03-04 15:00:00')): E takes: 0.3060336112976074
Stats for ('MARI', Timestamp('2013-03-04 15:00:00')): Var takes: 57.851337909698486
Stats for ('MARI', Timestamp('2013-03-04 15:00:00')): StdDev takes: 57.86796712875366
Stats for ('MARI', Timestamp('2013-03-04 15:00:00')): Sobol_m takes: 59.13260746002197
Stats for ('MARI', Timestamp('2013-03-04 15:00:00')): Sobol_m2 takes: 68.80468225479126
Stats for ('MARI', Timestamp('2013-03-04 15:00:00')): Sobol_t takes: 100.67391300201416
Stats for ('MARI', Timestamp('2013-03-04 15:00:00')): P10 takes: 0.031321048736572266
Stats for ('MARI', Timestamp('2013-03-04 15:00:00')): P90 takes: 0.031244277954101562
Stats: gPCE takes: 0.10314559936523438
Stats for ('MARI', Timestamp('2013-03-04 16:00:00')): E takes: 0.3031132221221924
Stats for ('MARI', Timestamp('2013-03-04 16:00:00')): Var takes: 57.75177788734436
Stats for ('MARI', Timestamp('2013-03-04 16:00:00')): StdDev takes: 57.84314179420471
Stats for ('MARI', Timestamp('2013-03-04 16:00:00')): Sobol_m takes: 59.236820220947266
Stats for ('MARI', Timestamp('2013-03-04 16:00:00')): Sobol_m2 takes: 68.73132085800171
Stats for ('MARI', Timestamp('2013-03-04 16:00:00')): Sobol_t takes: 100.7916750907898
Stats for ('MARI', Timestamp('2013-03-04 16:00:00')): P10 takes: 0.031467437744140625
Stats for ('MARI', Timestamp('2013-03-04 16:00:00')): P90 takes: 0.031007766723632812
Stats: gPCE takes: 0.10352158546447754
Stats for ('MARI', Timestamp('2013-03-04 17:00:00')): E takes: 0.3625502586364746
Stats for ('MARI', Timestamp('2013-03-04 17:00:00')): Var takes: 57.622379541397095
Stats for ('MARI', Timestamp('2013-03-04 17:00:00')): StdDev takes: 57.741453409194946
Stats for ('MARI', Timestamp('2013-03-04 17:00:00')): Sobol_m takes: 59.18339967727661
Stats for ('MARI', Timestamp('2013-03-04 17:00:00')): Sobol_m2 takes: 68.69928979873657
Stats for ('MARI', Timestamp('2013-03-04 17:00:00')): Sobol_t takes: 100.83207440376282
Stats for ('MARI', Timestamp('2013-03-04 17:00:00')): P10 takes: 0.031642913818359375
Stats for ('MARI', Timestamp('2013-03-04 17:00:00')): P90 takes: 0.03089118003845215
Stats: gPCE takes: 0.1031348705291748
Stats for ('MARI', Timestamp('2013-03-04 18:00:00')): E takes: 0.30382204055786133
Stats for ('MARI', Timestamp('2013-03-04 18:00:00')): Var takes: 57.796096324920654
Stats for ('MARI', Timestamp('2013-03-04 18:00:00')): StdDev takes: 57.8261079788208
Stats for ('MARI', Timestamp('2013-03-04 18:00:00')): Sobol_m takes: 59.151753187179565
Stats for ('MARI', Timestamp('2013-03-04 18:00:00')): Sobol_m2 takes: 68.7891013622284
Stats for ('MARI', Timestamp('2013-03-04 18:00:00')): Sobol_t takes: 100.70646715164185
Stats for ('MARI', Timestamp('2013-03-04 18:00:00')): P10 takes: 0.031528472900390625
Stats for ('MARI', Timestamp('2013-03-04 18:00:00')): P90 takes: 0.030962228775024414
Stats: gPCE takes: 0.10461664199829102
Stats for ('MARI', Timestamp('2013-03-04 19:00:00')): E takes: 0.30446577072143555
Stats for ('MARI', Timestamp('2013-03-04 19:00:00')): Var takes: 57.75163149833679
Stats for ('MARI', Timestamp('2013-03-04 19:00:00')): StdDev takes: 57.80008244514465
Stats for ('MARI', Timestamp('2013-03-04 19:00:00')): Sobol_m takes: 59.124671459198
Stats for ('MARI', Timestamp('2013-03-04 19:00:00')): Sobol_m2 takes: 68.78079795837402
Stats for ('MARI', Timestamp('2013-03-04 19:00:00')): Sobol_t takes: 100.57962799072266
Stats for ('MARI', Timestamp('2013-03-04 19:00:00')): P10 takes: 0.03138852119445801
Stats for ('MARI', Timestamp('2013-03-04 19:00:00')): P90 takes: 0.03101062774658203
Stats: gPCE takes: 0.10319280624389648
Stats for ('MARI', Timestamp('2013-03-04 20:00:00')): E takes: 0.3032040596008301
Stats for ('MARI', Timestamp('2013-03-04 20:00:00')): Var takes: 57.75897145271301
Stats for ('MARI', Timestamp('2013-03-04 20:00:00')): StdDev takes: 57.638416051864624
Stats for ('MARI', Timestamp('2013-03-04 20:00:00')): Sobol_m takes: 59.06892395019531
Stats for ('MARI', Timestamp('2013-03-04 20:00:00')): Sobol_m2 takes: 68.66264343261719
Stats for ('MARI', Timestamp('2013-03-04 20:00:00')): Sobol_t takes: 100.655677318573
Stats for ('MARI', Timestamp('2013-03-04 20:00:00')): P10 takes: 0.03132462501525879
Stats for ('MARI', Timestamp('2013-03-04 20:00:00')): P90 takes: 0.03142142295837402
Stats: gPCE takes: 0.10389280319213867
Stats for ('MARI', Timestamp('2013-03-04 21:00:00')): E takes: 0.30266833305358887
Stats for ('MARI', Timestamp('2013-03-04 21:00:00')): Var takes: 57.71263146400452
Stats for ('MARI', Timestamp('2013-03-04 21:00:00')): StdDev takes: 57.7558319568634
Stats for ('MARI', Timestamp('2013-03-04 21:00:00')): Sobol_m takes: 59.17676854133606
Stats for ('MARI', Timestamp('2013-03-04 21:00:00')): Sobol_m2 takes: 68.77282881736755
Stats for ('MARI', Timestamp('2013-03-04 21:00:00')): Sobol_t takes: 100.64762902259827
Stats for ('MARI', Timestamp('2013-03-04 21:00:00')): P10 takes: 0.03121805191040039
Stats for ('MARI', Timestamp('2013-03-04 21:00:00')): P90 takes: 0.03101348876953125
Stats: gPCE takes: 0.10316348075866699
Stats for ('MARI', Timestamp('2013-03-04 22:00:00')): E takes: 0.30536723136901855
Stats for ('MARI', Timestamp('2013-03-04 22:00:00')): Var takes: 57.82155394554138
Stats for ('MARI', Timestamp('2013-03-04 22:00:00')): StdDev takes: 57.79025602340698
Stats for ('MARI', Timestamp('2013-03-04 22:00:00')): Sobol_m takes: 59.08034014701843
Stats for ('MARI', Timestamp('2013-03-04 22:00:00')): Sobol_m2 takes: 68.70759415626526
Stats for ('MARI', Timestamp('2013-03-04 22:00:00')): Sobol_t takes: 100.69931674003601
Stats for ('MARI', Timestamp('2013-03-04 22:00:00')): P10 takes: 0.03149127960205078
Stats for ('MARI', Timestamp('2013-03-04 22:00:00')): P90 takes: 0.03110647201538086
Stats: gPCE takes: 0.10347557067871094
Stats for ('MARI', Timestamp('2013-03-04 23:00:00')): E takes: 0.30487728118896484
Stats for ('MARI', Timestamp('2013-03-04 23:00:00')): Var takes: 57.727049350738525
Stats for ('MARI', Timestamp('2013-03-04 23:00:00')): StdDev takes: 57.74704647064209
Stats for ('MARI', Timestamp('2013-03-04 23:00:00')): Sobol_m takes: 59.18565106391907
Stats for ('MARI', Timestamp('2013-03-04 23:00:00')): Sobol_m2 takes: 68.71120262145996
Stats for ('MARI', Timestamp('2013-03-04 23:00:00')): Sobol_t takes: 100.71106266975403
Stats for ('MARI', Timestamp('2013-03-04 23:00:00')): P10 takes: 0.031149625778198242
Stats for ('MARI', Timestamp('2013-03-04 23:00:00')): P90 takes: 0.03080153465270996
Stats: gPCE takes: 0.10333418846130371
Stats for ('MARI', Timestamp('2013-03-05 00:00:00')): E takes: 0.30418944358825684
Stats for ('MARI', Timestamp('2013-03-05 00:00:00')): Var takes: 57.69554805755615
Stats for ('MARI', Timestamp('2013-03-05 00:00:00')): StdDev takes: 57.895862340927124
Stats for ('MARI', Timestamp('2013-03-05 00:00:00')): Sobol_m takes: 59.228703022003174
Stats for ('MARI', Timestamp('2013-03-05 00:00:00')): Sobol_m2 takes: 68.75584745407104
Stats for ('MARI', Timestamp('2013-03-05 00:00:00')): Sobol_t takes: 100.5536515712738
Stats for ('MARI', Timestamp('2013-03-05 00:00:00')): P10 takes: 0.031195640563964844
Stats for ('MARI', Timestamp('2013-03-05 00:00:00')): P90 takes: 0.030883073806762695
Stats: gPCE takes: 0.10329294204711914
Stats for ('MARI', Timestamp('2013-03-05 01:00:00')): E takes: 0.30743408203125
Stats for ('MARI', Timestamp('2013-03-05 01:00:00')): Var takes: 57.731308460235596
Stats for ('MARI', Timestamp('2013-03-05 01:00:00')): StdDev takes: 57.56049704551697
Stats for ('MARI', Timestamp('2013-03-05 01:00:00')): Sobol_m takes: 59.00555992126465
Stats for ('MARI', Timestamp('2013-03-05 01:00:00')): Sobol_m2 takes: 68.71857261657715
Stats for ('MARI', Timestamp('2013-03-05 01:00:00')): Sobol_t takes: 100.50053548812866
Stats for ('MARI', Timestamp('2013-03-05 01:00:00')): P10 takes: 0.03147625923156738
Stats for ('MARI', Timestamp('2013-03-05 01:00:00')): P90 takes: 0.031168222427368164
Stats: gPCE takes: 0.1029818058013916
Stats for ('MARI', Timestamp('2013-03-05 02:00:00')): E takes: 0.30378174781799316
Stats for ('MARI', Timestamp('2013-03-05 02:00:00')): Var takes: 57.71320962905884
Stats for ('MARI', Timestamp('2013-03-05 02:00:00')): StdDev takes: 57.70973253250122
Stats for ('MARI', Timestamp('2013-03-05 02:00:00')): Sobol_m takes: 59.105528831481934
Stats for ('MARI', Timestamp('2013-03-05 02:00:00')): Sobol_m2 takes: 68.74035167694092
Stats for ('MARI', Timestamp('2013-03-05 02:00:00')): Sobol_t takes: 100.64887046813965
Stats for ('MARI', Timestamp('2013-03-05 02:00:00')): P10 takes: 0.031658172607421875
Stats for ('MARI', Timestamp('2013-03-05 02:00:00')): P90 takes: 0.030951976776123047
Stats: gPCE takes: 0.1042337417602539
Stats for ('MARI', Timestamp('2013-03-05 03:00:00')): E takes: 0.30365610122680664
Stats for ('MARI', Timestamp('2013-03-05 03:00:00')): Var takes: 57.686734199523926
Stats for ('MARI', Timestamp('2013-03-05 03:00:00')): StdDev takes: 57.74542856216431
Stats for ('MARI', Timestamp('2013-03-05 03:00:00')): Sobol_m takes: 59.182026624679565
Stats for ('MARI', Timestamp('2013-03-05 03:00:00')): Sobol_m2 takes: 68.67208480834961
Stats for ('MARI', Timestamp('2013-03-05 03:00:00')): Sobol_t takes: 100.66535377502441
Stats for ('MARI', Timestamp('2013-03-05 03:00:00')): P10 takes: 0.03152060508728027
Stats for ('MARI', Timestamp('2013-03-05 03:00:00')): P90 takes: 0.031096696853637695
Stats: gPCE takes: 0.10360002517700195
Stats for ('MARI', Timestamp('2013-03-05 04:00:00')): E takes: 0.30315685272216797
Stats for ('MARI', Timestamp('2013-03-05 04:00:00')): Var takes: 57.7562837600708
Stats for ('MARI', Timestamp('2013-03-05 04:00:00')): StdDev takes: 57.844162940979004
Stats for ('MARI', Timestamp('2013-03-05 04:00:00')): Sobol_m takes: 59.22278308868408
Stats for ('MARI', Timestamp('2013-03-05 04:00:00')): Sobol_m2 takes: 68.8026978969574
Stats for ('MARI', Timestamp('2013-03-05 04:00:00')): Sobol_t takes: 100.73991703987122
Stats for ('MARI', Timestamp('2013-03-05 04:00:00')): P10 takes: 0.03145885467529297
Stats for ('MARI', Timestamp('2013-03-05 04:00:00')): P90 takes: 0.030918359756469727
Stats: gPCE takes: 0.10441136360168457
Stats for ('MARI', Timestamp('2013-03-05 05:00:00')): E takes: 0.3033936023712158
Stats for ('MARI', Timestamp('2013-03-05 05:00:00')): Var takes: 57.8678925037384
Stats for ('MARI', Timestamp('2013-03-05 05:00:00')): StdDev takes: 57.70200443267822
Stats for ('MARI', Timestamp('2013-03-05 05:00:00')): Sobol_m takes: 59.05667996406555
Stats for ('MARI', Timestamp('2013-03-05 05:00:00')): Sobol_m2 takes: 68.74671339988708
Stats for ('MARI', Timestamp('2013-03-05 05:00:00')): Sobol_t takes: 100.60487723350525
Stats for ('MARI', Timestamp('2013-03-05 05:00:00')): P10 takes: 0.031304359436035156
Stats for ('MARI', Timestamp('2013-03-05 05:00:00')): P90 takes: 0.031062602996826172
Stats: gPCE takes: 0.10312986373901367
Stats for ('MARI', Timestamp('2013-03-05 06:00:00')): E takes: 0.30278635025024414
Stats for ('MARI', Timestamp('2013-03-05 06:00:00')): Var takes: 57.682127475738525
Stats for ('MARI', Timestamp('2013-03-05 06:00:00')): StdDev takes: 57.62119817733765
Stats for ('MARI', Timestamp('2013-03-05 06:00:00')): Sobol_m takes: 59.01491975784302
Stats for ('MARI', Timestamp('2013-03-05 06:00:00')): Sobol_m2 takes: 68.56857562065125
Stats for ('MARI', Timestamp('2013-03-05 06:00:00')): Sobol_t takes: 100.87281465530396
Stats for ('MARI', Timestamp('2013-03-05 06:00:00')): P10 takes: 0.0316617488861084
Stats for ('MARI', Timestamp('2013-03-05 06:00:00')): P90 takes: 0.031180381774902344
Stats: gPCE takes: 0.10330605506896973
Stats for ('MARI', Timestamp('2013-03-05 07:00:00')): E takes: 0.30374836921691895
Stats for ('MARI', Timestamp('2013-03-05 07:00:00')): Var takes: 57.74773454666138
Stats for ('MARI', Timestamp('2013-03-05 07:00:00')): StdDev takes: 57.79694104194641
Stats for ('MARI', Timestamp('2013-03-05 07:00:00')): Sobol_m takes: 59.162917137145996
Stats for ('MARI', Timestamp('2013-03-05 07:00:00')): Sobol_m2 takes: 68.6830198764801
Stats for ('MARI', Timestamp('2013-03-05 07:00:00')): Sobol_t takes: 100.66606330871582
Stats for ('MARI', Timestamp('2013-03-05 07:00:00')): P10 takes: 0.03160572052001953
Stats for ('MARI', Timestamp('2013-03-05 07:00:00')): P90 takes: 0.03095078468322754
Stats: gPCE takes: 0.10358953475952148
Stats for ('MARI', Timestamp('2013-03-05 08:00:00')): E takes: 0.30417799949645996
Stats for ('MARI', Timestamp('2013-03-05 08:00:00')): Var takes: 57.762147426605225
Stats for ('MARI', Timestamp('2013-03-05 08:00:00')): StdDev takes: 57.72940635681152
Stats for ('MARI', Timestamp('2013-03-05 08:00:00')): Sobol_m takes: 59.056869983673096
Stats for ('MARI', Timestamp('2013-03-05 08:00:00')): Sobol_m2 takes: 68.78630447387695
Stats for ('MARI', Timestamp('2013-03-05 08:00:00')): Sobol_t takes: 100.64173722267151
Stats for ('MARI', Timestamp('2013-03-05 08:00:00')): P10 takes: 0.031063079833984375
Stats for ('MARI', Timestamp('2013-03-05 08:00:00')): P90 takes: 0.030795574188232422
Stats: gPCE takes: 0.10398268699645996
Stats for ('MARI', Timestamp('2013-03-05 09:00:00')): E takes: 0.3034095764160156
Stats for ('MARI', Timestamp('2013-03-05 09:00:00')): Var takes: 57.67672419548035
Stats for ('MARI', Timestamp('2013-03-05 09:00:00')): StdDev takes: 57.73091745376587
Stats for ('MARI', Timestamp('2013-03-05 09:00:00')): Sobol_m takes: 59.230048179626465
Stats for ('MARI', Timestamp('2013-03-05 09:00:00')): Sobol_m2 takes: 68.87279057502747
Stats for ('MARI', Timestamp('2013-03-05 09:00:00')): Sobol_t takes: 100.64058566093445
Stats for ('MARI', Timestamp('2013-03-05 09:00:00')): P10 takes: 0.03133845329284668
Stats for ('MARI', Timestamp('2013-03-05 09:00:00')): P90 takes: 0.03072810173034668
Stats: gPCE takes: 0.103790283203125
Stats for ('MARI', Timestamp('2013-03-05 10:00:00')): E takes: 0.30597758293151855
Stats for ('MARI', Timestamp('2013-03-05 10:00:00')): Var takes: 57.612751960754395
Stats for ('MARI', Timestamp('2013-03-05 10:00:00')): StdDev takes: 57.80921649932861
Stats for ('MARI', Timestamp('2013-03-05 10:00:00')): Sobol_m takes: 59.092381954193115
Stats for ('MARI', Timestamp('2013-03-05 10:00:00')): Sobol_m2 takes: 68.79053020477295
Stats for ('MARI', Timestamp('2013-03-05 10:00:00')): Sobol_t takes: 100.70442342758179
Stats for ('MARI', Timestamp('2013-03-05 10:00:00')): P10 takes: 0.03205466270446777
Stats for ('MARI', Timestamp('2013-03-05 10:00:00')): P90 takes: 0.031093597412109375
Stats: gPCE takes: 0.10329365730285645
Stats for ('MARI', Timestamp('2013-03-05 11:00:00')): E takes: 0.30370545387268066
Stats for ('MARI', Timestamp('2013-03-05 11:00:00')): Var takes: 57.83869457244873
Stats for ('MARI', Timestamp('2013-03-05 11:00:00')): StdDev takes: 57.819923877716064
Stats for ('MARI', Timestamp('2013-03-05 11:00:00')): Sobol_m takes: 59.08057522773743
Stats for ('MARI', Timestamp('2013-03-05 11:00:00')): Sobol_m2 takes: 68.59990429878235
Stats for ('MARI', Timestamp('2013-03-05 11:00:00')): Sobol_t takes: 100.82517647743225
Stats for ('MARI', Timestamp('2013-03-05 11:00:00')): P10 takes: 0.0314483642578125
Stats for ('MARI', Timestamp('2013-03-05 11:00:00')): P90 takes: 0.030927419662475586
Stats: gPCE takes: 0.10449671745300293
Stats for ('MARI', Timestamp('2013-03-05 12:00:00')): E takes: 0.3051731586456299
Stats for ('MARI', Timestamp('2013-03-05 12:00:00')): Var takes: 57.81249642372131
Stats for ('MARI', Timestamp('2013-03-05 12:00:00')): StdDev takes: 57.67753076553345
Stats for ('MARI', Timestamp('2013-03-05 12:00:00')): Sobol_m takes: 59.04932761192322
Stats for ('MARI', Timestamp('2013-03-05 12:00:00')): Sobol_m2 takes: 68.60905981063843
Stats for ('MARI', Timestamp('2013-03-05 12:00:00')): Sobol_t takes: 100.51875019073486
Stats for ('MARI', Timestamp('2013-03-05 12:00:00')): P10 takes: 0.031079530715942383
Stats for ('MARI', Timestamp('2013-03-05 12:00:00')): P90 takes: 0.031044483184814453
Stats: gPCE takes: 0.10378742218017578
Stats for ('MARI', Timestamp('2013-03-05 13:00:00')): E takes: 0.3032958507537842
Stats for ('MARI', Timestamp('2013-03-05 13:00:00')): Var takes: 57.72394919395447
Stats for ('MARI', Timestamp('2013-03-05 13:00:00')): StdDev takes: 57.79064607620239
Stats for ('MARI', Timestamp('2013-03-05 13:00:00')): Sobol_m takes: 59.20185995101929
Stats for ('MARI', Timestamp('2013-03-05 13:00:00')): Sobol_m2 takes: 68.69713163375854
Stats for ('MARI', Timestamp('2013-03-05 13:00:00')): Sobol_t takes: 100.60399508476257
Stats for ('MARI', Timestamp('2013-03-05 13:00:00')): P10 takes: 0.031096458435058594
Stats for ('MARI', Timestamp('2013-03-05 13:00:00')): P90 takes: 0.030915021896362305
Stats: gPCE takes: 0.10337066650390625
Stats for ('MARI', Timestamp('2013-03-05 14:00:00')): E takes: 0.30472469329833984
Stats for ('MARI', Timestamp('2013-03-05 14:00:00')): Var takes: 57.70915770530701
Stats for ('MARI', Timestamp('2013-03-05 14:00:00')): StdDev takes: 57.555904388427734
Stats for ('MARI', Timestamp('2013-03-05 14:00:00')): Sobol_m takes: 59.044212341308594
Stats for ('MARI', Timestamp('2013-03-05 14:00:00')): Sobol_m2 takes: 68.79838824272156
Stats for ('MARI', Timestamp('2013-03-05 14:00:00')): Sobol_t takes: 100.57686448097229
Stats for ('MARI', Timestamp('2013-03-05 14:00:00')): P10 takes: 0.03128528594970703
Stats for ('MARI', Timestamp('2013-03-05 14:00:00')): P90 takes: 0.030969619750976562
Stats: gPCE takes: 0.10337710380554199
Stats for ('MARI', Timestamp('2013-03-05 15:00:00')): E takes: 0.30524396896362305
Stats for ('MARI', Timestamp('2013-03-05 15:00:00')): Var takes: 57.69134187698364
Stats for ('MARI', Timestamp('2013-03-05 15:00:00')): StdDev takes: 57.71428298950195
Stats for ('MARI', Timestamp('2013-03-05 15:00:00')): Sobol_m takes: 59.1019344329834
Stats for ('MARI', Timestamp('2013-03-05 15:00:00')): Sobol_m2 takes: 68.75624656677246
Stats for ('MARI', Timestamp('2013-03-05 15:00:00')): Sobol_t takes: 100.71750974655151
Stats for ('MARI', Timestamp('2013-03-05 15:00:00')): P10 takes: 0.0312647819519043
Stats for ('MARI', Timestamp('2013-03-05 15:00:00')): P90 takes: 0.031017541885375977
Stats: gPCE takes: 0.10323333740234375
Stats for ('MARI', Timestamp('2013-03-05 16:00:00')): E takes: 0.303070068359375
Stats for ('MARI', Timestamp('2013-03-05 16:00:00')): Var takes: 57.698659896850586
Stats for ('MARI', Timestamp('2013-03-05 16:00:00')): StdDev takes: 57.71115064620972
Stats for ('MARI', Timestamp('2013-03-05 16:00:00')): Sobol_m takes: 59.140591621398926
Stats for ('MARI', Timestamp('2013-03-05 16:00:00')): Sobol_m2 takes: 68.56695699691772
Stats for ('MARI', Timestamp('2013-03-05 16:00:00')): Sobol_t takes: 100.4746458530426
Stats for ('MARI', Timestamp('2013-03-05 16:00:00')): P10 takes: 0.03116440773010254
Stats for ('MARI', Timestamp('2013-03-05 16:00:00')): P90 takes: 0.0305478572845459
Stats: gPCE takes: 0.10327506065368652
Stats for ('MARI', Timestamp('2013-03-05 17:00:00')): E takes: 0.3037264347076416
Stats for ('MARI', Timestamp('2013-03-05 17:00:00')): Var takes: 57.640703439712524
Stats for ('MARI', Timestamp('2013-03-05 17:00:00')): StdDev takes: 57.775336503982544
Stats for ('MARI', Timestamp('2013-03-05 17:00:00')): Sobol_m takes: 59.13666582107544
Stats for ('MARI', Timestamp('2013-03-05 17:00:00')): Sobol_m2 takes: 68.68153524398804
Stats for ('MARI', Timestamp('2013-03-05 17:00:00')): Sobol_t takes: 100.58845090866089
Stats for ('MARI', Timestamp('2013-03-05 17:00:00')): P10 takes: 0.03240227699279785
Stats for ('MARI', Timestamp('2013-03-05 17:00:00')): P90 takes: 0.030943632125854492
Stats: gPCE takes: 0.1027681827545166
Stats for ('MARI', Timestamp('2013-03-05 18:00:00')): E takes: 0.3023030757904053
Stats for ('MARI', Timestamp('2013-03-05 18:00:00')): Var takes: 57.65956711769104
Stats for ('MARI', Timestamp('2013-03-05 18:00:00')): StdDev takes: 57.72837591171265
Stats for ('MARI', Timestamp('2013-03-05 18:00:00')): Sobol_m takes: 59.13896918296814
Stats for ('MARI', Timestamp('2013-03-05 18:00:00')): Sobol_m2 takes: 68.69788599014282
Stats for ('MARI', Timestamp('2013-03-05 18:00:00')): Sobol_t takes: 100.4940710067749
Stats for ('MARI', Timestamp('2013-03-05 18:00:00')): P10 takes: 0.031082868576049805
Stats for ('MARI', Timestamp('2013-03-05 18:00:00')): P90 takes: 0.03082108497619629
Stats: gPCE takes: 0.10345101356506348
Stats for ('MARI', Timestamp('2013-03-05 19:00:00')): E takes: 0.3536796569824219
Stats for ('MARI', Timestamp('2013-03-05 19:00:00')): Var takes: 57.80884289741516
Stats for ('MARI', Timestamp('2013-03-05 19:00:00')): StdDev takes: 57.77573370933533
Stats for ('MARI', Timestamp('2013-03-05 19:00:00')): Sobol_m takes: 59.134793281555176
Stats for ('MARI', Timestamp('2013-03-05 19:00:00')): Sobol_m2 takes: 68.64853143692017
Stats for ('MARI', Timestamp('2013-03-05 19:00:00')): Sobol_t takes: 100.68465805053711
Stats for ('MARI', Timestamp('2013-03-05 19:00:00')): P10 takes: 0.0314028263092041
Stats for ('MARI', Timestamp('2013-03-05 19:00:00')): P90 takes: 0.030953407287597656
Stats: gPCE takes: 0.10326504707336426
Stats for ('MARI', Timestamp('2013-03-05 20:00:00')): E takes: 0.30332493782043457
Stats for ('MARI', Timestamp('2013-03-05 20:00:00')): Var takes: 57.65023422241211
Stats for ('MARI', Timestamp('2013-03-05 20:00:00')): StdDev takes: 57.59466314315796
Stats for ('MARI', Timestamp('2013-03-05 20:00:00')): Sobol_m takes: 58.99286079406738
Stats for ('MARI', Timestamp('2013-03-05 20:00:00')): Sobol_m2 takes: 68.50392365455627
Stats for ('MARI', Timestamp('2013-03-05 20:00:00')): Sobol_t takes: 100.68278312683105
Stats for ('MARI', Timestamp('2013-03-05 20:00:00')): P10 takes: 0.03149127960205078
Stats for ('MARI', Timestamp('2013-03-05 20:00:00')): P90 takes: 0.03103184700012207
Stats: gPCE takes: 0.10302853584289551
Stats for ('MARI', Timestamp('2013-03-05 21:00:00')): E takes: 0.30490612983703613
Stats for ('MARI', Timestamp('2013-03-05 21:00:00')): Var takes: 57.81104874610901
Stats for ('MARI', Timestamp('2013-03-05 21:00:00')): StdDev takes: 57.78262209892273
Stats for ('MARI', Timestamp('2013-03-05 21:00:00')): Sobol_m takes: 59.08817195892334
Stats for ('MARI', Timestamp('2013-03-05 21:00:00')): Sobol_m2 takes: 68.74781727790833
Stats for ('MARI', Timestamp('2013-03-05 21:00:00')): Sobol_t takes: 100.48029565811157
Stats for ('MARI', Timestamp('2013-03-05 21:00:00')): P10 takes: 0.031165122985839844
Stats for ('MARI', Timestamp('2013-03-05 21:00:00')): P90 takes: 0.030916690826416016
Stats: gPCE takes: 0.1030585765838623
Stats for ('MARI', Timestamp('2013-03-05 22:00:00')): E takes: 0.30506372451782227
Stats for ('MARI', Timestamp('2013-03-05 22:00:00')): Var takes: 57.776179790496826
Stats for ('MARI', Timestamp('2013-03-05 22:00:00')): StdDev takes: 57.687105655670166
Stats for ('MARI', Timestamp('2013-03-05 22:00:00')): Sobol_m takes: 59.131824254989624
Stats for ('MARI', Timestamp('2013-03-05 22:00:00')): Sobol_m2 takes: 68.78087902069092
Stats for ('MARI', Timestamp('2013-03-05 22:00:00')): Sobol_t takes: 100.64472126960754
Stats for ('MARI', Timestamp('2013-03-05 22:00:00')): P10 takes: 0.031191110610961914
Stats for ('MARI', Timestamp('2013-03-05 22:00:00')): P90 takes: 0.031082630157470703
Stats: gPCE takes: 0.1033318042755127
Stats for ('MARI', Timestamp('2013-03-05 23:00:00')): E takes: 0.302598237991333
Stats for ('MARI', Timestamp('2013-03-05 23:00:00')): Var takes: 57.654911279678345
Stats for ('MARI', Timestamp('2013-03-05 23:00:00')): StdDev takes: 57.75161600112915
Stats for ('MARI', Timestamp('2013-03-05 23:00:00')): Sobol_m takes: 59.15136528015137
Stats for ('MARI', Timestamp('2013-03-05 23:00:00')): Sobol_m2 takes: 68.58601236343384
Stats for ('MARI', Timestamp('2013-03-05 23:00:00')): Sobol_t takes: 100.54857230186462
Stats for ('MARI', Timestamp('2013-03-05 23:00:00')): P10 takes: 0.03112030029296875
Stats for ('MARI', Timestamp('2013-03-05 23:00:00')): P90 takes: 0.030859947204589844
Stats: gPCE takes: 0.10353899002075195
Stats for ('MARI', Timestamp('2013-03-06 00:00:00')): E takes: 0.3080883026123047
Stats for ('MARI', Timestamp('2013-03-06 00:00:00')): Var takes: 57.700690269470215
Stats for ('MARI', Timestamp('2013-03-06 00:00:00')): StdDev takes: 57.683363914489746
Stats for ('MARI', Timestamp('2013-03-06 00:00:00')): Sobol_m takes: 59.08235311508179
Stats for ('MARI', Timestamp('2013-03-06 00:00:00')): Sobol_m2 takes: 68.72619771957397
Stats for ('MARI', Timestamp('2013-03-06 00:00:00')): Sobol_t takes: 100.64370465278625
Stats for ('MARI', Timestamp('2013-03-06 00:00:00')): P10 takes: 0.03168225288391113
Stats for ('MARI', Timestamp('2013-03-06 00:00:00')): P90 takes: 0.03092169761657715
Stats: gPCE takes: 0.10362386703491211
Stats for ('MARI', Timestamp('2013-03-06 01:00:00')): E takes: 0.30518484115600586
Stats for ('MARI', Timestamp('2013-03-06 01:00:00')): Var takes: 57.88450264930725
Stats for ('MARI', Timestamp('2013-03-06 01:00:00')): StdDev takes: 57.65385723114014
Stats for ('MARI', Timestamp('2013-03-06 01:00:00')): Sobol_m takes: 59.07726788520813
Stats for ('MARI', Timestamp('2013-03-06 01:00:00')): Sobol_m2 takes: 68.59545516967773
Stats for ('MARI', Timestamp('2013-03-06 01:00:00')): Sobol_t takes: 100.54186797142029
Stats for ('MARI', Timestamp('2013-03-06 01:00:00')): P10 takes: 0.03137564659118652
Stats for ('MARI', Timestamp('2013-03-06 01:00:00')): P90 takes: 0.03087139129638672
Stats: gPCE takes: 0.10386538505554199
Stats for ('MARI', Timestamp('2013-03-06 02:00:00')): E takes: 0.3032360076904297
Stats for ('MARI', Timestamp('2013-03-06 02:00:00')): Var takes: 57.77957010269165
Stats for ('MARI', Timestamp('2013-03-06 02:00:00')): StdDev takes: 57.65993022918701
Stats for ('MARI', Timestamp('2013-03-06 02:00:00')): Sobol_m takes: 59.1411395072937
Stats for ('MARI', Timestamp('2013-03-06 02:00:00')): Sobol_m2 takes: 68.59889245033264
Stats for ('MARI', Timestamp('2013-03-06 02:00:00')): Sobol_t takes: 100.66653776168823
Stats for ('MARI', Timestamp('2013-03-06 02:00:00')): P10 takes: 0.031369924545288086
Stats for ('MARI', Timestamp('2013-03-06 02:00:00')): P90 takes: 0.031047582626342773
Stats: gPCE takes: 0.10311055183410645
Stats for ('MARI', Timestamp('2013-03-06 03:00:00')): E takes: 0.30257391929626465
Stats for ('MARI', Timestamp('2013-03-06 03:00:00')): Var takes: 57.7320613861084
Stats for ('MARI', Timestamp('2013-03-06 03:00:00')): StdDev takes: 57.77833151817322
Stats for ('MARI', Timestamp('2013-03-06 03:00:00')): Sobol_m takes: 59.14532828330994
Stats for ('MARI', Timestamp('2013-03-06 03:00:00')): Sobol_m2 takes: 68.74958729743958
Stats for ('MARI', Timestamp('2013-03-06 03:00:00')): Sobol_t takes: 100.57200241088867
Stats for ('MARI', Timestamp('2013-03-06 03:00:00')): P10 takes: 0.03154563903808594
Stats for ('MARI', Timestamp('2013-03-06 03:00:00')): P90 takes: 0.030975818634033203
Stats: gPCE takes: 0.1029200553894043
Stats for ('MARI', Timestamp('2013-03-06 04:00:00')): E takes: 0.35567641258239746
Stats for ('MARI', Timestamp('2013-03-06 04:00:00')): Var takes: 57.59371852874756
Stats for ('MARI', Timestamp('2013-03-06 04:00:00')): StdDev takes: 57.72793245315552
Stats for ('MARI', Timestamp('2013-03-06 04:00:00')): Sobol_m takes: 59.09511208534241
Stats for ('MARI', Timestamp('2013-03-06 04:00:00')): Sobol_m2 takes: 68.76832723617554
Stats for ('MARI', Timestamp('2013-03-06 04:00:00')): Sobol_tslurmstepd: error: *** JOB 365763 ON mpp2r08c01s09 CANCELLED AT 2020-01-11T14:05:08 ***
