python/3.6_intel (INFO):
    Loading this module may cause the environment generated by other
    modules to become inconsistent; however it should work together
    with the Intel compilers, tools and libraries.
---- start sim: Sat Dec 21 07:43:36 CET 2019
MPI version: Intel(R) MPI Library 2018 Update 4 for Linux* OS

MPI2 version: (3, 1)
MPI3 version: 3
mpi4py version: 3.0.3
rank 0: starttime: 2019.12.21 07:43:43
dir: /dss/dsshome1/lxc01/di73wal/work/simulation/diss.larsim/Larsim-UQ.git/../larsim_runs/0122_sim
dir: /dss/dsshome1/lxc01/di73wal/work/simulation/diss.larsim/Larsim-UQ.git/../larsim_runs/0122_sim
['/dss/dsshome1/lxc01/di73wal/work/simulation/diss.larsim/Larsim-UQ.git/../larsim_runs/0122_sim/uqsim.saved']
parsing args...
rank: 0 is master!
rank: 0 is master!
UQsim: restore from file: True
rank: 0 exit
uqsim.args.disable_statistics: True
calculate statistics [LarsimStatistics]...
Stats: samplesData Frame with All the simulation results : Index_run                   int64
Stationskennung            object
Type                       object
TimeStamp          datetime64[ns]
Value                     float64
dtype: object
Stationskennung            object
Type                       object
TimeStamp          datetime64[ns]
Index_run                   int64
Value                     float64
dtype: object
 takes: 1.3388135433197021
timesteps Info
<class 'numpy.ndarray'>
numbTimesteps is: 60
Stats: gPCE takes: 0.0047991275787353516
Stats for ('LOHB', Timestamp('2013-03-01 00:00:00')): E takes: 0.02211928367614746
Stats for ('LOHB', Timestamp('2013-03-01 00:00:00')): Var takes: 0.4511263370513916
Stats for ('LOHB', Timestamp('2013-03-01 00:00:00')): StdDev takes: 0.4497699737548828
Stats for ('LOHB', Timestamp('2013-03-01 00:00:00')): Sobol_m takes: 0.5928633213043213
Stats for ('LOHB', Timestamp('2013-03-01 00:00:00')): Sobol_m2 takes: 1.1280419826507568
Stats for ('LOHB', Timestamp('2013-03-01 00:00:00')): Sobol_t takes: 1.2907397747039795
Stats for ('LOHB', Timestamp('2013-03-01 00:00:00')): P10 takes: 0.00973057746887207
Stats for ('LOHB', Timestamp('2013-03-01 00:00:00')): P90 takes: 0.009223461151123047
Stats: gPCE takes: 0.0047454833984375
Stats for ('LOHB', Timestamp('2013-03-02 00:00:00')): E takes: 0.024553537368774414
Stats for ('LOHB', Timestamp('2013-03-02 00:00:00')): Var takes: 0.5248243808746338
Stats for ('LOHB', Timestamp('2013-03-02 00:00:00')): StdDev takes: 0.5250589847564697
Stats for ('LOHB', Timestamp('2013-03-02 00:00:00')): Sobol_m takes: 0.675706148147583
Stats for ('LOHB', Timestamp('2013-03-02 00:00:00')): Sobol_m2 takes: 1.2511072158813477
Stats for ('LOHB', Timestamp('2013-03-02 00:00:00')): Sobol_t takes: 1.4859178066253662
Stats for ('LOHB', Timestamp('2013-03-02 00:00:00')): P10 takes: 0.009405136108398438
Stats for ('LOHB', Timestamp('2013-03-02 00:00:00')): P90 takes: 0.009360074996948242
Stats: gPCE takes: 0.004850149154663086
Stats for ('LOHB', Timestamp('2013-03-03 00:00:00')): E takes: 0.023657798767089844
Stats for ('LOHB', Timestamp('2013-03-03 00:00:00')): Var takes: 0.522986650466919
Stats for ('LOHB', Timestamp('2013-03-03 00:00:00')): StdDev takes: 0.5228667259216309
Stats for ('LOHB', Timestamp('2013-03-03 00:00:00')): Sobol_m takes: 0.6738946437835693
Stats for ('LOHB', Timestamp('2013-03-03 00:00:00')): Sobol_m2 takes: 1.247734546661377
Stats for ('LOHB', Timestamp('2013-03-03 00:00:00')): Sobol_t takes: 1.4654695987701416
Stats for ('LOHB', Timestamp('2013-03-03 00:00:00')): P10 takes: 0.00939631462097168
Stats for ('LOHB', Timestamp('2013-03-03 00:00:00')): P90 takes: 0.009354352951049805
Stats: gPCE takes: 0.00484156608581543
Stats for ('LOHB', Timestamp('2013-03-04 00:00:00')): E takes: 0.02386331558227539
Stats for ('LOHB', Timestamp('2013-03-04 00:00:00')): Var takes: 0.5272066593170166
Stats for ('LOHB', Timestamp('2013-03-04 00:00:00')): StdDev takes: 0.5279018878936768
Stats for ('LOHB', Timestamp('2013-03-04 00:00:00')): Sobol_m takes: 0.6785335540771484
Stats for ('LOHB', Timestamp('2013-03-04 00:00:00')): Sobol_m2 takes: 1.2578949928283691
Stats for ('LOHB', Timestamp('2013-03-04 00:00:00')): Sobol_t takes: 1.4691858291625977
Stats for ('LOHB', Timestamp('2013-03-04 00:00:00')): P10 takes: 0.009464025497436523
Stats for ('LOHB', Timestamp('2013-03-04 00:00:00')): P90 takes: 0.00932168960571289
Stats: gPCE takes: 0.004719257354736328
Stats for ('LOHB', Timestamp('2013-03-05 00:00:00')): E takes: 0.022041797637939453
Stats for ('LOHB', Timestamp('2013-03-05 00:00:00')): Var takes: 0.4548633098602295
Stats for ('LOHB', Timestamp('2013-03-05 00:00:00')): StdDev takes: 0.45378589630126953
Stats for ('LOHB', Timestamp('2013-03-05 00:00:00')): Sobol_m takes: 0.5977821350097656
Stats for ('LOHB', Timestamp('2013-03-05 00:00:00')): Sobol_m2 takes: 1.1612040996551514
Stats for ('LOHB', Timestamp('2013-03-05 00:00:00')): Sobol_t takes: 1.285367727279663
Stats for ('LOHB', Timestamp('2013-03-05 00:00:00')): P10 takes: 0.009339332580566406
Stats for ('LOHB', Timestamp('2013-03-05 00:00:00')): P90 takes: 0.009227275848388672
Stats: gPCE takes: 0.004607200622558594
Stats for ('LOHB', Timestamp('2013-03-06 00:00:00')): E takes: 0.021886110305786133
Stats for ('LOHB', Timestamp('2013-03-06 00:00:00')): Var takes: 0.45082783699035645
Stats for ('LOHB', Timestamp('2013-03-06 00:00:00')): StdDev takes: 0.4506680965423584
Stats for ('LOHB', Timestamp('2013-03-06 00:00:00')): Sobol_m takes: 0.5934336185455322
Stats for ('LOHB', Timestamp('2013-03-06 00:00:00')): Sobol_m2 takes: 1.1333580017089844
Stats for ('LOHB', Timestamp('2013-03-06 00:00:00')): Sobol_t takes: 1.2973592281341553
Stats for ('LOHB', Timestamp('2013-03-06 00:00:00')): P10 takes: 0.009202718734741211
Stats for ('LOHB', Timestamp('2013-03-06 00:00:00')): P90 takes: 0.009258031845092773
Stats: gPCE takes: 0.0047304630279541016
Stats for ('LOHB', Timestamp('2013-03-07 00:00:00')): E takes: 0.023929595947265625
Stats for ('LOHB', Timestamp('2013-03-07 00:00:00')): Var takes: 0.5303831100463867
Stats for ('LOHB', Timestamp('2013-03-07 00:00:00')): StdDev takes: 0.527677059173584
Stats for ('LOHB', Timestamp('2013-03-07 00:00:00')): Sobol_m takes: 0.6784441471099854
Stats for ('LOHB', Timestamp('2013-03-07 00:00:00')): Sobol_m2 takes: 1.2535536289215088
Stats for ('LOHB', Timestamp('2013-03-07 00:00:00')): Sobol_t takes: 1.46893310546875
Stats for ('LOHB', Timestamp('2013-03-07 00:00:00')): P10 takes: 0.009322404861450195
Stats for ('LOHB', Timestamp('2013-03-07 00:00:00')): P90 takes: 0.009460926055908203
Stats: gPCE takes: 0.004715919494628906
Stats for ('LOHB', Timestamp('2013-03-08 00:00:00')): E takes: 0.023849964141845703
Stats for ('LOHB', Timestamp('2013-03-08 00:00:00')): Var takes: 0.5266664028167725
Stats for ('LOHB', Timestamp('2013-03-08 00:00:00')): StdDev takes: 0.5272049903869629
Stats for ('LOHB', Timestamp('2013-03-08 00:00:00')): Sobol_m takes: 0.7024040222167969
Stats for ('LOHB', Timestamp('2013-03-08 00:00:00')): Sobol_m2 takes: 1.2410776615142822
Stats for ('LOHB', Timestamp('2013-03-08 00:00:00')): Sobol_t takes: 1.4647068977355957
Stats for ('LOHB', Timestamp('2013-03-08 00:00:00')): P10 takes: 0.00935053825378418
Stats for ('LOHB', Timestamp('2013-03-08 00:00:00')): P90 takes: 0.009358882904052734
Stats: gPCE takes: 0.004809856414794922
Stats for ('LOHB', Timestamp('2013-03-09 00:00:00')): E takes: 0.02509307861328125
Stats for ('LOHB', Timestamp('2013-03-09 00:00:00')): Var takes: 0.5259120464324951
Stats for ('LOHB', Timestamp('2013-03-09 00:00:00')): StdDev takes: 0.5268282890319824
Stats for ('LOHB', Timestamp('2013-03-09 00:00:00')): Sobol_m takes: 0.6764469146728516
Stats for ('LOHB', Timestamp('2013-03-09 00:00:00')): Sobol_m2 takes: 1.2527449131011963
Stats for ('LOHB', Timestamp('2013-03-09 00:00:00')): Sobol_t takes: 1.4704911708831787
Stats for ('LOHB', Timestamp('2013-03-09 00:00:00')): P10 takes: 0.009366273880004883
Stats for ('LOHB', Timestamp('2013-03-09 00:00:00')): P90 takes: 0.00935983657836914
Stats: gPCE takes: 0.00472569465637207
Stats for ('LOHB', Timestamp('2013-03-10 00:00:00')): E takes: 0.023966550827026367
Stats for ('LOHB', Timestamp('2013-03-10 00:00:00')): Var takes: 0.5282070636749268
Stats for ('LOHB', Timestamp('2013-03-10 00:00:00')): StdDev takes: 0.5281596183776855
Stats for ('LOHB', Timestamp('2013-03-10 00:00:00')): Sobol_m takes: 0.6776597499847412
Stats for ('LOHB', Timestamp('2013-03-10 00:00:00')): Sobol_m2 takes: 1.254547119140625
Stats for ('LOHB', Timestamp('2013-03-10 00:00:00')): Sobol_t takes: 1.4921479225158691
Stats for ('LOHB', Timestamp('2013-03-10 00:00:00')): P10 takes: 0.009479522705078125
Stats for ('LOHB', Timestamp('2013-03-10 00:00:00')): P90 takes: 0.00938272476196289
Stats: gPCE takes: 0.004743099212646484
Stats for ('LOHB', Timestamp('2013-03-11 00:00:00')): E takes: 0.023695945739746094
Stats for ('LOHB', Timestamp('2013-03-11 00:00:00')): Var takes: 0.5227699279785156
Stats for ('LOHB', Timestamp('2013-03-11 00:00:00')): StdDev takes: 0.5245733261108398
Stats for ('LOHB', Timestamp('2013-03-11 00:00:00')): Sobol_m takes: 0.6726655960083008
Stats for ('LOHB', Timestamp('2013-03-11 00:00:00')): Sobol_m2 takes: 1.2488775253295898
Stats for ('LOHB', Timestamp('2013-03-11 00:00:00')): Sobol_t takes: 1.465017318725586
Stats for ('LOHB', Timestamp('2013-03-11 00:00:00')): P10 takes: 0.009366035461425781
Stats for ('LOHB', Timestamp('2013-03-11 00:00:00')): P90 takes: 0.009273052215576172
Stats: gPCE takes: 0.004853963851928711
Stats for ('LOHB', Timestamp('2013-03-12 00:00:00')): E takes: 0.023760318756103516
Stats for ('LOHB', Timestamp('2013-03-12 00:00:00')): Var takes: 0.5250546932220459
Stats for ('LOHB', Timestamp('2013-03-12 00:00:00')): StdDev takes: 0.5261571407318115
Stats for ('LOHB', Timestamp('2013-03-12 00:00:00')): Sobol_m takes: 0.6764178276062012
Stats for ('LOHB', Timestamp('2013-03-12 00:00:00')): Sobol_m2 takes: 1.2517433166503906
Stats for ('LOHB', Timestamp('2013-03-12 00:00:00')): Sobol_t takes: 1.467456579208374
Stats for ('LOHB', Timestamp('2013-03-12 00:00:00')): P10 takes: 0.009430408477783203
Stats for ('LOHB', Timestamp('2013-03-12 00:00:00')): P90 takes: 0.00936126708984375
Stats: gPCE takes: 0.00491023063659668
Stats for ('LOHB', Timestamp('2013-03-13 00:00:00')): E takes: 0.02406167984008789
Stats for ('LOHB', Timestamp('2013-03-13 00:00:00')): Var takes: 0.5270934104919434
Stats for ('LOHB', Timestamp('2013-03-13 00:00:00')): StdDev takes: 0.5270974636077881
Stats for ('LOHB', Timestamp('2013-03-13 00:00:00')): Sobol_m takes: 0.6771748065948486
Stats for ('LOHB', Timestamp('2013-03-13 00:00:00')): Sobol_m2 takes: 1.2715849876403809
Stats for ('LOHB', Timestamp('2013-03-13 00:00:00')): Sobol_t takes: 1.4552030563354492
Stats for ('LOHB', Timestamp('2013-03-13 00:00:00')): P10 takes: 0.009391546249389648
Stats for ('LOHB', Timestamp('2013-03-13 00:00:00')): P90 takes: 0.00933218002319336
Stats: gPCE takes: 0.0047566890716552734
Stats for ('LOHB', Timestamp('2013-03-14 00:00:00')): E takes: 0.023749589920043945
Stats for ('LOHB', Timestamp('2013-03-14 00:00:00')): Var takes: 0.5238983631134033
Stats for ('LOHB', Timestamp('2013-03-14 00:00:00')): StdDev takes: 0.5254836082458496
Stats for ('LOHB', Timestamp('2013-03-14 00:00:00')): Sobol_m takes: 0.6754753589630127
Stats for ('LOHB', Timestamp('2013-03-14 00:00:00')): Sobol_m2 takes: 1.2504689693450928
Stats for ('LOHB', Timestamp('2013-03-14 00:00:00')): Sobol_t takes: 1.4653289318084717
Stats for ('LOHB', Timestamp('2013-03-14 00:00:00')): P10 takes: 0.009347200393676758
Stats for ('LOHB', Timestamp('2013-03-14 00:00:00')): P90 takes: 0.009333610534667969
Stats: gPCE takes: 0.0047457218170166016
Stats for ('LOHB', Timestamp('2013-03-15 00:00:00')): E takes: 0.023905277252197266
Stats for ('LOHB', Timestamp('2013-03-15 00:00:00')): Var takes: 0.5268406867980957
Stats for ('LOHB', Timestamp('2013-03-15 00:00:00')): StdDev takes: 0.5265183448791504
Stats for ('LOHB', Timestamp('2013-03-15 00:00:00')): Sobol_m takes: 0.6775026321411133
Stats for ('LOHB', Timestamp('2013-03-15 00:00:00')): Sobol_m2 takes: 1.2541084289550781
Stats for ('LOHB', Timestamp('2013-03-15 00:00:00')): Sobol_t takes: 1.4700164794921875
Stats for ('LOHB', Timestamp('2013-03-15 00:00:00')): P10 takes: 0.009255409240722656
Stats for ('LOHB', Timestamp('2013-03-15 00:00:00')): P90 takes: 0.009432554244995117
Stats: gPCE takes: 0.0048329830169677734
Stats for ('LOHB', Timestamp('2013-03-16 00:00:00')): E takes: 0.023995399475097656
Stats for ('LOHB', Timestamp('2013-03-16 00:00:00')): Var takes: 0.5520317554473877
Stats for ('LOHB', Timestamp('2013-03-16 00:00:00')): StdDev takes: 0.5211095809936523
Stats for ('LOHB', Timestamp('2013-03-16 00:00:00')): Sobol_m takes: 0.6715612411499023
Stats for ('LOHB', Timestamp('2013-03-16 00:00:00')): Sobol_m2 takes: 1.245673418045044
Stats for ('LOHB', Timestamp('2013-03-16 00:00:00')): Sobol_t takes: 1.4615237712860107
Stats for ('LOHB', Timestamp('2013-03-16 00:00:00')): P10 takes: 0.009441375732421875
Stats for ('LOHB', Timestamp('2013-03-16 00:00:00')): P90 takes: 0.009401082992553711
Stats: gPCE takes: 0.004884481430053711
Stats for ('LOHB', Timestamp('2013-03-17 00:00:00')): E takes: 0.023851871490478516
Stats for ('LOHB', Timestamp('2013-03-17 00:00:00')): Var takes: 0.5250723361968994
Stats for ('LOHB', Timestamp('2013-03-17 00:00:00')): StdDev takes: 0.5254757404327393
Stats for ('LOHB', Timestamp('2013-03-17 00:00:00')): Sobol_m takes: 0.6753213405609131
Stats for ('LOHB', Timestamp('2013-03-17 00:00:00')): Sobol_m2 takes: 1.2509477138519287
Stats for ('LOHB', Timestamp('2013-03-17 00:00:00')): Sobol_t takes: 1.4740979671478271
Stats for ('LOHB', Timestamp('2013-03-17 00:00:00')): P10 takes: 0.009521722793579102
Stats for ('LOHB', Timestamp('2013-03-17 00:00:00')): P90 takes: 0.009437084197998047
Stats: gPCE takes: 0.004794597625732422
Stats for ('LOHB', Timestamp('2013-03-18 00:00:00')): E takes: 0.02410745620727539
Stats for ('LOHB', Timestamp('2013-03-18 00:00:00')): Var takes: 0.5317859649658203
Stats for ('LOHB', Timestamp('2013-03-18 00:00:00')): StdDev takes: 0.5312516689300537
Stats for ('LOHB', Timestamp('2013-03-18 00:00:00')): Sobol_m takes: 0.677753210067749
Stats for ('LOHB', Timestamp('2013-03-18 00:00:00')): Sobol_m2 takes: 1.2799556255340576
Stats for ('LOHB', Timestamp('2013-03-18 00:00:00')): Sobol_t takes: 1.4546656608581543
Stats for ('LOHB', Timestamp('2013-03-18 00:00:00')): P10 takes: 0.009493112564086914
Stats for ('LOHB', Timestamp('2013-03-18 00:00:00')): P90 takes: 0.00925135612487793
Stats: gPCE takes: 0.004836559295654297
Stats for ('LOHB', Timestamp('2013-03-19 00:00:00')): E takes: 0.02367997169494629
Stats for ('LOHB', Timestamp('2013-03-19 00:00:00')): Var takes: 0.5223875045776367
Stats for ('LOHB', Timestamp('2013-03-19 00:00:00')): StdDev takes: 0.5235328674316406
Stats for ('LOHB', Timestamp('2013-03-19 00:00:00')): Sobol_m takes: 0.6733443737030029
Stats for ('LOHB', Timestamp('2013-03-19 00:00:00')): Sobol_m2 takes: 1.2501678466796875
Stats for ('LOHB', Timestamp('2013-03-19 00:00:00')): Sobol_t takes: 1.4644758701324463
Stats for ('LOHB', Timestamp('2013-03-19 00:00:00')): P10 takes: 0.009384870529174805
Stats for ('LOHB', Timestamp('2013-03-19 00:00:00')): P90 takes: 0.009238719940185547
Stats: gPCE takes: 0.00484776496887207
Stats for ('LOHB', Timestamp('2013-03-20 00:00:00')): E takes: 0.023884296417236328
Stats for ('LOHB', Timestamp('2013-03-20 00:00:00')): Var takes: 0.5264532566070557
Stats for ('LOHB', Timestamp('2013-03-20 00:00:00')): StdDev takes: 0.5262472629547119
Stats for ('LOHB', Timestamp('2013-03-20 00:00:00')): Sobol_m takes: 0.676945686340332
Stats for ('LOHB', Timestamp('2013-03-20 00:00:00')): Sobol_m2 takes: 1.2554495334625244
Stats for ('LOHB', Timestamp('2013-03-20 00:00:00')): Sobol_t takes: 1.4712622165679932
Stats for ('LOHB', Timestamp('2013-03-20 00:00:00')): P10 takes: 0.009369373321533203
Stats for ('LOHB', Timestamp('2013-03-20 00:00:00')): P90 takes: 0.009421586990356445
Stats: gPCE takes: 0.004856586456298828
Stats for ('LOHB', Timestamp('2013-03-21 00:00:00')): E takes: 0.023946762084960938
Stats for ('LOHB', Timestamp('2013-03-21 00:00:00')): Var takes: 0.527768611907959
Stats for ('LOHB', Timestamp('2013-03-21 00:00:00')): StdDev takes: 0.5577728748321533
Stats for ('LOHB', Timestamp('2013-03-21 00:00:00')): Sobol_m takes: 0.6699662208557129
Stats for ('LOHB', Timestamp('2013-03-21 00:00:00')): Sobol_m2 takes: 1.2416400909423828
Stats for ('LOHB', Timestamp('2013-03-21 00:00:00')): Sobol_t takes: 1.461573839187622
Stats for ('LOHB', Timestamp('2013-03-21 00:00:00')): P10 takes: 0.009366512298583984
Stats for ('LOHB', Timestamp('2013-03-21 00:00:00')): P90 takes: 0.009338855743408203
Stats: gPCE takes: 0.00486445426940918
Stats for ('LOHB', Timestamp('2013-03-22 00:00:00')): E takes: 0.023814916610717773
Stats for ('LOHB', Timestamp('2013-03-22 00:00:00')): Var takes: 0.5254757404327393
Stats for ('LOHB', Timestamp('2013-03-22 00:00:00')): StdDev takes: 0.5260860919952393
Stats for ('LOHB', Timestamp('2013-03-22 00:00:00')): Sobol_m takes: 0.6770017147064209
Stats for ('LOHB', Timestamp('2013-03-22 00:00:00')): Sobol_m2 takes: 1.251183032989502
Stats for ('LOHB', Timestamp('2013-03-22 00:00:00')): Sobol_t takes: 1.4665675163269043
Stats for ('LOHB', Timestamp('2013-03-22 00:00:00')): P10 takes: 0.009358644485473633
Stats for ('LOHB', Timestamp('2013-03-22 00:00:00')): P90 takes: 0.009285688400268555
Stats: gPCE takes: 0.00486302375793457
Stats for ('LOHB', Timestamp('2013-03-23 00:00:00')): E takes: 0.023895263671875
Stats for ('LOHB', Timestamp('2013-03-23 00:00:00')): Var takes: 0.5270302295684814
Stats for ('LOHB', Timestamp('2013-03-23 00:00:00')): StdDev takes: 0.5269889831542969
Stats for ('LOHB', Timestamp('2013-03-23 00:00:00')): Sobol_m takes: 0.676710844039917
Stats for ('LOHB', Timestamp('2013-03-23 00:00:00')): Sobol_m2 takes: 1.2534456253051758
Stats for ('LOHB', Timestamp('2013-03-23 00:00:00')): Sobol_t takes: 1.4899544715881348
Stats for ('LOHB', Timestamp('2013-03-23 00:00:00')): P10 takes: 0.009261131286621094
Stats for ('LOHB', Timestamp('2013-03-23 00:00:00')): P90 takes: 0.009318113327026367
Stats: gPCE takes: 0.004866600036621094
Stats for ('LOHB', Timestamp('2013-03-24 00:00:00')): E takes: 0.02367687225341797
Stats for ('LOHB', Timestamp('2013-03-24 00:00:00')): Var takes: 0.522108793258667
Stats for ('LOHB', Timestamp('2013-03-24 00:00:00')): StdDev takes: 0.523606538772583
Stats for ('LOHB', Timestamp('2013-03-24 00:00:00')): Sobol_m takes: 0.6726691722869873
Stats for ('LOHB', Timestamp('2013-03-24 00:00:00')): Sobol_m2 takes: 1.2498855590820312
Stats for ('LOHB', Timestamp('2013-03-24 00:00:00')): Sobol_t takes: 1.4665727615356445
Stats for ('LOHB', Timestamp('2013-03-24 00:00:00')): P10 takes: 0.00928807258605957
Stats for ('LOHB', Timestamp('2013-03-24 00:00:00')): P90 takes: 0.009497642517089844
Stats: gPCE takes: 0.004823207855224609
Stats for ('LOHB', Timestamp('2013-03-25 00:00:00')): E takes: 0.023819446563720703
Stats for ('LOHB', Timestamp('2013-03-25 00:00:00')): Var takes: 0.5268487930297852
Stats for ('LOHB', Timestamp('2013-03-25 00:00:00')): StdDev takes: 0.5268995761871338
Stats for ('LOHB', Timestamp('2013-03-25 00:00:00')): Sobol_m takes: 0.6779928207397461
Stats for ('LOHB', Timestamp('2013-03-25 00:00:00')): Sobol_m2 takes: 1.25274658203125
Stats for ('LOHB', Timestamp('2013-03-25 00:00:00')): Sobol_t takes: 1.4680943489074707
Stats for ('LOHB', Timestamp('2013-03-25 00:00:00')): P10 takes: 0.009288311004638672
Stats for ('LOHB', Timestamp('2013-03-25 00:00:00')): P90 takes: 0.009255647659301758
Stats: gPCE takes: 0.0046536922454833984
Stats for ('LOHB', Timestamp('2013-03-26 00:00:00')): E takes: 0.023905277252197266
Stats for ('LOHB', Timestamp('2013-03-26 00:00:00')): Var takes: 0.5265660285949707
Stats for ('LOHB', Timestamp('2013-03-26 00:00:00')): StdDev takes: 0.5273070335388184
Stats for ('LOHB', Timestamp('2013-03-26 00:00:00')): Sobol_m takes: 0.6783461570739746
Stats for ('LOHB', Timestamp('2013-03-26 00:00:00')): Sobol_m2 takes: 1.2752764225006104
Stats for ('LOHB', Timestamp('2013-03-26 00:00:00')): Sobol_t takes: 1.4573535919189453
Stats for ('LOHB', Timestamp('2013-03-26 00:00:00')): P10 takes: 0.009486913681030273
Stats for ('LOHB', Timestamp('2013-03-26 00:00:00')): P90 takes: 0.00946044921875
Stats: gPCE takes: 0.004644155502319336
Stats for ('LOHB', Timestamp('2013-03-27 00:00:00')): E takes: 0.023749351501464844
Stats for ('LOHB', Timestamp('2013-03-27 00:00:00')): Var takes: 0.5245494842529297
Stats for ('LOHB', Timestamp('2013-03-27 00:00:00')): StdDev takes: 0.5255177021026611
Stats for ('LOHB', Timestamp('2013-03-27 00:00:00')): Sobol_m takes: 0.6750760078430176
Stats for ('LOHB', Timestamp('2013-03-27 00:00:00')): Sobol_m2 takes: 1.249488115310669
Stats for ('LOHB', Timestamp('2013-03-27 00:00:00')): Sobol_t takes: 1.4668822288513184
Stats for ('LOHB', Timestamp('2013-03-27 00:00:00')): P10 takes: 0.00938868522644043
Stats for ('LOHB', Timestamp('2013-03-27 00:00:00')): P90 takes: 0.009382009506225586
Stats: gPCE takes: 0.0047626495361328125
Stats for ('LOHB', Timestamp('2013-03-28 00:00:00')): E takes: 0.023908615112304688
Stats for ('LOHB', Timestamp('2013-03-28 00:00:00')): Var takes: 0.527508020401001
Stats for ('LOHB', Timestamp('2013-03-28 00:00:00')): StdDev takes: 0.5271496772766113
Stats for ('LOHB', Timestamp('2013-03-28 00:00:00')): Sobol_m takes: 0.6776645183563232
Stats for ('LOHB', Timestamp('2013-03-28 00:00:00')): Sobol_m2 takes: 1.2554619312286377
Stats for ('LOHB', Timestamp('2013-03-28 00:00:00')): Sobol_t takes: 1.470874309539795
Stats for ('LOHB', Timestamp('2013-03-28 00:00:00')): P10 takes: 0.009263992309570312
Stats for ('LOHB', Timestamp('2013-03-28 00:00:00')): P90 takes: 0.009374856948852539
Stats: gPCE takes: 0.004893302917480469
Stats for ('LOHB', Timestamp('2013-03-29 00:00:00')): E takes: 0.023943185806274414
Stats for ('LOHB', Timestamp('2013-03-29 00:00:00')): Var takes: 0.5552933216094971
Stats for ('LOHB', Timestamp('2013-03-29 00:00:00')): StdDev takes: 0.5206952095031738
Stats for ('LOHB', Timestamp('2013-03-29 00:00:00')): Sobol_m takes: 0.6701290607452393
Stats for ('LOHB', Timestamp('2013-03-29 00:00:00')): Sobol_m2 takes: 1.2446973323822021
Stats for ('LOHB', Timestamp('2013-03-29 00:00:00')): Sobol_t takes: 1.4639999866485596
Stats for ('LOHB', Timestamp('2013-03-29 00:00:00')): P10 takes: 0.009479522705078125
Stats for ('LOHB', Timestamp('2013-03-29 00:00:00')): P90 takes: 0.009514570236206055
Stats: gPCE takes: 0.00483393669128418
Stats for ('LOHB', Timestamp('2013-03-30 00:00:00')): E takes: 0.023816823959350586
Stats for ('LOHB', Timestamp('2013-03-30 00:00:00')): Var takes: 0.5261054039001465
Stats for ('LOHB', Timestamp('2013-03-30 00:00:00')): StdDev takes: 0.5269019603729248
Stats for ('LOHB', Timestamp('2013-03-30 00:00:00')): Sobol_m takes: 0.6762309074401855
Stats for ('LOHB', Timestamp('2013-03-30 00:00:00')): Sobol_m2 takes: 1.2512540817260742
Stats for ('LOHB', Timestamp('2013-03-30 00:00:00')): Sobol_t takes: 1.4672558307647705
Stats for ('LOHB', Timestamp('2013-03-30 00:00:00')): P10 takes: 0.009331703186035156
Stats for ('LOHB', Timestamp('2013-03-30 00:00:00')): P90 takes: 0.009382963180541992
Stats: gPCE takes: 0.004759788513183594
Stats for ('LOHB', Timestamp('2013-03-31 00:00:00')): E takes: 0.023841381072998047
Stats for ('LOHB', Timestamp('2013-03-31 00:00:00')): Var takes: 0.5258495807647705
Stats for ('LOHB', Timestamp('2013-03-31 00:00:00')): StdDev takes: 0.5260646343231201
Stats for ('LOHB', Timestamp('2013-03-31 00:00:00')): Sobol_m takes: 0.6763639450073242
Stats for ('LOHB', Timestamp('2013-03-31 00:00:00')): Sobol_m2 takes: 1.2536399364471436
Stats for ('LOHB', Timestamp('2013-03-31 00:00:00')): Sobol_t takes: 1.483738899230957
Stats for ('LOHB', Timestamp('2013-03-31 00:00:00')): P10 takes: 0.0093994140625
Stats for ('LOHB', Timestamp('2013-03-31 00:00:00')): P90 takes: 0.009390115737915039
Stats: gPCE takes: 0.004749298095703125
Stats for ('LOHB', Timestamp('2013-04-01 00:00:00')): E takes: 0.0237276554107666
Stats for ('LOHB', Timestamp('2013-04-01 00:00:00')): Var takes: 0.5230858325958252
Stats for ('LOHB', Timestamp('2013-04-01 00:00:00')): StdDev takes: 0.5233931541442871
Stats for ('LOHB', Timestamp('2013-04-01 00:00:00')): Sobol_m takes: 0.6740429401397705
Stats for ('LOHB', Timestamp('2013-04-01 00:00:00')): Sobol_m2 takes: 1.2528157234191895
Stats for ('LOHB', Timestamp('2013-04-01 00:00:00')): Sobol_t takes: 1.4663021564483643
Stats for ('LOHB', Timestamp('2013-04-01 00:00:00')): P10 takes: 0.009212255477905273
Stats for ('LOHB', Timestamp('2013-04-01 00:00:00')): P90 takes: 0.009365320205688477
Stats: gPCE takes: 0.00484013557434082
Stats for ('LOHB', Timestamp('2013-04-02 00:00:00')): E takes: 0.023909807205200195
Stats for ('LOHB', Timestamp('2013-04-02 00:00:00')): Var takes: 0.5262966156005859
Stats for ('LOHB', Timestamp('2013-04-02 00:00:00')): StdDev takes: 0.5272164344787598
Stats for ('LOHB', Timestamp('2013-04-02 00:00:00')): Sobol_m takes: 0.6774346828460693
Stats for ('LOHB', Timestamp('2013-04-02 00:00:00')): Sobol_m2 takes: 1.2518470287322998
Stats for ('LOHB', Timestamp('2013-04-02 00:00:00')): Sobol_t takes: 1.467693567276001
Stats for ('LOHB', Timestamp('2013-04-02 00:00:00')): P10 takes: 0.009433269500732422
Stats for ('LOHB', Timestamp('2013-04-02 00:00:00')): P90 takes: 0.009365558624267578
Stats: gPCE takes: 0.004842996597290039
Stats for ('LOHB', Timestamp('2013-04-03 00:00:00')): E takes: 0.02393364906311035
Stats for ('LOHB', Timestamp('2013-04-03 00:00:00')): Var takes: 0.5272507667541504
Stats for ('LOHB', Timestamp('2013-04-03 00:00:00')): StdDev takes: 0.5277485847473145
Stats for ('LOHB', Timestamp('2013-04-03 00:00:00')): Sobol_m takes: 0.703568696975708
Stats for ('LOHB', Timestamp('2013-04-03 00:00:00')): Sobol_m2 takes: 1.242764949798584
Stats for ('LOHB', Timestamp('2013-04-03 00:00:00')): Sobol_t takes: 1.4596836566925049
Stats for ('LOHB', Timestamp('2013-04-03 00:00:00')): P10 takes: 0.009435176849365234
Stats for ('LOHB', Timestamp('2013-04-03 00:00:00')): P90 takes: 0.009315252304077148
Stats: gPCE takes: 0.004761219024658203
Stats for ('LOHB', Timestamp('2013-04-04 00:00:00')): E takes: 0.02379441261291504
Stats for ('LOHB', Timestamp('2013-04-04 00:00:00')): Var takes: 0.525374174118042
Stats for ('LOHB', Timestamp('2013-04-04 00:00:00')): StdDev takes: 0.5263516902923584
Stats for ('LOHB', Timestamp('2013-04-04 00:00:00')): Sobol_m takes: 0.676706075668335
Stats for ('LOHB', Timestamp('2013-04-04 00:00:00')): Sobol_m2 takes: 1.254065752029419
Stats for ('LOHB', Timestamp('2013-04-04 00:00:00')): Sobol_t takes: 1.4710471630096436
Stats for ('LOHB', Timestamp('2013-04-04 00:00:00')): P10 takes: 0.009343385696411133
Stats for ('LOHB', Timestamp('2013-04-04 00:00:00')): P90 takes: 0.009444952011108398
Stats: gPCE takes: 0.0047833919525146484
Stats for ('LOHB', Timestamp('2013-04-05 00:00:00')): E takes: 0.024019241333007812
Stats for ('LOHB', Timestamp('2013-04-05 00:00:00')): Var takes: 0.5276436805725098
Stats for ('LOHB', Timestamp('2013-04-05 00:00:00')): StdDev takes: 0.5269365310668945
Stats for ('LOHB', Timestamp('2013-04-05 00:00:00')): Sobol_m takes: 0.6765494346618652
Stats for ('LOHB', Timestamp('2013-04-05 00:00:00')): Sobol_m2 takes: 1.2536778450012207
Stats for ('LOHB', Timestamp('2013-04-05 00:00:00')): Sobol_t takes: 1.4932124614715576
Stats for ('LOHB', Timestamp('2013-04-05 00:00:00')): P10 takes: 0.009458780288696289
Stats for ('LOHB', Timestamp('2013-04-05 00:00:00')): P90 takes: 0.009438753128051758
Stats: gPCE takes: 0.004843235015869141
Stats for ('LOHB', Timestamp('2013-04-06 00:00:00')): E takes: 0.02364182472229004
Stats for ('LOHB', Timestamp('2013-04-06 00:00:00')): Var takes: 0.521425724029541
Stats for ('LOHB', Timestamp('2013-04-06 00:00:00')): StdDev takes: 0.5221152305603027
Stats for ('LOHB', Timestamp('2013-04-06 00:00:00')): Sobol_m takes: 0.6717259883880615
Stats for ('LOHB', Timestamp('2013-04-06 00:00:00')): Sobol_m2 takes: 1.24664306640625
Stats for ('LOHB', Timestamp('2013-04-06 00:00:00')): Sobol_t takes: 1.4633088111877441
Stats for ('LOHB', Timestamp('2013-04-06 00:00:00')): P10 takes: 0.00935673713684082
Stats for ('LOHB', Timestamp('2013-04-06 00:00:00')): P90 takes: 0.009339570999145508
Stats: gPCE takes: 0.004643678665161133
Stats for ('LOHB', Timestamp('2013-04-07 00:00:00')): E takes: 0.023852109909057617
Stats for ('LOHB', Timestamp('2013-04-07 00:00:00')): Var takes: 0.5252842903137207
Stats for ('LOHB', Timestamp('2013-04-07 00:00:00')): StdDev takes: 0.5263798236846924
Stats for ('LOHB', Timestamp('2013-04-07 00:00:00')): Sobol_m takes: 0.6761109828948975
Stats for ('LOHB', Timestamp('2013-04-07 00:00:00')): Sobol_m2 takes: 1.2520945072174072
Stats for ('LOHB', Timestamp('2013-04-07 00:00:00')): Sobol_t takes: 1.4686894416809082
Stats for ('LOHB', Timestamp('2013-04-07 00:00:00')): P10 takes: 0.009295940399169922
Stats for ('LOHB', Timestamp('2013-04-07 00:00:00')): P90 takes: 0.009466171264648438
Stats: gPCE takes: 0.004908561706542969
Stats for ('LOHB', Timestamp('2013-04-08 00:00:00')): E takes: 0.0239410400390625
Stats for ('LOHB', Timestamp('2013-04-08 00:00:00')): Var takes: 0.5278594493865967
Stats for ('LOHB', Timestamp('2013-04-08 00:00:00')): StdDev takes: 0.5277431011199951
Stats for ('LOHB', Timestamp('2013-04-08 00:00:00')): Sobol_m takes: 0.6780393123626709
Stats for ('LOHB', Timestamp('2013-04-08 00:00:00')): Sobol_m2 takes: 1.2754557132720947
Stats for ('LOHB', Timestamp('2013-04-08 00:00:00')): Sobol_t takes: 1.4568886756896973
Stats for ('LOHB', Timestamp('2013-04-08 00:00:00')): P10 takes: 0.009316682815551758
Stats for ('LOHB', Timestamp('2013-04-08 00:00:00')): P90 takes: 0.009492635726928711
Stats: gPCE takes: 0.0047528743743896484
Stats for ('LOHB', Timestamp('2013-04-09 00:00:00')): E takes: 0.023738622665405273
Stats for ('LOHB', Timestamp('2013-04-09 00:00:00')): Var takes: 0.5238680839538574
Stats for ('LOHB', Timestamp('2013-04-09 00:00:00')): StdDev takes: 0.5251593589782715
Stats for ('LOHB', Timestamp('2013-04-09 00:00:00')): Sobol_m takes: 0.6750483512878418
Stats for ('LOHB', Timestamp('2013-04-09 00:00:00')): Sobol_m2 takes: 1.2518424987792969
Stats for ('LOHB', Timestamp('2013-04-09 00:00:00')): Sobol_t takes: 1.4720053672790527
Stats for ('LOHB', Timestamp('2013-04-09 00:00:00')): P10 takes: 0.009335517883300781
Stats for ('LOHB', Timestamp('2013-04-09 00:00:00')): P90 takes: 0.009334564208984375
Stats: gPCE takes: 0.0046308040618896484
Stats for ('LOHB', Timestamp('2013-04-10 00:00:00')): E takes: 0.023947477340698242
Stats for ('LOHB', Timestamp('2013-04-10 00:00:00')): Var takes: 0.5278112888336182
Stats for ('LOHB', Timestamp('2013-04-10 00:00:00')): StdDev takes: 0.5269279479980469
Stats for ('LOHB', Timestamp('2013-04-10 00:00:00')): Sobol_m takes: 0.6780478954315186
Stats for ('LOHB', Timestamp('2013-04-10 00:00:00')): Sobol_m2 takes: 1.2544100284576416
Stats for ('LOHB', Timestamp('2013-04-10 00:00:00')): Sobol_t takes: 1.4710760116577148
Stats for ('LOHB', Timestamp('2013-04-10 00:00:00')): P10 takes: 0.009246110916137695
Stats for ('LOHB', Timestamp('2013-04-10 00:00:00')): P90 takes: 0.009270191192626953
Stats: gPCE takes: 0.004818439483642578
Stats for ('LOHB', Timestamp('2013-04-11 00:00:00')): E takes: 0.023921966552734375
Stats for ('LOHB', Timestamp('2013-04-11 00:00:00')): Var takes: 0.555530309677124
Stats for ('LOHB', Timestamp('2013-04-11 00:00:00')): StdDev takes: 0.5206472873687744
Stats for ('LOHB', Timestamp('2013-04-11 00:00:00')): Sobol_m takes: 0.6710054874420166
Stats for ('LOHB', Timestamp('2013-04-11 00:00:00')): Sobol_m2 takes: 1.2467315196990967
Stats for ('LOHB', Timestamp('2013-04-11 00:00:00')): Sobol_t takes: 1.4630897045135498
Stats for ('LOHB', Timestamp('2013-04-11 00:00:00')): P10 takes: 0.009436845779418945
Stats for ('LOHB', Timestamp('2013-04-11 00:00:00')): P90 takes: 0.009439229965209961
Stats: gPCE takes: 0.0048906803131103516
Stats for ('LOHB', Timestamp('2013-04-12 00:00:00')): E takes: 0.02388739585876465
Stats for ('LOHB', Timestamp('2013-04-12 00:00:00')): Var takes: 0.5258486270904541
Stats for ('LOHB', Timestamp('2013-04-12 00:00:00')): StdDev takes: 0.5253438949584961
Stats for ('LOHB', Timestamp('2013-04-12 00:00:00')): Sobol_m takes: 0.6761376857757568
Stats for ('LOHB', Timestamp('2013-04-12 00:00:00')): Sobol_m2 takes: 1.2543292045593262
Stats for ('LOHB', Timestamp('2013-04-12 00:00:00')): Sobol_t takes: 1.4682278633117676
Stats for ('LOHB', Timestamp('2013-04-12 00:00:00')): P10 takes: 0.009369611740112305
Stats for ('LOHB', Timestamp('2013-04-12 00:00:00')): P90 takes: 0.009358882904052734
Stats: gPCE takes: 0.004733562469482422
Stats for ('LOHB', Timestamp('2013-04-13 00:00:00')): E takes: 0.023881912231445312
Stats for ('LOHB', Timestamp('2013-04-13 00:00:00')): Var takes: 0.5276331901550293
Stats for ('LOHB', Timestamp('2013-04-13 00:00:00')): StdDev takes: 0.5277202129364014
Stats for ('LOHB', Timestamp('2013-04-13 00:00:00')): Sobol_m takes: 0.6771395206451416
Stats for ('LOHB', Timestamp('2013-04-13 00:00:00')): Sobol_m2 takes: 1.2792184352874756
Stats for ('LOHB', Timestamp('2013-04-13 00:00:00')): Sobol_t takes: 1.4515156745910645
Stats for ('LOHB', Timestamp('2013-04-13 00:00:00')): P10 takes: 0.009407281875610352
Stats for ('LOHB', Timestamp('2013-04-13 00:00:00')): P90 takes: 0.009389877319335938
Stats: gPCE takes: 0.004747629165649414
Stats for ('LOHB', Timestamp('2013-04-14 00:00:00')): E takes: 0.023627519607543945
Stats for ('LOHB', Timestamp('2013-04-14 00:00:00')): Var takes: 0.5228986740112305
Stats for ('LOHB', Timestamp('2013-04-14 00:00:00')): StdDev takes: 0.5230650901794434
Stats for ('LOHB', Timestamp('2013-04-14 00:00:00')): Sobol_m takes: 0.6737003326416016
Stats for ('LOHB', Timestamp('2013-04-14 00:00:00')): Sobol_m2 takes: 1.2508838176727295
Stats for ('LOHB', Timestamp('2013-04-14 00:00:00')): Sobol_t takes: 1.4661040306091309
Stats for ('LOHB', Timestamp('2013-04-14 00:00:00')): P10 takes: 0.00925898551940918
Stats for ('LOHB', Timestamp('2013-04-14 00:00:00')): P90 takes: 0.009251117706298828
Stats: gPCE takes: 0.004883527755737305
Stats for ('LOHB', Timestamp('2013-04-15 00:00:00')): E takes: 0.023864269256591797
Stats for ('LOHB', Timestamp('2013-04-15 00:00:00')): Var takes: 0.5272693634033203
Stats for ('LOHB', Timestamp('2013-04-15 00:00:00')): StdDev takes: 0.5271556377410889
Stats for ('LOHB', Timestamp('2013-04-15 00:00:00')): Sobol_m takes: 0.6783010959625244
Stats for ('LOHB', Timestamp('2013-04-15 00:00:00')): Sobol_m2 takes: 1.2532708644866943
Stats for ('LOHB', Timestamp('2013-04-15 00:00:00')): Sobol_t takes: 1.4694499969482422
Stats for ('LOHB', Timestamp('2013-04-15 00:00:00')): P10 takes: 0.009272336959838867
Stats for ('LOHB', Timestamp('2013-04-15 00:00:00')): P90 takes: 0.009290933609008789
Stats: gPCE takes: 0.004848480224609375
Stats for ('LOHB', Timestamp('2013-04-16 00:00:00')): E takes: 0.024146556854248047
Stats for ('LOHB', Timestamp('2013-04-16 00:00:00')): Var takes: 0.5280284881591797
Stats for ('LOHB', Timestamp('2013-04-16 00:00:00')): StdDev takes: 0.5273687839508057
Stats for ('LOHB', Timestamp('2013-04-16 00:00:00')): Sobol_m takes: 0.7021305561065674
Stats for ('LOHB', Timestamp('2013-04-16 00:00:00')): Sobol_m2 takes: 1.241225242614746
Stats for ('LOHB', Timestamp('2013-04-16 00:00:00')): Sobol_t takes: 1.459794044494629
Stats for ('LOHB', Timestamp('2013-04-16 00:00:00')): P10 takes: 0.009406328201293945
Stats for ('LOHB', Timestamp('2013-04-16 00:00:00')): P90 takes: 0.00931549072265625
Stats: gPCE takes: 0.004634380340576172
Stats for ('LOHB', Timestamp('2013-04-17 00:00:00')): E takes: 0.02375197410583496
Stats for ('LOHB', Timestamp('2013-04-17 00:00:00')): Var takes: 0.5245070457458496
Stats for ('LOHB', Timestamp('2013-04-17 00:00:00')): StdDev takes: 0.5250906944274902
Stats for ('LOHB', Timestamp('2013-04-17 00:00:00')): Sobol_m takes: 0.674699068069458
Stats for ('LOHB', Timestamp('2013-04-17 00:00:00')): Sobol_m2 takes: 1.250450849533081
Stats for ('LOHB', Timestamp('2013-04-17 00:00:00')): Sobol_t takes: 1.4668686389923096
Stats for ('LOHB', Timestamp('2013-04-17 00:00:00')): P10 takes: 0.00921487808227539
Stats for ('LOHB', Timestamp('2013-04-17 00:00:00')): P90 takes: 0.009378433227539062
Stats: gPCE takes: 0.004702329635620117
Stats for ('LOHB', Timestamp('2013-04-18 00:00:00')): E takes: 0.02394700050354004
Stats for ('LOHB', Timestamp('2013-04-18 00:00:00')): Var takes: 0.5280404090881348
Stats for ('LOHB', Timestamp('2013-04-18 00:00:00')): StdDev takes: 0.5293850898742676
Stats for ('LOHB', Timestamp('2013-04-18 00:00:00')): Sobol_m takes: 0.6778056621551514
Stats for ('LOHB', Timestamp('2013-04-18 00:00:00')): Sobol_m2 takes: 1.2544167041778564
Stats for ('LOHB', Timestamp('2013-04-18 00:00:00')): Sobol_t takes: 1.4918906688690186
Stats for ('LOHB', Timestamp('2013-04-18 00:00:00')): P10 takes: 0.009462833404541016
Stats for ('LOHB', Timestamp('2013-04-18 00:00:00')): P90 takes: 0.009284734725952148
Stats: gPCE takes: 0.004833698272705078
Stats for ('LOHB', Timestamp('2013-04-19 00:00:00')): E takes: 0.023538827896118164
Stats for ('LOHB', Timestamp('2013-04-19 00:00:00')): Var takes: 0.5209939479827881
Stats for ('LOHB', Timestamp('2013-04-19 00:00:00')): StdDev takes: 0.522273063659668
Stats for ('LOHB', Timestamp('2013-04-19 00:00:00')): Sobol_m takes: 0.6725234985351562
Stats for ('LOHB', Timestamp('2013-04-19 00:00:00')): Sobol_m2 takes: 1.247685432434082
Stats for ('LOHB', Timestamp('2013-04-19 00:00:00')): Sobol_t takes: 1.465132713317871
Stats for ('LOHB', Timestamp('2013-04-19 00:00:00')): P10 takes: 0.009316444396972656
Stats for ('LOHB', Timestamp('2013-04-19 00:00:00')): P90 takes: 0.009248971939086914
Stats: gPCE takes: 0.004710674285888672
Stats for ('LOHB', Timestamp('2013-04-20 00:00:00')): E takes: 0.023886442184448242
Stats for ('LOHB', Timestamp('2013-04-20 00:00:00')): Var takes: 0.526738166809082
Stats for ('LOHB', Timestamp('2013-04-20 00:00:00')): StdDev takes: 0.5271694660186768
Stats for ('LOHB', Timestamp('2013-04-20 00:00:00')): Sobol_m takes: 0.6792147159576416
Stats for ('LOHB', Timestamp('2013-04-20 00:00:00')): Sobol_m2 takes: 1.2553517818450928
Stats for ('LOHB', Timestamp('2013-04-20 00:00:00')): Sobol_t takes: 1.471938133239746
Stats for ('LOHB', Timestamp('2013-04-20 00:00:00')): P10 takes: 0.009285449981689453
Stats for ('LOHB', Timestamp('2013-04-20 00:00:00')): P90 takes: 0.009430885314941406
Stats: gPCE takes: 0.004792451858520508
Stats for ('LOHB', Timestamp('2013-04-21 00:00:00')): E takes: 0.02501225471496582
Stats for ('LOHB', Timestamp('2013-04-21 00:00:00')): Var takes: 0.5262281894683838
Stats for ('LOHB', Timestamp('2013-04-21 00:00:00')): StdDev takes: 0.5299437046051025
Stats for ('LOHB', Timestamp('2013-04-21 00:00:00')): Sobol_m takes: 0.6935887336730957
Stats for ('LOHB', Timestamp('2013-04-21 00:00:00')): Sobol_m2 takes: 1.2812798023223877
Stats for ('LOHB', Timestamp('2013-04-21 00:00:00')): Sobol_t takes: 1.462287187576294
Stats for ('LOHB', Timestamp('2013-04-21 00:00:00')): P10 takes: 0.009509086608886719
Stats for ('LOHB', Timestamp('2013-04-21 00:00:00')): P90 takes: 0.009423017501831055
Stats: gPCE takes: 0.004852771759033203
Stats for ('LOHB', Timestamp('2013-04-22 00:00:00')): E takes: 0.0238187313079834
Stats for ('LOHB', Timestamp('2013-04-22 00:00:00')): Var takes: 0.5265071392059326
Stats for ('LOHB', Timestamp('2013-04-22 00:00:00')): StdDev takes: 0.5271320343017578
Stats for ('LOHB', Timestamp('2013-04-22 00:00:00')): Sobol_m takes: 0.6773741245269775
Stats for ('LOHB', Timestamp('2013-04-22 00:00:00')): Sobol_m2 takes: 1.2540149688720703
Stats for ('LOHB', Timestamp('2013-04-22 00:00:00')): Sobol_t takes: 1.490314245223999
Stats for ('LOHB', Timestamp('2013-04-22 00:00:00')): P10 takes: 0.009324312210083008
Stats for ('LOHB', Timestamp('2013-04-22 00:00:00')): P90 takes: 0.009348869323730469
Stats: gPCE takes: 0.004924774169921875
Stats for ('LOHB', Timestamp('2013-04-23 00:00:00')): E takes: 0.02396988868713379
Stats for ('LOHB', Timestamp('2013-04-23 00:00:00')): Var takes: 0.5273256301879883
Stats for ('LOHB', Timestamp('2013-04-23 00:00:00')): StdDev takes: 0.5263373851776123
Stats for ('LOHB', Timestamp('2013-04-23 00:00:00')): Sobol_m takes: 0.6768057346343994
Stats for ('LOHB', Timestamp('2013-04-23 00:00:00')): Sobol_m2 takes: 1.2542715072631836
Stats for ('LOHB', Timestamp('2013-04-23 00:00:00')): Sobol_t takes: 1.4702003002166748
Stats for ('LOHB', Timestamp('2013-04-23 00:00:00')): P10 takes: 0.009349822998046875
Stats for ('LOHB', Timestamp('2013-04-23 00:00:00')): P90 takes: 0.009356021881103516
Stats: gPCE takes: 0.004865884780883789
Stats for ('LOHB', Timestamp('2013-04-24 00:00:00')): E takes: 0.023973703384399414
Stats for ('LOHB', Timestamp('2013-04-24 00:00:00')): Var takes: 0.5523314476013184
Stats for ('LOHB', Timestamp('2013-04-24 00:00:00')): StdDev takes: 0.5212123394012451
Stats for ('LOHB', Timestamp('2013-04-24 00:00:00')): Sobol_m takes: 0.6713454723358154
Stats for ('LOHB', Timestamp('2013-04-24 00:00:00')): Sobol_m2 takes: 1.2476704120635986
Stats for ('LOHB', Timestamp('2013-04-24 00:00:00')): Sobol_t takes: 1.4637985229492188
Stats for ('LOHB', Timestamp('2013-04-24 00:00:00')): P10 takes: 0.009242534637451172
Stats for ('LOHB', Timestamp('2013-04-24 00:00:00')): P90 takes: 0.009355545043945312
Stats: gPCE takes: 0.00484466552734375
Stats for ('LOHB', Timestamp('2013-04-25 00:00:00')): E takes: 0.023876190185546875
Stats for ('LOHB', Timestamp('2013-04-25 00:00:00')): Var takes: 0.5267596244812012
Stats for ('LOHB', Timestamp('2013-04-25 00:00:00')): StdDev takes: 0.5263235569000244
Stats for ('LOHB', Timestamp('2013-04-25 00:00:00')): Sobol_m takes: 0.677192211151123
Stats for ('LOHB', Timestamp('2013-04-25 00:00:00')): Sobol_m2 takes: 1.252793550491333
Stats for ('LOHB', Timestamp('2013-04-25 00:00:00')): Sobol_t takes: 1.4677214622497559
Stats for ('LOHB', Timestamp('2013-04-25 00:00:00')): P10 takes: 0.009239673614501953
Stats for ('LOHB', Timestamp('2013-04-25 00:00:00')): P90 takes: 0.009358406066894531
Stats: gPCE takes: 0.004824399948120117
Stats for ('LOHB', Timestamp('2013-04-26 00:00:00')): E takes: 0.023938417434692383
Stats for ('LOHB', Timestamp('2013-04-26 00:00:00')): Var takes: 0.5271182060241699
Stats for ('LOHB', Timestamp('2013-04-26 00:00:00')): StdDev takes: 0.5268499851226807
Stats for ('LOHB', Timestamp('2013-04-26 00:00:00')): Sobol_m takes: 0.6771929264068604
Stats for ('LOHB', Timestamp('2013-04-26 00:00:00')): Sobol_m2 takes: 1.2787151336669922
Stats for ('LOHB', Timestamp('2013-04-26 00:00:00')): Sobol_t takes: 1.452756404876709
Stats for ('LOHB', Timestamp('2013-04-26 00:00:00')): P10 takes: 0.009326457977294922
Stats for ('LOHB', Timestamp('2013-04-26 00:00:00')): P90 takes: 0.009441614151000977
Stats: gPCE takes: 0.004875898361206055
Stats for ('LOHB', Timestamp('2013-04-27 00:00:00')): E takes: 0.023758411407470703
Stats for ('LOHB', Timestamp('2013-04-27 00:00:00')): Var takes: 0.5231502056121826
Stats for ('LOHB', Timestamp('2013-04-27 00:00:00')): StdDev takes: 0.5239682197570801
Stats for ('LOHB', Timestamp('2013-04-27 00:00:00')): Sobol_m takes: 0.674262285232544
Stats for ('LOHB', Timestamp('2013-04-27 00:00:00')): Sobol_m2 takes: 1.251171588897705
Stats for ('LOHB', Timestamp('2013-04-27 00:00:00')): Sobol_t takes: 1.466031551361084
Stats for ('LOHB', Timestamp('2013-04-27 00:00:00')): P10 takes: 0.009287118911743164
Stats for ('LOHB', Timestamp('2013-04-27 00:00:00')): P90 takes: 0.009464740753173828
Stats: gPCE takes: 0.004839658737182617
Stats for ('LOHB', Timestamp('2013-04-28 00:00:00')): E takes: 0.023846864700317383
Stats for ('LOHB', Timestamp('2013-04-28 00:00:00')): Var takes: 0.5264801979064941
Stats for ('LOHB', Timestamp('2013-04-28 00:00:00')): StdDev takes: 0.5262331962585449
Stats for ('LOHB', Timestamp('2013-04-28 00:00:00')): Sobol_m takes: 0.6773035526275635
Stats for ('LOHB', Timestamp('2013-04-28 00:00:00')): Sobol_m2 takes: 1.2551805973052979
Stats for ('LOHB', Timestamp('2013-04-28 00:00:00')): Sobol_t takes: 1.4682159423828125
Stats for ('LOHB', Timestamp('2013-04-28 00:00:00')): P10 takes: 0.009361028671264648
Stats for ('LOHB', Timestamp('2013-04-28 00:00:00')): P90 takes: 0.009564399719238281
Stats: gPCE takes: 0.004831075668334961
Stats for ('LOHB', Timestamp('2013-04-29 00:00:00')): E takes: 0.024194717407226562
Stats for ('LOHB', Timestamp('2013-04-29 00:00:00')): Var takes: 0.5270116329193115
Stats for ('LOHB', Timestamp('2013-04-29 00:00:00')): StdDev takes: 0.5559723377227783
Stats for ('LOHB', Timestamp('2013-04-29 00:00:00')): Sobol_m takes: 0.6690077781677246
Stats for ('LOHB', Timestamp('2013-04-29 00:00:00')): Sobol_m2 takes: 1.2413311004638672
Stats for ('LOHB', Timestamp('2013-04-29 00:00:00')): Sobol_t takes: 1.4583830833435059
Stats for ('LOHB', Timestamp('2013-04-29 00:00:00')): P10 takes: 0.009319543838500977
Stats for ('LOHB', Timestamp('2013-04-29 00:00:00')): P90/lrz/sys/intel/studio2019_u4/intelpython3/lib/python3.6/site-packages/pandas/plotting/_converter.py:129: FutureWarning: Using an implicitly registered datetime converter for a matplotlib plotting method. The converter was registered by pandas on import. Future versions of pandas will require you to explicitly register matplotlib converters.

To register the converters:
	>>> from pandas.plotting import register_matplotlib_converters
	>>> register_matplotlib_converters()
  warnings.warn(msg, FutureWarning)
 takes: 0.009425640106201172
calculate statistics [RuntimeStatistics]...
[ 62.93858814  62.94912132  62.95965451 ... 168.23881418 168.24934736
 168.25988054]
print statistics...
None
QoI                 E     StdDev         Var         P5         P95
---------  ----------  ---------  ----------  ---------  ----------
E_runtime  127.696545  22.261048  495.554243  79.652924  151.882808

Sensitivity Indices:
Index                    value
-----------------------  -----------------------------------------------
First order              [0.93315909 0.0203906  0.01040759 0.00446848]
First order_Interaction  0.03157424119200214
Second order             [[0.         0.0015112  0.00018819 0.01119485]
                          [0.0015112  0.         0.01622496 0.00202737]
                          [0.00018819 0.01622496 0.         0.00042768]
                          [0.01119485 0.00202737 0.00042768 0.        ]]
Total order              [0.94605333 0.04015412 0.02724841 0.01811838]

type            runtime                                                            estimated                                                          org_estimated                                                      diff: T-E                                                          diff: T-OE
--------------  -----------------------------------------------------------------  -----------------------------------------------------------------  -----------------------------------------------------------------  -----------------------------------------------------------------  -----------------------------------------------------------------
sum(T_i_S)      10167.103160381317                                                 10150.667624288139                                                 10150.667624288139                                                 16.435536093178598                                                 16.435536093178598
T_i_SWP_worker  [267.10546708 252.13174486 212.82796192 217.12917542 233.71179652  [250.25191001 251.58976817 247.47599436 229.07513268 236.89677306  [250.25191001 251.58976817 247.47599436 229.07513268 236.89677306  [ 1.68535571e+01  5.41976693e-01 -3.46480324e+01 -1.19459573e+01   [ 1.68535571e+01  5.41976693e-01 -3.46480324e+01 -1.19459573e+01
                 255.28716493 237.0954771  231.50949287 247.7641573  237.40404367   234.44032291 222.52324345 235.19369025 233.71277657 232.37621141   234.44032291 222.52324345 235.19369025 233.71277657 232.37621141   -3.18497654e+00  2.08468420e+01  1.45722337e+01 -3.68419737e+00    -3.18497654e+00  2.08468420e+01  1.45722337e+01 -3.68419737e+00
                 237.16993141 239.5196414  197.60379839 237.14795852 241.74279213   237.01386211 236.50848491 221.40741577 232.52884869 233.68079514   237.01386211 236.50848491 221.40741577 232.52884869 233.68079514    1.40513807e+01  5.02783227e+00  1.56069299e-01  3.01115649e+00     1.40513807e+01  5.02783227e+00  1.56069299e-01  3.01115649e+00
                 238.96338415 202.04416108 200.63854957 239.43423104 225.2237885    225.06350822 224.87847547 227.00595839 212.81391368 220.75135693   225.06350822 224.87847547 227.00595839 212.81391368 220.75135693   -2.38036174e+01  4.61910983e+00  8.06199699e+00  1.38998759e+01    -2.38036174e+01  4.61910983e+00  8.06199699e+00  1.38998759e+01
                 204.20363069 236.19055891 235.54771113 239.2541945  204.22766805   223.85437632 212.05309972 226.47432519 231.23466824 225.91717386   223.85437632 212.05309972 226.47432519 231.23466824 225.91717386   -2.28343144e+01 -2.63674088e+01  2.66203174e+01  4.47243157e+00    -2.28343144e+01 -2.63674088e+01  2.66203174e+01  4.47243157e+00
                 136.77592373 140.15293956 160.26198745 166.25988054 145.61755967   137.42319557 147.44218744 159.47317808 154.01709376 154.53074245   137.42319557 147.44218744 159.47317808 154.01709376 154.53074245   -1.96507456e+01  2.41374592e+01  9.07338595e+00  8.01952626e+00    -1.96507456e+01  2.41374592e+01  9.07338595e+00  8.01952626e+00
                 136.71976328 144.56283855 145.17891073 142.63575554 144.52065015   148.05612759 143.4287051  144.77101561 143.95152115 140.15276049   148.05612759 143.4287051  144.77101561 143.95152115 140.15276049   -2.16895058e+01 -6.47271836e-01 -7.28924788e+00  7.88809367e-01    -2.16895058e+01 -6.47271836e-01 -7.28924788e+00  7.88809367e-01
                 145.59443116 145.52890038 144.02502465 143.87285042 142.43840432   142.32373283 148.73113048 145.07924446 147.39709145 142.41807083   142.32373283 148.73113048 145.07924446 147.39709145 142.41807083    1.22427868e+01 -8.91318278e+00 -1.13363643e+01  1.13413345e+00     1.22427868e+01 -8.91318278e+00 -1.13363643e+01  1.13413345e+00
                 145.16402578 147.52549124 130.3691957  137.693573   140.65008736   139.59484664 142.74135545 143.41745523 141.42289287 145.39806351   139.59484664 142.74135545 143.41745523 141.42289287 145.39806351    4.07895121e-01 -1.31576561e+00  4.36788966e+00  3.27069834e+00     4.07895121e-01 -1.31576561e+00  4.36788966e+00  3.27069834e+00
                 141.38425589 135.778615   147.08292913 137.00368929 130.07791042   137.14578332 135.2980956  139.42014088 135.93671451 134.91768862   137.14578332 135.2980956  139.42014088 135.93671451 134.91768862   -3.20223010e+00 -1.05421981e+00 -3.52424103e+00  2.03334890e-02    -3.20223010e+00 -1.05421981e+00 -3.52424103e+00  2.03334890e-02
                 144.81171608 143.20837045 143.77949977 144.02236438 140.13540745   139.86839573 142.04008975 141.84972569 147.62909463 114.88255315   139.86839573 142.04008975 141.84972569 147.62909463 114.88255315    5.56917914e+00  4.78413578e+00 -1.30482595e+01 -3.72931987e+00     5.56917914e+00  4.78413578e+00 -1.30482595e+01 -3.72931987e+00
                 103.39172816]                                                      105.1868459 ]                                                      105.1868459 ]                                                      -4.74797616e+00  4.23847257e+00  4.80519397e-01  7.66278825e+00    -4.74797616e+00  4.23847257e+00  4.80519397e-01  7.66278825e+00
                                                                                                                                                                                                                           1.06697478e+00 -4.83977820e+00  4.94332035e+00  1.16828070e+00     1.06697478e+00 -4.83977820e+00  4.94332035e+00  1.16828070e+00
                                                                                                                                                                                                                           1.92977408e+00 -3.60673025e+00  2.52528543e+01 -1.79511774e+00]    1.92977408e+00 -3.60673025e+00  2.52528543e+01 -1.79511774e+00]
T_SWP_worker    267.10546708106995                                                 251.5897681682174                                                  251.5897681682174                                                  15.515698912852542                                                 15.515698912852542
T_Prop          241.71937608718872                                                 226.20367717433618                                                 226.20367717433618                                                 15.515698912852542                                                 15.515698912852542
T_I             163.71373891830444                                                 163.71373891830444                                                 163.71373891830444                                                 0.0                                                                0.0
T_C             -25.386090993881226                                                -25.386090993881226                                                -25.386090993881226                                                0.0                                                                0.0
T_S_overhead    0.0                                                                0.0                                                                0.0                                                                0.0                                                                0.0

Errors:
Error                          ET        OET
----------------------  ---------  ---------
aboslute error min       0.020333   0.020333
aboslute error max      25.329758  25.329758
aboslute error mean      6.935294   6.935294
aboslute error l2 norm   9.174112  82.567009
relative error min       0.000143   0.000143
relative error max       0.266214   0.266214
relative error mean      0.060187   0.060187
relative error l2 norm   0.086411   0.086411

type                        runtime
------------------------  ---------
t_estimate_runtime         0.000026
t_wp_creation              0.005489
t_estimate_restore_order   0.000035


generate stat plots...
[2.62483477e-01 9.01189240e-02 1.72012929e-02 1.47099150e-01
 1.74425650e-01 8.52888117e-02 1.83796630e-01 2.20915982e-01
 2.33330881e-01 1.05610407e-01 5.82847911e-02 2.38557228e-02
 1.94807066e-01 1.10402526e-01 6.19891359e-02 9.61796202e-02
 6.29628040e-02 5.03461489e-02 1.23618536e-01 5.14383445e-02
 3.67389922e-02 1.71506153e-01 2.66213890e-01 3.72355313e-04
 5.84950599e-02 1.70659907e-02 1.80203239e-01 2.44310260e-02
 1.34217610e-02 8.15790789e-03 3.41361906e-02 3.58720806e-02
 7.78792736e-03 5.20984202e-02 3.53899174e-03 2.99783915e-02
 3.26550164e-02 2.63699872e-02 9.09809724e-02 3.24292144e-02
 3.83647333e-02 1.42752856e-04 2.39098411e-02 7.26651022e-03
 2.15303285e-02 2.24644467e-02 3.02232910e-02 9.14033835e-03
 2.80960312e-03 7.84526277e-03 7.65680185e-02 5.76790264e-02
 7.36364464e-02 4.92199915e-03 4.94380069e-02 4.71006247e-03
 1.91325997e-02 7.08750953e-03 5.34734578e-02 6.99256010e-02
 3.62168664e-02 2.88363854e-02 5.73061413e-02 5.53659634e-02
 1.45102441e-02 2.23992041e-02 1.63968315e-02 1.62427230e-02
 4.92025743e-02 5.53859299e-02 4.45261352e-02 3.46988753e-02
 5.24076734e-02 1.10406307e-02 1.36375848e-02 1.00314648e-01
 5.14272504e-02 2.75453465e-02 6.11724940e-02 3.39842723e-03
 6.62093804e-02]
[2.62483477e-01 9.01189240e-02 1.72012929e-02 1.47099150e-01
 1.74425650e-01 8.52888117e-02 1.83796630e-01 2.20915982e-01
 2.33330881e-01 1.05610407e-01 5.82847911e-02 2.38557228e-02
 1.94807066e-01 1.10402526e-01 6.19891359e-02 9.61796202e-02
 6.29628040e-02 5.03461489e-02 1.23618536e-01 5.14383445e-02
 3.67389922e-02 1.71506153e-01 2.66213890e-01 3.72355313e-04
 5.84950599e-02 1.70659907e-02 1.80203239e-01 2.44310260e-02
 1.34217610e-02 8.15790789e-03 3.41361906e-02 3.58720806e-02
 7.78792736e-03 5.20984202e-02 3.53899174e-03 2.99783915e-02
 3.26550164e-02 2.63699872e-02 9.09809724e-02 3.24292144e-02
 3.83647333e-02 1.42752856e-04 2.39098411e-02 7.26651022e-03
 2.15303285e-02 2.24644467e-02 3.02232910e-02 9.14033835e-03
 2.80960312e-03 7.84526277e-03 7.65680185e-02 5.76790264e-02
 7.36364464e-02 4.92199915e-03 4.94380069e-02 4.71006247e-03
 1.91325997e-02 7.08750953e-03 5.34734578e-02 6.99256010e-02
 3.62168664e-02 2.88363854e-02 5.73061413e-02 5.53659634e-02
 1.45102441e-02 2.23992041e-02 1.63968315e-02 1.62427230e-02
 4.92025743e-02 5.53859299e-02 4.45261352e-02 3.46988753e-02
 5.24076734e-02 1.10406307e-02 1.36375848e-02 1.00314648e-01
 5.14272504e-02 2.75453465e-02 6.11724940e-02 3.39842723e-03
 6.62093804e-02]
save statistics...
UQsim: save to file: /dss/dsshome1/lxc01/di73wal/work/simulation/diss.larsim/Larsim-UQ.git/../larsim_runs/0122_sim/uqsim.saved
---- end sim: Sat Dec 21 07:49:09 CET 2019
