python/3.6_intel (INFO):
    Loading this module may cause the environment generated by other
    modules to become inconsistent; however it should work together
    with the Intel compilers, tools and libraries.
---- start sim: Sat Jan 11 14:36:59 CET 2020
MPI version: Intel(R) MPI Library 2018 Update 4 for Linux* OS

MPI2 version: (3, 1)
MPI3 version: 3
mpi4py version: 3.0.3
rank 0: starttime: 2020.01.11 14:37:04
dir: /dss/dsshome1/lxc01/di73wal/work/simulation/diss.larsim/Larsim-UQ.git/../larsim_runs/0124_sim
dir: /dss/dsshome1/lxc01/di73wal/work/simulation/diss.larsim/Larsim-UQ.git/../larsim_runs/0124_sim
['/dss/dsshome1/lxc01/di73wal/work/simulation/diss.larsim/Larsim-UQ.git/../larsim_runs/0124_sim/uqsim.saved']
parsing args...
rank: 0 is master!
rank: 0 is master!
UQsim: restore from file: True
rank: 0 exit
uqsim.args.disable_statistics: False
calculate statistics [LarsimStatistics]...
Stats: samplesData Frame with All the simulation results : Index_run                   int64
Stationskennung            object
Type                       object
TimeStamp          datetime64[ns]
Value                     float64
dtype: object
Stationskennung            object
Type                       object
TimeStamp          datetime64[ns]
Index_run                   int64
Value                     float64
dtype: object
 takes: 9.889142751693726
timesteps Info
<class 'numpy.ndarray'>
numbTimesteps is: 60
Stats: gPCE takes: 0.030308961868286133
Stats for ('MARI', Timestamp('2013-03-01 00:00:00')): E takes: 0.15435218811035156
Stats for ('MARI', Timestamp('2013-03-01 00:00:00')): Var takes: 15.87814712524414
Stats for ('MARI', Timestamp('2013-03-01 00:00:00')): StdDev takes: 15.867648363113403
Stats for ('MARI', Timestamp('2013-03-01 00:00:00')): Sobol_m takes: 16.600390195846558
Stats for ('MARI', Timestamp('2013-03-01 00:00:00')): Sobol_m2 takes: 21.120678186416626
Stats for ('MARI', Timestamp('2013-03-01 00:00:00')): Sobol_t takes: 30.971096754074097
Stats for ('MARI', Timestamp('2013-03-01 00:00:00')): P10 takes: 0.020105361938476562
Stats for ('MARI', Timestamp('2013-03-01 00:00:00')): P90 takes: 0.01935267448425293
Stats: gPCE takes: 0.030628204345703125
Stats for ('MARI', Timestamp('2013-03-02 00:00:00')): E takes: 0.15485715866088867
Stats for ('MARI', Timestamp('2013-03-02 00:00:00')): Var takes: 15.928534984588623
Stats for ('MARI', Timestamp('2013-03-02 00:00:00')): StdDev takes: 15.8781099319458
Stats for ('MARI', Timestamp('2013-03-02 00:00:00')): Sobol_m takes: 16.59975576400757
Stats for ('MARI', Timestamp('2013-03-02 00:00:00')): Sobol_m2 takes: 21.066850185394287
Stats for ('MARI', Timestamp('2013-03-02 00:00:00')): Sobol_t takes: 30.93245029449463
Stats for ('MARI', Timestamp('2013-03-02 00:00:00')): P10 takes: 0.020049571990966797
Stats for ('MARI', Timestamp('2013-03-02 00:00:00')): P90 takes: 0.019259214401245117
Stats: gPCE takes: 0.03045964241027832
Stats for ('MARI', Timestamp('2013-03-03 00:00:00')): E takes: 0.1526811122894287
Stats for ('MARI', Timestamp('2013-03-03 00:00:00')): Var takes: 15.91020154953003
Stats for ('MARI', Timestamp('2013-03-03 00:00:00')): StdDev takes: 15.885931730270386
Stats for ('MARI', Timestamp('2013-03-03 00:00:00')): Sobol_m takes: 16.677621364593506
Stats for ('MARI', Timestamp('2013-03-03 00:00:00')): Sobol_m2 takes: 21.05803632736206
Stats for ('MARI', Timestamp('2013-03-03 00:00:00')): Sobol_t takes: 30.91717529296875
Stats for ('MARI', Timestamp('2013-03-03 00:00:00')): P10 takes: 0.020022153854370117
Stats for ('MARI', Timestamp('2013-03-03 00:00:00')): P90 takes: 0.01927781105041504
Stats: gPCE takes: 0.030888080596923828
Stats for ('MARI', Timestamp('2013-03-04 00:00:00')): E takes: 0.15236592292785645
Stats for ('MARI', Timestamp('2013-03-04 00:00:00')): Var takes: 15.908305883407593
Stats for ('MARI', Timestamp('2013-03-04 00:00:00')): StdDev takes: 15.888776779174805
Stats for ('MARI', Timestamp('2013-03-04 00:00:00')): Sobol_m takes: 16.62679100036621
Stats for ('MARI', Timestamp('2013-03-04 00:00:00')): Sobol_m2 takes: 21.123408317565918
Stats for ('MARI', Timestamp('2013-03-04 00:00:00')): Sobol_t takes: 30.92037034034729
Stats for ('MARI', Timestamp('2013-03-04 00:00:00')): P10 takes: 0.01961350440979004
Stats for ('MARI', Timestamp('2013-03-04 00:00:00')): P90 takes: 0.019399166107177734
Stats: gPCE takes: 0.030640840530395508
Stats for ('MARI', Timestamp('2013-03-05 00:00:00')): E takes: 0.15233540534973145
Stats for ('MARI', Timestamp('2013-03-05 00:00:00')): Var takes: 15.88025951385498
Stats for ('MARI', Timestamp('2013-03-05 00:00:00')): StdDev takes: 15.881280899047852
Stats for ('MARI', Timestamp('2013-03-05 00:00:00')): Sobol_m takes: 16.626418828964233
Stats for ('MARI', Timestamp('2013-03-05 00:00:00')): Sobol_m2 takes: 21.11122226715088
Stats for ('MARI', Timestamp('2013-03-05 00:00:00')): Sobol_t takes: 30.949191570281982
Stats for ('MARI', Timestamp('2013-03-05 00:00:00')): P10 takes: 0.01968526840209961
Stats for ('MARI', Timestamp('2013-03-05 00:00:00')): P90 takes: 0.01923227310180664
Stats: gPCE takes: 0.030576467514038086
Stats for ('MARI', Timestamp('2013-03-06 00:00:00')): E takes: 0.1523904800415039
Stats for ('MARI', Timestamp('2013-03-06 00:00:00')): Var takes: 15.907086610794067
Stats for ('MARI', Timestamp('2013-03-06 00:00:00')): StdDev takes: 15.877643585205078
Stats for ('MARI', Timestamp('2013-03-06 00:00:00')): Sobol_m takes: 16.63550567626953
Stats for ('MARI', Timestamp('2013-03-06 00:00:00')): Sobol_m2 takes: 21.164206504821777
Stats for ('MARI', Timestamp('2013-03-06 00:00:00')): Sobol_t takes: 30.946394205093384
Stats for ('MARI', Timestamp('2013-03-06 00:00:00')): P10 takes: 0.019666671752929688
Stats for ('MARI', Timestamp('2013-03-06 00:00:00')): P90 takes: 0.019118070602416992
Stats: gPCE takes: 0.03032064437866211
Stats for ('MARI', Timestamp('2013-03-07 00:00:00')): E takes: 0.1522214412689209
Stats for ('MARI', Timestamp('2013-03-07 00:00:00')): Var takes: 15.815161943435669
Stats for ('MARI', Timestamp('2013-03-07 00:00:00')): StdDev takes: 15.691717624664307
Stats for ('MARI', Timestamp('2013-03-07 00:00:00')): Sobol_m takes: 16.39096164703369
Stats for ('MARI', Timestamp('2013-03-07 00:00:00')): Sobol_m2 takes: 20.796762228012085
Stats for ('MARI', Timestamp('2013-03-07 00:00:00')): Sobol_t takes: 30.489426612854004
Stats for ('MARI', Timestamp('2013-03-07 00:00:00')): P10 takes: 0.019428491592407227
Stats for ('MARI', Timestamp('2013-03-07 00:00:00')): P90 takes: 0.01927495002746582
Stats: gPCE takes: 0.03036642074584961
Stats for ('MARI', Timestamp('2013-03-08 00:00:00')): E takes: 0.1515648365020752
Stats for ('MARI', Timestamp('2013-03-08 00:00:00')): Var takes: 15.707221746444702
Stats for ('MARI', Timestamp('2013-03-08 00:00:00')): StdDev takes: 15.637274026870728
Stats for ('MARI', Timestamp('2013-03-08 00:00:00')): Sobol_m takes: 16.37260866165161
Stats for ('MARI', Timestamp('2013-03-08 00:00:00')): Sobol_m2 takes: 20.773889780044556
Stats for ('MARI', Timestamp('2013-03-08 00:00:00')): Sobol_t takes: 30.554063081741333
Stats for ('MARI', Timestamp('2013-03-08 00:00:00')): P10 takes: 0.019471168518066406
Stats for ('MARI', Timestamp('2013-03-08 00:00:00')): P90 takes: 0.019176483154296875
Stats: gPCE takes: 0.03032851219177246
Stats for ('MARI', Timestamp('2013-03-09 00:00:00')): E takes: 0.1514425277709961
Stats for ('MARI', Timestamp('2013-03-09 00:00:00')): Var takes: 15.676633596420288
Stats for ('MARI', Timestamp('2013-03-09 00:00:00')): StdDev takes: 15.6527578830719
Stats for ('MARI', Timestamp('2013-03-09 00:00:00')): Sobol_m takes: 16.41562795639038
Stats for ('MARI', Timestamp('2013-03-09 00:00:00')): Sobol_m2 takes: 20.759738445281982
Stats for ('MARI', Timestamp('2013-03-09 00:00:00')): Sobol_t takes: 30.51420783996582
Stats for ('MARI', Timestamp('2013-03-09 00:00:00')): P10 takes: 0.019877910614013672
Stats for ('MARI', Timestamp('2013-03-09 00:00:00')): P90 takes: 0.01915907859802246
Stats: gPCE takes: 0.030469179153442383
Stats for ('MARI', Timestamp('2013-03-10 00:00:00')): E takes: 0.15042448043823242
Stats for ('MARI', Timestamp('2013-03-10 00:00:00')): Var takes: 15.660887956619263
Stats for ('MARI', Timestamp('2013-03-10 00:00:00')): StdDev takes: 15.68466305732727
Stats for ('MARI', Timestamp('2013-03-10 00:00:00')): Sobol_m takes: 16.396132707595825
Stats for ('MARI', Timestamp('2013-03-10 00:00:00')): Sobol_m2 takes: 20.812214612960815
Stats for ('MARI', Timestamp('2013-03-10 00:00:00')): Sobol_t takes: 30.498900651931763
Stats for ('MARI', Timestamp('2013-03-10 00:00:00')): P10 takes: 0.019551992416381836
Stats for ('MARI', Timestamp('2013-03-10 00:00:00')): P90 takes: 0.019160032272338867
Stats: gPCE takes: 0.030437469482421875
Stats for ('MARI', Timestamp('2013-03-11 00:00:00')): E takes: 0.15101861953735352
Stats for ('MARI', Timestamp('2013-03-11 00:00:00')): Var takes: 15.66632080078125
Stats for ('MARI', Timestamp('2013-03-11 00:00:00')): StdDev takes: 15.684283971786499
Stats for ('MARI', Timestamp('2013-03-11 00:00:00')): Sobol_m takes: 16.401665210723877
Stats for ('MARI', Timestamp('2013-03-11 00:00:00')): Sobol_m2 takes: 20.859322547912598
Stats for ('MARI', Timestamp('2013-03-11 00:00:00')): Sobol_t takes: 30.537437200546265
Stats for ('MARI', Timestamp('2013-03-11 00:00:00')): P10 takes: 0.01977682113647461
Stats for ('MARI', Timestamp('2013-03-11 00:00:00')): P90 takes: 0.01920628547668457
Stats: gPCE takes: 0.030225276947021484
Stats for ('MARI', Timestamp('2013-03-12 00:00:00')): E takes: 0.1510944366455078
Stats for ('MARI', Timestamp('2013-03-12 00:00:00')): Var takes: 15.65149450302124
Stats for ('MARI', Timestamp('2013-03-12 00:00:00')): StdDev takes: 15.671494483947754
Stats for ('MARI', Timestamp('2013-03-12 00:00:00')): Sobol_m takes: 16.376598358154297
Stats for ('MARI', Timestamp('2013-03-12 00:00:00')): Sobol_m2 takes: 20.838566064834595
Stats for ('MARI', Timestamp('2013-03-12 00:00:00')): Sobol_t takes: 30.46340298652649
Stats for ('MARI', Timestamp('2013-03-12 00:00:00')): P10 takes: 0.019567012786865234
Stats for ('MARI', Timestamp('2013-03-12 00:00:00')): P90 takes: 0.019358158111572266
Stats: gPCE takes: 0.03040170669555664
Stats for ('MARI', Timestamp('2013-03-13 00:00:00')): E takes: 0.14963817596435547
Stats for ('MARI', Timestamp('2013-03-13 00:00:00')): Var takes: 15.663464069366455
Stats for ('MARI', Timestamp('2013-03-13 00:00:00')): StdDev takes: 15.652077674865723
Stats for ('MARI', Timestamp('2013-03-13 00:00:00')): Sobol_m takes: 16.340179443359375
Stats for ('MARI', Timestamp('2013-03-13 00:00:00')): Sobol_m2 takes: 20.775792360305786
Stats for ('MARI', Timestamp('2013-03-13 00:00:00')): Sobol_t takes: 30.484521865844727
Stats for ('MARI', Timestamp('2013-03-13 00:00:00')): P10 takes: 0.01978468894958496
Stats for ('MARI', Timestamp('2013-03-13 00:00:00')): P90 takes: 0.019122600555419922
Stats: gPCE takes: 0.03000330924987793
Stats for ('MARI', Timestamp('2013-03-14 00:00:00')): E takes: 0.15128445625305176
Stats for ('MARI', Timestamp('2013-03-14 00:00:00')): Var takes: 15.697075605392456
Stats for ('MARI', Timestamp('2013-03-14 00:00:00')): StdDev takes: 15.666777610778809
Stats for ('MARI', Timestamp('2013-03-14 00:00:00')): Sobol_m takes: 16.378334760665894
Stats for ('MARI', Timestamp('2013-03-14 00:00:00')): Sobol_m2 takes: 20.73450231552124
Stats for ('MARI', Timestamp('2013-03-14 00:00:00')): Sobol_t takes: 30.519188165664673
Stats for ('MARI', Timestamp('2013-03-14 00:00:00')): P10 takes: 0.019356966018676758
Stats for ('MARI', Timestamp('2013-03-14 00:00:00')): P90 takes: 0.019150733947753906
Stats: gPCE takes: 0.030211687088012695
Stats for ('MARI', Timestamp('2013-03-15 00:00:00')): E takes: 0.15087366104125977
Stats for ('MARI', Timestamp('2013-03-15 00:00:00')): Var takes: 15.66292667388916
Stats for ('MARI', Timestamp('2013-03-15 00:00:00')): StdDev takes: 15.673548698425293
Stats for ('MARI', Timestamp('2013-03-15 00:00:00')): Sobol_m takes: 16.441484451293945
Stats for ('MARI', Timestamp('2013-03-15 00:00:00')): Sobol_m2 takes: 20.752819538116455
Stats for ('MARI', Timestamp('2013-03-15 00:00:00')): Sobol_t takes: 30.498398780822754
Stats for ('MARI', Timestamp('2013-03-15 00:00:00')): P10 takes: 0.019710779190063477
Stats for ('MARI', Timestamp('2013-03-15 00:00:00')): P90 takes: 0.019143342971801758
Stats: gPCE takes: 0.029969453811645508
Stats for ('MARI', Timestamp('2013-03-16 00:00:00')): E takes: 0.1510179042816162
Stats for ('MARI', Timestamp('2013-03-16 00:00:00')): Var takes: 15.662065029144287
Stats for ('MARI', Timestamp('2013-03-16 00:00:00')): StdDev takes: 15.671269416809082
Stats for ('MARI', Timestamp('2013-03-16 00:00:00')): Sobol_m takes: 16.39029097557068
Stats for ('MARI', Timestamp('2013-03-16 00:00:00')): Sobol_m2 takes: 20.80912971496582
Stats for ('MARI', Timestamp('2013-03-16 00:00:00')): Sobol_t takes: 30.498721599578857
Stats for ('MARI', Timestamp('2013-03-16 00:00:00')): P10 takes: 0.0195467472076416
Stats for ('MARI', Timestamp('2013-03-16 00:00:00')): P90 takes: 0.019107818603515625
Stats: gPCE takes: 0.030161619186401367
Stats for ('MARI', Timestamp('2013-03-17 00:00:00')): E takes: 0.15056824684143066
Stats for ('MARI', Timestamp('2013-03-17 00:00:00')): Var takes: 15.667936563491821
Stats for ('MARI', Timestamp('2013-03-17 00:00:00')): StdDev takes: 15.662087202072144
Stats for ('MARI', Timestamp('2013-03-17 00:00:00')): Sobol_m takes: 16.390478134155273
Stats for ('MARI', Timestamp('2013-03-17 00:00:00')): Sobol_m2 takes: 20.823697328567505
Stats for ('MARI', Timestamp('2013-03-17 00:00:00')): Sobol_t takes: 30.45112180709839
Stats for ('MARI', Timestamp('2013-03-17 00:00:00')): P10 takes: 0.01935553550720215
Stats for ('MARI', Timestamp('2013-03-17 00:00:00')): P90 takes: 0.01909041404724121
Stats: gPCE takes: 0.030003786087036133
Stats for ('MARI', Timestamp('2013-03-18 00:00:00')): E takes: 0.14987683296203613
Stats for ('MARI', Timestamp('2013-03-18 00:00:00')): Var takes: 15.671463251113892
Stats for ('MARI', Timestamp('2013-03-18 00:00:00')): StdDev takes: 15.645751953125
Stats for ('MARI', Timestamp('2013-03-18 00:00:00')): Sobol_m takes: 16.35512614250183
Stats for ('MARI', Timestamp('2013-03-18 00:00:00')): Sobol_m2 takes: 20.812484979629517
Stats for ('MARI', Timestamp('2013-03-18 00:00:00')): Sobol_t takes: 30.464219570159912
Stats for ('MARI', Timestamp('2013-03-18 00:00:00')): P10 takes: 0.01939082145690918
Stats for ('MARI', Timestamp('2013-03-18 00:00:00')): P90 takes: 0.019070863723754883
Stats: gPCE takes: 0.030241727828979492
Stats for ('MARI', Timestamp('2013-03-19 00:00:00')): E takes: 0.1506800651550293
Stats for ('MARI', Timestamp('2013-03-19 00:00:00')): Var takes: 15.655983686447144
Stats for ('MARI', Timestamp('2013-03-19 00:00:00')): StdDev takes: 15.659624576568604
Stats for ('MARI', Timestamp('2013-03-19 00:00:00')): Sobol_m takes: 16.385538578033447
Stats for ('MARI', Timestamp('2013-03-19 00:00:00')): Sobol_m2 takes: 20.77192759513855
Stats for ('MARI', Timestamp('2013-03-19 00:00:00')): Sobol_t takes: 30.469406604766846
Stats for ('MARI', Timestamp('2013-03-19 00:00:00')): P10 takes: 0.019512176513671875
Stats for ('MARI', Timestamp('2013-03-19 00:00:00')): P90 takes: 0.019002199172973633
Stats: gPCE takes: 0.03004169464111328
Stats for ('MARI', Timestamp('2013-03-20 00:00:00')): E takes: 0.1530451774597168
Stats for ('MARI', Timestamp('2013-03-20 00:00:00')): Var takes: 15.69787073135376
Stats for ('MARI', Timestamp('2013-03-20 00:00:00')): StdDev takes: 15.661620140075684
Stats for ('MARI', Timestamp('2013-03-20 00:00:00')): Sobol_m takes: 16.39488124847412
Stats for ('MARI', Timestamp('2013-03-20 00:00:00')): Sobol_m2 takes: 20.776548147201538
Stats for ('MARI', Timestamp('2013-03-20 00:00:00')): Sobol_t takes: 30.513767957687378
Stats for ('MARI', Timestamp('2013-03-20 00:00:00')): P10 takes: 0.01953887939453125
Stats for ('MARI', Timestamp('2013-03-20 00:00:00')): P90 takes: 0.01919865608215332
Stats: gPCE takes: 0.029996633529663086
Stats for ('MARI', Timestamp('2013-03-21 00:00:00')): E takes: 0.1504683494567871
Stats for ('MARI', Timestamp('2013-03-21 00:00:00')): Var takes: 15.646873235702515
Stats for ('MARI', Timestamp('2013-03-21 00:00:00')): StdDev takes: 15.674969911575317
Stats for ('MARI', Timestamp('2013-03-21 00:00:00')): Sobol_m takes: 16.40423321723938
Stats for ('MARI', Timestamp('2013-03-21 00:00:00')): Sobol_m2 takes: 20.76093578338623
Stats for ('MARI', Timestamp('2013-03-21 00:00:00')): Sobol_t takes: 30.47140598297119
Stats for ('MARI', Timestamp('2013-03-21 00:00:00')): P10 takes: 0.01968240737915039
Stats for ('MARI', Timestamp('2013-03-21 00:00:00')): P90 takes: 0.019062519073486328
Stats: gPCE takes: 0.0302736759185791
Stats for ('MARI', Timestamp('2013-03-22 00:00:00')): E takes: 0.15161585807800293
Stats for ('MARI', Timestamp('2013-03-22 00:00:00')): Var takes: 15.658424854278564
Stats for ('MARI', Timestamp('2013-03-22 00:00:00')): StdDev takes: 15.654423952102661
Stats for ('MARI', Timestamp('2013-03-22 00:00:00')): Sobol_m takes: 16.377564191818237
Stats for ('MARI', Timestamp('2013-03-22 00:00:00')): Sobol_m2 takes: 20.814966201782227
Stats for ('MARI', Timestamp('2013-03-22 00:00:00')): Sobol_t takes: 30.481167793273926
Stats for ('MARI', Timestamp('2013-03-22 00:00:00')): P10 takes: 0.0194242000579834
Stats for ('MARI', Timestamp('2013-03-22 00:00:00')): P90 takes: 0.01916980743408203
Stats: gPCE takes: 0.030327558517456055
Stats for ('MARI', Timestamp('2013-03-23 00:00:00')): E takes: 0.15050244331359863
Stats for ('MARI', Timestamp('2013-03-23 00:00:00')): Var takes: 15.642503023147583
Stats for ('MARI', Timestamp('2013-03-23 00:00:00')): StdDev takes: 15.643064737319946
Stats for ('MARI', Timestamp('2013-03-23 00:00:00')): Sobol_m takes: 16.339712858200073
Stats for ('MARI', Timestamp('2013-03-23 00:00:00')): Sobol_m2 takes: 20.78269362449646
Stats for ('MARI', Timestamp('2013-03-23 00:00:00')): Sobol_t takes: 30.5465567111969
Stats for ('MARI', Timestamp('2013-03-23 00:00:00')): P10 takes: 0.019429683685302734
Stats for ('MARI', Timestamp('2013-03-23 00:00:00')): P90 takes: 0.019191265106201172
Stats: gPCE takes: 0.030680418014526367
Stats for ('MARI', Timestamp('2013-03-24 00:00:00')): E takes: 0.15088748931884766
Stats for ('MARI', Timestamp('2013-03-24 00:00:00')): Var takes: 15.670248031616211
Stats for ('MARI', Timestamp('2013-03-24 00:00:00')): StdDev takes: 15.626165390014648
Stats for ('MARI', Timestamp('2013-03-24 00:00:00')): Sobol_m takes: 16.35311222076416
Stats for ('MARI', Timestamp('2013-03-24 00:00:00')): Sobol_m2 takes: 20.798166513442993
Stats for ('MARI', Timestamp('2013-03-24 00:00:00')): Sobol_t takes: 30.45245385169983
Stats for ('MARI', Timestamp('2013-03-24 00:00:00')): P10 takes: 0.019361019134521484
Stats for ('MARI', Timestamp('2013-03-24 00:00:00')): P90 takes: 0.019113779067993164
Stats: gPCE takes: 0.03001880645751953
Stats for ('MARI', Timestamp('2013-03-25 00:00:00')): E takes: 0.14974284172058105
Stats for ('MARI', Timestamp('2013-03-25 00:00:00')): Var takes: 15.658998966217041
Stats for ('MARI', Timestamp('2013-03-25 00:00:00')): StdDev takes: 15.680888652801514
Stats for ('MARI', Timestamp('2013-03-25 00:00:00')): Sobol_m takes: 16.40113091468811
Stats for ('MARI', Timestamp('2013-03-25 00:00:00')): Sobol_m2 takes: 20.779777765274048
Stats for ('MARI', Timestamp('2013-03-25 00:00:00')): Sobol_t takes: 30.500041961669922
Stats for ('MARI', Timestamp('2013-03-25 00:00:00')): P10 takes: 0.01943039894104004
Stats for ('MARI', Timestamp('2013-03-25 00:00:00')): P90 takes: 0.01909351348876953
Stats: gPCE takes: 0.029847383499145508
Stats for ('MARI', Timestamp('2013-03-26 00:00:00')): E takes: 0.15097260475158691
Stats for ('MARI', Timestamp('2013-03-26 00:00:00')): Var takes: 15.685181379318237
Stats for ('MARI', Timestamp('2013-03-26 00:00:00')): StdDev takes: 15.67887020111084
Stats for ('MARI', Timestamp('2013-03-26 00:00:00')): Sobol_m takes: 16.385703802108765
Stats for ('MARI', Timestamp('2013-03-26 00:00:00')): Sobol_m2 takes: 20.772043466567993
Stats for ('MARI', Timestamp('2013-03-26 00:00:00')): Sobol_t takes: 30.502463817596436
Stats for ('MARI', Timestamp('2013-03-26 00:00:00')): P10 takes: 0.0193636417388916
Stats for ('MARI', Timestamp('2013-03-26 00:00:00')): P90 takes: 0.019186019897460938
Stats: gPCE takes: 0.030657291412353516
Stats for ('MARI', Timestamp('2013-03-27 00:00:00')): E takes: 0.15134882926940918
Stats for ('MARI', Timestamp('2013-03-27 00:00:00')): Var takes: 15.650610446929932
Stats for ('MARI', Timestamp('2013-03-27 00:00:00')): StdDev takes: 15.637304067611694
Stats for ('MARI', Timestamp('2013-03-27 00:00:00')): Sobol_m takes: 16.415845155715942
Stats for ('MARI', Timestamp('2013-03-27 00:00:00')): Sobol_m2 takes: 20.756089210510254
Stats for ('MARI', Timestamp('2013-03-27 00:00:00')): Sobol_t takes: 30.49833035469055
Stats for ('MARI', Timestamp('2013-03-27 00:00:00')): P10 takes: 0.019432544708251953
Stats for ('MARI', Timestamp('2013-03-27 00:00:00')): P90 takes: 0.019051074981689453
Stats: gPCE takes: 0.030190706253051758
Stats for ('MARI', Timestamp('2013-03-28 00:00:00')): E takes: 0.1509864330291748
Stats for ('MARI', Timestamp('2013-03-28 00:00:00')): Var takes: 15.644898414611816
Stats for ('MARI', Timestamp('2013-03-28 00:00:00')): StdDev takes: 15.665377140045166
Stats for ('MARI', Timestamp('2013-03-28 00:00:00')): Sobol_m takes: 16.380491495132446
Stats for ('MARI', Timestamp('2013-03-28 00:00:00')): Sobol_m2 takes: 20.808686017990112
Stats for ('MARI', Timestamp('2013-03-28 00:00:00')): Sobol_t takes: 30.468947649002075
Stats for ('MARI', Timestamp('2013-03-28 00:00:00')): P10 takes: 0.019775867462158203
Stats for ('MARI', Timestamp('2013-03-28 00:00:00')): P90 takes: 0.01915597915649414
Stats: gPCE takes: 0.030321121215820312
Stats for ('MARI', Timestamp('2013-03-29 00:00:00')): E takes: 0.15108418464660645
Stats for ('MARI', Timestamp('2013-03-29 00:00:00')): Var takes: 15.66196060180664
Stats for ('MARI', Timestamp('2013-03-29 00:00:00')): StdDev takes: 15.635860681533813
Stats for ('MARI', Timestamp('2013-03-29 00:00:00')): Sobol_m takes: 16.363109827041626
Stats for ('MARI', Timestamp('2013-03-29 00:00:00')): Sobol_m2 takes: 20.80839443206787
Stats for ('MARI', Timestamp('2013-03-29 00:00:00')): Sobol_t takes: 30.489731073379517
Stats for ('MARI', Timestamp('2013-03-29 00:00:00')): P10 takes: 0.019467830657958984
Stats for ('MARI', Timestamp('2013-03-29 00:00:00')): P90 takes: 0.01912999153137207
Stats: gPCE takes: 0.030057668685913086
Stats for ('MARI', Timestamp('2013-03-30 00:00:00')): E takes: 0.1502532958984375
Stats for ('MARI', Timestamp('2013-03-30 00:00:00')): Var takes: 15.630118370056152
Stats for ('MARI', Timestamp('2013-03-30 00:00:00')): StdDev takes: 15.610319137573242
Stats for ('MARI', Timestamp('2013-03-30 00:00:00')): Sobol_m takes: 16.343156576156616
Stats for ('MARI', Timestamp('2013-03-30 00:00:00')): Sobol_m2 takes: 20.81628108024597
Stats for ('MARI', Timestamp('2013-03-30 00:00:00')): Sobol_t takes: 30.457211017608643
Stats for ('MARI', Timestamp('2013-03-30 00:00:00')): P10 takes: 0.0192105770111084
Stats for ('MARI', Timestamp('2013-03-30 00:00:00')): P90 takes: 0.019106388092041016
Stats: gPCE takes: 0.031109333038330078
Stats for ('MARI', Timestamp('2013-03-31 00:00:00')): E takes: 0.1497955322265625
Stats for ('MARI', Timestamp('2013-03-31 00:00:00')): Var takes: 15.638121604919434
Stats for ('MARI', Timestamp('2013-03-31 00:00:00')): StdDev takes: 15.666982173919678
Stats for ('MARI', Timestamp('2013-03-31 00:00:00')): Sobol_m takes: 16.383337020874023
Stats for ('MARI', Timestamp('2013-03-31 00:00:00')): Sobol_m2 takes: 20.77467441558838
Stats for ('MARI', Timestamp('2013-03-31 00:00:00')): Sobol_t takes: 30.46194887161255
Stats for ('MARI', Timestamp('2013-03-31 00:00:00')): P10 takes: 0.019395112991333008
Stats for ('MARI', Timestamp('2013-03-31 00:00:00')): P90 takes: 0.019119739532470703
Stats: gPCE takes: 0.029924631118774414
Stats for ('MARI', Timestamp('2013-04-01 00:00:00')): E takes: 0.15100669860839844
Stats for ('MARI', Timestamp('2013-04-01 00:00:00')): Var takes: 15.679182529449463
Stats for ('MARI', Timestamp('2013-04-01 00:00:00')): StdDev takes: 15.660095453262329
Stats for ('MARI', Timestamp('2013-04-01 00:00:00')): Sobol_m takes: 16.374425888061523
Stats for ('MARI', Timestamp('2013-04-01 00:00:00')): Sobol_m2 takes: 20.763213396072388
Stats for ('MARI', Timestamp('2013-04-01 00:00:00')): Sobol_t takes: 30.478825569152832
Stats for ('MARI', Timestamp('2013-04-01 00:00:00')): P10 takes: 0.019280195236206055
Stats for ('MARI', Timestamp('2013-04-01 00:00:00')): P90 takes: 0.019133567810058594
Stats: gPCE takes: 0.030325889587402344
Stats for ('MARI', Timestamp('2013-04-02 00:00:00')): E takes: 0.15163922309875488
Stats for ('MARI', Timestamp('2013-04-02 00:00:00')): Var takes: 15.648101806640625
Stats for ('MARI', Timestamp('2013-04-02 00:00:00')): StdDev takes: 15.67094111442566
Stats for ('MARI', Timestamp('2013-04-02 00:00:00')): Sobol_m takes: 16.414498805999756
Stats for ('MARI', Timestamp('2013-04-02 00:00:00')): Sobol_m2 takes: 20.77572989463806
Stats for ('MARI', Timestamp('2013-04-02 00:00:00')): Sobol_t takes: 30.46338438987732
Stats for ('MARI', Timestamp('2013-04-02 00:00:00')): P10 takes: 0.019402027130126953
Stats for ('MARI', Timestamp('2013-04-02 00:00:00')): P90 takes: 0.019070148468017578
Stats: gPCE takes: 0.03019881248474121
Stats for ('MARI', Timestamp('2013-04-03 00:00:00')): E takes: 0.1507246494293213
Stats for ('MARI', Timestamp('2013-04-03 00:00:00')): Var takes: 15.654324054718018
Stats for ('MARI', Timestamp('2013-04-03 00:00:00')): StdDev takes: 15.651566982269287
Stats for ('MARI', Timestamp('2013-04-03 00:00:00')): Sobol_m takes: 16.371357917785645
Stats for ('MARI', Timestamp('2013-04-03 00:00:00')): Sobol_m2 takes: 20.792445182800293
Stats for ('MARI', Timestamp('2013-04-03 00:00:00')): Sobol_t takes: 30.508156299591064
Stats for ('MARI', Timestamp('2013-04-03 00:00:00')): P10 takes: 0.01979351043701172
Stats for ('MARI', Timestamp('2013-04-03 00:00:00')): P90 takes: 0.019057273864746094
Stats: gPCE takes: 0.03028249740600586
Stats for ('MARI', Timestamp('2013-04-04 00:00:00')): E takes: 0.1504054069519043
Stats for ('MARI', Timestamp('2013-04-04 00:00:00')): Var takes: 15.646440982818604
Stats for ('MARI', Timestamp('2013-04-04 00:00:00')): StdDev takes: 15.643035173416138
Stats for ('MARI', Timestamp('2013-04-04 00:00:00')): Sobol_m takes: 16.366915225982666
Stats for ('MARI', Timestamp('2013-04-04 00:00:00')): Sobol_m2 takes: 20.80037236213684
Stats for ('MARI', Timestamp('2013-04-04 00:00:00')): Sobol_t takes: 30.479976654052734
Stats for ('MARI', Timestamp('2013-04-04 00:00:00')): P10 takes: 0.019439220428466797
Stats for ('MARI', Timestamp('2013-04-04 00:00:00')): P90 takes: 0.01915764808654785
Stats: gPCE takes: 0.030078649520874023
Stats for ('MARI', Timestamp('2013-04-05 00:00:00')): E takes: 0.15800237655639648
Stats for ('MARI', Timestamp('2013-04-05 00:00:00')): Var takes: 15.669558763504028
Stats for ('MARI', Timestamp('2013-04-05 00:00:00')): StdDev takes: 15.644492387771606
Stats for ('MARI', Timestamp('2013-04-05 00:00:00')): Sobol_m takes: 16.372642278671265
Stats for ('MARI', Timestamp('2013-04-05 00:00:00')): Sobol_m2 takes: 20.83747696876526
Stats for ('MARI', Timestamp('2013-04-05 00:00:00')): Sobol_t takes: 30.503262281417847
Stats for ('MARI', Timestamp('2013-04-05 00:00:00')): P10 takes: 0.01935410499572754
Stats for ('MARI', Timestamp('2013-04-05 00:00:00')): P90 takes: 0.019124269485473633
Stats: gPCE takes: 0.03024148941040039
Stats for ('MARI', Timestamp('2013-04-06 00:00:00')): E takes: 0.14949703216552734
Stats for ('MARI', Timestamp('2013-04-06 00:00:00')): Var takes: 15.660086870193481
Stats for ('MARI', Timestamp('2013-04-06 00:00:00')): StdDev takes: 15.638427019119263
Stats for ('MARI', Timestamp('2013-04-06 00:00:00')): Sobol_m takes: 16.3731906414032
Stats for ('MARI', Timestamp('2013-04-06 00:00:00')): Sobol_m2 takes: 20.745835065841675
Stats for ('MARI', Timestamp('2013-04-06 00:00:00')): Sobol_t takes: 30.492830514907837
Stats for ('MARI', Timestamp('2013-04-06 00:00:00')): P10 takes: 0.01937270164489746
Stats for ('MARI', Timestamp('2013-04-06 00:00:00')): P90 takes: 0.01913285255432129
Stats: gPCE takes: 0.029816865921020508
Stats for ('MARI', Timestamp('2013-04-07 00:00:00')): E takes: 0.1506059169769287
Stats for ('MARI', Timestamp('2013-04-07 00:00:00')): Var takes: 15.683256387710571
Stats for ('MARI', Timestamp('2013-04-07 00:00:00')): StdDev takes: 15.626041889190674
Stats for ('MARI', Timestamp('2013-04-07 00:00:00')): Sobol_m takes: 16.362242698669434
Stats for ('MARI', Timestamp('2013-04-07 00:00:00')): Sobol_m2 takes: 20.7679386138916
Stats for ('MARI', Timestamp('2013-04-07 00:00:00')): Sobol_t takes: 30.463300943374634
Stats for ('MARI', Timestamp('2013-04-07 00:00:00')): P10 takes: 0.01956796646118164
Stats for ('MARI', Timestamp('2013-04-07 00:00:00')): P90 takes: 0.019094228744506836
Stats: gPCE takes: 0.030112028121948242
Stats for ('MARI', Timestamp('2013-04-08 00:00:00')): E takes: 0.15171122550964355
Stats for ('MARI', Timestamp('2013-04-08 00:00:00')): Var takes: 15.660015106201172
Stats for ('MARI', Timestamp('2013-04-08 00:00:00')): StdDev takes: 15.658545017242432
Stats for ('MARI', Timestamp('2013-04-08 00:00:00')): Sobol_m takes: 16.41920256614685
Stats for ('MARI', Timestamp('2013-04-08 00:00:00')): Sobol_m2 takes: 20.759397983551025
Stats for ('MARI', Timestamp('2013-04-08 00:00:00')): Sobol_t takes: 30.52104878425598
Stats for ('MARI', Timestamp('2013-04-08 00:00:00')): P10 takes: 0.01936793327331543
Stats for ('MARI', Timestamp('2013-04-08 00:00:00')): P90 takes: 0.019093990325927734
Stats: gPCE takes: 0.029898405075073242
Stats for ('MARI', Timestamp('2013-04-09 00:00:00')): E takes: 0.15221691131591797
Stats for ('MARI', Timestamp('2013-04-09 00:00:00')): Var takes: 15.637403964996338
Stats for ('MARI', Timestamp('2013-04-09 00:00:00')): StdDev takes: 15.635527610778809
Stats for ('MARI', Timestamp('2013-04-09 00:00:00')): Sobol_m takes: 16.370248079299927
Stats for ('MARI', Timestamp('2013-04-09 00:00:00')): Sobol_m2 takes: 20.781826972961426
Stats for ('MARI', Timestamp('2013-04-09 00:00:00')): Sobol_t takes: 30.501983880996704
Stats for ('MARI', Timestamp('2013-04-09 00:00:00')): P10 takes: 0.01970052719116211
Stats for ('MARI', Timestamp('2013-04-09 00:00:00')): P90 takes: 0.019083261489868164
Stats: gPCE takes: 0.03069591522216797
Stats for ('MARI', Timestamp('2013-04-10 00:00:00')): E takes: 0.1500682830810547
Stats for ('MARI', Timestamp('2013-04-10 00:00:00')): Var takes: 15.65181040763855
Stats for ('MARI', Timestamp('2013-04-10 00:00:00')): StdDev takes: 15.666584968566895
Stats for ('MARI', Timestamp('2013-04-10 00:00:00')): Sobol_m takes: 16.380981922149658
Stats for ('MARI', Timestamp('2013-04-10 00:00:00')): Sobol_m2 takes: 20.809552907943726
Stats for ('MARI', Timestamp('2013-04-10 00:00:00')): Sobol_t takes: 30.45743489265442
Stats for ('MARI', Timestamp('2013-04-10 00:00:00')): P10 takes: 0.01942610740661621
Stats for ('MARI', Timestamp('2013-04-10 00:00:00')): P90 takes: 0.019008398056030273
Stats: gPCE takes: 0.029944896697998047
Stats for ('MARI', Timestamp('2013-04-11 00:00:00')): E takes: 0.14998674392700195
Stats for ('MARI', Timestamp('2013-04-11 00:00:00')): Var takes: 15.640746593475342
Stats for ('MARI', Timestamp('2013-04-11 00:00:00')): StdDev takes: 15.655678033828735
Stats for ('MARI', Timestamp('2013-04-11 00:00:00')): Sobol_m takes: 16.371691942214966
Stats for ('MARI', Timestamp('2013-04-11 00:00:00')): Sobol_m2 takes: 20.77718496322632
Stats for ('MARI', Timestamp('2013-04-11 00:00:00')): Sobol_t takes: 30.51598048210144
Stats for ('MARI', Timestamp('2013-04-11 00:00:00')): P10 takes: 0.019374847412109375
Stats for ('MARI', Timestamp('2013-04-11 00:00:00')): P90 takes: 0.019176006317138672
Stats: gPCE takes: 0.029872417449951172
Stats for ('MARI', Timestamp('2013-04-12 00:00:00')): E takes: 0.14943289756774902
Stats for ('MARI', Timestamp('2013-04-12 00:00:00')): Var takes: 15.649775266647339
Stats for ('MARI', Timestamp('2013-04-12 00:00:00')): StdDev takes: 15.65686297416687
Stats for ('MARI', Timestamp('2013-04-12 00:00:00')): Sobol_m takes: 16.39722228050232
Stats for ('MARI', Timestamp('2013-04-12 00:00:00')): Sobol_m2 takes: 20.803828954696655
Stats for ('MARI', Timestamp('2013-04-12 00:00:00')): Sobol_t takes: 30.47668719291687
Stats for ('MARI', Timestamp('2013-04-12 00:00:00')): P10 takes: 0.019402027130126953
Stats for ('MARI', Timestamp('2013-04-12 00:00:00')): P90 takes: 0.019069194793701172
Stats: gPCE takes: 0.02979445457458496
Stats for ('MARI', Timestamp('2013-04-13 00:00:00')): E takes: 0.1504220962524414
Stats for ('MARI', Timestamp('2013-04-13 00:00:00')): Var takes: 15.686297416687012
Stats for ('MARI', Timestamp('2013-04-13 00:00:00')): StdDev takes: 15.66245412826538
Stats for ('MARI', Timestamp('2013-04-13 00:00:00')): Sobol_m takes: 16.387253761291504
Stats for ('MARI', Timestamp('2013-04-13 00:00:00')): Sobol_m2 takes: 20.78230881690979
Stats for ('MARI', Timestamp('2013-04-13 00:00:00')): Sobol_t takes: 30.48323678970337
Stats for ('MARI', Timestamp('2013-04-13 00:00:00')): P10 takes: 0.019403696060180664
Stats for ('MARI', Timestamp('2013-04-13 00:00:00')): P90 takes: 0.019126415252685547
Stats: gPCE takes: 0.03002333641052246
Stats for ('MARI', Timestamp('2013-04-14 00:00:00')): E takes: 0.15068888664245605
Stats for ('MARI', Timestamp('2013-04-14 00:00:00')): Var takes: 15.640456438064575
Stats for ('MARI', Timestamp('2013-04-14 00:00:00')): StdDev takes: 15.669337034225464
Stats for ('MARI', Timestamp('2013-04-14 00:00:00')): Sobol_m takes: 16.429747343063354
Stats for ('MARI', Timestamp('2013-04-14 00:00:00')): Sobol_m2 takes: 20.751731634140015
Stats for ('MARI', Timestamp('2013-04-14 00:00:00')): Sobol_t takes: 30.466822385787964
Stats for ('MARI', Timestamp('2013-04-14 00:00:00')): P10 takes: 0.019350051879882812
Stats for ('MARI', Timestamp('2013-04-14 00:00:00')): P90 takes: 0.019074678421020508
Stats: gPCE takes: 0.030229568481445312
Stats for ('MARI', Timestamp('2013-04-15 00:00:00')): E takes: 0.1517200469970703
Stats for ('MARI', Timestamp('2013-04-15 00:00:00')): Var takes: 15.665748834609985
Stats for ('MARI', Timestamp('2013-04-15 00:00:00')): StdDev takes: 15.680514812469482
Stats for ('MARI', Timestamp('2013-04-15 00:00:00')): Sobol_m takes: 16.41633439064026
Stats for ('MARI', Timestamp('2013-04-15 00:00:00')): Sobol_m2 takes: 20.83313226699829
Stats for ('MARI', Timestamp('2013-04-15 00:00:00')): Sobol_t takes: 30.498543739318848
Stats for ('MARI', Timestamp('2013-04-15 00:00:00')): P10 takes: 0.019661664962768555
Stats for ('MARI', Timestamp('2013-04-15 00:00:00')): P90 takes: 0.019175052642822266
Stats: gPCE takes: 0.029931068420410156
Stats for ('MARI', Timestamp('2013-04-16 00:00:00')): E takes: 0.15058422088623047
Stats for ('MARI', Timestamp('2013-04-16 00:00:00')): Var takes: 15.633763790130615
Stats for ('MARI', Timestamp('2013-04-16 00:00:00')): StdDev takes: 15.652048110961914
Stats for ('MARI', Timestamp('2013-04-16 00:00:00')): Sobol_m takes: 16.378682613372803
Stats for ('MARI', Timestamp('2013-04-16 00:00:00')): Sobol_m2 takes: 20.80795955657959
Stats for ('MARI', Timestamp('2013-04-16 00:00:00')): Sobol_t takes: 30.501091957092285
Stats for ('MARI', Timestamp('2013-04-16 00:00:00')): P10 takes: 0.019392728805541992
Stats for ('MARI', Timestamp('2013-04-16 00:00:00')): P90 takes: 0.019078969955444336
Stats: gPCE takes: 0.030071258544921875
Stats for ('MARI', Timestamp('2013-04-17 00:00:00')): E takes: 0.1506507396697998
Stats for ('MARI', Timestamp('2013-04-17 00:00:00')): Var takes: 15.659434080123901
Stats for ('MARI', Timestamp('2013-04-17 00:00:00')): StdDev takes: 15.652060508728027
Stats for ('MARI', Timestamp('2013-04-17 00:00:00')): Sobol_m takes: 16.36914038658142
Stats for ('MARI', Timestamp('2013-04-17 00:00:00')): Sobol_m2 takes: 20.812384128570557
Stats for ('MARI', Timestamp('2013-04-17 00:00:00')): Sobol_t takes: 30.44709086418152
Stats for ('MARI', Timestamp('2013-04-17 00:00:00')): P10 takes: 0.01938796043395996
Stats for ('MARI', Timestamp('2013-04-17 00:00:00')): P90 takes: 0.01906728744506836
Stats: gPCE takes: 0.029874563217163086
Stats for ('MARI', Timestamp('2013-04-18 00:00:00')): E takes: 0.1493818759918213
Stats for ('MARI', Timestamp('2013-04-18 00:00:00')): Var takes: 15.648864984512329
Stats for ('MARI', Timestamp('2013-04-18 00:00:00')): StdDev takes: 15.650251626968384
Stats for ('MARI', Timestamp('2013-04-18 00:00:00')): Sobol_m takes: 16.35593891143799
Stats for ('MARI', Timestamp('2013-04-18 00:00:00')): Sobol_m2 takes: 20.770751237869263
Stats for ('MARI', Timestamp('2013-04-18 00:00:00')): Sobol_t takes: 30.49977707862854
Stats for ('MARI', Timestamp('2013-04-18 00:00:00')): P10 takes: 0.019446134567260742
Stats for ('MARI', Timestamp('2013-04-18 00:00:00')): P90 takes: 0.01910233497619629
Stats: gPCE takes: 0.029992341995239258
Stats for ('MARI', Timestamp('2013-04-19 00:00:00')): E takes: 0.15215253829956055
Stats for ('MARI', Timestamp('2013-04-19 00:00:00')): Var takes: 15.681126356124878
Stats for ('MARI', Timestamp('2013-04-19 00:00:00')): StdDev takes: 15.659437656402588
Stats for ('MARI', Timestamp('2013-04-19 00:00:00')): Sobol_m takes: 16.36460828781128
Stats for ('MARI', Timestamp('2013-04-19 00:00:00')): Sobol_m2 takes: 20.7674560546875
Stats for ('MARI', Timestamp('2013-04-19 00:00:00')): Sobol_t takes: 30.488810777664185
Stats for ('MARI', Timestamp('2013-04-19 00:00:00')): P10 takes: 0.01944756507873535
Stats for ('MARI', Timestamp('2013-04-19 00:00:00')): P90 takes: 0.01914381980895996
Stats: gPCE takes: 0.03014349937438965
Stats for ('MARI', Timestamp('2013-04-20 00:00:00')): E takes: 0.15210938453674316
Stats for ('MARI', Timestamp('2013-04-20 00:00:00')): Var takes: 15.663815021514893
Stats for ('MARI', Timestamp('2013-04-20 00:00:00')): StdDev takes: 15.654040098190308
Stats for ('MARI', Timestamp('2013-04-20 00:00:00')): Sobol_m takes: 16.418605089187622
Stats for ('MARI', Timestamp('2013-04-20 00:00:00')): Sobol_m2 takes: 20.758227586746216
Stats for ('MARI', Timestamp('2013-04-20 00:00:00')): Sobol_t takes: 30.493354082107544
Stats for ('MARI', Timestamp('2013-04-20 00:00:00')): P10 takes: 0.019346952438354492
Stats for ('MARI', Timestamp('2013-04-20 00:00:00')): P90 takes: 0.019156217575073242
Stats: gPCE takes: 0.03015422821044922
Stats for ('MARI', Timestamp('2013-04-21 00:00:00')): E takes: 0.15153908729553223
Stats for ('MARI', Timestamp('2013-04-21 00:00:00')): Var takes: 15.65375280380249
Stats for ('MARI', Timestamp('2013-04-21 00:00:00')): StdDev takes: 15.656158924102783
Stats for ('MARI', Timestamp('2013-04-21 00:00:00')): Sobol_m takes: 16.379016399383545
Stats for ('MARI', Timestamp('2013-04-21 00:00:00')): Sobol_m2 takes: 20.765230417251587
Stats for ('MARI', Timestamp('2013-04-21 00:00:00')): Sobol_t takes: 30.461212635040283
Stats for ('MARI', Timestamp('2013-04-21 00:00:00')): P10 takes: 0.019870758056640625
Stats for ('MARI', Timestamp('2013-04-21 00:00:00')): P90 takes: 0.019059181213378906
Stats: gPCE takes: 0.030139446258544922
Stats for ('MARI', Timestamp('2013-04-22 00:00:00')): E takes: 0.15205717086791992
Stats for ('MARI', Timestamp('2013-04-22 00:00:00')): Var takes: 15.642702341079712
Stats for ('MARI', Timestamp('2013-04-22 00:00:00')): StdDev takes: 15.644448280334473
Stats for ('MARI', Timestamp('2013-04-22 00:00:00')): Sobol_m takes: 16.37514305114746
Stats for ('MARI', Timestamp('2013-04-22 00:00:00')): Sobol_m2 takes: 20.801410913467407
Stats for ('MARI', Timestamp('2013-04-22 00:00:00')): Sobol_t takes: 30.513880968093872
Stats for ('MARI', Timestamp('2013-04-22 00:00:00')): P10 takes: 0.01937246322631836
Stats for ('MARI', Timestamp('2013-04-22 00:00:00')): P90 takes: 0.01906609535217285
Stats: gPCE takes: 0.029993057250976562
Stats for ('MARI', Timestamp('2013-04-23 00:00:00')): E takes: 0.1497504711151123
Stats for ('MARI', Timestamp('2013-04-23 00:00:00')): Var takes: 15.652499437332153
Stats for ('MARI', Timestamp('2013-04-23 00:00:00')): StdDev takes: 15.663690090179443
Stats for ('MARI', Timestamp('2013-04-23 00:00:00')): Sobol_m takes: 16.37907385826111
Stats for ('MARI', Timestamp('2013-04-23 00:00:00')): Sobol_m2 takes: 20.795854806900024
Stats for ('MARI', Timestamp('2013-04-23 00:00:00')): Sobol_t takes: 30.548311233520508
Stats for ('MARI', Timestamp('2013-04-23 00:00:00')): P10 takes: 0.01948070526123047
Stats for ('MARI', Timestamp('2013-04-23 00:00:00')): P90 takes: 0.018919706344604492
Stats: gPCE takes: 0.03025650978088379
Stats for ('MARI', Timestamp('2013-04-24 00:00:00')): E takes: 0.14868879318237305
Stats for ('MARI', Timestamp('2013-04-24 00:00:00')): Var takes: 15.63091778755188
Stats for ('MARI', Timestamp('2013-04-24 00:00:00')): StdDev takes: 15.6134192943573
Stats for ('MARI', Timestamp('2013-04-24 00:00:00')): Sobol_m takes: 16.352767944335938
Stats for ('MARI', Timestamp('2013-04-24 00:00:00')): Sobol_m2 takes: 20.7612144947052
Stats for ('MARI', Timestamp('2013-04-24 00:00:00')): Sobol_t takes: 30.46485996246338
Stats for ('MARI', Timestamp('2013-04-24 00:00:00')): P10 takes: 0.019473791122436523
Stats for ('MARI', Timestamp('2013-04-24 00:00:00')): P90 takes: 0.019171714782714844
Stats: gPCE takes: 0.03013157844543457
Stats for ('MARI', Timestamp('2013-04-25 00:00:00')): E takes: 0.15122008323669434
Stats for ('MARI', Timestamp('2013-04-25 00:00:00')): Var takes: 15.698648929595947
Stats for ('MARI', Timestamp('2013-04-25 00:00:00')): StdDev takes: 15.668143510818481
Stats for ('MARI', Timestamp('2013-04-25 00:00:00')): Sobol_m takes: 16.39790940284729
Stats for ('MARI', Timestamp('2013-04-25 00:00:00')): Sobol_m2 takes: 20.77330994606018
Stats for ('MARI', Timestamp('2013-04-25 00:00:00')): Sobol_t takes: 30.51573634147644
Stats for ('MARI', Timestamp('2013-04-25 00:00:00')): P10 takes: 0.019443511962890625
Stats for ('MARI', Timestamp('2013-04-25 00:00:00')): P90 takes: 0.019155263900756836
Stats: gPCE takes: 0.030036449432373047
Stats for ('MARI', Timestamp('2013-04-26 00:00:00')): E takes: 0.15111827850341797
Stats for ('MARI', Timestamp('2013-04-26 00:00:00')): Var takes: 15.65323281288147
Stats for ('MARI', Timestamp('2013-04-26 00:00:00')): StdDev takes: 15.689439058303833
Stats for ('MARI', Timestamp('2013-04-26 00:00:00')): Sobol_m takes: 16.397814750671387
Stats for ('MARI', Timestamp('2013-04-26 00:00:00')): Sobol_m2 takes: 20.73669195175171
Stats for ('MARI', Timestamp('2013-04-26 00:00:00')): Sobol_t takes: 30.452941179275513
Stats for ('MARI', Timestamp('2013-04-26 00:00:00')): P10 takes: 0.019404172897338867
Stats for ('MARI', Timestamp('2013-04-26 00:00:00')): P90 takes: 0.019032001495361328
Stats: gPCE takes: 0.030097246170043945
Stats for ('MARI', Timestamp('2013-04-27 00:00:00')): E takes: 0.15036940574645996
Stats for ('MARI', Timestamp('2013-04-27 00:00:00')): Var takes: 15.631118535995483
Stats for ('MARI', Timestamp('2013-04-27 00:00:00')): StdDev takes: 15.649855613708496
Stats for ('MARI', Timestamp('2013-04-27 00:00:00')): Sobol_m takes: 16.363404989242554
Stats for ('MARI', Timestamp('2013-04-27 00:00:00')): Sobol_m2 takes: 20.80035400390625
Stats for ('MARI', Timestamp('2013-04-27 00:00:00')): Sobol_t takes: 30.445467948913574
Stats for ('MARI', Timestamp('2013-04-27 00:00:00')): P10 takes: 0.019843578338623047
Stats for ('MARI', Timestamp('2013-04-27 00:00:00')): P90 takes: 0.019059419631958008
Stats: gPCE takes: 0.030069828033447266
Stats for ('MARI', Timestamp('2013-04-28 00:00:00')): E takes: 0.15053224563598633
Stats for ('MARI', Timestamp('2013-04-28 00:00:00')): Var takes: 15.645692825317383
Stats for ('MARI', Timestamp('2013-04-28 00:00:00')): StdDev takes: 15.64142394065857
Stats for ('MARI', Timestamp('2013-04-28 00:00:00')): Sobol_m takes: 16.36265730857849
Stats for ('MARI', Timestamp('2013-04-28 00:00:00')): Sobol_m2 takes: 20.818243741989136
Stats for ('MARI', Timestamp('2013-04-28 00:00:00')): Sobol_t takes: 30.495190858840942
Stats for ('MARI', Timestamp('2013-04-28 00:00:00')): P10 takes: 0.019334793090820312
Stats for ('MARI', Timestamp('2013-04-28 00:00:00')): P90 takes: 0.01923227310180664
Stats: gPCE takes: 0.030075550079345703
Stats for ('MARI', Timestamp('2013-04-29 00:00:00')): E takes: 0.15021634101867676
Stats for ('MARI', Timestamp('2013-04-29 00:00:00')): Var takes: 15.652766704559326
Stats for ('MARI', Timestamp('2013-04-29 00:00:00')): StdDev takes: 15.635087490081787
Stats for ('MARI', Timestamp('2013-04-29 00:00:00')): Sobol_m takes: 16.36578130722046
Stats for ('MARI', Timestamp('2013-04-29 00:00:00')): Sobol_m2 takes: 20.843645811080933
Stats for ('MARI', Timestamp('2013-04-29 00:00:00')): Sobol_t takes: 30.45651650428772
Stats for ('MARI', Timestamp('2013-04-29 00:00:00')): P10 takes: 0.019418954849243164
Stats for ('MARI', Timestamp('2013-04-29 00:00:00')): P90/lrz/sys/intel/studio2019_u4/intelpython3/lib/python3.6/site-packages/pandas/plotting/_converter.py:129: FutureWarning: Using an implicitly registered datetime converter for a matplotlib plotting method. The converter was registered by pandas on import. Future versions of pandas will require you to explicitly register matplotlib converters.

To register the converters:
	>>> from pandas.plotting import register_matplotlib_converters
	>>> register_matplotlib_converters()
  warnings.warn(msg, FutureWarning)
 takes: 0.018988370895385742
calculate statistics [RuntimeStatistics]...
[ 77.42996073  77.44278594  77.45561115 ... 205.64361675 205.65644196
 205.66926718]
print statistics...
None
QoI                 E    StdDev        Var          P5         P95
---------  ----------  --------  ---------  ----------  ----------
E_runtime  134.229444  5.582461  31.163876  126.203264  141.972959

Sensitivity Indices:
Index                    value
-----------------------  -----------------------------------------------
First order              [0.36474461 0.1188086  0.0139783  0.03978994]
First order_Interaction  0.4626785442230601
Second order             [[0.         0.22249    0.04302037 0.01547667]
                          [0.22249    0.         0.02385217 0.03691817]
                          [0.04302037 0.02385217 0.         0.05261082]
                          [0.01547667 0.03691817 0.05261082 0.        ]]
Total order              [0.70020033 0.45345876 0.18880037 0.1896379 ]

type            runtime                                                                 estimated                                                               org_estimated                                                           diff: T-E                                                          diff: T-OE
--------------  ----------------------------------------------------------------------  ----------------------------------------------------------------------  ----------------------------------------------------------------------  -----------------------------------------------------------------  -----------------------------------------------------------------
sum(T_i_S)      83178.27261352539                                                       83179.64387064052                                                       83179.64387064052                                                       -1.3712571151263546                                                -1.3712571151263546
T_i_SWP_worker  [1556.15752339 1570.519485   1522.19701028 1542.08703947 1547.42258     [1584.30153289 1593.05286127 1598.36819388 1606.49069575 1587.00969988  [1584.30153289 1593.05286127 1598.36819388 1606.49069575 1587.00969988  [-28.14400949 -22.53337627 -76.1711836  -64.40365628 -39.58711988  [-28.14400949 -22.53337627 -76.1711836  -64.40365628 -39.58711988
                 1558.3937695  1530.46836233 1534.80339837 1522.07602191 1436.35796809   1579.34890652 1579.29263775 1576.96002663 1602.97338749 1503.59216892   1579.34890652 1579.29263775 1576.96002663 1602.97338749 1503.59216892   -20.95513702 -48.82427541 -42.15662826 -80.89736558 -67.23420083   -20.95513702 -48.82427541 -42.15662826 -80.89736558 -67.23420083
                 1439.17304564 1457.43297315 1447.15952396 1447.53944826 1459.66923809   1477.94184597 1479.92432428 1476.05662804 1472.81003792 1485.01860293   1477.94184597 1479.92432428 1476.05662804 1472.81003792 1485.01860293   -38.76880034 -22.49135113 -28.89710408 -25.27058966 -25.34936484   -38.76880034 -22.49135113 -28.89710408 -25.27058966 -25.34936484
                 1463.20359564 1452.91041493 1425.02942252 1439.76785684 1454.75601864   1473.83530628 1485.77075371 1472.8331138  1454.87871262 1465.57978045   1473.83530628 1485.77075371 1472.8331138  1454.87871262 1465.57978045   -10.63171065 -32.86033878 -47.80369128 -15.11085579 -10.82376181   -10.63171065 -32.86033878 -47.80369128 -15.11085579 -10.82376181
                 1465.72414017 1477.06375146 1456.90115571 1454.62468028 1455.09753084   1470.09359441 1490.06247625 1472.51376838 1447.07895721 1444.91358745   1470.09359441 1490.06247625 1472.51376838 1447.07895721 1444.91358745    -4.36945424 -12.99872479 -15.61261267   7.54572307  10.18394339    -4.36945424 -12.99872479 -15.61261267   7.54572307  10.18394339
                 1500.60955215 1476.58703756 1500.81396508 1498.29693604 1450.20581222   1472.16641229 1478.51715597 1482.1859752  1466.20679568 1466.12284443   1472.16641229 1478.51715597 1482.1859752  1466.20679568 1466.12284443    28.44313985  -1.9301184   18.62798988  32.09014036 -15.91703221    28.44313985  -1.9301184   18.62798988  32.09014036 -15.91703221
                 1466.68899488 1478.62781644 1486.88357997 1488.12421942 1504.85027027   1464.77349803 1466.38476716 1463.64206955 1477.87363406 1482.33103901   1464.77349803 1466.38476716 1463.64206955 1477.87363406 1482.33103901     1.91549686  12.24304927  23.24151042  10.25058536  22.51923126     1.91549686  12.24304927  23.24151042  10.25058536  22.51923126
                 1465.57404947 1462.90939665 1488.38581061 1513.95776916 1455.261832     1458.18000142 1454.41819586 1450.95406213 1454.88573306 1485.16032836   1458.18000142 1454.41819586 1450.95406213 1454.88573306 1485.16032836     7.39404805   8.49120078  37.43174848  59.07203609 -29.89849636     7.39404805   8.49120078  37.43174848  59.07203609 -29.89849636
                 1530.24651194 1468.47685504 1479.30819917 1494.91762972 1478.00000978   1457.65904341 1450.91401943 1441.14703766 1436.79225438 1459.12654055   1457.65904341 1450.91401943 1441.14703766 1436.79225438 1459.12654055    72.58746853  17.56283561  38.1611615   58.12537533  18.87346923    72.58746853  17.56283561  38.1611615   58.12537533  18.87346923
                 1446.2531004  1525.08970952 1532.40805268 1491.2884922  1466.70854902   1452.75693714 1468.58504413 1457.91429121 1442.22695134 1437.09003643   1452.75693714 1468.58504413 1457.91429121 1442.22695134 1437.09003643    -6.50383674  56.50466539  74.49376147  49.06154086  29.61851259    -6.50383674  56.50466539  74.49376147  49.06154086  29.61851259
                 1488.72487688 1478.22549939 1522.53812695 1537.76865292 1406.92265892   1445.67791861 1452.2423825  1488.72032349 1468.68389644 1462.91045648   1445.67791861 1452.2423825  1488.72032349 1468.68389644 1462.91045648    43.04695827  25.9831169   33.81780346  69.08475648 -55.98779756    43.04695827  25.9831169   33.81780346  69.08475648 -55.98779756
                 1477.08269262]                                                          1452.69262453]                                                          1452.69262453]                                                           24.39006809]                                                       24.39006809]
T_SWP_worker    1570.5194849967957                                                      1606.490695751957                                                       1606.490695751957                                                       -35.97121075516134                                                 -35.97121075516134
T_Prop          1577.393488407135                                                       1613.3646991622963                                                      1613.3646991622963                                                      -35.97121075516134                                                 -35.97121075516134
T_I             163.59682607650757                                                      163.59682607650757                                                      163.59682607650757                                                      0.0                                                                0.0
T_C             6.8740034103393555                                                      6.8740034103393555                                                      6.8740034103393555                                                      0.0                                                                0.0
T_S_overhead    0.0                                                                     0.0                                                                     0.0                                                                     0.0                                                                0.0

Errors:
Error                          ET         OET
----------------------  ---------  ----------
aboslute error min       0.002822    0.002822
aboslute error max      56.513794   56.513794
aboslute error mean      6.434587    6.434587
aboslute error l2 norm   9.844123  246.103066
relative error min       0.000019    0.000019
relative error max       0.291741    0.291741
relative error mean      0.045405    0.045405
relative error l2 norm   0.064285    0.064285

type                        runtime
------------------------  ---------
t_estimate_runtime         0.000074
t_wp_creation              0.038234
t_estimate_restore_order   0.000094


generate stat plots...
plot: mean + percentiles
plot: simulation absolute error
plot: simulation relative error
plot: standard deviation
plot: sobol indices t (total order)
plot: sobol indices m (first order)
[1.89276635e-01 2.06295974e-01 2.03561198e-01 1.45238989e-01
 5.56808657e-02 6.92871363e-02 1.92148553e-01 3.72168431e-02
 1.70214191e-01 3.17196286e-02 7.40899018e-02 3.52124057e-02
 1.58020268e-01 6.54022432e-03 2.85231122e-02 3.58387035e-02
 1.68089555e-02 1.35778516e-02 1.54412855e-01 3.39552188e-02
 7.85928856e-02 1.50732008e-02 4.12273457e-02 6.60409365e-02
 3.02005571e-02 4.31080747e-02 1.84696001e-01 7.80604894e-03
 5.95009818e-02 4.97951688e-02 2.63183288e-02 1.25062396e-01
 1.23601316e-01 3.30089830e-05 2.99208043e-02 4.29357230e-02
 6.00838524e-03 1.32595904e-02 4.02445684e-03 1.03131394e-03
 3.48543511e-04 4.27558676e-02 4.12391805e-02 2.17062830e-01
 3.44493833e-02 1.96262204e-02 1.56396665e-02 2.54081189e-02
 7.83488705e-02 3.27351332e-02 3.22077065e-02 1.46096332e-02
 1.13867124e-02 1.70406260e-03 2.50244031e-03 1.63965208e-02
 3.27616177e-04 2.31082947e-02 5.40016541e-02 4.02341153e-02
 1.35627549e-02 2.18101371e-02 1.33626785e-02 3.32364544e-02
 3.47485085e-02 1.19150013e-02 4.88000051e-03 1.51845202e-02
 1.61226972e-02 5.31197726e-02 1.38644534e-03 2.56828488e-02
 5.10975074e-02 8.07779064e-02 7.83658232e-02 3.62777832e-02
 1.27419451e-02 6.00769956e-02 2.42405882e-02 8.74061434e-02
 3.49362713e-03 2.55118564e-02 4.70650954e-02 5.85737012e-02
 1.56560630e-02 6.27928569e-03 3.92771718e-02 5.92673787e-03
 1.20068491e-02 1.54621728e-01 1.72718641e-01 7.30117259e-03
 6.10785884e-02 4.11031317e-02 6.78339292e-02 5.32051303e-02
 1.17108048e-02 3.39483955e-02 9.28609478e-02 6.73366343e-02
 9.12647760e-02 4.50540038e-02 5.16445992e-03 9.40813514e-02
 9.66500993e-02 2.39765131e-02 2.91156582e-02 4.30199333e-02
 3.68548649e-02 1.14378122e-01 6.28722578e-02 2.08828499e-02
 4.08546183e-02 3.24661260e-02 5.26824847e-02 1.87565214e-02
 5.28070729e-02 1.87068876e-02 5.34690343e-02 5.11236166e-02
 8.35438006e-02 3.81454343e-02 6.69864630e-02 1.53619934e-02
 9.29324797e-02 9.89311889e-02 6.65293314e-02 3.17176385e-02
 9.72352737e-02 1.09717842e-01 7.20057842e-02 5.15418686e-02
 5.13346088e-02 7.96345553e-02 9.11614804e-02 4.73440345e-03
 2.91741217e-01 1.58846283e-02 7.66759066e-02 1.19406962e-01
 5.07946511e-02 1.44208152e-02 3.20306269e-02 3.05580337e-02
 5.04386068e-03 1.17694344e-02 4.25298157e-03 2.41809325e-02
 1.56614829e-02 7.81029356e-04 4.05291313e-02 1.49379293e-01
 2.91271476e-02 9.14467240e-03 1.44729965e-03 3.75640318e-02
 6.01158026e-03 1.71248408e-02 4.71444675e-02 4.93043326e-03
 3.42380018e-02 4.58227705e-03 5.13173859e-02 3.30971049e-02
 1.09763172e-03 3.26787916e-02 3.20875169e-02 1.08609084e-01
 5.76716665e-03 5.88970853e-02 4.37206307e-02 3.09573895e-02
 1.63672739e-02 8.27394636e-02 1.40428669e-01 1.31936705e-02
 6.06667448e-02 2.16365486e-01 2.52485541e-02 2.03473131e-02
 5.41196904e-02 6.70580234e-02 4.39999397e-02 2.40335966e-02
 1.59617388e-02 2.61452937e-02 2.71686387e-02 5.96925803e-02
 1.82352370e-02 3.10250097e-02 4.98702546e-02 1.65563627e-02
 9.70532088e-03 9.60396870e-03 2.26084432e-02 4.82863679e-02
 1.28856348e-03 1.12998059e-02 2.48783184e-01 4.25671990e-02
 1.76526423e-02 3.29312563e-02 2.79148415e-02 1.27188510e-02
 3.32778860e-03 1.16753912e-02 1.78115648e-02 3.60081555e-02
 2.46374463e-02 2.17053361e-02 2.00215627e-02 1.37301917e-02
 1.55061122e-03 2.38525510e-02 4.55057309e-02 1.60472593e-03
 2.12380090e-02 4.20475499e-02 8.22220304e-03 1.79347788e-02
 2.51099884e-02 9.00487703e-03 3.98031478e-02 1.45237860e-02
 5.47994507e-02 9.20659234e-02 5.32272367e-03 4.21477175e-02
 4.47538902e-02 4.39405717e-02 4.67347922e-03 2.14863369e-02
 1.51577633e-01 1.92377127e-03 4.61675032e-02 1.17356309e-02
 1.22160635e-02 3.63025378e-02 1.99133831e-03 7.27287067e-02
 2.79205026e-02 9.89628841e-03 4.61902821e-02 2.92566017e-02
 6.62748940e-02 2.03904577e-01 4.23179856e-02 9.41179523e-03
 5.51151287e-02 5.58643954e-02 7.94986073e-02 3.83074323e-03
 7.12050101e-03 2.27955265e-03 1.77259910e-02 2.59583395e-02
 6.13140269e-03 9.13553401e-03 3.04907435e-02 3.30319881e-02
 5.40308008e-02 2.16207441e-02 2.96404437e-02 1.92832770e-02
 3.36011082e-02 1.24424016e-02 1.12621268e-02 2.05592070e-03
 1.58752474e-02 5.34791149e-02 5.12528067e-02 3.86692515e-02
 1.54568887e-02 3.72325119e-02 7.12483764e-03 7.88123611e-03
 1.03987837e-01 8.74603408e-02 6.98342395e-02 4.75238680e-02
 2.64137466e-02 7.56014986e-02 1.25085225e-02 5.66167263e-02
 5.39586083e-02 5.23671650e-02 7.52801964e-02 5.05388610e-02
 2.93973717e-02 7.60736393e-03 1.63204521e-02 3.18008208e-02
 4.18426812e-02 2.22461872e-02 3.83468473e-02 2.33897656e-02
 1.43283939e-02 2.88910145e-01 9.03053896e-02 3.70680942e-02
 8.32527312e-02 4.23693782e-02 4.29225051e-02 4.42127858e-02
 6.56182855e-02 3.22998607e-02 2.52339990e-01 9.60938244e-02
 4.88654934e-02 3.02983853e-02 1.37584559e-02 1.58586377e-02
 1.97143838e-02 7.87371953e-03 5.02482683e-03 5.82175911e-03
 2.88025476e-02 3.74690531e-02 1.60899165e-03 4.58169605e-02
 5.28499629e-02 4.79460849e-03 4.55595259e-02 4.99918965e-02
 1.07518104e-02 2.94594679e-03 5.07682229e-02 8.08054112e-02
 2.77281482e-02 1.72562745e-02 9.89775104e-02 8.35078177e-02
 8.99173694e-03 3.41044419e-02 3.07766867e-02 4.21680615e-02
 7.56739859e-02 2.92003281e-02 1.39741588e-02 2.39688225e-02
 3.27173008e-02 4.74037850e-02 1.18153911e-02 3.92089406e-02
 1.18068668e-02 4.93664650e-02 7.46239610e-02 2.16124201e-02
 7.59259269e-03 1.87975912e-02 7.27830702e-02 2.74978873e-02
 1.00885149e-01 3.05605874e-02 2.91528613e-01 6.64981296e-03
 3.61381995e-02 3.73526109e-02 2.71340588e-02 3.76048866e-03
 9.96033559e-02 4.35265796e-02 9.67921259e-03 1.02630575e-02
 5.26984344e-02 3.23847271e-03 5.73517661e-02 1.16785454e-01
 1.44323640e-02 2.62534611e-03 5.74694890e-03 3.00708627e-02
 1.06092923e-02 2.80215391e-04 2.22136417e-02 5.95659498e-02
 3.40281398e-02 1.01930779e-02 6.98224093e-03 4.15422565e-02
 5.55528884e-02 6.62162865e-02 1.98301800e-02 5.92414558e-03
 3.97458129e-02 2.20133837e-02 2.54229935e-02 1.64971686e-02
 4.38379914e-02 1.83538710e-02 6.85053064e-02 5.54324911e-02
 4.84230571e-02 1.47540069e-02 1.05164217e-02 7.40307431e-02
 3.52504663e-03 7.70826930e-02 5.32959067e-02 4.58804456e-03
 2.13752090e-02 4.90835064e-03 4.26205502e-02 1.99275337e-01
 7.28298799e-02 4.66156371e-02 3.35624767e-02 4.17715332e-02
 1.20548768e-01 3.64120140e-02 2.18675874e-02 7.24726094e-02
 8.96142867e-02 4.17843794e-02 2.94113352e-02 3.79625548e-02
 5.00513654e-02 3.32433149e-02 1.81489968e-02 1.59464404e-02
 1.98233206e-02 5.66655467e-03 2.78306803e-02 5.46814627e-02
 6.01281118e-02 2.26494961e-02 4.31318549e-02 2.93472629e-02
 1.61727644e-02 2.65096505e-03 1.72530173e-02 3.14301044e-02
 6.31010438e-02 2.10439383e-02 9.81341397e-03 8.35393541e-02
 4.63987758e-02 2.25772432e-02 1.97144089e-02 5.19286936e-02
 1.31953406e-02 5.17142037e-03 2.12563733e-02 1.26477292e-02
 3.56262788e-03 2.17257795e-02 6.32559115e-02 5.52039677e-02
 6.64806430e-02 2.64889947e-02 6.37804138e-02 2.71714677e-02
 6.81564863e-02 3.76627973e-02 7.03080719e-03 1.35433207e-02
 8.78775436e-02 4.08551944e-02 5.89772824e-02 7.40865275e-03
 2.57921669e-01 2.26227524e-01 9.58175502e-02 8.86976357e-02
 3.13595054e-02 1.91234844e-05 7.02061894e-03 6.90430212e-03
 2.36910728e-02 1.45345111e-02 6.57364392e-02 2.72871471e-02
 3.99438997e-02 1.87879419e-02 4.45211420e-02 2.04449969e-02
 4.77712180e-02 4.58243043e-03 6.16210519e-02 4.65522756e-02
 5.33327609e-02 7.43277435e-02 2.15868136e-02 5.78015614e-02
 7.44353210e-02 7.01225129e-02 7.31864550e-02 6.31859347e-02
 6.29862269e-02 6.86460992e-02 9.53417443e-02 7.36920932e-02
 1.84015977e-02 3.55691451e-02 5.29653746e-02 6.85692264e-02
 1.06174566e-02 4.17191283e-02 3.79850702e-02 3.41210913e-02
 5.95322389e-02 5.67932819e-02 6.60407982e-02 7.70195102e-02
 9.50891278e-02 2.35877624e-02 3.01492798e-02 6.17132362e-03
 1.64948539e-02 8.25299047e-02 4.29568529e-02 2.99793871e-02
 5.27899739e-02 6.79541492e-03 6.60161598e-02 2.42363892e-01
 1.71068765e-01 5.27010040e-02 3.84083328e-03 1.15140545e-01
 3.88482474e-02 5.05247530e-02 6.37391222e-02 7.47964721e-02
 1.27138276e-02 1.07742029e-01 2.75128442e-02 6.76118186e-03
 1.11587727e-02 8.21054337e-02 4.18437108e-02 3.56710886e-02
 3.11270955e-02 1.89083870e-02 2.29121270e-02 6.61208916e-04
 6.99107739e-03 4.78808839e-03 1.68548206e-02 2.76531908e-02
 2.96115756e-02 2.26639634e-02 3.52639107e-02 7.92514450e-02
 2.00309206e-02 9.66104833e-03 2.20485041e-02 4.27504428e-02
 6.78959067e-04 1.12735226e-03 5.60596702e-02 1.41595337e-02
 3.12017354e-02 6.35957880e-03 6.33294798e-02 5.02283146e-03
 8.25459152e-02 6.77230977e-02 7.04562578e-03 5.39113874e-02
 5.11338751e-02 4.63880646e-02 3.41875497e-02 4.59334559e-02
 1.60847669e-02 4.43970566e-02 7.83835862e-02 2.26471089e-02
 6.57909542e-02 4.06421414e-04 1.82864821e-02 4.16717245e-03
 1.84755749e-02 2.68512498e-02 8.61861831e-02 6.58225658e-02
 8.72311305e-02 1.11761793e-01 5.86991338e-02 6.74432877e-02
 6.54106426e-02 3.05202008e-02 4.01988765e-02 8.63807292e-02
 1.50837475e-02 6.50553758e-02 2.20406379e-02 9.16757895e-03
 8.35756980e-02 2.00146636e-02 9.08162993e-02 4.85763100e-02
 3.04502354e-02 4.82373074e-02 1.69520911e-02 7.80558647e-02
 2.23436877e-01 1.47375085e-01 3.65905215e-02 1.22305412e-02
 1.66057999e-01 1.20089795e-01 8.16464669e-02 6.17906237e-02
 3.86397862e-02 6.21155059e-03 1.98227514e-02 2.33947177e-02
 8.04324509e-03 1.07822895e-02 5.62259882e-02 7.70405074e-02
 1.99050758e-03 1.51685750e-03 1.24618844e-02 5.68416083e-02
 6.35259163e-02 3.51306603e-03 7.55423694e-03 1.38008276e-01
 7.21957829e-02 5.69961748e-02 3.70822712e-02 1.46642360e-02
 1.47168014e-01]
[1.89276635e-01 2.06295974e-01 2.03561198e-01 1.45238989e-01
 5.56808657e-02 6.92871363e-02 1.92148553e-01 3.72168431e-02
 1.70214191e-01 3.17196286e-02 7.40899018e-02 3.52124057e-02
 1.58020268e-01 6.54022432e-03 2.85231122e-02 3.58387035e-02
 1.68089555e-02 1.35778516e-02 1.54412855e-01 3.39552188e-02
 7.85928856e-02 1.50732008e-02 4.12273457e-02 6.60409365e-02
 3.02005571e-02 4.31080747e-02 1.84696001e-01 7.80604894e-03
 5.95009818e-02 4.97951688e-02 2.63183288e-02 1.25062396e-01
 1.23601316e-01 3.30089830e-05 2.99208043e-02 4.29357230e-02
 6.00838524e-03 1.32595904e-02 4.02445684e-03 1.03131394e-03
 3.48543511e-04 4.27558676e-02 4.12391805e-02 2.17062830e-01
 3.44493833e-02 1.96262204e-02 1.56396665e-02 2.54081189e-02
 7.83488705e-02 3.27351332e-02 3.22077065e-02 1.46096332e-02
 1.13867124e-02 1.70406260e-03 2.50244031e-03 1.63965208e-02
 3.27616177e-04 2.31082947e-02 5.40016541e-02 4.02341153e-02
 1.35627549e-02 2.18101371e-02 1.33626785e-02 3.32364544e-02
 3.47485085e-02 1.19150013e-02 4.88000051e-03 1.51845202e-02
 1.61226972e-02 5.31197726e-02 1.38644534e-03 2.56828488e-02
 5.10975074e-02 8.07779064e-02 7.83658232e-02 3.62777832e-02
 1.27419451e-02 6.00769956e-02 2.42405882e-02 8.74061434e-02
 3.49362713e-03 2.55118564e-02 4.70650954e-02 5.85737012e-02
 1.56560630e-02 6.27928569e-03 3.92771718e-02 5.92673787e-03
 1.20068491e-02 1.54621728e-01 1.72718641e-01 7.30117259e-03
 6.10785884e-02 4.11031317e-02 6.78339292e-02 5.32051303e-02
 1.17108048e-02 3.39483955e-02 9.28609478e-02 6.73366343e-02
 9.12647760e-02 4.50540038e-02 5.16445992e-03 9.40813514e-02
 9.66500993e-02 2.39765131e-02 2.91156582e-02 4.30199333e-02
 3.68548649e-02 1.14378122e-01 6.28722578e-02 2.08828499e-02
 4.08546183e-02 3.24661260e-02 5.26824847e-02 1.87565214e-02
 5.28070729e-02 1.87068876e-02 5.34690343e-02 5.11236166e-02
 8.35438006e-02 3.81454343e-02 6.69864630e-02 1.53619934e-02
 9.29324797e-02 9.89311889e-02 6.65293314e-02 3.17176385e-02
 9.72352737e-02 1.09717842e-01 7.20057842e-02 5.15418686e-02
 5.13346088e-02 7.96345553e-02 9.11614804e-02 4.73440345e-03
 2.91741217e-01 1.58846283e-02 7.66759066e-02 1.19406962e-01
 5.07946511e-02 1.44208152e-02 3.20306269e-02 3.05580337e-02
 5.04386068e-03 1.17694344e-02 4.25298157e-03 2.41809325e-02
 1.56614829e-02 7.81029356e-04 4.05291313e-02 1.49379293e-01
 2.91271476e-02 9.14467240e-03 1.44729965e-03 3.75640318e-02
 6.01158026e-03 1.71248408e-02 4.71444675e-02 4.93043326e-03
 3.42380018e-02 4.58227705e-03 5.13173859e-02 3.30971049e-02
 1.09763172e-03 3.26787916e-02 3.20875169e-02 1.08609084e-01
 5.76716665e-03 5.88970853e-02 4.37206307e-02 3.09573895e-02
 1.63672739e-02 8.27394636e-02 1.40428669e-01 1.31936705e-02
 6.06667448e-02 2.16365486e-01 2.52485541e-02 2.03473131e-02
 5.41196904e-02 6.70580234e-02 4.39999397e-02 2.40335966e-02
 1.59617388e-02 2.61452937e-02 2.71686387e-02 5.96925803e-02
 1.82352370e-02 3.10250097e-02 4.98702546e-02 1.65563627e-02
 9.70532088e-03 9.60396870e-03 2.26084432e-02 4.82863679e-02
 1.28856348e-03 1.12998059e-02 2.48783184e-01 4.25671990e-02
 1.76526423e-02 3.29312563e-02 2.79148415e-02 1.27188510e-02
 3.32778860e-03 1.16753912e-02 1.78115648e-02 3.60081555e-02
 2.46374463e-02 2.17053361e-02 2.00215627e-02 1.37301917e-02
 1.55061122e-03 2.38525510e-02 4.55057309e-02 1.60472593e-03
 2.12380090e-02 4.20475499e-02 8.22220304e-03 1.79347788e-02
 2.51099884e-02 9.00487703e-03 3.98031478e-02 1.45237860e-02
 5.47994507e-02 9.20659234e-02 5.32272367e-03 4.21477175e-02
 4.47538902e-02 4.39405717e-02 4.67347922e-03 2.14863369e-02
 1.51577633e-01 1.92377127e-03 4.61675032e-02 1.17356309e-02
 1.22160635e-02 3.63025378e-02 1.99133831e-03 7.27287067e-02
 2.79205026e-02 9.89628841e-03 4.61902821e-02 2.92566017e-02
 6.62748940e-02 2.03904577e-01 4.23179856e-02 9.41179523e-03
 5.51151287e-02 5.58643954e-02 7.94986073e-02 3.83074323e-03
 7.12050101e-03 2.27955265e-03 1.77259910e-02 2.59583395e-02
 6.13140269e-03 9.13553401e-03 3.04907435e-02 3.30319881e-02
 5.40308008e-02 2.16207441e-02 2.96404437e-02 1.92832770e-02
 3.36011082e-02 1.24424016e-02 1.12621268e-02 2.05592070e-03
 1.58752474e-02 5.34791149e-02 5.12528067e-02 3.86692515e-02
 1.54568887e-02 3.72325119e-02 7.12483764e-03 7.88123611e-03
 1.03987837e-01 8.74603408e-02 6.98342395e-02 4.75238680e-02
 2.64137466e-02 7.56014986e-02 1.25085225e-02 5.66167263e-02
 5.39586083e-02 5.23671650e-02 7.52801964e-02 5.05388610e-02
 2.93973717e-02 7.60736393e-03 1.63204521e-02 3.18008208e-02
 4.18426812e-02 2.22461872e-02 3.83468473e-02 2.33897656e-02
 1.43283939e-02 2.88910145e-01 9.03053896e-02 3.70680942e-02
 8.32527312e-02 4.23693782e-02 4.29225051e-02 4.42127858e-02
 6.56182855e-02 3.22998607e-02 2.52339990e-01 9.60938244e-02
 4.88654934e-02 3.02983853e-02 1.37584559e-02 1.58586377e-02
 1.97143838e-02 7.87371953e-03 5.02482683e-03 5.82175911e-03
 2.88025476e-02 3.74690531e-02 1.60899165e-03 4.58169605e-02
 5.28499629e-02 4.79460849e-03 4.55595259e-02 4.99918965e-02
 1.07518104e-02 2.94594679e-03 5.07682229e-02 8.08054112e-02
 2.77281482e-02 1.72562745e-02 9.89775104e-02 8.35078177e-02
 8.99173694e-03 3.41044419e-02 3.07766867e-02 4.21680615e-02
 7.56739859e-02 2.92003281e-02 1.39741588e-02 2.39688225e-02
 3.27173008e-02 4.74037850e-02 1.18153911e-02 3.92089406e-02
 1.18068668e-02 4.93664650e-02 7.46239610e-02 2.16124201e-02
 7.59259269e-03 1.87975912e-02 7.27830702e-02 2.74978873e-02
 1.00885149e-01 3.05605874e-02 2.91528613e-01 6.64981296e-03
 3.61381995e-02 3.73526109e-02 2.71340588e-02 3.76048866e-03
 9.96033559e-02 4.35265796e-02 9.67921259e-03 1.02630575e-02
 5.26984344e-02 3.23847271e-03 5.73517661e-02 1.16785454e-01
 1.44323640e-02 2.62534611e-03 5.74694890e-03 3.00708627e-02
 1.06092923e-02 2.80215391e-04 2.22136417e-02 5.95659498e-02
 3.40281398e-02 1.01930779e-02 6.98224093e-03 4.15422565e-02
 5.55528884e-02 6.62162865e-02 1.98301800e-02 5.92414558e-03
 3.97458129e-02 2.20133837e-02 2.54229935e-02 1.64971686e-02
 4.38379914e-02 1.83538710e-02 6.85053064e-02 5.54324911e-02
 4.84230571e-02 1.47540069e-02 1.05164217e-02 7.40307431e-02
 3.52504663e-03 7.70826930e-02 5.32959067e-02 4.58804456e-03
 2.13752090e-02 4.90835064e-03 4.26205502e-02 1.99275337e-01
 7.28298799e-02 4.66156371e-02 3.35624767e-02 4.17715332e-02
 1.20548768e-01 3.64120140e-02 2.18675874e-02 7.24726094e-02
 8.96142867e-02 4.17843794e-02 2.94113352e-02 3.79625548e-02
 5.00513654e-02 3.32433149e-02 1.81489968e-02 1.59464404e-02
 1.98233206e-02 5.66655467e-03 2.78306803e-02 5.46814627e-02
 6.01281118e-02 2.26494961e-02 4.31318549e-02 2.93472629e-02
 1.61727644e-02 2.65096505e-03 1.72530173e-02 3.14301044e-02
 6.31010438e-02 2.10439383e-02 9.81341397e-03 8.35393541e-02
 4.63987758e-02 2.25772432e-02 1.97144089e-02 5.19286936e-02
 1.31953406e-02 5.17142037e-03 2.12563733e-02 1.26477292e-02
 3.56262788e-03 2.17257795e-02 6.32559115e-02 5.52039677e-02
 6.64806430e-02 2.64889947e-02 6.37804138e-02 2.71714677e-02
 6.81564863e-02 3.76627973e-02 7.03080719e-03 1.35433207e-02
 8.78775436e-02 4.08551944e-02 5.89772824e-02 7.40865275e-03
 2.57921669e-01 2.26227524e-01 9.58175502e-02 8.86976357e-02
 3.13595054e-02 1.91234844e-05 7.02061894e-03 6.90430212e-03
 2.36910728e-02 1.45345111e-02 6.57364392e-02 2.72871471e-02
 3.99438997e-02 1.87879419e-02 4.45211420e-02 2.04449969e-02
 4.77712180e-02 4.58243043e-03 6.16210519e-02 4.65522756e-02
 5.33327609e-02 7.43277435e-02 2.15868136e-02 5.78015614e-02
 7.44353210e-02 7.01225129e-02 7.31864550e-02 6.31859347e-02
 6.29862269e-02 6.86460992e-02 9.53417443e-02 7.36920932e-02
 1.84015977e-02 3.55691451e-02 5.29653746e-02 6.85692264e-02
 1.06174566e-02 4.17191283e-02 3.79850702e-02 3.41210913e-02
 5.95322389e-02 5.67932819e-02 6.60407982e-02 7.70195102e-02
 9.50891278e-02 2.35877624e-02 3.01492798e-02 6.17132362e-03
 1.64948539e-02 8.25299047e-02 4.29568529e-02 2.99793871e-02
 5.27899739e-02 6.79541492e-03 6.60161598e-02 2.42363892e-01
 1.71068765e-01 5.27010040e-02 3.84083328e-03 1.15140545e-01
 3.88482474e-02 5.05247530e-02 6.37391222e-02 7.47964721e-02
 1.27138276e-02 1.07742029e-01 2.75128442e-02 6.76118186e-03
 1.11587727e-02 8.21054337e-02 4.18437108e-02 3.56710886e-02
 3.11270955e-02 1.89083870e-02 2.29121270e-02 6.61208916e-04
 6.99107739e-03 4.78808839e-03 1.68548206e-02 2.76531908e-02
 2.96115756e-02 2.26639634e-02 3.52639107e-02 7.92514450e-02
 2.00309206e-02 9.66104833e-03 2.20485041e-02 4.27504428e-02
 6.78959067e-04 1.12735226e-03 5.60596702e-02 1.41595337e-02
 3.12017354e-02 6.35957880e-03 6.33294798e-02 5.02283146e-03
 8.25459152e-02 6.77230977e-02 7.04562578e-03 5.39113874e-02
 5.11338751e-02 4.63880646e-02 3.41875497e-02 4.59334559e-02
 1.60847669e-02 4.43970566e-02 7.83835862e-02 2.26471089e-02
 6.57909542e-02 4.06421414e-04 1.82864821e-02 4.16717245e-03
 1.84755749e-02 2.68512498e-02 8.61861831e-02 6.58225658e-02
 8.72311305e-02 1.11761793e-01 5.86991338e-02 6.74432877e-02
 6.54106426e-02 3.05202008e-02 4.01988765e-02 8.63807292e-02
 1.50837475e-02 6.50553758e-02 2.20406379e-02 9.16757895e-03
 8.35756980e-02 2.00146636e-02 9.08162993e-02 4.85763100e-02
 3.04502354e-02 4.82373074e-02 1.69520911e-02 7.80558647e-02
 2.23436877e-01 1.47375085e-01 3.65905215e-02 1.22305412e-02
 1.66057999e-01 1.20089795e-01 8.16464669e-02 6.17906237e-02
 3.86397862e-02 6.21155059e-03 1.98227514e-02 2.33947177e-02
 8.04324509e-03 1.07822895e-02 5.62259882e-02 7.70405074e-02
 1.99050758e-03 1.51685750e-03 1.24618844e-02 5.68416083e-02
 6.35259163e-02 3.51306603e-03 7.55423694e-03 1.38008276e-01
 7.21957829e-02 5.69961748e-02 3.70822712e-02 1.46642360e-02
 1.47168014e-01]
save statistics...
UQsim: save to file: /dss/dsshome1/lxc01/di73wal/work/simulation/diss.larsim/Larsim-UQ.git/../larsim_runs/0124_sim/uqsim.saved
rank: 0 exit
---- end sim: Sat Jan 11 16:23:12 CET 2020
