python/3.6_intel (INFO):
    Loading this module may cause the environment generated by other
    modules to become inconsistent; however it should work together
    with the Intel compilers, tools and libraries.
---- start sim: Sat Dec 21 07:48:00 CET 2019
MPI version: Intel(R) MPI Library 2018 Update 4 for Linux* OS

MPI2 version: (3, 1)
MPI3 version: 3
mpi4py version: 3.0.3
rank 0: starttime: 2019.12.21 07:48:07
dir: /dss/dsshome1/lxc01/di73wal/work/simulation/diss.larsim/Larsim-UQ.git/../larsim_runs/0124_sim
dir: /dss/dsshome1/lxc01/di73wal/work/simulation/diss.larsim/Larsim-UQ.git/../larsim_runs/0124_sim
['/dss/dsshome1/lxc01/di73wal/work/simulation/diss.larsim/Larsim-UQ.git/../larsim_runs/0124_sim/uqsim.saved']
parsing args...
rank: 0 is master!
rank: 0 is master!
UQsim: restore from file: True
rank: 0 exit
uqsim.args.disable_statistics: True
calculate statistics [LarsimStatistics]...
Stats: samplesData Frame with All the simulation results : Index_run                   int64
Stationskennung            object
Type                       object
TimeStamp          datetime64[ns]
Value                     float64
dtype: object
Stationskennung            object
Type                       object
TimeStamp          datetime64[ns]
Index_run                   int64
Value                     float64
dtype: object
 takes: 9.89242172241211
timesteps Info
<class 'numpy.ndarray'>
numbTimesteps is: 60
Stats: gPCE takes: 0.03124237060546875
Stats for ('LOHB', Timestamp('2013-03-01 00:00:00')): E takes: 0.15960979461669922
Stats for ('LOHB', Timestamp('2013-03-01 00:00:00')): Var takes: 16.518289804458618
Stats for ('LOHB', Timestamp('2013-03-01 00:00:00')): StdDev takes: 16.52916383743286
Stats for ('LOHB', Timestamp('2013-03-01 00:00:00')): Sobol_m takes: 17.3401939868927
Stats for ('LOHB', Timestamp('2013-03-01 00:00:00')): Sobol_m2 takes: 21.94055962562561
Stats for ('LOHB', Timestamp('2013-03-01 00:00:00')): Sobol_t takes: 32.27324843406677
Stats for ('LOHB', Timestamp('2013-03-01 00:00:00')): P10 takes: 0.02078390121459961
Stats for ('LOHB', Timestamp('2013-03-01 00:00:00')): P90 takes: 0.019985198974609375
Stats: gPCE takes: 0.03126049041748047
Stats for ('LOHB', Timestamp('2013-03-02 00:00:00')): E takes: 0.15889835357666016
Stats for ('LOHB', Timestamp('2013-03-02 00:00:00')): Var takes: 16.577131032943726
Stats for ('LOHB', Timestamp('2013-03-02 00:00:00')): StdDev takes: 16.544203758239746
Stats for ('LOHB', Timestamp('2013-03-02 00:00:00')): Sobol_m takes: 17.32241916656494
Stats for ('LOHB', Timestamp('2013-03-02 00:00:00')): Sobol_m2 takes: 21.94938087463379
Stats for ('LOHB', Timestamp('2013-03-02 00:00:00')): Sobol_t takes: 32.236741065979004
Stats for ('LOHB', Timestamp('2013-03-02 00:00:00')): P10 takes: 0.02019333839416504
Stats for ('LOHB', Timestamp('2013-03-02 00:00:00')): P90 takes: 0.019883155822753906
Stats: gPCE takes: 0.03104853630065918
Stats for ('LOHB', Timestamp('2013-03-03 00:00:00')): E takes: 0.15860223770141602
Stats for ('LOHB', Timestamp('2013-03-03 00:00:00')): Var takes: 16.55769371986389
Stats for ('LOHB', Timestamp('2013-03-03 00:00:00')): StdDev takes: 16.590648889541626
Stats for ('LOHB', Timestamp('2013-03-03 00:00:00')): Sobol_m takes: 17.376052141189575
Stats for ('LOHB', Timestamp('2013-03-03 00:00:00')): Sobol_m2 takes: 22.02659010887146
Stats for ('LOHB', Timestamp('2013-03-03 00:00:00')): Sobol_t takes: 32.26780438423157
Stats for ('LOHB', Timestamp('2013-03-03 00:00:00')): P10 takes: 0.020031452178955078
Stats for ('LOHB', Timestamp('2013-03-03 00:00:00')): P90 takes: 0.02005624771118164
Stats: gPCE takes: 0.031206130981445312
Stats for ('LOHB', Timestamp('2013-03-04 00:00:00')): E takes: 0.15825843811035156
Stats for ('LOHB', Timestamp('2013-03-04 00:00:00')): Var takes: 16.5478994846344
Stats for ('LOHB', Timestamp('2013-03-04 00:00:00')): StdDev takes: 16.55744433403015
Stats for ('LOHB', Timestamp('2013-03-04 00:00:00')): Sobol_m takes: 17.3427631855011
Stats for ('LOHB', Timestamp('2013-03-04 00:00:00')): Sobol_m2 takes: 22.03718137741089
Stats for ('LOHB', Timestamp('2013-03-04 00:00:00')): Sobol_t takes: 32.264832973480225
Stats for ('LOHB', Timestamp('2013-03-04 00:00:00')): P10 takes: 0.020328283309936523
Stats for ('LOHB', Timestamp('2013-03-04 00:00:00')): P90 takes: 0.01977825164794922
Stats: gPCE takes: 0.03131103515625
Stats for ('LOHB', Timestamp('2013-03-05 00:00:00')): E takes: 0.15797805786132812
Stats for ('LOHB', Timestamp('2013-03-05 00:00:00')): Var takes: 16.57392978668213
Stats for ('LOHB', Timestamp('2013-03-05 00:00:00')): StdDev takes: 16.56351327896118
Stats for ('LOHB', Timestamp('2013-03-05 00:00:00')): Sobol_m takes: 17.348775625228882
Stats for ('LOHB', Timestamp('2013-03-05 00:00:00')): Sobol_m2 takes: 21.95769476890564
Stats for ('LOHB', Timestamp('2013-03-05 00:00:00')): Sobol_t takes: 32.34168839454651
Stats for ('LOHB', Timestamp('2013-03-05 00:00:00')): P10 takes: 0.02022528648376465
Stats for ('LOHB', Timestamp('2013-03-05 00:00:00')): P90 takes: 0.019995927810668945
Stats: gPCE takes: 0.031348228454589844
Stats for ('LOHB', Timestamp('2013-03-06 00:00:00')): E takes: 0.1574995517730713
Stats for ('LOHB', Timestamp('2013-03-06 00:00:00')): Var takes: 16.558040857315063
Stats for ('LOHB', Timestamp('2013-03-06 00:00:00')): StdDev takes: 16.5717031955719
Stats for ('LOHB', Timestamp('2013-03-06 00:00:00')): Sobol_m takes: 17.336353302001953
Stats for ('LOHB', Timestamp('2013-03-06 00:00:00')): Sobol_m2 takes: 21.99215793609619
Stats for ('LOHB', Timestamp('2013-03-06 00:00:00')): Sobol_t takes: 32.27834367752075
Stats for ('LOHB', Timestamp('2013-03-06 00:00:00')): P10 takes: 0.020247459411621094
Stats for ('LOHB', Timestamp('2013-03-06 00:00:00')): P90 takes: 0.019939422607421875
Stats: gPCE takes: 0.031143665313720703
Stats for ('LOHB', Timestamp('2013-03-07 00:00:00')): E takes: 0.15891432762145996
Stats for ('LOHB', Timestamp('2013-03-07 00:00:00')): Var takes: 16.569815397262573
Stats for ('LOHB', Timestamp('2013-03-07 00:00:00')): StdDev takes: 16.605693101882935
Stats for ('LOHB', Timestamp('2013-03-07 00:00:00')): Sobol_m takes: 17.343661785125732
Stats for ('LOHB', Timestamp('2013-03-07 00:00:00')): Sobol_m2 takes: 21.970199823379517
Stats for ('LOHB', Timestamp('2013-03-07 00:00:00')): Sobol_t takes: 32.296286821365356
Stats for ('LOHB', Timestamp('2013-03-07 00:00:00')): P10 takes: 0.020168542861938477
Stats for ('LOHB', Timestamp('2013-03-07 00:00:00')): P90 takes: 0.019919395446777344
Stats: gPCE takes: 0.03129768371582031
Stats for ('LOHB', Timestamp('2013-03-08 00:00:00')): E takes: 0.15911531448364258
Stats for ('LOHB', Timestamp('2013-03-08 00:00:00')): Var takes: 16.571958541870117
Stats for ('LOHB', Timestamp('2013-03-08 00:00:00')): StdDev takes: 16.570153951644897
Stats for ('LOHB', Timestamp('2013-03-08 00:00:00')): Sobol_m takes: 17.3629732131958
Stats for ('LOHB', Timestamp('2013-03-08 00:00:00')): Sobol_m2 takes: 21.985366344451904
Stats for ('LOHB', Timestamp('2013-03-08 00:00:00')): Sobol_t takes: 32.26541018486023
Stats for ('LOHB', Timestamp('2013-03-08 00:00:00')): P10 takes: 0.02020096778869629
Stats for ('LOHB', Timestamp('2013-03-08 00:00:00')): P90 takes: 0.01987600326538086
Stats: gPCE takes: 0.031216144561767578
Stats for ('LOHB', Timestamp('2013-03-09 00:00:00')): E takes: 0.15885519981384277
Stats for ('LOHB', Timestamp('2013-03-09 00:00:00')): Var takes: 16.553044319152832
Stats for ('LOHB', Timestamp('2013-03-09 00:00:00')): StdDev takes: 16.54598832130432
Stats for ('LOHB', Timestamp('2013-03-09 00:00:00')): Sobol_m takes: 17.29160189628601
Stats for ('LOHB', Timestamp('2013-03-09 00:00:00')): Sobol_m2 takes: 21.986404180526733
Stats for ('LOHB', Timestamp('2013-03-09 00:00:00')): Sobol_t takes: 32.29712748527527
Stats for ('LOHB', Timestamp('2013-03-09 00:00:00')): P10 takes: 0.02018880844116211
Stats for ('LOHB', Timestamp('2013-03-09 00:00:00')): P90 takes: 0.0200808048248291
Stats: gPCE takes: 0.031236886978149414
Stats for ('LOHB', Timestamp('2013-03-10 00:00:00')): E takes: 0.15845155715942383
Stats for ('LOHB', Timestamp('2013-03-10 00:00:00')): Var takes: 16.57026696205139
Stats for ('LOHB', Timestamp('2013-03-10 00:00:00')): StdDev takes: 16.5701801776886
Stats for ('LOHB', Timestamp('2013-03-10 00:00:00')): Sobol_m takes: 17.356913089752197
Stats for ('LOHB', Timestamp('2013-03-10 00:00:00')): Sobol_m2 takes: 22.029181241989136
Stats for ('LOHB', Timestamp('2013-03-10 00:00:00')): Sobol_t takes: 32.222679138183594
Stats for ('LOHB', Timestamp('2013-03-10 00:00:00')): P10 takes: 0.02013540267944336
Stats for ('LOHB', Timestamp('2013-03-10 00:00:00')): P90 takes: 0.01980876922607422
Stats: gPCE takes: 0.031279563903808594
Stats for ('LOHB', Timestamp('2013-03-11 00:00:00')): E takes: 0.15790414810180664
Stats for ('LOHB', Timestamp('2013-03-11 00:00:00')): Var takes: 16.596019744873047
Stats for ('LOHB', Timestamp('2013-03-11 00:00:00')): StdDev takes: 16.56877374649048
Stats for ('LOHB', Timestamp('2013-03-11 00:00:00')): Sobol_m takes: 17.338817596435547
Stats for ('LOHB', Timestamp('2013-03-11 00:00:00')): Sobol_m2 takes: 21.995787858963013
Stats for ('LOHB', Timestamp('2013-03-11 00:00:00')): Sobol_t takes: 32.379289388656616
Stats for ('LOHB', Timestamp('2013-03-11 00:00:00')): P10 takes: 0.020071983337402344
Stats for ('LOHB', Timestamp('2013-03-11 00:00:00')): P90 takes: 0.020028114318847656
Stats: gPCE takes: 0.03136467933654785
Stats for ('LOHB', Timestamp('2013-03-12 00:00:00')): E takes: 0.15722203254699707
Stats for ('LOHB', Timestamp('2013-03-12 00:00:00')): Var takes: 16.573558568954468
Stats for ('LOHB', Timestamp('2013-03-12 00:00:00')): StdDev takes: 16.554929494857788
Stats for ('LOHB', Timestamp('2013-03-12 00:00:00')): Sobol_m takes: 17.317744255065918
Stats for ('LOHB', Timestamp('2013-03-12 00:00:00')): Sobol_m2 takes: 21.959149837493896
Stats for ('LOHB', Timestamp('2013-03-12 00:00:00')): Sobol_t takes: 32.27024435997009
Stats for ('LOHB', Timestamp('2013-03-12 00:00:00')): P10 takes: 0.020002126693725586
Stats for ('LOHB', Timestamp('2013-03-12 00:00:00')): P90 takes: 0.019826412200927734
Stats: gPCE takes: 0.03125166893005371
Stats for ('LOHB', Timestamp('2013-03-13 00:00:00')): E takes: 0.15917515754699707
Stats for ('LOHB', Timestamp('2013-03-13 00:00:00')): Var takes: 16.586979627609253
Stats for ('LOHB', Timestamp('2013-03-13 00:00:00')): StdDev takes: 16.599528074264526
Stats for ('LOHB', Timestamp('2013-03-13 00:00:00')): Sobol_m takes: 17.343164682388306
Stats for ('LOHB', Timestamp('2013-03-13 00:00:00')): Sobol_m2 takes: 21.970468997955322
Stats for ('LOHB', Timestamp('2013-03-13 00:00:00')): Sobol_t takes: 32.2648561000824
Stats for ('LOHB', Timestamp('2013-03-13 00:00:00')): P10 takes: 0.020013809204101562
Stats for ('LOHB', Timestamp('2013-03-13 00:00:00')): P90 takes: 0.019899845123291016
Stats: gPCE takes: 0.031322479248046875
Stats for ('LOHB', Timestamp('2013-03-14 00:00:00')): E takes: 0.15905213356018066
Stats for ('LOHB', Timestamp('2013-03-14 00:00:00')): Var takes: 16.575100660324097
Stats for ('LOHB', Timestamp('2013-03-14 00:00:00')): StdDev takes: 16.537947177886963
Stats for ('LOHB', Timestamp('2013-03-14 00:00:00')): Sobol_m takes: 17.351083278656006
Stats for ('LOHB', Timestamp('2013-03-14 00:00:00')): Sobol_m2 takes: 21.91466999053955
Stats for ('LOHB', Timestamp('2013-03-14 00:00:00')): Sobol_t takes: 32.28746700286865
Stats for ('LOHB', Timestamp('2013-03-14 00:00:00')): P10 takes: 0.02030634880065918
Stats for ('LOHB', Timestamp('2013-03-14 00:00:00')): P90 takes: 0.019889354705810547
Stats: gPCE takes: 0.03148770332336426
Stats for ('LOHB', Timestamp('2013-03-15 00:00:00')): E takes: 0.15860223770141602
Stats for ('LOHB', Timestamp('2013-03-15 00:00:00')): Var takes: 16.56507444381714
Stats for ('LOHB', Timestamp('2013-03-15 00:00:00')): StdDev takes: 16.546244144439697
Stats for ('LOHB', Timestamp('2013-03-15 00:00:00')): Sobol_m takes: 17.342206716537476
Stats for ('LOHB', Timestamp('2013-03-15 00:00:00')): Sobol_m2 takes: 22.004966974258423
Stats for ('LOHB', Timestamp('2013-03-15 00:00:00')): Sobol_t takes: 32.293503761291504
Stats for ('LOHB', Timestamp('2013-03-15 00:00:00')): P10 takes: 0.020126819610595703
Stats for ('LOHB', Timestamp('2013-03-15 00:00:00')): P90 takes: 0.020047426223754883
Stats: gPCE takes: 0.03148317337036133
Stats for ('LOHB', Timestamp('2013-03-16 00:00:00')): E takes: 0.15854930877685547
Stats for ('LOHB', Timestamp('2013-03-16 00:00:00')): Var takes: 16.57937002182007
Stats for ('LOHB', Timestamp('2013-03-16 00:00:00')): StdDev takes: 16.581051349639893
Stats for ('LOHB', Timestamp('2013-03-16 00:00:00')): Sobol_m takes: 17.35611844062805
Stats for ('LOHB', Timestamp('2013-03-16 00:00:00')): Sobol_m2 takes: 22.02042865753174
Stats for ('LOHB', Timestamp('2013-03-16 00:00:00')): Sobol_t takes: 32.268505573272705
Stats for ('LOHB', Timestamp('2013-03-16 00:00:00')): P10 takes: 0.02003026008605957
Stats for ('LOHB', Timestamp('2013-03-16 00:00:00')): P90 takes: 0.020038366317749023
Stats: gPCE takes: 0.03121161460876465
Stats for ('LOHB', Timestamp('2013-03-17 00:00:00')): E takes: 0.15761065483093262
Stats for ('LOHB', Timestamp('2013-03-17 00:00:00')): Var takes: 16.571170330047607
Stats for ('LOHB', Timestamp('2013-03-17 00:00:00')): StdDev takes: 16.56222677230835
Stats for ('LOHB', Timestamp('2013-03-17 00:00:00')): Sobol_m takes: 17.343440294265747
Stats for ('LOHB', Timestamp('2013-03-17 00:00:00')): Sobol_m2 takes: 22.000316858291626
Stats for ('LOHB', Timestamp('2013-03-17 00:00:00')): Sobol_t takes: 32.34339165687561
Stats for ('LOHB', Timestamp('2013-03-17 00:00:00')): P10 takes: 0.020201683044433594
Stats for ('LOHB', Timestamp('2013-03-17 00:00:00')): P90 takes: 0.01981353759765625
Stats: gPCE takes: 0.031453609466552734
Stats for ('LOHB', Timestamp('2013-03-18 00:00:00')): E takes: 0.15940332412719727
Stats for ('LOHB', Timestamp('2013-03-18 00:00:00')): Var takes: 16.572526693344116
Stats for ('LOHB', Timestamp('2013-03-18 00:00:00')): StdDev takes: 16.57648015022278
Stats for ('LOHB', Timestamp('2013-03-18 00:00:00')): Sobol_m takes: 17.342244625091553
Stats for ('LOHB', Timestamp('2013-03-18 00:00:00')): Sobol_m2 takes: 21.97339653968811
Stats for ('LOHB', Timestamp('2013-03-18 00:00:00')): Sobol_t takes: 32.2658953666687
Stats for ('LOHB', Timestamp('2013-03-18 00:00:00')): P10 takes: 0.020062685012817383
Stats for ('LOHB', Timestamp('2013-03-18 00:00:00')): P90 takes: 0.01999807357788086
Stats: gPCE takes: 0.0313873291015625
Stats for ('LOHB', Timestamp('2013-03-19 00:00:00')): E takes: 0.1589832305908203
Stats for ('LOHB', Timestamp('2013-03-19 00:00:00')): Var takes: 16.56179642677307
Stats for ('LOHB', Timestamp('2013-03-19 00:00:00')): StdDev takes: 16.576502799987793
Stats for ('LOHB', Timestamp('2013-03-19 00:00:00')): Sobol_m takes: 17.39221453666687
Stats for ('LOHB', Timestamp('2013-03-19 00:00:00')): Sobol_m2 takes: 21.95034408569336
Stats for ('LOHB', Timestamp('2013-03-19 00:00:00')): Sobol_t takes: 32.27325081825256
Stats for ('LOHB', Timestamp('2013-03-19 00:00:00')): P10 takes: 0.02019214630126953
Stats for ('LOHB', Timestamp('2013-03-19 00:00:00')): P90 takes: 0.019802331924438477
Stats: gPCE takes: 0.03172039985656738
Stats for ('LOHB', Timestamp('2013-03-20 00:00:00')): E takes: 0.1591949462890625
Stats for ('LOHB', Timestamp('2013-03-20 00:00:00')): Var takes: 16.594660997390747
Stats for ('LOHB', Timestamp('2013-03-20 00:00:00')): StdDev takes: 16.600614547729492
Stats for ('LOHB', Timestamp('2013-03-20 00:00:00')): Sobol_m takes: 17.304737091064453
Stats for ('LOHB', Timestamp('2013-03-20 00:00:00')): Sobol_m2 takes: 21.85985517501831
Stats for ('LOHB', Timestamp('2013-03-20 00:00:00')): Sobol_t takes: 32.092817306518555
Stats for ('LOHB', Timestamp('2013-03-20 00:00:00')): P10 takes: 0.020207881927490234
Stats for ('LOHB', Timestamp('2013-03-20 00:00:00')): P90 takes: 0.019792795181274414
Stats: gPCE takes: 0.03118610382080078
Stats for ('LOHB', Timestamp('2013-03-21 00:00:00')): E takes: 0.1579437255859375
Stats for ('LOHB', Timestamp('2013-03-21 00:00:00')): Var takes: 16.44780421257019
Stats for ('LOHB', Timestamp('2013-03-21 00:00:00')): StdDev takes: 16.47977089881897
Stats for ('LOHB', Timestamp('2013-03-21 00:00:00')): Sobol_m takes: 17.218099117279053
Stats for ('LOHB', Timestamp('2013-03-21 00:00:00')): Sobol_m2 takes: 21.82646679878235
Stats for ('LOHB', Timestamp('2013-03-21 00:00:00')): Sobol_t takes: 32.0832200050354
Stats for ('LOHB', Timestamp('2013-03-21 00:00:00')): P10 takes: 0.020127534866333008
Stats for ('LOHB', Timestamp('2013-03-21 00:00:00')): P90 takes: 0.01985907554626465
Stats: gPCE takes: 0.03106069564819336
Stats for ('LOHB', Timestamp('2013-03-22 00:00:00')): E takes: 0.15762925148010254
Stats for ('LOHB', Timestamp('2013-03-22 00:00:00')): Var takes: 16.467225074768066
Stats for ('LOHB', Timestamp('2013-03-22 00:00:00')): StdDev takes: 16.505427598953247
Stats for ('LOHB', Timestamp('2013-03-22 00:00:00')): Sobol_m takes: 17.246243238449097
Stats for ('LOHB', Timestamp('2013-03-22 00:00:00')): Sobol_m2 takes: 21.855905294418335
Stats for ('LOHB', Timestamp('2013-03-22 00:00:00')): Sobol_t takes: 32.088871002197266
Stats for ('LOHB', Timestamp('2013-03-22 00:00:00')): P10 takes: 0.02007913589477539
Stats for ('LOHB', Timestamp('2013-03-22 00:00:00')): P90 takes: 0.019943714141845703
Stats: gPCE takes: 0.03125476837158203
Stats for ('LOHB', Timestamp('2013-03-23 00:00:00')): E takes: 0.15669631958007812
Stats for ('LOHB', Timestamp('2013-03-23 00:00:00')): Var takes: 16.48279881477356
Stats for ('LOHB', Timestamp('2013-03-23 00:00:00')): StdDev takes: 16.480539560317993
Stats for ('LOHB', Timestamp('2013-03-23 00:00:00')): Sobol_m takes: 17.263850212097168
Stats for ('LOHB', Timestamp('2013-03-23 00:00:00')): Sobol_m2 takes: 21.836443185806274
Stats for ('LOHB', Timestamp('2013-03-23 00:00:00')): Sobol_t takes: 32.09780931472778
Stats for ('LOHB', Timestamp('2013-03-23 00:00:00')): P10 takes: 0.02001476287841797
Stats for ('LOHB', Timestamp('2013-03-23 00:00:00')): P90 takes: 0.019963979721069336
Stats: gPCE takes: 0.031129837036132812
Stats for ('LOHB', Timestamp('2013-03-24 00:00:00')): E takes: 0.15924930572509766
Stats for ('LOHB', Timestamp('2013-03-24 00:00:00')): Var takes: 16.502575635910034
Stats for ('LOHB', Timestamp('2013-03-24 00:00:00')): StdDev takes: 16.449199676513672
Stats for ('LOHB', Timestamp('2013-03-24 00:00:00')): Sobol_m takes: 17.227860927581787
Stats for ('LOHB', Timestamp('2013-03-24 00:00:00')): Sobol_m2 takes: 21.83012080192566
Stats for ('LOHB', Timestamp('2013-03-24 00:00:00')): Sobol_t takes: 32.055323123931885
Stats for ('LOHB', Timestamp('2013-03-24 00:00:00')): P10 takes: 0.019968032836914062
Stats for ('LOHB', Timestamp('2013-03-24 00:00:00')): P90 takes: 0.01989150047302246
Stats: gPCE takes: 0.03135347366333008
Stats for ('LOHB', Timestamp('2013-03-25 00:00:00')): E takes: 0.15764880180358887
Stats for ('LOHB', Timestamp('2013-03-25 00:00:00')): Var takes: 16.468624114990234
Stats for ('LOHB', Timestamp('2013-03-25 00:00:00')): StdDev takes: 16.468825101852417
Stats for ('LOHB', Timestamp('2013-03-25 00:00:00')): Sobol_m takes: 17.271872758865356
Stats for ('LOHB', Timestamp('2013-03-25 00:00:00')): Sobol_m2 takes: 21.833009004592896
Stats for ('LOHB', Timestamp('2013-03-25 00:00:00')): Sobol_t takes: 32.08297610282898
Stats for ('LOHB', Timestamp('2013-03-25 00:00:00')): P10 takes: 0.019997596740722656
Stats for ('LOHB', Timestamp('2013-03-25 00:00:00')): P90 takes: 0.019852638244628906
Stats: gPCE takes: 0.03110980987548828
Stats for ('LOHB', Timestamp('2013-03-26 00:00:00')): E takes: 0.15774846076965332
Stats for ('LOHB', Timestamp('2013-03-26 00:00:00')): Var takes: 16.448286533355713
Stats for ('LOHB', Timestamp('2013-03-26 00:00:00')): StdDev takes: 16.44438147544861
Stats for ('LOHB', Timestamp('2013-03-26 00:00:00')): Sobol_m takes: 17.246370315551758
Stats for ('LOHB', Timestamp('2013-03-26 00:00:00')): Sobol_m2 takes: 21.845998764038086
Stats for ('LOHB', Timestamp('2013-03-26 00:00:00')): Sobol_t takes: 32.07511568069458
Stats for ('LOHB', Timestamp('2013-03-26 00:00:00')): P10 takes: 0.020044326782226562
Stats for ('LOHB', Timestamp('2013-03-26 00:00:00')): P90 takes: 0.019758939743041992
Stats: gPCE takes: 0.031027555465698242
Stats for ('LOHB', Timestamp('2013-03-27 00:00:00')): E takes: 0.15800213813781738
Stats for ('LOHB', Timestamp('2013-03-27 00:00:00')): Var takes: 16.46814250946045
Stats for ('LOHB', Timestamp('2013-03-27 00:00:00')): StdDev takes: 16.46166443824768
Stats for ('LOHB', Timestamp('2013-03-27 00:00:00')): Sobol_m takes: 17.222112894058228
Stats for ('LOHB', Timestamp('2013-03-27 00:00:00')): Sobol_m2 takes: 21.85960340499878
Stats for ('LOHB', Timestamp('2013-03-27 00:00:00')): Sobol_t takes: 32.022138833999634
Stats for ('LOHB', Timestamp('2013-03-27 00:00:00')): P10 takes: 0.020022869110107422
Stats for ('LOHB', Timestamp('2013-03-27 00:00:00')): P90 takes: 0.020302534103393555
Stats: gPCE takes: 0.03121495246887207
Stats for ('LOHB', Timestamp('2013-03-28 00:00:00')): E takes: 0.1575605869293213
Stats for ('LOHB', Timestamp('2013-03-28 00:00:00')): Var takes: 16.47506070137024
Stats for ('LOHB', Timestamp('2013-03-28 00:00:00')): StdDev takes: 16.458026885986328
Stats for ('LOHB', Timestamp('2013-03-28 00:00:00')): Sobol_m takes: 17.214213848114014
Stats for ('LOHB', Timestamp('2013-03-28 00:00:00')): Sobol_m2 takes: 21.880043268203735
Stats for ('LOHB', Timestamp('2013-03-28 00:00:00')): Sobol_t takes: 32.05303907394409
Stats for ('LOHB', Timestamp('2013-03-28 00:00:00')): P10 takes: 0.020166635513305664
Stats for ('LOHB', Timestamp('2013-03-28 00:00:00')): P90 takes: 0.01975417137145996
Stats: gPCE takes: 0.030848979949951172
Stats for ('LOHB', Timestamp('2013-03-29 00:00:00')): E takes: 0.15920591354370117
Stats for ('LOHB', Timestamp('2013-03-29 00:00:00')): Var takes: 16.452205419540405
Stats for ('LOHB', Timestamp('2013-03-29 00:00:00')): StdDev takes: 16.434377193450928
Stats for ('LOHB', Timestamp('2013-03-29 00:00:00')): Sobol_m takes: 17.213396549224854
Stats for ('LOHB', Timestamp('2013-03-29 00:00:00')): Sobol_m2 takes: 21.815422534942627
Stats for ('LOHB', Timestamp('2013-03-29 00:00:00')): Sobol_t takes: 32.05531191825867
Stats for ('LOHB', Timestamp('2013-03-29 00:00:00')): P10 takes: 0.0199735164642334
Stats for ('LOHB', Timestamp('2013-03-29 00:00:00')): P90 takes: 0.01992344856262207
Stats: gPCE takes: 0.031219482421875
Stats for ('LOHB', Timestamp('2013-03-30 00:00:00')): E takes: 0.15854668617248535
Stats for ('LOHB', Timestamp('2013-03-30 00:00:00')): Var takes: 16.503392696380615
Stats for ('LOHB', Timestamp('2013-03-30 00:00:00')): StdDev takes: 16.446284294128418
Stats for ('LOHB', Timestamp('2013-03-30 00:00:00')): Sobol_m takes: 17.210450172424316
Stats for ('LOHB', Timestamp('2013-03-30 00:00:00')): Sobol_m2 takes: 21.80894923210144
Stats for ('LOHB', Timestamp('2013-03-30 00:00:00')): Sobol_t takes: 32.0436737537384
Stats for ('LOHB', Timestamp('2013-03-30 00:00:00')): P10 takes: 0.02005934715270996
Stats for ('LOHB', Timestamp('2013-03-30 00:00:00')): P90 takes: 0.01996755599975586
Stats: gPCE takes: 0.031238794326782227
Stats for ('LOHB', Timestamp('2013-03-31 00:00:00')): E takes: 0.1581728458404541
Stats for ('LOHB', Timestamp('2013-03-31 00:00:00')): Var takes: 16.441249132156372
Stats for ('LOHB', Timestamp('2013-03-31 00:00:00')): StdDev takes: 16.449960231781006
Stats for ('LOHB', Timestamp('2013-03-31 00:00:00')): Sobol_m takes: 17.242155075073242
Stats for ('LOHB', Timestamp('2013-03-31 00:00:00')): Sobol_m2 takes: 21.805309295654297
Stats for ('LOHB', Timestamp('2013-03-31 00:00:00')): Sobol_t takes: 32.02694606781006
Stats for ('LOHB', Timestamp('2013-03-31 00:00:00')): P10 takes: 0.020097732543945312
Stats for ('LOHB', Timestamp('2013-03-31 00:00:00')): P90 takes: 0.019742965698242188
Stats: gPCE takes: 0.03124094009399414
Stats for ('LOHB', Timestamp('2013-04-01 00:00:00')): E takes: 0.15849089622497559
Stats for ('LOHB', Timestamp('2013-04-01 00:00:00')): Var takes: 16.446893453598022
Stats for ('LOHB', Timestamp('2013-04-01 00:00:00')): StdDev takes: 16.454249620437622
Stats for ('LOHB', Timestamp('2013-04-01 00:00:00')): Sobol_m takes: 17.245307683944702
Stats for ('LOHB', Timestamp('2013-04-01 00:00:00')): Sobol_m2 takes: 21.863988399505615
Stats for ('LOHB', Timestamp('2013-04-01 00:00:00')): Sobol_t takes: 32.04375076293945
Stats for ('LOHB', Timestamp('2013-04-01 00:00:00')): P10 takes: 0.020211458206176758
Stats for ('LOHB', Timestamp('2013-04-01 00:00:00')): P90 takes: 0.019693613052368164
Stats: gPCE takes: 0.031095027923583984
Stats for ('LOHB', Timestamp('2013-04-02 00:00:00')): E takes: 0.15899968147277832
Stats for ('LOHB', Timestamp('2013-04-02 00:00:00')): Var takes: 16.417302131652832
Stats for ('LOHB', Timestamp('2013-04-02 00:00:00')): StdDev takes: 16.37920618057251
Stats for ('LOHB', Timestamp('2013-04-02 00:00:00')): Sobol_m takes: 17.150270223617554
Stats for ('LOHB', Timestamp('2013-04-02 00:00:00')): Sobol_m2 takes: 21.812915802001953
Stats for ('LOHB', Timestamp('2013-04-02 00:00:00')): Sobol_t takes: 32.04379630088806
Stats for ('LOHB', Timestamp('2013-04-02 00:00:00')): P10 takes: 0.020185232162475586
Stats for ('LOHB', Timestamp('2013-04-02 00:00:00')): P90 takes: 0.02000141143798828
Stats: gPCE takes: 0.03116583824157715
Stats for ('LOHB', Timestamp('2013-04-03 00:00:00')): E takes: 0.15725350379943848
Stats for ('LOHB', Timestamp('2013-04-03 00:00:00')): Var takes: 16.440566778182983
Stats for ('LOHB', Timestamp('2013-04-03 00:00:00')): StdDev takes: 16.440728187561035
Stats for ('LOHB', Timestamp('2013-04-03 00:00:00')): Sobol_m takes: 17.198888778686523
Stats for ('LOHB', Timestamp('2013-04-03 00:00:00')): Sobol_m2 takes: 21.841120719909668
Stats for ('LOHB', Timestamp('2013-04-03 00:00:00')): Sobol_t takes: 32.010478258132935
Stats for ('LOHB', Timestamp('2013-04-03 00:00:00')): P10 takes: 0.02006387710571289
Stats for ('LOHB', Timestamp('2013-04-03 00:00:00')): P90 takes: 0.019970178604125977
Stats: gPCE takes: 0.03101205825805664
Stats for ('LOHB', Timestamp('2013-04-04 00:00:00')): E takes: 0.15651798248291016
Stats for ('LOHB', Timestamp('2013-04-04 00:00:00')): Var takes: 16.413299798965454
Stats for ('LOHB', Timestamp('2013-04-04 00:00:00')): StdDev takes: 16.440096378326416
Stats for ('LOHB', Timestamp('2013-04-04 00:00:00')): Sobol_m takes: 17.184332847595215
Stats for ('LOHB', Timestamp('2013-04-04 00:00:00')): Sobol_m2 takes: 21.79798150062561
Stats for ('LOHB', Timestamp('2013-04-04 00:00:00')): Sobol_t takes: 32.034173011779785
Stats for ('LOHB', Timestamp('2013-04-04 00:00:00')): P10 takes: 0.02003026008605957
Stats for ('LOHB', Timestamp('2013-04-04 00:00:00')): P90 takes: 0.01986551284790039
Stats: gPCE takes: 0.031212329864501953
Stats for ('LOHB', Timestamp('2013-04-05 00:00:00')): E takes: 0.15792393684387207
Stats for ('LOHB', Timestamp('2013-04-05 00:00:00')): Var takes: 16.494043350219727
Stats for ('LOHB', Timestamp('2013-04-05 00:00:00')): StdDev takes: 16.43810510635376
Stats for ('LOHB', Timestamp('2013-04-05 00:00:00')): Sobol_m takes: 17.201671361923218
Stats for ('LOHB', Timestamp('2013-04-05 00:00:00')): Sobol_m2 takes: 21.800777196884155
Stats for ('LOHB', Timestamp('2013-04-05 00:00:00')): Sobol_t takes: 32.031012773513794
Stats for ('LOHB', Timestamp('2013-04-05 00:00:00')): P10 takes: 0.020102500915527344
Stats for ('LOHB', Timestamp('2013-04-05 00:00:00')): P90 takes: 0.019977092742919922
Stats: gPCE takes: 0.030980348587036133
Stats for ('LOHB', Timestamp('2013-04-06 00:00:00')): E takes: 0.1592564582824707
Stats for ('LOHB', Timestamp('2013-04-06 00:00:00')): Var takes: 16.44102954864502
Stats for ('LOHB', Timestamp('2013-04-06 00:00:00')): StdDev takes: 16.443220138549805
Stats for ('LOHB', Timestamp('2013-04-06 00:00:00')): Sobol_m takes: 17.241875171661377
Stats for ('LOHB', Timestamp('2013-04-06 00:00:00')): Sobol_m2 takes: 21.75662612915039
Stats for ('LOHB', Timestamp('2013-04-06 00:00:00')): Sobol_t takes: 32.0017626285553
Stats for ('LOHB', Timestamp('2013-04-06 00:00:00')): P10 takes: 0.020031213760375977
Stats for ('LOHB', Timestamp('2013-04-06 00:00:00')): P90 takes: 0.01987290382385254
Stats: gPCE takes: 0.03126692771911621
Stats for ('LOHB', Timestamp('2013-04-07 00:00:00')): E takes: 0.15739774703979492
Stats for ('LOHB', Timestamp('2013-04-07 00:00:00')): Var takes: 16.446659088134766
Stats for ('LOHB', Timestamp('2013-04-07 00:00:00')): StdDev takes: 16.428611040115356
Stats for ('LOHB', Timestamp('2013-04-07 00:00:00')): Sobol_m takes: 17.206838607788086
Stats for ('LOHB', Timestamp('2013-04-07 00:00:00')): Sobol_m2 takes: 21.804232835769653
Stats for ('LOHB', Timestamp('2013-04-07 00:00:00')): Sobol_t takes: 32.029043197631836
Stats for ('LOHB', Timestamp('2013-04-07 00:00:00')): P10 takes: 0.02000880241394043
Stats for ('LOHB', Timestamp('2013-04-07 00:00:00')): P90 takes: 0.019817590713500977
Stats: gPCE takes: 0.031193256378173828
Stats for ('LOHB', Timestamp('2013-04-08 00:00:00')): E takes: 0.1580066680908203
Stats for ('LOHB', Timestamp('2013-04-08 00:00:00')): Var takes: 16.43283462524414
Stats for ('LOHB', Timestamp('2013-04-08 00:00:00')): StdDev takes: 16.424789428710938
Stats for ('LOHB', Timestamp('2013-04-08 00:00:00')): Sobol_m takes: 17.201985359191895
Stats for ('LOHB', Timestamp('2013-04-08 00:00:00')): Sobol_m2 takes: 21.823432683944702
Stats for ('LOHB', Timestamp('2013-04-08 00:00:00')): Sobol_t takes: 32.02005338668823
Stats for ('LOHB', Timestamp('2013-04-08 00:00:00')): P10 takes: 0.019955158233642578
Stats for ('LOHB', Timestamp('2013-04-08 00:00:00')): P90 takes: 0.01980757713317871
Stats: gPCE takes: 0.031080245971679688
Stats for ('LOHB', Timestamp('2013-04-09 00:00:00')): E takes: 0.1573491096496582
Stats for ('LOHB', Timestamp('2013-04-09 00:00:00')): Var takes: 16.431142568588257
Stats for ('LOHB', Timestamp('2013-04-09 00:00:00')): StdDev takes: 16.440659046173096
Stats for ('LOHB', Timestamp('2013-04-09 00:00:00')): Sobol_m takes: 17.198301792144775
Stats for ('LOHB', Timestamp('2013-04-09 00:00:00')): Sobol_m2 takes: 21.860435962677002
Stats for ('LOHB', Timestamp('2013-04-09 00:00:00')): Sobol_t takes: 32.02330660820007
Stats for ('LOHB', Timestamp('2013-04-09 00:00:00')): P10 takes: 0.02015399932861328
Stats for ('LOHB', Timestamp('2013-04-09 00:00:00')): P90 takes: 0.01973700523376465
Stats: gPCE takes: 0.031227827072143555
Stats for ('LOHB', Timestamp('2013-04-10 00:00:00')): E takes: 0.15658831596374512
Stats for ('LOHB', Timestamp('2013-04-10 00:00:00')): Var takes: 16.459203720092773
Stats for ('LOHB', Timestamp('2013-04-10 00:00:00')): StdDev takes: 16.43693232536316
Stats for ('LOHB', Timestamp('2013-04-10 00:00:00')): Sobol_m takes: 17.19607162475586
Stats for ('LOHB', Timestamp('2013-04-10 00:00:00')): Sobol_m2 takes: 21.821449279785156
Stats for ('LOHB', Timestamp('2013-04-10 00:00:00')): Sobol_t takes: 32.04170846939087
Stats for ('LOHB', Timestamp('2013-04-10 00:00:00')): P10 takes: 0.02016735076904297
Stats for ('LOHB', Timestamp('2013-04-10 00:00:00')): P90 takes: 0.019875526428222656
Stats: gPCE takes: 0.031114578247070312
Stats for ('LOHB', Timestamp('2013-04-11 00:00:00')): E takes: 0.15831303596496582
Stats for ('LOHB', Timestamp('2013-04-11 00:00:00')): Var takes: 16.50875163078308
Stats for ('LOHB', Timestamp('2013-04-11 00:00:00')): StdDev takes: 16.44342827796936
Stats for ('LOHB', Timestamp('2013-04-11 00:00:00')): Sobol_m takes: 17.206854104995728
Stats for ('LOHB', Timestamp('2013-04-11 00:00:00')): Sobol_m2 takes: 21.78377866744995
Stats for ('LOHB', Timestamp('2013-04-11 00:00:00')): Sobol_t takes: 32.04581046104431
Stats for ('LOHB', Timestamp('2013-04-11 00:00:00')): P10 takes: 0.020051956176757812
Stats for ('LOHB', Timestamp('2013-04-11 00:00:00')): P90 takes: 0.019867658615112305
Stats: gPCE takes: 0.030956506729125977
Stats for ('LOHB', Timestamp('2013-04-12 00:00:00')): E takes: 0.15743708610534668
Stats for ('LOHB', Timestamp('2013-04-12 00:00:00')): Var takes: 16.439335107803345
Stats for ('LOHB', Timestamp('2013-04-12 00:00:00')): StdDev takes: 16.45368719100952
Stats for ('LOHB', Timestamp('2013-04-12 00:00:00')): Sobol_m takes: 17.253648042678833
Stats for ('LOHB', Timestamp('2013-04-12 00:00:00')): Sobol_m2 takes: 21.78442692756653
Stats for ('LOHB', Timestamp('2013-04-12 00:00:00')): Sobol_t takes: 32.01520037651062
Stats for ('LOHB', Timestamp('2013-04-12 00:00:00')): P10 takes: 0.020159006118774414
Stats for ('LOHB', Timestamp('2013-04-12 00:00:00')): P90 takes: 0.019788742065429688
Stats: gPCE takes: 0.031198740005493164
Stats for ('LOHB', Timestamp('2013-04-13 00:00:00')): E takes: 0.1575005054473877
Stats for ('LOHB', Timestamp('2013-04-13 00:00:00')): Var takes: 16.456600189208984
Stats for ('LOHB', Timestamp('2013-04-13 00:00:00')): StdDev takes: 16.465856790542603
Stats for ('LOHB', Timestamp('2013-04-13 00:00:00')): Sobol_m takes: 17.25107192993164
Stats for ('LOHB', Timestamp('2013-04-13 00:00:00')): Sobol_m2 takes: 21.821837663650513
Stats for ('LOHB', Timestamp('2013-04-13 00:00:00')): Sobol_t takes: 32.016883850097656
Stats for ('LOHB', Timestamp('2013-04-13 00:00:00')): P10 takes: 0.020181655883789062
Stats for ('LOHB', Timestamp('2013-04-13 00:00:00')): P90 takes: 0.019814252853393555
Stats: gPCE takes: 0.03121328353881836
Stats for ('LOHB', Timestamp('2013-04-14 00:00:00')): E takes: 0.15778875350952148
Stats for ('LOHB', Timestamp('2013-04-14 00:00:00')): Var takes: 16.445452451705933
Stats for ('LOHB', Timestamp('2013-04-14 00:00:00')): StdDev takes: 16.45337462425232
Stats for ('LOHB', Timestamp('2013-04-14 00:00:00')): Sobol_m takes: 17.214371919631958
Stats for ('LOHB', Timestamp('2013-04-14 00:00:00')): Sobol_m2 takes: 21.84055805206299
Stats for ('LOHB', Timestamp('2013-04-14 00:00:00')): Sobol_t takes: 32.01948690414429
Stats for ('LOHB', Timestamp('2013-04-14 00:00:00')): P10 takes: 0.020148515701293945
Stats for ('LOHB', Timestamp('2013-04-14 00:00:00')): P90 takes: 0.01993083953857422
Stats: gPCE takes: 0.031011581420898438
Stats for ('LOHB', Timestamp('2013-04-15 00:00:00')): E takes: 0.15887832641601562
Stats for ('LOHB', Timestamp('2013-04-15 00:00:00')): Var takes: 16.430591821670532
Stats for ('LOHB', Timestamp('2013-04-15 00:00:00')): StdDev takes: 16.416170835494995
Stats for ('LOHB', Timestamp('2013-04-15 00:00:00')): Sobol_m takes: 17.22747278213501
Stats for ('LOHB', Timestamp('2013-04-15 00:00:00')): Sobol_m2 takes: 21.838395833969116
Stats for ('LOHB', Timestamp('2013-04-15 00:00:00')): Sobol_t takes: 32.00483512878418
Stats for ('LOHB', Timestamp('2013-04-15 00:00:00')): P10 takes: 0.020118236541748047
Stats for ('LOHB', Timestamp('2013-04-15 00:00:00')): P90 takes: 0.0198824405670166
Stats: gPCE takes: 0.030912160873413086
Stats for ('LOHB', Timestamp('2013-04-16 00:00:00')): E takes: 0.15655875205993652
Stats for ('LOHB', Timestamp('2013-04-16 00:00:00')): Var takes: 16.460432052612305
Stats for ('LOHB', Timestamp('2013-04-16 00:00:00')): StdDev takes: 16.446410655975342
Stats for ('LOHB', Timestamp('2013-04-16 00:00:00')): Sobol_m takes: 17.19835329055786
Stats for ('LOHB', Timestamp('2013-04-16 00:00:00')): Sobol_m2 takes: 21.79932451248169
Stats for ('LOHB', Timestamp('2013-04-16 00:00:00')): Sobol_t takes: 32.047651529312134
Stats for ('LOHB', Timestamp('2013-04-16 00:00:00')): P10 takes: 0.02002882957458496
Stats for ('LOHB', Timestamp('2013-04-16 00:00:00')): P90 takes: 0.020104169845581055
Stats: gPCE takes: 0.03115534782409668
Stats for ('LOHB', Timestamp('2013-04-17 00:00:00')): E takes: 0.15788054466247559
Stats for ('LOHB', Timestamp('2013-04-17 00:00:00')): Var takes: 16.481528520584106
Stats for ('LOHB', Timestamp('2013-04-17 00:00:00')): StdDev takes: 16.470192909240723
Stats for ('LOHB', Timestamp('2013-04-17 00:00:00')): Sobol_m takes: 17.197519540786743
Stats for ('LOHB', Timestamp('2013-04-17 00:00:00')): Sobol_m2 takes: 21.815871715545654
Stats for ('LOHB', Timestamp('2013-04-17 00:00:00')): Sobol_t takes: 32.04543447494507
Stats for ('LOHB', Timestamp('2013-04-17 00:00:00')): P10 takes: 0.020023584365844727
Stats for ('LOHB', Timestamp('2013-04-17 00:00:00')): P90 takes: 0.020027875900268555
Stats: gPCE takes: 0.03132987022399902
Stats for ('LOHB', Timestamp('2013-04-18 00:00:00')): E takes: 0.1578843593597412
Stats for ('LOHB', Timestamp('2013-04-18 00:00:00')): Var takes: 16.46005082130432
Stats for ('LOHB', Timestamp('2013-04-18 00:00:00')): StdDev takes: 16.472192525863647
Stats for ('LOHB', Timestamp('2013-04-18 00:00:00')): Sobol_m takes: 17.256767749786377
Stats for ('LOHB', Timestamp('2013-04-18 00:00:00')): Sobol_m2 takes: 21.788375854492188
Stats for ('LOHB', Timestamp('2013-04-18 00:00:00')): Sobol_t takes: 32.007108211517334
Stats for ('LOHB', Timestamp('2013-04-18 00:00:00')): P10 takes: 0.020083189010620117
Stats for ('LOHB', Timestamp('2013-04-18 00:00:00')): P90 takes: 0.019933223724365234
Stats: gPCE takes: 0.031015634536743164
Stats for ('LOHB', Timestamp('2013-04-19 00:00:00')): E takes: 0.15758991241455078
Stats for ('LOHB', Timestamp('2013-04-19 00:00:00')): Var takes: 16.43034601211548
Stats for ('LOHB', Timestamp('2013-04-19 00:00:00')): StdDev takes: 16.40486454963684
Stats for ('LOHB', Timestamp('2013-04-19 00:00:00')): Sobol_m takes: 17.206374406814575
Stats for ('LOHB', Timestamp('2013-04-19 00:00:00')): Sobol_m2 takes: 21.808216094970703
Stats for ('LOHB', Timestamp('2013-04-19 00:00:00')): Sobol_t takes: 32.022319316864014
Stats for ('LOHB', Timestamp('2013-04-19 00:00:00')): P10 takes: 0.02019786834716797
Stats for ('LOHB', Timestamp('2013-04-19 00:00:00')): P90 takes: 0.02001023292541504
Stats: gPCE takes: 0.03126192092895508
Stats for ('LOHB', Timestamp('2013-04-20 00:00:00')): E takes: 0.15753650665283203
Stats for ('LOHB', Timestamp('2013-04-20 00:00:00')): Var takes: 16.44959568977356
Stats for ('LOHB', Timestamp('2013-04-20 00:00:00')): StdDev takes: 16.454769611358643
Stats for ('LOHB', Timestamp('2013-04-20 00:00:00')): Sobol_m takes: 17.21116828918457
Stats for ('LOHB', Timestamp('2013-04-20 00:00:00')): Sobol_m2 takes: 21.833486557006836
Stats for ('LOHB', Timestamp('2013-04-20 00:00:00')): Sobol_t takes: 32.01504611968994
Stats for ('LOHB', Timestamp('2013-04-20 00:00:00')): P10 takes: 0.020950794219970703
Stats for ('LOHB', Timestamp('2013-04-20 00:00:00')): P90 takes: 0.019857168197631836
Stats: gPCE takes: 0.031180858612060547
Stats for ('LOHB', Timestamp('2013-04-21 00:00:00')): E takes: 0.1577141284942627
Stats for ('LOHB', Timestamp('2013-04-21 00:00:00')): Var takes: 16.439825296401978
Stats for ('LOHB', Timestamp('2013-04-21 00:00:00')): StdDev takes: 16.4094181060791
Stats for ('LOHB', Timestamp('2013-04-21 00:00:00')): Sobol_m takes: 17.173393487930298
Stats for ('LOHB', Timestamp('2013-04-21 00:00:00')): Sobol_m2 takes: 21.779673099517822
Stats for ('LOHB', Timestamp('2013-04-21 00:00:00')): Sobol_t takes: 32.062111377716064
Stats for ('LOHB', Timestamp('2013-04-21 00:00:00')): P10 takes: 0.020037412643432617
Stats for ('LOHB', Timestamp('2013-04-21 00:00:00')): P90 takes: 0.01979351043701172
Stats: gPCE takes: 0.03119659423828125
Stats for ('LOHB', Timestamp('2013-04-22 00:00:00')): E takes: 0.1567223072052002
Stats for ('LOHB', Timestamp('2013-04-22 00:00:00')): Var takes: 16.463273525238037
Stats for ('LOHB', Timestamp('2013-04-22 00:00:00')): StdDev takes: 16.42671298980713
Stats for ('LOHB', Timestamp('2013-04-22 00:00:00')): Sobol_m takes: 17.200105667114258
Stats for ('LOHB', Timestamp('2013-04-22 00:00:00')): Sobol_m2 takes: 21.801862716674805
Stats for ('LOHB', Timestamp('2013-04-22 00:00:00')): Sobol_t takes: 32.0385160446167
Stats for ('LOHB', Timestamp('2013-04-22 00:00:00')): P10 takes: 0.020199298858642578
Stats for ('LOHB', Timestamp('2013-04-22 00:00:00')): P90 takes: 0.019820690155029297
Stats: gPCE takes: 0.0312347412109375
Stats for ('LOHB', Timestamp('2013-04-23 00:00:00')): E takes: 0.1578216552734375
Stats for ('LOHB', Timestamp('2013-04-23 00:00:00')): Var takes: 16.485520362854004
Stats for ('LOHB', Timestamp('2013-04-23 00:00:00')): StdDev takes: 16.43565011024475
Stats for ('LOHB', Timestamp('2013-04-23 00:00:00')): Sobol_m takes: 17.221479892730713
Stats for ('LOHB', Timestamp('2013-04-23 00:00:00')): Sobol_m2 takes: 21.79304075241089
Stats for ('LOHB', Timestamp('2013-04-23 00:00:00')): Sobol_t takes: 32.028977155685425
Stats for ('LOHB', Timestamp('2013-04-23 00:00:00')): P10 takes: 0.02005147933959961
Stats for ('LOHB', Timestamp('2013-04-23 00:00:00')): P90 takes: 0.019731521606445312
Stats: gPCE takes: 0.030982255935668945
Stats for ('LOHB', Timestamp('2013-04-24 00:00:00')): E takes: 0.1577460765838623
Stats for ('LOHB', Timestamp('2013-04-24 00:00:00')): Var takes: 16.409147024154663
Stats for ('LOHB', Timestamp('2013-04-24 00:00:00')): StdDev takes: 16.406590700149536
Stats for ('LOHB', Timestamp('2013-04-24 00:00:00')): Sobol_m takes: 17.208744049072266
Stats for ('LOHB', Timestamp('2013-04-24 00:00:00')): Sobol_m2 takes: 21.774518966674805
Stats for ('LOHB', Timestamp('2013-04-24 00:00:00')): Sobol_t takes: 31.970710039138794
Stats for ('LOHB', Timestamp('2013-04-24 00:00:00')): P10 takes: 0.020079612731933594
Stats for ('LOHB', Timestamp('2013-04-24 00:00:00')): P90 takes: 0.019793272018432617
Stats: gPCE takes: 0.030872583389282227
Stats for ('LOHB', Timestamp('2013-04-25 00:00:00')): E takes: 0.15838074684143066
Stats for ('LOHB', Timestamp('2013-04-25 00:00:00')): Var takes: 16.413129568099976
Stats for ('LOHB', Timestamp('2013-04-25 00:00:00')): StdDev takes: 16.436129331588745
Stats for ('LOHB', Timestamp('2013-04-25 00:00:00')): Sobol_m takes: 17.221579790115356
Stats for ('LOHB', Timestamp('2013-04-25 00:00:00')): Sobol_m2 takes: 21.81561803817749
Stats for ('LOHB', Timestamp('2013-04-25 00:00:00')): Sobol_t takes: 32.02210783958435
Stats for ('LOHB', Timestamp('2013-04-25 00:00:00')): P10 takes: 0.020241498947143555
Stats for ('LOHB', Timestamp('2013-04-25 00:00:00')): P90 takes: 0.01970982551574707
Stats: gPCE takes: 0.03084707260131836
Stats for ('LOHB', Timestamp('2013-04-26 00:00:00')): E takes: 0.15755629539489746
Stats for ('LOHB', Timestamp('2013-04-26 00:00:00')): Var takes: 16.42811942100525
Stats for ('LOHB', Timestamp('2013-04-26 00:00:00')): StdDev takes: 16.444656372070312
Stats for ('LOHB', Timestamp('2013-04-26 00:00:00')): Sobol_m takes: 17.19559335708618
Stats for ('LOHB', Timestamp('2013-04-26 00:00:00')): Sobol_m2 takes: 21.831532955169678
Stats for ('LOHB', Timestamp('2013-04-26 00:00:00')): Sobol_t takes: 32.02802801132202
Stats for ('LOHB', Timestamp('2013-04-26 00:00:00')): P10 takes: 0.020212650299072266
Stats for ('LOHB', Timestamp('2013-04-26 00:00:00')): P90 takes: 0.019849538803100586
Stats: gPCE takes: 0.031044960021972656
Stats for ('LOHB', Timestamp('2013-04-27 00:00:00')): E takes: 0.15665721893310547
Stats for ('LOHB', Timestamp('2013-04-27 00:00:00')): Var takes: 16.430917739868164
Stats for ('LOHB', Timestamp('2013-04-27 00:00:00')): StdDev takes: 16.433030128479004
Stats for ('LOHB', Timestamp('2013-04-27 00:00:00')): Sobol_m takes: 17.16867971420288
Stats for ('LOHB', Timestamp('2013-04-27 00:00:00')): Sobol_m2 takes: 21.85916018486023
Stats for ('LOHB', Timestamp('2013-04-27 00:00:00')): Sobol_t takes: 31.95938754081726
Stats for ('LOHB', Timestamp('2013-04-27 00:00:00')): P10 takes: 0.019945144653320312
Stats for ('LOHB', Timestamp('2013-04-27 00:00:00')): P90 takes: 0.01985025405883789
Stats: gPCE takes: 0.030954599380493164
Stats for ('LOHB', Timestamp('2013-04-28 00:00:00')): E takes: 0.15656781196594238
Stats for ('LOHB', Timestamp('2013-04-28 00:00:00')): Var takes: 16.464235067367554
Stats for ('LOHB', Timestamp('2013-04-28 00:00:00')): StdDev takes: 16.438107013702393
Stats for ('LOHB', Timestamp('2013-04-28 00:00:00')): Sobol_m takes: 17.200687646865845
Stats for ('LOHB', Timestamp('2013-04-28 00:00:00')): Sobol_m2 takes: 21.767409801483154
Stats for ('LOHB', Timestamp('2013-04-28 00:00:00')): Sobol_t takes: 32.047730684280396
Stats for ('LOHB', Timestamp('2013-04-28 00:00:00')): P10 takes: 0.020116090774536133
Stats for ('LOHB', Timestamp('2013-04-28 00:00:00')): P90 takes: 0.019854307174682617
Stats: gPCE takes: 0.031048059463500977
Stats for ('LOHB', Timestamp('2013-04-29 00:00:00')): E takes: 0.1578350067138672
Stats for ('LOHB', Timestamp('2013-04-29 00:00:00')): Var takes: 16.46303915977478
Stats for ('LOHB', Timestamp('2013-04-29 00:00:00')): StdDev takes: 16.4375319480896
Stats for ('LOHB', Timestamp('2013-04-29 00:00:00')): Sobol_m takes: 17.209908723831177
Stats for ('LOHB', Timestamp('2013-04-29 00:00:00')): Sobol_m2 takes: 21.795767307281494
Stats for ('LOHB', Timestamp('2013-04-29 00:00:00')): Sobol_t takes: 32.04034209251404
Stats for ('LOHB', Timestamp('2013-04-29 00:00:00')): P10 takes: 0.020116329193115234
Stats for ('LOHB', Timestamp('2013-04-29 00:00:00')): P90/lrz/sys/intel/studio2019_u4/intelpython3/lib/python3.6/site-packages/pandas/plotting/_converter.py:129: FutureWarning: Using an implicitly registered datetime converter for a matplotlib plotting method. The converter was registered by pandas on import. Future versions of pandas will require you to explicitly register matplotlib converters.

To register the converters:
	>>> from pandas.plotting import register_matplotlib_converters
	>>> register_matplotlib_converters()
  warnings.warn(msg, FutureWarning)
 takes: 0.02004551887512207
calculate statistics [RuntimeStatistics]...
[ 77.42996073  77.44278594  77.45561115 ... 205.64361675 205.65644196
 205.66926718]
print statistics...
None
QoI                 E    StdDev        Var          P5         P95
---------  ----------  --------  ---------  ----------  ----------
E_runtime  134.229444  5.582461  31.163876  126.192740  142.014275

Sensitivity Indices:
Index                    value
-----------------------  -----------------------------------------------
First order              [0.36474461 0.1188086  0.0139783  0.03978994]
First order_Interaction  0.4626785442230601
Second order             [[0.         0.22249    0.04302037 0.01547667]
                          [0.22249    0.         0.02385217 0.03691817]
                          [0.04302037 0.02385217 0.         0.05261082]
                          [0.01547667 0.03691817 0.05261082 0.        ]]
Total order              [0.70020033 0.45345876 0.18880037 0.1896379 ]

type            runtime                                                                 estimated                                                               org_estimated                                                           diff: T-E                                                          diff: T-OE
--------------  ----------------------------------------------------------------------  ----------------------------------------------------------------------  ----------------------------------------------------------------------  -----------------------------------------------------------------  -----------------------------------------------------------------
sum(T_i_S)      83178.27261352539                                                       83179.64387064052                                                       83179.64387064052                                                       -1.3712571151263546                                                -1.3712571151263546
T_i_SWP_worker  [1556.15752339 1570.519485   1522.19701028 1542.08703947 1547.42258     [1584.30153289 1593.05286127 1598.36819388 1606.49069575 1587.00969988  [1584.30153289 1593.05286127 1598.36819388 1606.49069575 1587.00969988  [-28.14400949 -22.53337627 -76.1711836  -64.40365628 -39.58711988  [-28.14400949 -22.53337627 -76.1711836  -64.40365628 -39.58711988
                 1558.3937695  1530.46836233 1534.80339837 1522.07602191 1436.35796809   1579.34890652 1579.29263775 1576.96002663 1602.97338749 1503.59216892   1579.34890652 1579.29263775 1576.96002663 1602.97338749 1503.59216892   -20.95513702 -48.82427541 -42.15662826 -80.89736558 -67.23420083   -20.95513702 -48.82427541 -42.15662826 -80.89736558 -67.23420083
                 1439.17304564 1457.43297315 1447.15952396 1447.53944826 1459.66923809   1477.94184597 1479.92432428 1476.05662804 1472.81003792 1485.01860293   1477.94184597 1479.92432428 1476.05662804 1472.81003792 1485.01860293   -38.76880034 -22.49135113 -28.89710408 -25.27058966 -25.34936484   -38.76880034 -22.49135113 -28.89710408 -25.27058966 -25.34936484
                 1463.20359564 1452.91041493 1425.02942252 1439.76785684 1454.75601864   1473.83530628 1485.77075371 1472.8331138  1454.87871262 1465.57978045   1473.83530628 1485.77075371 1472.8331138  1454.87871262 1465.57978045   -10.63171065 -32.86033878 -47.80369128 -15.11085579 -10.82376181   -10.63171065 -32.86033878 -47.80369128 -15.11085579 -10.82376181
                 1465.72414017 1477.06375146 1456.90115571 1454.62468028 1455.09753084   1470.09359441 1490.06247625 1472.51376838 1447.07895721 1444.91358745   1470.09359441 1490.06247625 1472.51376838 1447.07895721 1444.91358745    -4.36945424 -12.99872479 -15.61261267   7.54572307  10.18394339    -4.36945424 -12.99872479 -15.61261267   7.54572307  10.18394339
                 1500.60955215 1476.58703756 1500.81396508 1498.29693604 1450.20581222   1472.16641229 1478.51715597 1482.1859752  1466.20679568 1466.12284443   1472.16641229 1478.51715597 1482.1859752  1466.20679568 1466.12284443    28.44313985  -1.9301184   18.62798988  32.09014036 -15.91703221    28.44313985  -1.9301184   18.62798988  32.09014036 -15.91703221
                 1466.68899488 1478.62781644 1486.88357997 1488.12421942 1504.85027027   1464.77349803 1466.38476716 1463.64206955 1477.87363406 1482.33103901   1464.77349803 1466.38476716 1463.64206955 1477.87363406 1482.33103901     1.91549686  12.24304927  23.24151042  10.25058536  22.51923126     1.91549686  12.24304927  23.24151042  10.25058536  22.51923126
                 1465.57404947 1462.90939665 1488.38581061 1513.95776916 1455.261832     1458.18000142 1454.41819586 1450.95406213 1454.88573306 1485.16032836   1458.18000142 1454.41819586 1450.95406213 1454.88573306 1485.16032836     7.39404805   8.49120078  37.43174848  59.07203609 -29.89849636     7.39404805   8.49120078  37.43174848  59.07203609 -29.89849636
                 1530.24651194 1468.47685504 1479.30819917 1494.91762972 1478.00000978   1457.65904341 1450.91401943 1441.14703766 1436.79225438 1459.12654055   1457.65904341 1450.91401943 1441.14703766 1436.79225438 1459.12654055    72.58746853  17.56283561  38.1611615   58.12537533  18.87346923    72.58746853  17.56283561  38.1611615   58.12537533  18.87346923
                 1446.2531004  1525.08970952 1532.40805268 1491.2884922  1466.70854902   1452.75693714 1468.58504413 1457.91429121 1442.22695134 1437.09003643   1452.75693714 1468.58504413 1457.91429121 1442.22695134 1437.09003643    -6.50383674  56.50466539  74.49376147  49.06154086  29.61851259    -6.50383674  56.50466539  74.49376147  49.06154086  29.61851259
                 1488.72487688 1478.22549939 1522.53812695 1537.76865292 1406.92265892   1445.67791861 1452.2423825  1488.72032349 1468.68389644 1462.91045648   1445.67791861 1452.2423825  1488.72032349 1468.68389644 1462.91045648    43.04695827  25.9831169   33.81780346  69.08475648 -55.98779756    43.04695827  25.9831169   33.81780346  69.08475648 -55.98779756
                 1477.08269262]                                                          1452.69262453]                                                          1452.69262453]                                                           24.39006809]                                                       24.39006809]
T_SWP_worker    1570.5194849967957                                                      1606.490695751957                                                       1606.490695751957                                                       -35.97121075516134                                                 -35.97121075516134
T_Prop          1577.393488407135                                                       1613.3646991622963                                                      1613.3646991622963                                                      -35.97121075516134                                                 -35.97121075516134
T_I             163.59682607650757                                                      163.59682607650757                                                      163.59682607650757                                                      0.0                                                                0.0
T_C             6.8740034103393555                                                      6.8740034103393555                                                      6.8740034103393555                                                      0.0                                                                0.0
T_S_overhead    0.0                                                                     0.0                                                                     0.0                                                                     0.0                                                                0.0

Errors:
Error                          ET         OET
----------------------  ---------  ----------
aboslute error min       0.002822    0.002822
aboslute error max      56.513794   56.513794
aboslute error mean      6.434587    6.434587
aboslute error l2 norm   9.844123  246.103066
relative error min       0.000019    0.000019
relative error max       0.291741    0.291741
relative error mean      0.045405    0.045405
relative error l2 norm   0.064285    0.064285

type                        runtime
------------------------  ---------
t_estimate_runtime         0.000074
t_wp_creation              0.038234
t_estimate_restore_order   0.000094


generate stat plots...
[1.89276635e-01 2.06295974e-01 2.03561198e-01 1.45238989e-01
 5.56808657e-02 6.92871363e-02 1.92148553e-01 3.72168431e-02
 1.70214191e-01 3.17196286e-02 7.40899018e-02 3.52124057e-02
 1.58020268e-01 6.54022432e-03 2.85231122e-02 3.58387035e-02
 1.68089555e-02 1.35778516e-02 1.54412855e-01 3.39552188e-02
 7.85928856e-02 1.50732008e-02 4.12273457e-02 6.60409365e-02
 3.02005571e-02 4.31080747e-02 1.84696001e-01 7.80604894e-03
 5.95009818e-02 4.97951688e-02 2.63183288e-02 1.25062396e-01
 1.23601316e-01 3.30089830e-05 2.99208043e-02 4.29357230e-02
 6.00838524e-03 1.32595904e-02 4.02445684e-03 1.03131394e-03
 3.48543511e-04 4.27558676e-02 4.12391805e-02 2.17062830e-01
 3.44493833e-02 1.96262204e-02 1.56396665e-02 2.54081189e-02
 7.83488705e-02 3.27351332e-02 3.22077065e-02 1.46096332e-02
 1.13867124e-02 1.70406260e-03 2.50244031e-03 1.63965208e-02
 3.27616177e-04 2.31082947e-02 5.40016541e-02 4.02341153e-02
 1.35627549e-02 2.18101371e-02 1.33626785e-02 3.32364544e-02
 3.47485085e-02 1.19150013e-02 4.88000051e-03 1.51845202e-02
 1.61226972e-02 5.31197726e-02 1.38644534e-03 2.56828488e-02
 5.10975074e-02 8.07779064e-02 7.83658232e-02 3.62777832e-02
 1.27419451e-02 6.00769956e-02 2.42405882e-02 8.74061434e-02
 3.49362713e-03 2.55118564e-02 4.70650954e-02 5.85737012e-02
 1.56560630e-02 6.27928569e-03 3.92771718e-02 5.92673787e-03
 1.20068491e-02 1.54621728e-01 1.72718641e-01 7.30117259e-03
 6.10785884e-02 4.11031317e-02 6.78339292e-02 5.32051303e-02
 1.17108048e-02 3.39483955e-02 9.28609478e-02 6.73366343e-02
 9.12647760e-02 4.50540038e-02 5.16445992e-03 9.40813514e-02
 9.66500993e-02 2.39765131e-02 2.91156582e-02 4.30199333e-02
 3.68548649e-02 1.14378122e-01 6.28722578e-02 2.08828499e-02
 4.08546183e-02 3.24661260e-02 5.26824847e-02 1.87565214e-02
 5.28070729e-02 1.87068876e-02 5.34690343e-02 5.11236166e-02
 8.35438006e-02 3.81454343e-02 6.69864630e-02 1.53619934e-02
 9.29324797e-02 9.89311889e-02 6.65293314e-02 3.17176385e-02
 9.72352737e-02 1.09717842e-01 7.20057842e-02 5.15418686e-02
 5.13346088e-02 7.96345553e-02 9.11614804e-02 4.73440345e-03
 2.91741217e-01 1.58846283e-02 7.66759066e-02 1.19406962e-01
 5.07946511e-02 1.44208152e-02 3.20306269e-02 3.05580337e-02
 5.04386068e-03 1.17694344e-02 4.25298157e-03 2.41809325e-02
 1.56614829e-02 7.81029356e-04 4.05291313e-02 1.49379293e-01
 2.91271476e-02 9.14467240e-03 1.44729965e-03 3.75640318e-02
 6.01158026e-03 1.71248408e-02 4.71444675e-02 4.93043326e-03
 3.42380018e-02 4.58227705e-03 5.13173859e-02 3.30971049e-02
 1.09763172e-03 3.26787916e-02 3.20875169e-02 1.08609084e-01
 5.76716665e-03 5.88970853e-02 4.37206307e-02 3.09573895e-02
 1.63672739e-02 8.27394636e-02 1.40428669e-01 1.31936705e-02
 6.06667448e-02 2.16365486e-01 2.52485541e-02 2.03473131e-02
 5.41196904e-02 6.70580234e-02 4.39999397e-02 2.40335966e-02
 1.59617388e-02 2.61452937e-02 2.71686387e-02 5.96925803e-02
 1.82352370e-02 3.10250097e-02 4.98702546e-02 1.65563627e-02
 9.70532088e-03 9.60396870e-03 2.26084432e-02 4.82863679e-02
 1.28856348e-03 1.12998059e-02 2.48783184e-01 4.25671990e-02
 1.76526423e-02 3.29312563e-02 2.79148415e-02 1.27188510e-02
 3.32778860e-03 1.16753912e-02 1.78115648e-02 3.60081555e-02
 2.46374463e-02 2.17053361e-02 2.00215627e-02 1.37301917e-02
 1.55061122e-03 2.38525510e-02 4.55057309e-02 1.60472593e-03
 2.12380090e-02 4.20475499e-02 8.22220304e-03 1.79347788e-02
 2.51099884e-02 9.00487703e-03 3.98031478e-02 1.45237860e-02
 5.47994507e-02 9.20659234e-02 5.32272367e-03 4.21477175e-02
 4.47538902e-02 4.39405717e-02 4.67347922e-03 2.14863369e-02
 1.51577633e-01 1.92377127e-03 4.61675032e-02 1.17356309e-02
 1.22160635e-02 3.63025378e-02 1.99133831e-03 7.27287067e-02
 2.79205026e-02 9.89628841e-03 4.61902821e-02 2.92566017e-02
 6.62748940e-02 2.03904577e-01 4.23179856e-02 9.41179523e-03
 5.51151287e-02 5.58643954e-02 7.94986073e-02 3.83074323e-03
 7.12050101e-03 2.27955265e-03 1.77259910e-02 2.59583395e-02
 6.13140269e-03 9.13553401e-03 3.04907435e-02 3.30319881e-02
 5.40308008e-02 2.16207441e-02 2.96404437e-02 1.92832770e-02
 3.36011082e-02 1.24424016e-02 1.12621268e-02 2.05592070e-03
 1.58752474e-02 5.34791149e-02 5.12528067e-02 3.86692515e-02
 1.54568887e-02 3.72325119e-02 7.12483764e-03 7.88123611e-03
 1.03987837e-01 8.74603408e-02 6.98342395e-02 4.75238680e-02
 2.64137466e-02 7.56014986e-02 1.25085225e-02 5.66167263e-02
 5.39586083e-02 5.23671650e-02 7.52801964e-02 5.05388610e-02
 2.93973717e-02 7.60736393e-03 1.63204521e-02 3.18008208e-02
 4.18426812e-02 2.22461872e-02 3.83468473e-02 2.33897656e-02
 1.43283939e-02 2.88910145e-01 9.03053896e-02 3.70680942e-02
 8.32527312e-02 4.23693782e-02 4.29225051e-02 4.42127858e-02
 6.56182855e-02 3.22998607e-02 2.52339990e-01 9.60938244e-02
 4.88654934e-02 3.02983853e-02 1.37584559e-02 1.58586377e-02
 1.97143838e-02 7.87371953e-03 5.02482683e-03 5.82175911e-03
 2.88025476e-02 3.74690531e-02 1.60899165e-03 4.58169605e-02
 5.28499629e-02 4.79460849e-03 4.55595259e-02 4.99918965e-02
 1.07518104e-02 2.94594679e-03 5.07682229e-02 8.08054112e-02
 2.77281482e-02 1.72562745e-02 9.89775104e-02 8.35078177e-02
 8.99173694e-03 3.41044419e-02 3.07766867e-02 4.21680615e-02
 7.56739859e-02 2.92003281e-02 1.39741588e-02 2.39688225e-02
 3.27173008e-02 4.74037850e-02 1.18153911e-02 3.92089406e-02
 1.18068668e-02 4.93664650e-02 7.46239610e-02 2.16124201e-02
 7.59259269e-03 1.87975912e-02 7.27830702e-02 2.74978873e-02
 1.00885149e-01 3.05605874e-02 2.91528613e-01 6.64981296e-03
 3.61381995e-02 3.73526109e-02 2.71340588e-02 3.76048866e-03
 9.96033559e-02 4.35265796e-02 9.67921259e-03 1.02630575e-02
 5.26984344e-02 3.23847271e-03 5.73517661e-02 1.16785454e-01
 1.44323640e-02 2.62534611e-03 5.74694890e-03 3.00708627e-02
 1.06092923e-02 2.80215391e-04 2.22136417e-02 5.95659498e-02
 3.40281398e-02 1.01930779e-02 6.98224093e-03 4.15422565e-02
 5.55528884e-02 6.62162865e-02 1.98301800e-02 5.92414558e-03
 3.97458129e-02 2.20133837e-02 2.54229935e-02 1.64971686e-02
 4.38379914e-02 1.83538710e-02 6.85053064e-02 5.54324911e-02
 4.84230571e-02 1.47540069e-02 1.05164217e-02 7.40307431e-02
 3.52504663e-03 7.70826930e-02 5.32959067e-02 4.58804456e-03
 2.13752090e-02 4.90835064e-03 4.26205502e-02 1.99275337e-01
 7.28298799e-02 4.66156371e-02 3.35624767e-02 4.17715332e-02
 1.20548768e-01 3.64120140e-02 2.18675874e-02 7.24726094e-02
 8.96142867e-02 4.17843794e-02 2.94113352e-02 3.79625548e-02
 5.00513654e-02 3.32433149e-02 1.81489968e-02 1.59464404e-02
 1.98233206e-02 5.66655467e-03 2.78306803e-02 5.46814627e-02
 6.01281118e-02 2.26494961e-02 4.31318549e-02 2.93472629e-02
 1.61727644e-02 2.65096505e-03 1.72530173e-02 3.14301044e-02
 6.31010438e-02 2.10439383e-02 9.81341397e-03 8.35393541e-02
 4.63987758e-02 2.25772432e-02 1.97144089e-02 5.19286936e-02
 1.31953406e-02 5.17142037e-03 2.12563733e-02 1.26477292e-02
 3.56262788e-03 2.17257795e-02 6.32559115e-02 5.52039677e-02
 6.64806430e-02 2.64889947e-02 6.37804138e-02 2.71714677e-02
 6.81564863e-02 3.76627973e-02 7.03080719e-03 1.35433207e-02
 8.78775436e-02 4.08551944e-02 5.89772824e-02 7.40865275e-03
 2.57921669e-01 2.26227524e-01 9.58175502e-02 8.86976357e-02
 3.13595054e-02 1.91234844e-05 7.02061894e-03 6.90430212e-03
 2.36910728e-02 1.45345111e-02 6.57364392e-02 2.72871471e-02
 3.99438997e-02 1.87879419e-02 4.45211420e-02 2.04449969e-02
 4.77712180e-02 4.58243043e-03 6.16210519e-02 4.65522756e-02
 5.33327609e-02 7.43277435e-02 2.15868136e-02 5.78015614e-02
 7.44353210e-02 7.01225129e-02 7.31864550e-02 6.31859347e-02
 6.29862269e-02 6.86460992e-02 9.53417443e-02 7.36920932e-02
 1.84015977e-02 3.55691451e-02 5.29653746e-02 6.85692264e-02
 1.06174566e-02 4.17191283e-02 3.79850702e-02 3.41210913e-02
 5.95322389e-02 5.67932819e-02 6.60407982e-02 7.70195102e-02
 9.50891278e-02 2.35877624e-02 3.01492798e-02 6.17132362e-03
 1.64948539e-02 8.25299047e-02 4.29568529e-02 2.99793871e-02
 5.27899739e-02 6.79541492e-03 6.60161598e-02 2.42363892e-01
 1.71068765e-01 5.27010040e-02 3.84083328e-03 1.15140545e-01
 3.88482474e-02 5.05247530e-02 6.37391222e-02 7.47964721e-02
 1.27138276e-02 1.07742029e-01 2.75128442e-02 6.76118186e-03
 1.11587727e-02 8.21054337e-02 4.18437108e-02 3.56710886e-02
 3.11270955e-02 1.89083870e-02 2.29121270e-02 6.61208916e-04
 6.99107739e-03 4.78808839e-03 1.68548206e-02 2.76531908e-02
 2.96115756e-02 2.26639634e-02 3.52639107e-02 7.92514450e-02
 2.00309206e-02 9.66104833e-03 2.20485041e-02 4.27504428e-02
 6.78959067e-04 1.12735226e-03 5.60596702e-02 1.41595337e-02
 3.12017354e-02 6.35957880e-03 6.33294798e-02 5.02283146e-03
 8.25459152e-02 6.77230977e-02 7.04562578e-03 5.39113874e-02
 5.11338751e-02 4.63880646e-02 3.41875497e-02 4.59334559e-02
 1.60847669e-02 4.43970566e-02 7.83835862e-02 2.26471089e-02
 6.57909542e-02 4.06421414e-04 1.82864821e-02 4.16717245e-03
 1.84755749e-02 2.68512498e-02 8.61861831e-02 6.58225658e-02
 8.72311305e-02 1.11761793e-01 5.86991338e-02 6.74432877e-02
 6.54106426e-02 3.05202008e-02 4.01988765e-02 8.63807292e-02
 1.50837475e-02 6.50553758e-02 2.20406379e-02 9.16757895e-03
 8.35756980e-02 2.00146636e-02 9.08162993e-02 4.85763100e-02
 3.04502354e-02 4.82373074e-02 1.69520911e-02 7.80558647e-02
 2.23436877e-01 1.47375085e-01 3.65905215e-02 1.22305412e-02
 1.66057999e-01 1.20089795e-01 8.16464669e-02 6.17906237e-02
 3.86397862e-02 6.21155059e-03 1.98227514e-02 2.33947177e-02
 8.04324509e-03 1.07822895e-02 5.62259882e-02 7.70405074e-02
 1.99050758e-03 1.51685750e-03 1.24618844e-02 5.68416083e-02
 6.35259163e-02 3.51306603e-03 7.55423694e-03 1.38008276e-01
 7.21957829e-02 5.69961748e-02 3.70822712e-02 1.46642360e-02
 1.47168014e-01]
[1.89276635e-01 2.06295974e-01 2.03561198e-01 1.45238989e-01
 5.56808657e-02 6.92871363e-02 1.92148553e-01 3.72168431e-02
 1.70214191e-01 3.17196286e-02 7.40899018e-02 3.52124057e-02
 1.58020268e-01 6.54022432e-03 2.85231122e-02 3.58387035e-02
 1.68089555e-02 1.35778516e-02 1.54412855e-01 3.39552188e-02
 7.85928856e-02 1.50732008e-02 4.12273457e-02 6.60409365e-02
 3.02005571e-02 4.31080747e-02 1.84696001e-01 7.80604894e-03
 5.95009818e-02 4.97951688e-02 2.63183288e-02 1.25062396e-01
 1.23601316e-01 3.30089830e-05 2.99208043e-02 4.29357230e-02
 6.00838524e-03 1.32595904e-02 4.02445684e-03 1.03131394e-03
 3.48543511e-04 4.27558676e-02 4.12391805e-02 2.17062830e-01
 3.44493833e-02 1.96262204e-02 1.56396665e-02 2.54081189e-02
 7.83488705e-02 3.27351332e-02 3.22077065e-02 1.46096332e-02
 1.13867124e-02 1.70406260e-03 2.50244031e-03 1.63965208e-02
 3.27616177e-04 2.31082947e-02 5.40016541e-02 4.02341153e-02
 1.35627549e-02 2.18101371e-02 1.33626785e-02 3.32364544e-02
 3.47485085e-02 1.19150013e-02 4.88000051e-03 1.51845202e-02
 1.61226972e-02 5.31197726e-02 1.38644534e-03 2.56828488e-02
 5.10975074e-02 8.07779064e-02 7.83658232e-02 3.62777832e-02
 1.27419451e-02 6.00769956e-02 2.42405882e-02 8.74061434e-02
 3.49362713e-03 2.55118564e-02 4.70650954e-02 5.85737012e-02
 1.56560630e-02 6.27928569e-03 3.92771718e-02 5.92673787e-03
 1.20068491e-02 1.54621728e-01 1.72718641e-01 7.30117259e-03
 6.10785884e-02 4.11031317e-02 6.78339292e-02 5.32051303e-02
 1.17108048e-02 3.39483955e-02 9.28609478e-02 6.73366343e-02
 9.12647760e-02 4.50540038e-02 5.16445992e-03 9.40813514e-02
 9.66500993e-02 2.39765131e-02 2.91156582e-02 4.30199333e-02
 3.68548649e-02 1.14378122e-01 6.28722578e-02 2.08828499e-02
 4.08546183e-02 3.24661260e-02 5.26824847e-02 1.87565214e-02
 5.28070729e-02 1.87068876e-02 5.34690343e-02 5.11236166e-02
 8.35438006e-02 3.81454343e-02 6.69864630e-02 1.53619934e-02
 9.29324797e-02 9.89311889e-02 6.65293314e-02 3.17176385e-02
 9.72352737e-02 1.09717842e-01 7.20057842e-02 5.15418686e-02
 5.13346088e-02 7.96345553e-02 9.11614804e-02 4.73440345e-03
 2.91741217e-01 1.58846283e-02 7.66759066e-02 1.19406962e-01
 5.07946511e-02 1.44208152e-02 3.20306269e-02 3.05580337e-02
 5.04386068e-03 1.17694344e-02 4.25298157e-03 2.41809325e-02
 1.56614829e-02 7.81029356e-04 4.05291313e-02 1.49379293e-01
 2.91271476e-02 9.14467240e-03 1.44729965e-03 3.75640318e-02
 6.01158026e-03 1.71248408e-02 4.71444675e-02 4.93043326e-03
 3.42380018e-02 4.58227705e-03 5.13173859e-02 3.30971049e-02
 1.09763172e-03 3.26787916e-02 3.20875169e-02 1.08609084e-01
 5.76716665e-03 5.88970853e-02 4.37206307e-02 3.09573895e-02
 1.63672739e-02 8.27394636e-02 1.40428669e-01 1.31936705e-02
 6.06667448e-02 2.16365486e-01 2.52485541e-02 2.03473131e-02
 5.41196904e-02 6.70580234e-02 4.39999397e-02 2.40335966e-02
 1.59617388e-02 2.61452937e-02 2.71686387e-02 5.96925803e-02
 1.82352370e-02 3.10250097e-02 4.98702546e-02 1.65563627e-02
 9.70532088e-03 9.60396870e-03 2.26084432e-02 4.82863679e-02
 1.28856348e-03 1.12998059e-02 2.48783184e-01 4.25671990e-02
 1.76526423e-02 3.29312563e-02 2.79148415e-02 1.27188510e-02
 3.32778860e-03 1.16753912e-02 1.78115648e-02 3.60081555e-02
 2.46374463e-02 2.17053361e-02 2.00215627e-02 1.37301917e-02
 1.55061122e-03 2.38525510e-02 4.55057309e-02 1.60472593e-03
 2.12380090e-02 4.20475499e-02 8.22220304e-03 1.79347788e-02
 2.51099884e-02 9.00487703e-03 3.98031478e-02 1.45237860e-02
 5.47994507e-02 9.20659234e-02 5.32272367e-03 4.21477175e-02
 4.47538902e-02 4.39405717e-02 4.67347922e-03 2.14863369e-02
 1.51577633e-01 1.92377127e-03 4.61675032e-02 1.17356309e-02
 1.22160635e-02 3.63025378e-02 1.99133831e-03 7.27287067e-02
 2.79205026e-02 9.89628841e-03 4.61902821e-02 2.92566017e-02
 6.62748940e-02 2.03904577e-01 4.23179856e-02 9.41179523e-03
 5.51151287e-02 5.58643954e-02 7.94986073e-02 3.83074323e-03
 7.12050101e-03 2.27955265e-03 1.77259910e-02 2.59583395e-02
 6.13140269e-03 9.13553401e-03 3.04907435e-02 3.30319881e-02
 5.40308008e-02 2.16207441e-02 2.96404437e-02 1.92832770e-02
 3.36011082e-02 1.24424016e-02 1.12621268e-02 2.05592070e-03
 1.58752474e-02 5.34791149e-02 5.12528067e-02 3.86692515e-02
 1.54568887e-02 3.72325119e-02 7.12483764e-03 7.88123611e-03
 1.03987837e-01 8.74603408e-02 6.98342395e-02 4.75238680e-02
 2.64137466e-02 7.56014986e-02 1.25085225e-02 5.66167263e-02
 5.39586083e-02 5.23671650e-02 7.52801964e-02 5.05388610e-02
 2.93973717e-02 7.60736393e-03 1.63204521e-02 3.18008208e-02
 4.18426812e-02 2.22461872e-02 3.83468473e-02 2.33897656e-02
 1.43283939e-02 2.88910145e-01 9.03053896e-02 3.70680942e-02
 8.32527312e-02 4.23693782e-02 4.29225051e-02 4.42127858e-02
 6.56182855e-02 3.22998607e-02 2.52339990e-01 9.60938244e-02
 4.88654934e-02 3.02983853e-02 1.37584559e-02 1.58586377e-02
 1.97143838e-02 7.87371953e-03 5.02482683e-03 5.82175911e-03
 2.88025476e-02 3.74690531e-02 1.60899165e-03 4.58169605e-02
 5.28499629e-02 4.79460849e-03 4.55595259e-02 4.99918965e-02
 1.07518104e-02 2.94594679e-03 5.07682229e-02 8.08054112e-02
 2.77281482e-02 1.72562745e-02 9.89775104e-02 8.35078177e-02
 8.99173694e-03 3.41044419e-02 3.07766867e-02 4.21680615e-02
 7.56739859e-02 2.92003281e-02 1.39741588e-02 2.39688225e-02
 3.27173008e-02 4.74037850e-02 1.18153911e-02 3.92089406e-02
 1.18068668e-02 4.93664650e-02 7.46239610e-02 2.16124201e-02
 7.59259269e-03 1.87975912e-02 7.27830702e-02 2.74978873e-02
 1.00885149e-01 3.05605874e-02 2.91528613e-01 6.64981296e-03
 3.61381995e-02 3.73526109e-02 2.71340588e-02 3.76048866e-03
 9.96033559e-02 4.35265796e-02 9.67921259e-03 1.02630575e-02
 5.26984344e-02 3.23847271e-03 5.73517661e-02 1.16785454e-01
 1.44323640e-02 2.62534611e-03 5.74694890e-03 3.00708627e-02
 1.06092923e-02 2.80215391e-04 2.22136417e-02 5.95659498e-02
 3.40281398e-02 1.01930779e-02 6.98224093e-03 4.15422565e-02
 5.55528884e-02 6.62162865e-02 1.98301800e-02 5.92414558e-03
 3.97458129e-02 2.20133837e-02 2.54229935e-02 1.64971686e-02
 4.38379914e-02 1.83538710e-02 6.85053064e-02 5.54324911e-02
 4.84230571e-02 1.47540069e-02 1.05164217e-02 7.40307431e-02
 3.52504663e-03 7.70826930e-02 5.32959067e-02 4.58804456e-03
 2.13752090e-02 4.90835064e-03 4.26205502e-02 1.99275337e-01
 7.28298799e-02 4.66156371e-02 3.35624767e-02 4.17715332e-02
 1.20548768e-01 3.64120140e-02 2.18675874e-02 7.24726094e-02
 8.96142867e-02 4.17843794e-02 2.94113352e-02 3.79625548e-02
 5.00513654e-02 3.32433149e-02 1.81489968e-02 1.59464404e-02
 1.98233206e-02 5.66655467e-03 2.78306803e-02 5.46814627e-02
 6.01281118e-02 2.26494961e-02 4.31318549e-02 2.93472629e-02
 1.61727644e-02 2.65096505e-03 1.72530173e-02 3.14301044e-02
 6.31010438e-02 2.10439383e-02 9.81341397e-03 8.35393541e-02
 4.63987758e-02 2.25772432e-02 1.97144089e-02 5.19286936e-02
 1.31953406e-02 5.17142037e-03 2.12563733e-02 1.26477292e-02
 3.56262788e-03 2.17257795e-02 6.32559115e-02 5.52039677e-02
 6.64806430e-02 2.64889947e-02 6.37804138e-02 2.71714677e-02
 6.81564863e-02 3.76627973e-02 7.03080719e-03 1.35433207e-02
 8.78775436e-02 4.08551944e-02 5.89772824e-02 7.40865275e-03
 2.57921669e-01 2.26227524e-01 9.58175502e-02 8.86976357e-02
 3.13595054e-02 1.91234844e-05 7.02061894e-03 6.90430212e-03
 2.36910728e-02 1.45345111e-02 6.57364392e-02 2.72871471e-02
 3.99438997e-02 1.87879419e-02 4.45211420e-02 2.04449969e-02
 4.77712180e-02 4.58243043e-03 6.16210519e-02 4.65522756e-02
 5.33327609e-02 7.43277435e-02 2.15868136e-02 5.78015614e-02
 7.44353210e-02 7.01225129e-02 7.31864550e-02 6.31859347e-02
 6.29862269e-02 6.86460992e-02 9.53417443e-02 7.36920932e-02
 1.84015977e-02 3.55691451e-02 5.29653746e-02 6.85692264e-02
 1.06174566e-02 4.17191283e-02 3.79850702e-02 3.41210913e-02
 5.95322389e-02 5.67932819e-02 6.60407982e-02 7.70195102e-02
 9.50891278e-02 2.35877624e-02 3.01492798e-02 6.17132362e-03
 1.64948539e-02 8.25299047e-02 4.29568529e-02 2.99793871e-02
 5.27899739e-02 6.79541492e-03 6.60161598e-02 2.42363892e-01
 1.71068765e-01 5.27010040e-02 3.84083328e-03 1.15140545e-01
 3.88482474e-02 5.05247530e-02 6.37391222e-02 7.47964721e-02
 1.27138276e-02 1.07742029e-01 2.75128442e-02 6.76118186e-03
 1.11587727e-02 8.21054337e-02 4.18437108e-02 3.56710886e-02
 3.11270955e-02 1.89083870e-02 2.29121270e-02 6.61208916e-04
 6.99107739e-03 4.78808839e-03 1.68548206e-02 2.76531908e-02
 2.96115756e-02 2.26639634e-02 3.52639107e-02 7.92514450e-02
 2.00309206e-02 9.66104833e-03 2.20485041e-02 4.27504428e-02
 6.78959067e-04 1.12735226e-03 5.60596702e-02 1.41595337e-02
 3.12017354e-02 6.35957880e-03 6.33294798e-02 5.02283146e-03
 8.25459152e-02 6.77230977e-02 7.04562578e-03 5.39113874e-02
 5.11338751e-02 4.63880646e-02 3.41875497e-02 4.59334559e-02
 1.60847669e-02 4.43970566e-02 7.83835862e-02 2.26471089e-02
 6.57909542e-02 4.06421414e-04 1.82864821e-02 4.16717245e-03
 1.84755749e-02 2.68512498e-02 8.61861831e-02 6.58225658e-02
 8.72311305e-02 1.11761793e-01 5.86991338e-02 6.74432877e-02
 6.54106426e-02 3.05202008e-02 4.01988765e-02 8.63807292e-02
 1.50837475e-02 6.50553758e-02 2.20406379e-02 9.16757895e-03
 8.35756980e-02 2.00146636e-02 9.08162993e-02 4.85763100e-02
 3.04502354e-02 4.82373074e-02 1.69520911e-02 7.80558647e-02
 2.23436877e-01 1.47375085e-01 3.65905215e-02 1.22305412e-02
 1.66057999e-01 1.20089795e-01 8.16464669e-02 6.17906237e-02
 3.86397862e-02 6.21155059e-03 1.98227514e-02 2.33947177e-02
 8.04324509e-03 1.07822895e-02 5.62259882e-02 7.70405074e-02
 1.99050758e-03 1.51685750e-03 1.24618844e-02 5.68416083e-02
 6.35259163e-02 3.51306603e-03 7.55423694e-03 1.38008276e-01
 7.21957829e-02 5.69961748e-02 3.70822712e-02 1.46642360e-02
 1.47168014e-01]
save statistics...
UQsim: save to file: /dss/dsshome1/lxc01/di73wal/work/simulation/diss.larsim/Larsim-UQ.git/../larsim_runs/0124_sim/uqsim.saved
---- end sim: Sat Dec 21 09:39:19 CET 2019
